.next/dev/types/validator.ts(837,31): error TS2344: Type 'typeof import("D:/desarrollos/ABDElevators/src/app/api/admin/cases/[id]/workflow/route")' does not satisfy the constraint 'RouteHandlerConfig<"/api/admin/cases/[id]/workflow">'.
  Types of property 'GET' are incompatible.
    Type '(req: NextRequest, { params }: { params: { id: string; }; }) => Promise<NextResponse<{ success: boolean; status: any; workflow: { tenantId: string; industry: "ELEVATORS" | "LEGAL" | "BANKING" | "INSURANCE" | "IT" | "GENERIC"; ... 14 more ...; compilationError?: string | undefined; } | null; currentState: { ...; } | ...' is not assignable to type '(request: NextRequest, context: { params: Promise<{ id: string; }>; }) => void | Response | Promise<void | Response>'.
      Types of parameters '__1' and 'context' are incompatible.
        Type '{ params: Promise<{ id: string; }>; }' is not assignable to type '{ params: { id: string; }; }'.
          Types of property 'params' are incompatible.
            Property 'id' is missing in type 'Promise<{ id: string; }>' but required in type '{ id: string; }'.
.next/dev/types/validator.ts(1350,31): error TS2344: Type 'typeof import("D:/desarrollos/ABDElevators/src/app/api/admin/workflow-definitions/%5Bid%5D/route")' does not satisfy the constraint 'RouteHandlerConfig<"/api/admin/workflow-definitions/%5Bid%5D">'.
  Types of property 'GET' are incompatible.
    Type '(request: Request, { params }: { params: { id: string; }; }) => Promise<NextResponse<{ success: boolean; error: { code: string; message: string; }; }> | NextResponse<{ success: boolean; error: string; }> | NextResponse<...>>' is not assignable to type '(request: NextRequest, context: { params: Promise<{}>; }) => void | Response | Promise<void | Response>'.
      Types of parameters '__1' and 'context' are incompatible.
        Type '{ params: Promise<{}>; }' is not assignable to type '{ params: { id: string; }; }'.
          Types of property 'params' are incompatible.
            Property 'id' is missing in type 'Promise<{}>' but required in type '{ id: string; }'.
GIT-BACK/ABDElevators-feature-i18n-roadmap-v4.2.1/check-i18n-status.ts(36,46): error TS18048: 'sample' is possibly 'undefined'.
GIT-BACK/ABDElevators-feature-i18n-roadmap-v4.2.1/check-i18n-status.ts(36,63): error TS18048: 'sample' is possibly 'undefined'.
GIT-BACK/ABDElevators-feature-i18n-roadmap-v4.2.1/check-json-keys.ts(3,22): error TS7006: Parameter 'obj' implicitly has an 'any' type.
GIT-BACK/ABDElevators-feature-i18n-roadmap-v4.2.1/check-json-keys.ts(10,13): error TS7053: Element implicitly has an 'any' type because expression of type 'string' can't be used to index type '{}'.
  No index signature with a parameter of type 'string' was found on type '{}'.
GIT-BACK/ABDElevators-feature-i18n-roadmap-v4.2.1/check-json-keys.ts(25,27): error TS7053: Element implicitly has an 'any' type because expression of type '"common.spaces"' can't be used to index type '{}'.
  Property 'common.spaces' does not exist on type '{}'.
GIT-BACK/ABDElevators-feature-i18n-roadmap-v4.2.1/check-json-keys.ts(40,27): error TS7053: Element implicitly has an 'any' type because expression of type '"common.spaces"' can't be used to index type '{}'.
  Property 'common.spaces' does not exist on type '{}'.
GIT-BACK/ABDElevators-feature-i18n-roadmap-v4.2.1/find-json-collision.ts(4,25): error TS7006: Parameter 'obj' implicitly has an 'any' type.
GIT-BACK/ABDElevators-feature-i18n-roadmap-v4.2.1/find-json-collision.ts(5,11): error TS7034: Variable 'collisions' implicitly has type 'any[]' in some locations where its type cannot be determined.
GIT-BACK/ABDElevators-feature-i18n-roadmap-v4.2.1/find-json-collision.ts(20,12): error TS7005: Variable 'collisions' implicitly has an 'any[]' type.
GIT-BACK/ABDElevators-feature-i18n-roadmap-v4.2.1/force-sync-master.ts(23,53): error TS2341: Property 'loadFromLocalFile' is private and only accessible within class 'TranslationService'.
GIT-BACK/ABDElevators-feature-i18n-roadmap-v4.2.1/scripts/check-user-mfa.ts(9,48): error TS2307: Cannot find module './src/lib/db' or its corresponding type declarations.
GIT-BACK/ABDElevators-feature-i18n-roadmap-v4.2.1/scripts/cleanup-doc-types.ts(8,17): error TS7006: Parameter 'key' implicitly has an 'any' type.
GIT-BACK/ABDElevators-feature-i18n-roadmap-v4.2.1/scripts/debug-docs-structure.ts(8,17): error TS7006: Parameter 'key' implicitly has an 'any' type.
GIT-BACK/ABDElevators-feature-i18n-roadmap-v4.2.1/scripts/debug-persistent-500-v5.ts(10,17): error TS7006: Parameter 'key' implicitly has an 'any' type.
GIT-BACK/ABDElevators-feature-i18n-roadmap-v4.2.1/scripts/fix-tenants-sync.ts(9,17): error TS7006: Parameter 'key' implicitly has an 'any' type.
GIT-BACK/ABDElevators-feature-i18n-roadmap-v4.2.1/scripts/force-brown-branding.ts(49,39): error TS2304: Cannot find name 'result'.
GIT-BACK/ABDElevators-feature-i18n-roadmap-v4.2.1/scripts/inspect-auth-cluster.ts(8,17): error TS7006: Parameter 'key' implicitly has an 'any' type.
GIT-BACK/ABDElevators-feature-i18n-roadmap-v4.2.1/scripts/inspect-doc-types.ts(8,17): error TS7006: Parameter 'key' implicitly has an 'any' type.
GIT-BACK/ABDElevators-feature-i18n-roadmap-v4.2.1/scripts/inspect-user.ts(7,17): error TS7006: Parameter 'key' implicitly has an 'any' type.
GIT-BACK/ABDElevators-feature-i18n-roadmap-v4.2.1/scripts/migrate-blobs.ts(76,53): error TS2345: Argument of type '{ _id: string; cloudinaryUrl: string; cloudinaryPublicId: string; sizeBytes: number; refCount: number; tenantId: string; firstSeenAt: Date; lastSeenAt: Date; storageProvider: "cloudinary" | "s3"; mimeType?: string | undefined; metadata?: Record<...> | undefined; }' is not assignable to parameter of type 'OptionalId<Document>'.
  Type '{ _id: string; cloudinaryUrl: string; cloudinaryPublicId: string; sizeBytes: number; refCount: number; tenantId: string; firstSeenAt: Date; lastSeenAt: Date; storageProvider: "cloudinary" | "s3"; mimeType?: string | undefined; metadata?: Record<...> | undefined; }' is not assignable to type '{ _id?: ObjectId | undefined; }'.
    Types of property '_id' are incompatible.
      Type 'string' is not assignable to type 'ObjectId'.
GIT-BACK/ABDElevators-feature-i18n-roadmap-v4.2.1/scripts/migrate-docs-multi-tenant.ts(9,17): error TS7006: Parameter 'key' implicitly has an 'any' type.
GIT-BACK/ABDElevators-feature-i18n-roadmap-v4.2.1/scripts/seed-plans.ts(18,39): error TS18046: 'result' is of type 'unknown'.
GIT-BACK/ABDElevators-feature-i18n-roadmap-v4.2.1/scripts/seed-plans.ts(21,35): error TS18046: 'result' is of type 'unknown'.
GIT-BACK/ABDElevators-feature-i18n-roadmap-v4.2.1/scripts/test-import-esm.ts(1,10): error TS2305: Module '"../src/lib/rag-service"' has no exported member 'ragService'.
GIT-BACK/ABDElevators-feature-i18n-roadmap-v4.2.1/scripts/test-pdf-parse.ts(2,8): error TS2613: Module '"D:/desarrollos/ABDElevators/node_modules/pdf-parse/dist/pdf-parse/esm/index"' has no default export. Did you mean to use 'import { PDFParse } from "D:/desarrollos/ABDElevators/node_modules/pdf-parse/dist/pdf-parse/esm/index"' instead?
GIT-BACK/ABDElevators-feature-i18n-roadmap-v4.2.1/scripts/verify-billing-contract.ts(30,30): error TS2339: Property 'BASIC' does not exist on type 'Record<PlanTier, PlanLimits>'.
GIT-BACK/ABDElevators-feature-i18n-roadmap-v4.2.1/scripts/verify-billing-contract.ts(58,31): error TS2339: Property 'BASIC' does not exist on type 'Record<PlanTier, PlanLimits>'.
GIT-BACK/ABDElevators-feature-i18n-roadmap-v4.2.1/scripts/verify-fixes.ts(9,17): error TS7006: Parameter 'key' implicitly has an 'any' type.
GIT-BACK/ABDElevators-feature-i18n-roadmap-v4.2.1/scripts/verify-ingestion-states.ts(19,61): error TS2339: Property 'execute' does not exist on type 'typeof PrepareIngestionUseCase'.
GIT-BACK/ABDElevators-feature-i18n-roadmap-v4.2.1/scripts/verify-ingestion-states.ts(37,85): error TS2345: Argument of type '"elevadores_mx"' is not assignable to parameter of type 'DatabaseType | undefined'.
GIT-BACK/ABDElevators-feature-i18n-roadmap-v4.2.1/scripts/verify-ingestion-states.ts(48,70): error TS2339: Property 'execute' does not exist on type 'typeof ExecuteIngestionAnalysisUseCase'.
GIT-BACK/ABDElevators-feature-i18n-roadmap-v4.2.1/scripts/verify-v3-resilience.ts(43,13): error TS2353: Object literal may only specify known properties, and 'buffer' does not exist in type 'IngestOptions'.
GIT-BACK/ABDElevators-feature-i18n-roadmap-v4.2.1/src/actions/api-keys.ts(42,13): error TS2554: Expected 4-5 arguments, but got 6.
GIT-BACK/ABDElevators-feature-i18n-roadmap-v4.2.1/src/app/(authenticated)/(admin)/admin/api-keys/page.tsx(32,45): error TS2322: Type '{ spaces: any[]; }' is not assignable to type 'IntrinsicAttributes'.
  Property 'spaces' does not exist on type 'IntrinsicAttributes'.
GIT-BACK/ABDElevators-feature-i18n-roadmap-v4.2.1/src/app/(authenticated)/(admin)/admin/cases/[id]/page.tsx(19,9): error TS2353: Object literal may only specify known properties, and 'queryKey' does not exist in type 'UseApiItemOptions<any, any>'.
GIT-BACK/ABDElevators-feature-i18n-roadmap-v4.2.1/src/app/(authenticated)/(admin)/admin/organizations/page.tsx(165,37): error TS2322: Type '{ tenantId: string; name: string; industry: "ELEVATORS" | "LEGAL" | "BANKING" | "INSURANCE" | "IT" | "GENERIC"; storage: { provider: "cloudinary" | "google_drive" | "s3"; settings: { ...; }; quota_bytes: number; }; ... 5 more ...; billing?: { ...; } | undefined; } | null' is not assignable to type 'TenantConfig | null'.
  Type '{ tenantId: string; name: string; industry: "ELEVATORS" | "LEGAL" | "BANKING" | "INSURANCE" | "IT" | "GENERIC"; storage: { provider: "cloudinary" | "google_drive" | "s3"; settings: { folder_prefix?: string | undefined; bucket_name?: string | undefined; credentials_ref?: string | undefined; }; quota_bytes: number; };...' is not assignable to type 'TenantConfig'.
    Types of property 'industry' are incompatible.
      Type '"ELEVATORS" | "LEGAL" | "BANKING" | "INSURANCE" | "IT" | "GENERIC"' is not assignable to type '"ELEVATORS" | "LEGAL" | "GENERIC" | "MEDICAL"'.
        Type '"BANKING"' is not assignable to type '"ELEVATORS" | "LEGAL" | "GENERIC" | "MEDICAL"'.
GIT-BACK/ABDElevators-feature-i18n-roadmap-v4.2.1/src/app/(authenticated)/(admin)/admin/organizations/page.tsx(165,53): error TS2322: Type 'Dispatch<SetStateAction<{ tenantId: string; name: string; industry: "ELEVATORS" | "LEGAL" | "BANKING" | "INSURANCE" | "IT" | "GENERIC"; storage: { provider: "cloudinary" | "google_drive" | "s3"; settings: { ...; }; quota_bytes: number; }; ... 5 more ...; billing?: { ...; } | undefined; } | null>>' is not assignable to type 'Dispatch<SetStateAction<TenantConfig | null>>'.
  Type 'SetStateAction<TenantConfig | null>' is not assignable to type 'SetStateAction<{ tenantId: string; name: string; industry: "ELEVATORS" | "LEGAL" | "BANKING" | "INSURANCE" | "IT" | "GENERIC"; storage: { provider: "cloudinary" | "google_drive" | "s3"; settings: { ...; }; quota_bytes: number; }; ... 5 more ...; billing?: { ...; } | undefined; } | null>'.
    Type 'TenantConfig' is not assignable to type 'SetStateAction<{ tenantId: string; name: string; industry: "ELEVATORS" | "LEGAL" | "BANKING" | "INSURANCE" | "IT" | "GENERIC"; storage: { provider: "cloudinary" | "google_drive" | "s3"; settings: { ...; }; quota_bytes: number; }; ... 5 more ...; billing?: { ...; } | undefined; } | null>'.
      Type 'TenantConfig' is missing the following properties from type '{ tenantId: string; name: string; industry: "ELEVATORS" | "LEGAL" | "BANKING" | "INSURANCE" | "IT" | "GENERIC"; storage: { provider: "cloudinary" | "google_drive" | "s3"; settings: { folder_prefix?: string | undefined; bucket_name?: string | undefined; credentials_ref?: string | undefined; }; quota_bytes: number; };...': active, createdAt
GIT-BACK/ABDElevators-feature-i18n-roadmap-v4.2.1/src/app/(authenticated)/(admin)/admin/organizations/page.tsx(169,38): error TS2322: Type '{ tenantId: string; name: string; industry: "ELEVATORS" | "LEGAL" | "BANKING" | "INSURANCE" | "IT" | "GENERIC"; storage: { provider: "cloudinary" | "google_drive" | "s3"; settings: { ...; }; quota_bytes: number; }; ... 5 more ...; billing?: { ...; } | undefined; } | null' is not assignable to type 'TenantConfig | null'.
  Type '{ tenantId: string; name: string; industry: "ELEVATORS" | "LEGAL" | "BANKING" | "INSURANCE" | "IT" | "GENERIC"; storage: { provider: "cloudinary" | "google_drive" | "s3"; settings: { folder_prefix?: string | undefined; bucket_name?: string | undefined; credentials_ref?: string | undefined; }; quota_bytes: number; };...' is not assignable to type 'TenantConfig'.
    Types of property 'industry' are incompatible.
      Type '"ELEVATORS" | "LEGAL" | "BANKING" | "INSURANCE" | "IT" | "GENERIC"' is not assignable to type '"ELEVATORS" | "LEGAL" | "GENERIC" | "MEDICAL"'.
        Type '"BANKING"' is not assignable to type '"ELEVATORS" | "LEGAL" | "GENERIC" | "MEDICAL"'.
GIT-BACK/ABDElevators-feature-i18n-roadmap-v4.2.1/src/app/(authenticated)/(admin)/admin/organizations/page.tsx(169,54): error TS2322: Type 'Dispatch<SetStateAction<{ tenantId: string; name: string; industry: "ELEVATORS" | "LEGAL" | "BANKING" | "INSURANCE" | "IT" | "GENERIC"; storage: { provider: "cloudinary" | "google_drive" | "s3"; settings: { ...; }; quota_bytes: number; }; ... 5 more ...; billing?: { ...; } | undefined; } | null>>' is not assignable to type 'Dispatch<SetStateAction<TenantConfig | null>>'.
  Type 'SetStateAction<TenantConfig | null>' is not assignable to type 'SetStateAction<{ tenantId: string; name: string; industry: "ELEVATORS" | "LEGAL" | "BANKING" | "INSURANCE" | "IT" | "GENERIC"; storage: { provider: "cloudinary" | "google_drive" | "s3"; settings: { ...; }; quota_bytes: number; }; ... 5 more ...; billing?: { ...; } | undefined; } | null>'.
    Type 'TenantConfig' is not assignable to type 'SetStateAction<{ tenantId: string; name: string; industry: "ELEVATORS" | "LEGAL" | "BANKING" | "INSURANCE" | "IT" | "GENERIC"; storage: { provider: "cloudinary" | "google_drive" | "s3"; settings: { ...; }; quota_bytes: number; }; ... 5 more ...; billing?: { ...; } | undefined; } | null>'.
      Type 'TenantConfig' is missing the following properties from type '{ tenantId: string; name: string; industry: "ELEVATORS" | "LEGAL" | "BANKING" | "INSURANCE" | "IT" | "GENERIC"; storage: { provider: "cloudinary" | "google_drive" | "s3"; settings: { folder_prefix?: string | undefined; bucket_name?: string | undefined; credentials_ref?: string | undefined; }; quota_bytes: number; };...': active, createdAt
GIT-BACK/ABDElevators-feature-i18n-roadmap-v4.2.1/src/app/(authenticated)/(admin)/admin/organizations/page.tsx(173,37): error TS2322: Type '{ tenantId: string; name: string; industry: "ELEVATORS" | "LEGAL" | "BANKING" | "INSURANCE" | "IT" | "GENERIC"; storage: { provider: "cloudinary" | "google_drive" | "s3"; settings: { ...; }; quota_bytes: number; }; ... 5 more ...; billing?: { ...; } | undefined; } | null' is not assignable to type 'TenantConfig | null'.
  Type '{ tenantId: string; name: string; industry: "ELEVATORS" | "LEGAL" | "BANKING" | "INSURANCE" | "IT" | "GENERIC"; storage: { provider: "cloudinary" | "google_drive" | "s3"; settings: { folder_prefix?: string | undefined; bucket_name?: string | undefined; credentials_ref?: string | undefined; }; quota_bytes: number; };...' is not assignable to type 'TenantConfig'.
    Types of property 'industry' are incompatible.
      Type '"ELEVATORS" | "LEGAL" | "BANKING" | "INSURANCE" | "IT" | "GENERIC"' is not assignable to type '"ELEVATORS" | "LEGAL" | "GENERIC" | "MEDICAL"'.
        Type '"BANKING"' is not assignable to type '"ELEVATORS" | "LEGAL" | "GENERIC" | "MEDICAL"'.
GIT-BACK/ABDElevators-feature-i18n-roadmap-v4.2.1/src/app/(authenticated)/(admin)/admin/organizations/page.tsx(173,53): error TS2322: Type 'Dispatch<SetStateAction<{ tenantId: string; name: string; industry: "ELEVATORS" | "LEGAL" | "BANKING" | "INSURANCE" | "IT" | "GENERIC"; storage: { provider: "cloudinary" | "google_drive" | "s3"; settings: { ...; }; quota_bytes: number; }; ... 5 more ...; billing?: { ...; } | undefined; } | null>>' is not assignable to type 'Dispatch<SetStateAction<TenantConfig | null>>'.
  Type 'SetStateAction<TenantConfig | null>' is not assignable to type 'SetStateAction<{ tenantId: string; name: string; industry: "ELEVATORS" | "LEGAL" | "BANKING" | "INSURANCE" | "IT" | "GENERIC"; storage: { provider: "cloudinary" | "google_drive" | "s3"; settings: { ...; }; quota_bytes: number; }; ... 5 more ...; billing?: { ...; } | undefined; } | null>'.
    Type 'TenantConfig' is not assignable to type 'SetStateAction<{ tenantId: string; name: string; industry: "ELEVATORS" | "LEGAL" | "BANKING" | "INSURANCE" | "IT" | "GENERIC"; storage: { provider: "cloudinary" | "google_drive" | "s3"; settings: { ...; }; quota_bytes: number; }; ... 5 more ...; billing?: { ...; } | undefined; } | null>'.
      Type 'TenantConfig' is missing the following properties from type '{ tenantId: string; name: string; industry: "ELEVATORS" | "LEGAL" | "BANKING" | "INSURANCE" | "IT" | "GENERIC"; storage: { provider: "cloudinary" | "google_drive" | "s3"; settings: { folder_prefix?: string | undefined; bucket_name?: string | undefined; credentials_ref?: string | undefined; }; quota_bytes: number; };...': active, createdAt
GIT-BACK/ABDElevators-feature-i18n-roadmap-v4.2.1/src/app/(authenticated)/(admin)/admin/organizations/page.tsx(177,38): error TS2322: Type '{ tenantId: string; name: string; industry: "ELEVATORS" | "LEGAL" | "BANKING" | "INSURANCE" | "IT" | "GENERIC"; storage: { provider: "cloudinary" | "google_drive" | "s3"; settings: { ...; }; quota_bytes: number; }; ... 5 more ...; billing?: { ...; } | undefined; } | null' is not assignable to type 'TenantConfig | null'.
  Type '{ tenantId: string; name: string; industry: "ELEVATORS" | "LEGAL" | "BANKING" | "INSURANCE" | "IT" | "GENERIC"; storage: { provider: "cloudinary" | "google_drive" | "s3"; settings: { folder_prefix?: string | undefined; bucket_name?: string | undefined; credentials_ref?: string | undefined; }; quota_bytes: number; };...' is not assignable to type 'TenantConfig'.
    Types of property 'industry' are incompatible.
      Type '"ELEVATORS" | "LEGAL" | "BANKING" | "INSURANCE" | "IT" | "GENERIC"' is not assignable to type '"ELEVATORS" | "LEGAL" | "GENERIC" | "MEDICAL"'.
        Type '"BANKING"' is not assignable to type '"ELEVATORS" | "LEGAL" | "GENERIC" | "MEDICAL"'.
GIT-BACK/ABDElevators-feature-i18n-roadmap-v4.2.1/src/app/(authenticated)/(admin)/admin/organizations/page.tsx(181,37): error TS2322: Type '{ tenantId: string; name: string; industry: "ELEVATORS" | "LEGAL" | "BANKING" | "INSURANCE" | "IT" | "GENERIC"; storage: { provider: "cloudinary" | "google_drive" | "s3"; settings: { ...; }; quota_bytes: number; }; ... 5 more ...; billing?: { ...; } | undefined; } | null' is not assignable to type 'TenantConfig | null'.
  Type '{ tenantId: string; name: string; industry: "ELEVATORS" | "LEGAL" | "BANKING" | "INSURANCE" | "IT" | "GENERIC"; storage: { provider: "cloudinary" | "google_drive" | "s3"; settings: { folder_prefix?: string | undefined; bucket_name?: string | undefined; credentials_ref?: string | undefined; }; quota_bytes: number; };...' is not assignable to type 'TenantConfig'.
    Types of property 'industry' are incompatible.
      Type '"ELEVATORS" | "LEGAL" | "BANKING" | "INSURANCE" | "IT" | "GENERIC"' is not assignable to type '"ELEVATORS" | "LEGAL" | "GENERIC" | "MEDICAL"'.
        Type '"BANKING"' is not assignable to type '"ELEVATORS" | "LEGAL" | "GENERIC" | "MEDICAL"'.
GIT-BACK/ABDElevators-feature-i18n-roadmap-v4.2.1/src/app/(authenticated)/(admin)/admin/organizations/page.tsx(181,53): error TS2322: Type 'Dispatch<SetStateAction<{ tenantId: string; name: string; industry: "ELEVATORS" | "LEGAL" | "BANKING" | "INSURANCE" | "IT" | "GENERIC"; storage: { provider: "cloudinary" | "google_drive" | "s3"; settings: { ...; }; quota_bytes: number; }; ... 5 more ...; billing?: { ...; } | undefined; } | null>>' is not assignable to type 'Dispatch<SetStateAction<TenantConfig | null>>'.
  Type 'SetStateAction<TenantConfig | null>' is not assignable to type 'SetStateAction<{ tenantId: string; name: string; industry: "ELEVATORS" | "LEGAL" | "BANKING" | "INSURANCE" | "IT" | "GENERIC"; storage: { provider: "cloudinary" | "google_drive" | "s3"; settings: { ...; }; quota_bytes: number; }; ... 5 more ...; billing?: { ...; } | undefined; } | null>'.
    Type 'TenantConfig' is not assignable to type 'SetStateAction<{ tenantId: string; name: string; industry: "ELEVATORS" | "LEGAL" | "BANKING" | "INSURANCE" | "IT" | "GENERIC"; storage: { provider: "cloudinary" | "google_drive" | "s3"; settings: { ...; }; quota_bytes: number; }; ... 5 more ...; billing?: { ...; } | undefined; } | null>'.
      Type 'TenantConfig' is missing the following properties from type '{ tenantId: string; name: string; industry: "ELEVATORS" | "LEGAL" | "BANKING" | "INSURANCE" | "IT" | "GENERIC"; storage: { provider: "cloudinary" | "google_drive" | "s3"; settings: { folder_prefix?: string | undefined; bucket_name?: string | undefined; credentials_ref?: string | undefined; }; quota_bytes: number; };...': active, createdAt
GIT-BACK/ABDElevators-feature-i18n-roadmap-v4.2.1/src/app/(authenticated)/(admin)/admin/organizations/page.tsx(190,33): error TS2322: Type '{ tenantId: string; name: string; industry: "ELEVATORS" | "LEGAL" | "BANKING" | "INSURANCE" | "IT" | "GENERIC"; storage: { provider: "cloudinary" | "google_drive" | "s3"; settings: { ...; }; quota_bytes: number; }; ... 5 more ...; billing?: { ...; } | undefined; } | null' is not assignable to type 'TenantConfig | null'.
  Type '{ tenantId: string; name: string; industry: "ELEVATORS" | "LEGAL" | "BANKING" | "INSURANCE" | "IT" | "GENERIC"; storage: { provider: "cloudinary" | "google_drive" | "s3"; settings: { folder_prefix?: string | undefined; bucket_name?: string | undefined; credentials_ref?: string | undefined; }; quota_bytes: number; };...' is not assignable to type 'TenantConfig'.
    Types of property 'industry' are incompatible.
      Type '"ELEVATORS" | "LEGAL" | "BANKING" | "INSURANCE" | "IT" | "GENERIC"' is not assignable to type '"ELEVATORS" | "LEGAL" | "GENERIC" | "MEDICAL"'.
        Type '"BANKING"' is not assignable to type '"ELEVATORS" | "LEGAL" | "GENERIC" | "MEDICAL"'.
GIT-BACK/ABDElevators-feature-i18n-roadmap-v4.2.1/src/app/(authenticated)/(admin)/admin/profile/page.tsx(15,10): error TS2305: Module '"@/lib/utils"' has no exported member 'formatDate'.
GIT-BACK/ABDElevators-feature-i18n-roadmap-v4.2.1/src/app/(authenticated)/(admin)/admin/profile/page.tsx(51,14): error TS2322: Type '{ children: Element | null; title: string; subtitle: string; icon: Element; }' is not assignable to type 'IntrinsicAttributes & PageHeaderProps'.
  Property 'children' does not exist on type 'IntrinsicAttributes & PageHeaderProps'.
GIT-BACK/ABDElevators-feature-i18n-roadmap-v4.2.1/src/app/(authenticated)/(admin)/admin/profile/page.tsx(90,25): error TS2322: Type '{ children: Element; title: string; subtitle: string; icon: Element; }' is not assignable to type 'IntrinsicAttributes & ContentCardProps'.
  Property 'subtitle' does not exist on type 'IntrinsicAttributes & ContentCardProps'.
GIT-BACK/ABDElevators-feature-i18n-roadmap-v4.2.1/src/app/(authenticated)/(admin)/admin/profile/page.tsx(95,132): error TS2345: Argument of type '"ENFORCE_MFA_ADMIN"' is not assignable to parameter of type 'FeatureFlag'.
GIT-BACK/ABDElevators-feature-i18n-roadmap-v4.2.1/src/app/(authenticated)/(admin)/admin/profile/page.tsx(166,25): error TS2322: Type '{ children: Element; title: string; subtitle: string; icon: Element; }' is not assignable to type 'IntrinsicAttributes & ContentCardProps'.
  Property 'subtitle' does not exist on type 'IntrinsicAttributes & ContentCardProps'.
GIT-BACK/ABDElevators-feature-i18n-roadmap-v4.2.1/src/app/(authenticated)/(admin)/admin/profile/page.tsx(174,25): error TS2322: Type '{ children: Element; title: string; subtitle: string; icon: Element; }' is not assignable to type 'IntrinsicAttributes & ContentCardProps'.
  Property 'subtitle' does not exist on type 'IntrinsicAttributes & ContentCardProps'.
GIT-BACK/ABDElevators-feature-i18n-roadmap-v4.2.1/src/app/(authenticated)/(admin)/admin/profile/page.tsx(182,25): error TS2322: Type '{ children: Element; title: string; subtitle: string; icon: Element; }' is not assignable to type 'IntrinsicAttributes & ContentCardProps'.
  Property 'subtitle' does not exist on type 'IntrinsicAttributes & ContentCardProps'.
GIT-BACK/ABDElevators-feature-i18n-roadmap-v4.2.1/src/app/(authenticated)/(technical)/entities/page.tsx(147,25): error TS2322: Type '{ id: any; identifier: any; detectedPatterns: any; risks: any; federatedInsights: any; confidence: any; checklist: any; }' is not assignable to type 'IntrinsicAttributes & RagReportViewProps'.
  Property 'id' does not exist on type 'IntrinsicAttributes & RagReportViewProps'.
GIT-BACK/ABDElevators-feature-i18n-roadmap-v4.2.1/src/app/(authenticated)/spaces/playground/page.tsx(32,17): error TS2322: Type '{ title: string; subtitle: string; icon: Element; }' is not assignable to type 'IntrinsicAttributes & PageHeaderProps'.
  Property 'icon' does not exist on type 'IntrinsicAttributes & PageHeaderProps'.
GIT-BACK/ABDElevators-feature-i18n-roadmap-v4.2.1/src/app/api/admin/billing/manual-change/route.ts(34,45): error TS2339: Property 'manualUpdateSubscription' does not exist on type 'typeof BillingService'.
GIT-BACK/ABDElevators-feature-i18n-roadmap-v4.2.1/src/app/api/admin/cases/%5Bid%5D/workflow/route.ts(8,10): error TS2305: Module '"@/lib/workflow-engine"' has no exported member 'LegacyCaseWorkflowEngine'.
GIT-BACK/ABDElevators-feature-i18n-roadmap-v4.2.1/src/app/api/admin/cases/%5Bid%5D/workflow/route.ts(86,13): error TS2322: Type '{ enabled: boolean; temperature: number; auto_transition: boolean; promptKey?: string | undefined; schemaKey?: string | undefined; }' is not assignable to type '{ promptKey: string; schemaKey: string; enabled: boolean; }'.
  Types of property 'promptKey' are incompatible.
    Type 'string | undefined' is not assignable to type 'string'.
      Type 'undefined' is not assignable to type 'string'.
GIT-BACK/ABDElevators-feature-i18n-roadmap-v4.2.1/src/app/api/admin/document-types/route.ts(118,23): error TS2339: Property 'scope' does not exist on type '{ name: string; isActive: boolean; createdAt: Date; _id?: any; description?: string | undefined; }'.
GIT-BACK/ABDElevators-feature-i18n-roadmap-v4.2.1/src/app/api/admin/document-types/route.ts(118,55): error TS2339: Property 'scope' does not exist on type '{ name: string; isActive: boolean; createdAt: Date; _id?: any; description?: string | undefined; }'.
GIT-BACK/ABDElevators-feature-i18n-roadmap-v4.2.1/src/app/api/admin/document-types/route.ts(141,63): error TS2339: Property 'scope' does not exist on type '{ name: string; isActive: boolean; createdAt: Date; _id?: any; description?: string | undefined; }'.
GIT-BACK/ABDElevators-feature-i18n-roadmap-v4.2.1/src/app/api/admin/document-types/route.ts(141,92): error TS2339: Property 'industries' does not exist on type '{ name: string; isActive: boolean; createdAt: Date; _id?: any; description?: string | undefined; }'.
GIT-BACK/ABDElevators-feature-i18n-roadmap-v4.2.1/src/app/api/admin/ingest/jobs/route.ts(25,67): error TS2322: Type 'string' is not assignable to type '"active" | "completed" | "failed" | "delayed"'.
GIT-BACK/ABDElevators-feature-i18n-roadmap-v4.2.1/src/app/api/admin/ingest/route.ts(112,13): error TS2322: Type '{ type: string; version: string; documentTypeId: string | undefined; scope: "USER" | "TENANT" | "GLOBAL" | "INDUSTRY"; industry: string; ownerUserId: string | undefined; chunkingLevel: "bajo" | ... 1 more ... | "alto"; }' is not assignable to type '{ [key: string]: any; type: string; version: string; documentTypeId?: string | undefined; scope?: "TENANT" | "GLOBAL" | "INDUSTRY" | undefined; industry?: string | undefined; spaceId?: string | undefined; chunkingLevel?: string | undefined; }'.
  Types of property 'scope' are incompatible.
    Type '"USER" | "TENANT" | "GLOBAL" | "INDUSTRY"' is not assignable to type '"TENANT" | "GLOBAL" | "INDUSTRY" | undefined'.
      Type '"USER"' is not assignable to type '"TENANT" | "GLOBAL" | "INDUSTRY" | undefined'.
GIT-BACK/ABDElevators-feature-i18n-roadmap-v4.2.1/src/app/api/admin/prompts/[id]/route.ts(36,13): error TS2345: Argument of type '{ template: any; variables: any; category: any; model: any; industry: any; }' is not assignable to parameter of type 'string'.
GIT-BACK/ABDElevators-feature-i18n-roadmap-v4.2.1/src/app/api/admin/prompts/route.ts(104,33): error TS2339: Property 'industry' does not exist on type '{ tenantId: string; key: string; name: string; environment: "PRODUCTION" | "STAGING" | "SANDBOX"; category: "GENERAL" | "EXTRACTION" | "RISK" | "ANALYSIS" | "TICKET" | "CHECKLIST"; ... 14 more ...; createdBy?: string | undefined; }'.
GIT-BACK/ABDElevators-feature-i18n-roadmap-v4.2.1/src/app/api/admin/prompts/test/route.ts(30,54): error TS2339: Property 'runComparison' does not exist on type 'typeof PromptTesterService'.
GIT-BACK/ABDElevators-feature-i18n-roadmap-v4.2.1/src/app/api/admin/users/invite/bulk/route.ts(74,68): error TS2339: Property 'expiresInDays' does not exist on type '{ invitations: { email: string; role: UserRole; tenantId?: string | undefined; }[]; }'.
GIT-BACK/ABDElevators-feature-i18n-roadmap-v4.2.1/src/app/api/admin/workflow-definitions/%5Bid%5D/route.ts(22,50): error TS2339: Property 'getDefinitionById' does not exist on type 'typeof WorkflowService'.
GIT-BACK/ABDElevators-feature-i18n-roadmap-v4.2.1/src/app/api/admin/workflow-definitions/%5Bid%5D/route.ts(57,71): error TS2345: Argument of type '{ _id: string; tenantId: string; industry?: "ELEVATORS" | "LEGAL" | "BANKING" | "INSURANCE" | "IT" | "GENERIC" | "MEDICAL" | undefined; name?: string | undefined; entityType?: "USER" | "ENTITY" | "EQUIPMENT" | undefined; ... 12 more ...; updatedAt?: Date | undefined; }' is not assignable to parameter of type 'Partial<{ tenantId: string; industry: "ELEVATORS" | "LEGAL" | "BANKING" | "INSURANCE" | "IT" | "GENERIC"; name: string; entityType: "USER" | "ENTITY" | "EQUIPMENT"; states: { id: string; label: string; ... 11 more ...; sla?: { ...; } | undefined; }[]; ... 11 more ...; compilationError?: string | undefined; }>'.
  Types of property 'industry' are incompatible.
    Type '"ELEVATORS" | "LEGAL" | "BANKING" | "INSURANCE" | "IT" | "GENERIC" | "MEDICAL" | undefined' is not assignable to type '"ELEVATORS" | "LEGAL" | "BANKING" | "INSURANCE" | "IT" | "GENERIC" | undefined'.
      Type '"MEDICAL"' is not assignable to type '"ELEVATORS" | "LEGAL" | "BANKING" | "INSURANCE" | "IT" | "GENERIC" | undefined'.
GIT-BACK/ABDElevators-feature-i18n-roadmap-v4.2.1/src/app/api/admin/workflow-definitions/route.ts(57,71): error TS2345: Argument of type '{ tenantId: string; industry: "ELEVATORS" | "LEGAL" | "BANKING" | "INSURANCE" | "IT" | "GENERIC" | "MEDICAL"; name: string; entityType: "USER" | "ENTITY" | "EQUIPMENT"; states: { id: string; ... 9 more ...; llmNode?: { ...; } | undefined; }[]; ... 12 more ...; compilationError?: string | undefined; }' is not assignable to parameter of type 'Partial<{ tenantId: string; industry: "ELEVATORS" | "LEGAL" | "BANKING" | "INSURANCE" | "IT" | "GENERIC"; name: string; entityType: "USER" | "ENTITY" | "EQUIPMENT"; states: { id: string; label: string; ... 11 more ...; sla?: { ...; } | undefined; }[]; ... 11 more ...; compilationError?: string | undefined; }>'.
  Types of property 'industry' are incompatible.
    Type '"ELEVATORS" | "LEGAL" | "BANKING" | "INSURANCE" | "IT" | "GENERIC" | "MEDICAL"' is not assignable to type '"ELEVATORS" | "LEGAL" | "BANKING" | "INSURANCE" | "IT" | "GENERIC" | undefined'.
      Type '"MEDICAL"' is not assignable to type '"ELEVATORS" | "LEGAL" | "BANKING" | "INSURANCE" | "IT" | "GENERIC" | undefined'.
GIT-BACK/ABDElevators-feature-i18n-roadmap-v4.2.1/src/app/api/admin/workflow-tasks/[id]/route.ts(15,17): error TS2554: Expected 2-3 arguments, but got 1.
GIT-BACK/ABDElevators-feature-i18n-roadmap-v4.2.1/src/app/api/admin/workflow-tasks/[id]/route.ts(47,13): error TS2353: Object literal may only specify known properties, and 'metadata' does not exist in type '{ id: string; tenantId: string; userId: string; userName: string; status: "PENDING" | "IN_PROGRESS" | "COMPLETED" | "CANCELLED" | "REJECTED"; notes?: string | undefined; correlationId: string; }'.
GIT-BACK/ABDElevators-feature-i18n-roadmap-v4.2.1/src/app/api/admin/workflow-tasks/[id]/route.ts(52,56): error TS2339: Property 'task' does not exist on type '{ success: boolean; taskId: string; status: "PENDING" | "IN_PROGRESS" | "COMPLETED" | "CANCELLED" | "REJECTED"; }'.
GIT-BACK/ABDElevators-feature-i18n-roadmap-v4.2.1/src/app/api/admin/workflow-tasks/[id]/route.ts(65,43): error TS2339: Property 'task' does not exist on type '{ success: boolean; taskId: string; status: "PENDING" | "IN_PROGRESS" | "COMPLETED" | "CANCELLED" | "REJECTED"; }'.
GIT-BACK/ABDElevators-feature-i18n-roadmap-v4.2.1/src/app/api/admin/workflow-tasks/[id]/route.ts(80,36): error TS2339: Property 'task' does not exist on type '{ success: boolean; taskId: string; status: "PENDING" | "IN_PROGRESS" | "COMPLETED" | "CANCELLED" | "REJECTED"; }'.
GIT-BACK/ABDElevators-feature-i18n-roadmap-v4.2.1/src/app/api/admin/workflow-tasks/[id]/route.ts(92,24): error TS2339: Property 'task' does not exist on type '{ success: boolean; taskId: string; status: "PENDING" | "IN_PROGRESS" | "COMPLETED" | "CANCELLED" | "REJECTED"; }'.
GIT-BACK/ABDElevators-feature-i18n-roadmap-v4.2.1/src/app/api/admin/workflow-tasks/[id]/route.ts(107,59): error TS2339: Property 'task' does not exist on type '{ success: boolean; taskId: string; status: "PENDING" | "IN_PROGRESS" | "COMPLETED" | "CANCELLED" | "REJECTED"; }'.
GIT-BACK/ABDElevators-feature-i18n-roadmap-v4.2.1/src/app/api/admin/workflow-tasks/[id]/route.ts(111,36): error TS2345: Argument of type '"TRANSITION_ERROR"' is not assignable to parameter of type 'ErrorCode'.
GIT-BACK/ABDElevators-feature-i18n-roadmap-v4.2.1/src/app/api/admin/workflow-tasks/[id]/route.ts(118,72): error TS2339: Property 'task' does not exist on type '{ success: boolean; taskId: string; status: "PENDING" | "IN_PROGRESS" | "COMPLETED" | "CANCELLED" | "REJECTED"; }'.
GIT-BACK/ABDElevators-feature-i18n-roadmap-v4.2.1/src/app/api/admin/workflow-tasks/[id]/route.ts(122,36): error TS2339: Property 'task' does not exist on type '{ success: boolean; taskId: string; status: "PENDING" | "IN_PROGRESS" | "COMPLETED" | "CANCELLED" | "REJECTED"; }'.
GIT-BACK/ABDElevators-feature-i18n-roadmap-v4.2.1/src/app/api/billing/create-checkout/route.ts(45,41): error TS2551: Property 'stripeCustomerId' does not exist on type '{ tier: "FREE" | "PRO" | "ENTERPRISE"; status: "ACTIVE" | "SUSPENDED" | "CANCELLED"; overrides: Record<string, any>; planSlug?: "FREE" | "PRO" | "ENTERPRISE" | undefined; ... 4 more ...; currentPeriodEnd?: Date | undefined; }'. Did you mean 'stripe_customer_id'?
GIT-BACK/ABDElevators-feature-i18n-roadmap-v4.2.1/src/app/api/billing/portal/route.ts(3,10): error TS2305: Module '"@/lib/stripe"' has no exported member 'createPortalSession'.
GIT-BACK/ABDElevators-feature-i18n-roadmap-v4.2.1/src/app/api/billing/portal/route.ts(24,55): error TS2551: Property 'stripeCustomerId' does not exist on type '{ tier: "FREE" | "PRO" | "ENTERPRISE"; status: "ACTIVE" | "SUSPENDED" | "CANCELLED"; overrides: Record<string, any>; planSlug?: "FREE" | "PRO" | "ENTERPRISE" | undefined; ... 4 more ...; currentPeriodEnd?: Date | undefined; }'. Did you mean 'stripe_customer_id'?
GIT-BACK/ABDElevators-feature-i18n-roadmap-v4.2.1/src/app/api/billing/simulate-change/route.ts(35,49): error TS2339: Property 'simulatePlanChange' does not exist on type 'typeof BillingService'.
GIT-BACK/ABDElevators-feature-i18n-roadmap-v4.2.1/src/app/api/cases/[id]/transicion/route.ts(3,10): error TS2305: Module '"@/lib/workflow-engine"' has no exported member 'LegacyCaseWorkflowEngine'.
GIT-BACK/ABDElevators-feature-i18n-roadmap-v4.2.1/src/app/api/core/insights/route.ts(44,51): error TS2339: Property 'category' does not exist on type 'Insight'.
GIT-BACK/ABDElevators-feature-i18n-roadmap-v4.2.1/src/app/api/entities/[id]/checklist/route.ts(80,103): error TS2554: Expected 1-2 arguments, but got 3.
GIT-BACK/ABDElevators-feature-i18n-roadmap-v4.2.1/src/app/api/entities/[id]/checklist/validate/route.ts(9,10): error TS2724: '"@/lib/schemas/business"' has no exported member named 'ItemValidationSchema'. Did you mean 'ValidationSchema'?
GIT-BACK/ABDElevators-feature-i18n-roadmap-v4.2.1/src/app/api/entities/[id]/generate-report/route.ts(109,13): error TS2353: Object literal may only specify known properties, and 'locale' does not exist in type 'LLMReportPDFData'.
GIT-BACK/ABDElevators-feature-i18n-roadmap-v4.2.1/src/app/api/entities/[id]/transition/route.ts(2,10): error TS2305: Module '"@/lib/workflow-engine"' has no exported member 'LegacyCaseWorkflowEngine'.
GIT-BACK/ABDElevators-feature-i18n-roadmap-v4.2.1/src/app/api/entities/[id]/vector-search/route.ts(5,10): error TS2305: Module '"@/lib/logger"' has no exported member 'withSla'.
GIT-BACK/ABDElevators-feature-i18n-roadmap-v4.2.1/src/app/api/sandbox/chat/route.ts(15,68): error TS2339: Property 'SANDBOX' does not exist on type '{ AUTH: { limit: number; window: "5 m"; }; ADMIN: { limit: number; window: "1 m"; }; PUBLIC: { limit: number; window: "1 m"; }; CORE: { limit: number; window: "1 m"; }; }'.
GIT-BACK/ABDElevators-feature-i18n-roadmap-v4.2.1/src/app/api/technical/rag/chat/route.ts(50,103): error TS2554: Expected 3 arguments, but got 4.
GIT-BACK/ABDElevators-feature-i18n-roadmap-v4.2.1/src/app/api/technical/rag/chat/route.ts(80,96): error TS2554: Expected 3 arguments, but got 4.
GIT-BACK/ABDElevators-feature-i18n-roadmap-v4.2.1/src/app/api/v1/rag/query/route.ts(14,44): error TS2339: Property 'spaceId' does not exist on type '{ tenantId: string; apiKeyId: any; correlationId: string; }'.
GIT-BACK/ABDElevators-feature-i18n-roadmap-v4.2.1/src/app/api/v1/rag/query/route.ts(22,112): error TS2554: Expected 3-6 arguments, but got 7.
GIT-BACK/ABDElevators-feature-i18n-roadmap-v4.2.1/src/app/api/v1/rag/query/route.ts(25,111): error TS2554: Expected 3-5 arguments, but got 6.
GIT-BACK/ABDElevators-feature-i18n-roadmap-v4.2.1/src/app/api/v1/rag/query/route.ts(29,122): error TS2554: Expected 3-6 arguments, but got 7.
GIT-BACK/ABDElevators-feature-i18n-roadmap-v4.2.1/src/app/api/workshop/orders/route.ts(2,10): error TS2305: Module '"@/lib/schemas"' has no exported member 'CreateWorkshopOrderSchema'.
GIT-BACK/ABDElevators-feature-i18n-roadmap-v4.2.1/src/components/admin/api-keys/ApiKeyList.tsx(67,34): error TS2339: Property 'spaceId' does not exist on type '{ tenantId: string; keyHash: string; keyPrefix: string; name: string; permissions: ("documents:ingest" | "documents:read" | "rag:query" | "analysis:extract")[]; isActive: boolean; createdAt: Date; createdBy: string; _id?: any; lastUsedAt?: Date | undefined; expiresAt?: Date | undefined; }'.
GIT-BACK/ABDElevators-feature-i18n-roadmap-v4.2.1/src/components/admin/api-keys/ApiKeyList.tsx(70,49): error TS2339: Property 'spaceId' does not exist on type '{ tenantId: string; keyHash: string; keyPrefix: string; name: string; permissions: ("documents:ingest" | "documents:read" | "rag:query" | "analysis:extract")[]; isActive: boolean; createdAt: Date; createdBy: string; _id?: any; lastUsedAt?: Date | undefined; expiresAt?: Date | undefined; }'.
GIT-BACK/ABDElevators-feature-i18n-roadmap-v4.2.1/src/components/admin/api-keys/CreateApiKeyModal.tsx(54,77): error TS2554: Expected 2-3 arguments, but got 4.
GIT-BACK/ABDElevators-feature-i18n-roadmap-v4.2.1/src/components/admin/knowledge/KnowledgeAssetsManager.tsx(209,21): error TS2322: Type '"primary"' is not assignable to type '"blue" | "emerald" | "amber" | "slate" | "teal" | "purple" | "rose" | undefined'.
GIT-BACK/ABDElevators-feature-i18n-roadmap-v4.2.1/src/components/admin/knowledge/KnowledgeAssetsManager.tsx(215,21): error TS2322: Type '"primary"' is not assignable to type '"blue" | "emerald" | "amber" | "slate" | "teal" | "purple" | "rose" | undefined'.
GIT-BACK/ABDElevators-feature-i18n-roadmap-v4.2.1/src/components/admin/knowledge/KnowledgeAssetsManager.tsx(221,21): error TS2322: Type '"primary"' is not assignable to type '"blue" | "emerald" | "amber" | "slate" | "teal" | "purple" | "rose" | undefined'.
GIT-BACK/ABDElevators-feature-i18n-roadmap-v4.2.1/src/components/admin/organizations/ReportConfigTab.tsx(27,13): error TS2353: Object literal may only specify known properties, and 'reportConfig' does not exist in type '{ tenantId: string; name: string; industry: "ELEVATORS" | "LEGAL" | "BANKING" | "INSURANCE" | "IT" | "GENERIC"; storage: { provider: "cloudinary" | "google_drive" | "s3"; settings: { ...; }; quota_bytes: number; }; ... 5 more ...; billing?: { ...; } | undefined; } | ((prevState: { ...; } | null) => { ...; } | null)'.
GIT-BACK/ABDElevators-feature-i18n-roadmap-v4.2.1/src/components/admin/organizations/ReportConfigTab.tsx(28,28): error TS2339: Property 'reportConfig' does not exist on type '{ tenantId: string; name: string; industry: "ELEVATORS" | "LEGAL" | "BANKING" | "INSURANCE" | "IT" | "GENERIC"; storage: { provider: "cloudinary" | "google_drive" | "s3"; settings: { folder_prefix?: string | undefined; bucket_name?: string | undefined; credentials_ref?: string | undefined; }; quota_bytes: number; };...'.
GIT-BACK/ABDElevators-feature-i18n-roadmap-v4.2.1/src/components/admin/organizations/ReportConfigTab.tsx(56,44): error TS2339: Property 'reportConfig' does not exist on type '{ tenantId: string; name: string; industry: "ELEVATORS" | "LEGAL" | "BANKING" | "INSURANCE" | "IT" | "GENERIC"; storage: { provider: "cloudinary" | "google_drive" | "s3"; settings: { folder_prefix?: string | undefined; bucket_name?: string | undefined; credentials_ref?: string | undefined; }; quota_bytes: number; };...'.
GIT-BACK/ABDElevators-feature-i18n-roadmap-v4.2.1/src/components/admin/organizations/ReportConfigTab.tsx(70,44): error TS2339: Property 'reportConfig' does not exist on type '{ tenantId: string; name: string; industry: "ELEVATORS" | "LEGAL" | "BANKING" | "INSURANCE" | "IT" | "GENERIC"; storage: { provider: "cloudinary" | "google_drive" | "s3"; settings: { folder_prefix?: string | undefined; bucket_name?: string | undefined; credentials_ref?: string | undefined; }; quota_bytes: number; };...'.
GIT-BACK/ABDElevators-feature-i18n-roadmap-v4.2.1/src/components/admin/organizations/ReportConfigTab.tsx(83,44): error TS2339: Property 'reportConfig' does not exist on type '{ tenantId: string; name: string; industry: "ELEVATORS" | "LEGAL" | "BANKING" | "INSURANCE" | "IT" | "GENERIC"; storage: { provider: "cloudinary" | "google_drive" | "s3"; settings: { folder_prefix?: string | undefined; bucket_name?: string | undefined; credentials_ref?: string | undefined; }; quota_bytes: number; };...'.
GIT-BACK/ABDElevators-feature-i18n-roadmap-v4.2.1/src/components/admin/organizations/ReportConfigTab.tsx(94,46): error TS2339: Property 'reportConfig' does not exist on type '{ tenantId: string; name: string; industry: "ELEVATORS" | "LEGAL" | "BANKING" | "INSURANCE" | "IT" | "GENERIC"; storage: { provider: "cloudinary" | "google_drive" | "s3"; settings: { folder_prefix?: string | undefined; bucket_name?: string | undefined; credentials_ref?: string | undefined; }; quota_bytes: number; };...'.
GIT-BACK/ABDElevators-feature-i18n-roadmap-v4.2.1/src/components/admin/organizations/ReportConfigTab.tsx(118,42): error TS2339: Property 'reportConfig' does not exist on type '{ tenantId: string; name: string; industry: "ELEVATORS" | "LEGAL" | "BANKING" | "INSURANCE" | "IT" | "GENERIC"; storage: { provider: "cloudinary" | "google_drive" | "s3"; settings: { folder_prefix?: string | undefined; bucket_name?: string | undefined; credentials_ref?: string | undefined; }; quota_bytes: number; };...'.
GIT-BACK/ABDElevators-feature-i18n-roadmap-v4.2.1/src/components/admin/organizations/ReportConfigTab.tsx(126,42): error TS2339: Property 'reportConfig' does not exist on type '{ tenantId: string; name: string; industry: "ELEVATORS" | "LEGAL" | "BANKING" | "INSURANCE" | "IT" | "GENERIC"; storage: { provider: "cloudinary" | "google_drive" | "s3"; settings: { folder_prefix?: string | undefined; bucket_name?: string | undefined; credentials_ref?: string | undefined; }; quota_bytes: number; };...'.
GIT-BACK/ABDElevators-feature-i18n-roadmap-v4.2.1/src/components/admin/PromptEditor.tsx(40,34): error TS2339: Property 'industry' does not exist on type '{ tenantId: string; key: string; name: string; environment: "PRODUCTION" | "STAGING" | "SANDBOX"; category: "GENERAL" | "EXTRACTION" | "RISK" | "ANALYSIS" | "TICKET" | "CHECKLIST"; ... 14 more ...; createdBy?: string | undefined; }'.
GIT-BACK/ABDElevators-feature-i18n-roadmap-v4.2.1/src/components/admin/workflows/WorkflowDesigner.tsx(97,13): error TS2353: Object literal may only specify known properties, and 'decisionStrategy' does not exist in type '{ from: string; to: string; label: string; action?: string | undefined; required_role?: string[] | undefined; conditions?: { checklist_complete: boolean; min_documents: number; require_signature: boolean; require_comment: boolean; } | undefined; actions?: string[] | undefined; }'.
GIT-BACK/ABDElevators-feature-i18n-roadmap-v4.2.1/src/components/admin/workflows/WorkflowDesigner.tsx(127,59): error TS2551: Property 'status' does not exist on type '{ tenantId: string; industry: "ELEVATORS" | "LEGAL" | "BANKING" | "INSURANCE" | "IT" | "GENERIC"; name: string; entityType: "USER" | "ENTITY" | "EQUIPMENT"; states: { id: string; label: string; ... 11 more ...; sla?: { ...; } | undefined; }[]; ... 11 more ...; compilationError?: string | undefined; }'. Did you mean 'states'?
GIT-BACK/ABDElevators-feature-i18n-roadmap-v4.2.1/src/components/admin/workflows/WorkflowDesigner.tsx(207,53): error TS2739: Type '{ promptKey: string; schemaKey: string; enabled: boolean; }' is missing the following properties from type '{ enabled: boolean; temperature: number; auto_transition: boolean; promptKey?: string | undefined; schemaKey?: string | undefined; }': temperature, auto_transition
GIT-BACK/ABDElevators-feature-i18n-roadmap-v4.2.1/src/components/admin/workflows/WorkflowDesigner.tsx(270,89): error TS2339: Property 'id' does not exist on type '{ name: string; categories: { id: string; name: string; keywords: string[]; priority: number; color?: string | undefined; icon?: string | undefined; }[]; items: { id: string; description: string; categoryId?: string | ... 1 more ... | undefined; notes?: string | undefined; icon?: string | undefined; }[]; ... 5 more ...'.
GIT-BACK/ABDElevators-feature-i18n-roadmap-v4.2.1/src/components/admin/workflows/WorkflowDesigner.tsx(270,123): error TS2339: Property 'id' does not exist on type '{ name: string; categories: { id: string; name: string; keywords: string[]; priority: number; color?: string | undefined; icon?: string | undefined; }[]; items: { id: string; description: string; categoryId?: string | ... 1 more ... | undefined; notes?: string | undefined; icon?: string | undefined; }[]; ... 5 more ...'.
GIT-BACK/ABDElevators-feature-i18n-roadmap-v4.2.1/src/components/admin/workflows/WorkflowDesigner.tsx(271,68): error TS2339: Property 'title' does not exist on type '{ name: string; categories: { id: string; name: string; keywords: string[]; priority: number; color?: string | undefined; icon?: string | undefined; }[]; items: { id: string; description: string; categoryId?: string | ... 1 more ... | undefined; notes?: string | undefined; icon?: string | undefined; }[]; ... 5 more ...'.
GIT-BACK/ABDElevators-feature-i18n-roadmap-v4.2.1/src/components/admin/workflows/WorkflowDesigner.tsx(271,80): error TS2339: Property 'version' does not exist on type '{ name: string; categories: { id: string; name: string; keywords: string[]; priority: number; color?: string | undefined; icon?: string | undefined; }[]; items: { id: string; description: string; categoryId?: string | ... 1 more ... | undefined; notes?: string | undefined; icon?: string | undefined; }[]; ... 5 more ...'.
GIT-BACK/ABDElevators-feature-i18n-roadmap-v4.2.1/src/components/admin/workflows/WorkflowDesigner.tsx(350,63): error TS2339: Property 'decisionStrategy' does not exist on type '{ from: string; to: string; label: string; action?: string | undefined; required_role?: string[] | undefined; conditions?: { checklist_complete: boolean; min_documents: number; require_signature: boolean; require_comment: boolean; } | undefined; actions?: string[] | undefined; }'.
GIT-BACK/ABDElevators-feature-i18n-roadmap-v4.2.1/src/components/admin/workflows/WorkflowDesigner.tsx(351,93): error TS2353: Object literal may only specify known properties, and 'decisionStrategy' does not exist in type 'Partial<{ from: string; to: string; label: string; action?: string | undefined; required_role?: string[] | undefined; conditions?: { checklist_complete: boolean; min_documents: number; require_signature: boolean; require_comment: boolean; } | undefined; actions?: string[] | undefined; }>'.
GIT-BACK/ABDElevators-feature-i18n-roadmap-v4.2.1/src/components/admin/workflows/WorkflowDesigner.tsx(384,50): error TS2339: Property 'decisionStrategy' does not exist on type '{ from: string; to: string; label: string; action?: string | undefined; required_role?: string[] | undefined; conditions?: { checklist_complete: boolean; min_documents: number; require_signature: boolean; require_comment: boolean; } | undefined; actions?: string[] | undefined; }'.
GIT-BACK/ABDElevators-feature-i18n-roadmap-v4.2.1/src/components/admin/workflows/WorkflowDesigner.tsx(384,98): error TS2339: Property 'decisionStrategy' does not exist on type '{ from: string; to: string; label: string; action?: string | undefined; required_role?: string[] | undefined; conditions?: { checklist_complete: boolean; min_documents: number; require_signature: boolean; require_comment: boolean; } | undefined; actions?: string[] | undefined; }'.
GIT-BACK/ABDElevators-feature-i18n-roadmap-v4.2.1/src/components/admin/workflows/WorkflowDesigner.tsx(394,79): error TS2339: Property 'llmRouting' does not exist on type '{ from: string; to: string; label: string; action?: string | undefined; required_role?: string[] | undefined; conditions?: { checklist_complete: boolean; min_documents: number; require_signature: boolean; require_comment: boolean; } | undefined; actions?: string[] | undefined; }'.
GIT-BACK/ABDElevators-feature-i18n-roadmap-v4.2.1/src/components/admin/workflows/WorkflowDesigner.tsx(396,65): error TS2353: Object literal may only specify known properties, and 'llmRouting' does not exist in type 'Partial<{ from: string; to: string; label: string; action?: string | undefined; required_role?: string[] | undefined; conditions?: { checklist_complete: boolean; min_documents: number; require_signature: boolean; require_comment: boolean; } | undefined; actions?: string[] | undefined; }>'.
GIT-BACK/ABDElevators-feature-i18n-roadmap-v4.2.1/src/components/admin/workflows/WorkflowDesigner.tsx(396,93): error TS2339: Property 'llmRouting' does not exist on type '{ from: string; to: string; label: string; action?: string | undefined; required_role?: string[] | undefined; conditions?: { checklist_complete: boolean; min_documents: number; require_signature: boolean; require_comment: boolean; } | undefined; actions?: string[] | undefined; }'.
GIT-BACK/ABDElevators-feature-i18n-roadmap-v4.2.1/src/components/admin/workflows/WorkflowDesigner.tsx(396,154): error TS2339: Property 'llmRouting' does not exist on type '{ from: string; to: string; label: string; action?: string | undefined; required_role?: string[] | undefined; conditions?: { checklist_complete: boolean; min_documents: number; require_signature: boolean; require_comment: boolean; } | undefined; actions?: string[] | undefined; }'.
GIT-BACK/ABDElevators-feature-i18n-roadmap-v4.2.1/src/components/admin/workflows/WorkflowDesigner.tsx(404,167): error TS2339: Property 'llmRouting' does not exist on type '{ from: string; to: string; label: string; action?: string | undefined; required_role?: string[] | undefined; conditions?: { checklist_complete: boolean; min_documents: number; require_signature: boolean; require_comment: boolean; } | undefined; actions?: string[] | undefined; }'.
GIT-BACK/ABDElevators-feature-i18n-roadmap-v4.2.1/src/components/admin/WorkflowTaskDetailDialog.tsx(109,71): error TS2339: Property 'caseContext' does not exist on type '{ tenantId: string; caseId: string; type: "DOCUMENT_REVIEW" | "SECURITY_SIGNATURE" | "TECHNICAL_VALIDATION" | "COMPLIANCE_CHECK"; title: string; assignedRole: UserRole; ... 10 more ...; completedBy?: string | undefined; }'.
GIT-BACK/ABDElevators-feature-i18n-roadmap-v4.2.1/src/components/shared/Header.tsx(89,56): error TS2345: Argument of type '"ENFORCE_MFA_ADMIN"' is not assignable to parameter of type 'FeatureFlag'.
GIT-BACK/ABDElevators-feature-i18n-roadmap-v4.2.1/src/components/shared/InsightPanel.tsx(107,54): error TS2339: Property 'category' does not exist on type 'Insight'.
GIT-BACK/ABDElevators-feature-i18n-roadmap-v4.2.1/src/components/shared/InsightPanel.tsx(112,54): error TS2339: Property 'category' does not exist on type 'Insight'.
GIT-BACK/ABDElevators-feature-i18n-roadmap-v4.2.1/src/components/technical/DynamicChecklist.tsx(92,52): error TS2339: Property 'confidenceLevel' does not exist on type '{ id: string; description: string; categoryId?: string | null | undefined; notes?: string | undefined; icon?: string | undefined; }'.
GIT-BACK/ABDElevators-feature-i18n-roadmap-v4.2.1/src/components/technical/DynamicChecklist.tsx(93,35): error TS2339: Property 'ragReference' does not exist on type '{ id: string; description: string; categoryId?: string | null | undefined; notes?: string | undefined; icon?: string | undefined; }'.
GIT-BACK/ABDElevators-feature-i18n-roadmap-v4.2.1/src/components/technical/DynamicChecklist.tsx(94,96): error TS2339: Property 'ragReference' does not exist on type '{ id: string; description: string; categoryId?: string | null | undefined; notes?: string | undefined; icon?: string | undefined; }'.
GIT-BACK/ABDElevators-feature-i18n-roadmap-v4.2.1/src/core/application/billing/BillingAdminService.ts(64,36): error TS18048: 'sub' is possibly 'undefined'.
GIT-BACK/ABDElevators-feature-i18n-roadmap-v4.2.1/src/core/application/billing/BillingAdminService.ts(64,36): error TS2538: Type 'undefined' cannot be used as an index type.
GIT-BACK/ABDElevators-feature-i18n-roadmap-v4.2.1/src/core/application/billing/BillingAdminService.ts(77,89): error TS18048: 'sub' is possibly 'undefined'.
GIT-BACK/ABDElevators-feature-i18n-roadmap-v4.2.1/src/core/application/billing/BillingAdminService.ts(78,91): error TS18048: 'sub' is possibly 'undefined'.
GIT-BACK/ABDElevators-feature-i18n-roadmap-v4.2.1/src/core/application/billing/BillingAdminService.ts(85,27): error TS18048: 'sub' is possibly 'undefined'.
GIT-BACK/ABDElevators-feature-i18n-roadmap-v4.2.1/src/core/application/billing/BillingAdminService.ts(87,29): error TS18048: 'sub' is possibly 'undefined'.
GIT-BACK/ABDElevators-feature-i18n-roadmap-v4.2.1/src/core/application/billing/BillingAdminService.ts(88,50): error TS18048: 'sub' is possibly 'undefined'.
GIT-BACK/ABDElevators-feature-i18n-roadmap-v4.2.1/src/core/application/billing/BillingAdminService.ts(101,38): error TS18048: 'sub' is possibly 'undefined'.
GIT-BACK/ABDElevators-feature-i18n-roadmap-v4.2.1/src/core/application/billing/BillingAdminService.ts(121,18): error TS2322: Type '(ContractSummary | { tenantId: string; name: string; tier: "FREE" | "PRO" | "ENTERPRISE" | undefined; planName: any; status: "ACTIVE" | "SUSPENDED" | "CANCELLED"; ... 4 more ...; nextBillingDate: Date; })[]' is not assignable to type 'ContractSummary[]'.
  Type 'ContractSummary | { tenantId: string; name: string; tier: "FREE" | "PRO" | "ENTERPRISE" | undefined; planName: any; status: "ACTIVE" | "SUSPENDED" | "CANCELLED"; ... 4 more ...; nextBillingDate: Date; }' is not assignable to type 'ContractSummary'.
    Type '{ tenantId: string; name: string; tier: "FREE" | "PRO" | "ENTERPRISE" | undefined; planName: any; status: "ACTIVE" | "SUSPENDED" | "CANCELLED"; customOverrides: boolean; usage: { tokens: number; storage: number; spaces_per_tenant: number; }; limits: { ...; }; mrr: number; nextBillingDate: Date; }' is not assignable to type 'ContractSummary'.
      Types of property 'tier' are incompatible.
        Type '"FREE" | "PRO" | "ENTERPRISE" | undefined' is not assignable to type 'PlanTier'.
          Type 'undefined' is not assignable to type 'PlanTier'.
GIT-BACK/ABDElevators-feature-i18n-roadmap-v4.2.1/src/core/application/billing/BillingAdminService.ts(145,40): error TS18048: 'sub' is possibly 'undefined'.
GIT-BACK/ABDElevators-feature-i18n-roadmap-v4.2.1/src/core/application/billing/BillingAdminService.ts(152,21): error TS18048: 'sub' is possibly 'undefined'.
GIT-BACK/ABDElevators-feature-i18n-roadmap-v4.2.1/src/core/application/use-cases/ExecuteIngestionAnalysisUseCase.ts(63,17): error TS2367: This comparison appears to be unintentional because the types '"PENDING" | "COMPLETED" | "FAILED" | "PROCESSING"' and '"QUEUED"' have no overlap.
GIT-BACK/ABDElevators-feature-i18n-roadmap-v4.2.1/src/core/application/use-cases/ExecuteIngestionAnalysisUseCase.ts(83,17): error TS2353: Object literal may only specify known properties, and 'environment' does not exist in type 'Partial<{ tenantId: string; industry: "ELEVATORS" | "LEGAL" | "BANKING" | "INSURANCE" | "IT" | "GENERIC"; filename: string; componentType: string; model: string; version: string; revisionDate: Date; ... 14 more ...; deletedAt?: Date | undefined; }>'.
GIT-BACK/ABDElevators-feature-i18n-roadmap-v4.2.1/src/core/application/use-cases/ExecuteIngestionAnalysisUseCase.ts(128,17): error TS2353: Object literal may only specify known properties, and 'contextHeader' does not exist in type 'Partial<{ tenantId: string; industry: "ELEVATORS" | "LEGAL" | "BANKING" | "INSURANCE" | "IT" | "GENERIC"; filename: string; componentType: string; model: string; version: string; revisionDate: Date; ... 14 more ...; deletedAt?: Date | undefined; }>'.
GIT-BACK/ABDElevators-feature-i18n-roadmap-v4.2.1/src/core/application/use-cases/ExecuteIngestionAnalysisUseCase.ts(136,33): error TS2339: Property 'sizeBytes' does not exist on type '{ tenantId: string; industry: "ELEVATORS" | "LEGAL" | "BANKING" | "INSURANCE" | "IT" | "GENERIC"; filename: string; componentType: string; model: string; version: string; revisionDate: Date; ... 14 more ...; deletedAt?: Date | undefined; }'.
GIT-BACK/ABDElevators-feature-i18n-roadmap-v4.2.1/src/core/application/use-cases/ExecuteIngestionAnalysisUseCase.ts(186,33): error TS2339: Property 'sizeBytes' does not exist on type '{ tenantId: string; industry: "ELEVATORS" | "LEGAL" | "BANKING" | "INSURANCE" | "IT" | "GENERIC"; filename: string; componentType: string; model: string; version: string; revisionDate: Date; ... 14 more ...; deletedAt?: Date | undefined; }'.
GIT-BACK/ABDElevators-feature-i18n-roadmap-v4.2.1/src/core/application/use-cases/PrepareIngestionUseCase.ts(71,58): error TS2345: Argument of type '"QUEUED"' is not assignable to parameter of type '"PENDING" | "COMPLETED" | "FAILED" | "PROCESSING"'.
GIT-BACK/ABDElevators-feature-i18n-roadmap-v4.2.1/src/core/application/use-cases/TechnicalRagChatUseCase.ts(24,79): error TS2554: Expected 3 arguments, but got 4.
GIT-BACK/ABDElevators-feature-i18n-roadmap-v4.2.1/src/core/application/use-cases/TechnicalRagChatUseCase.ts(39,90): error TS2554: Expected 3 arguments, but got 4.
GIT-BACK/ABDElevators-feature-i18n-roadmap-v4.2.1/src/core/engine/CaseWorkflowEngine.ts(257,47): error TS2339: Property 'createTask' does not exist on type 'typeof WorkflowTaskService'.
GIT-BACK/ABDElevators-feature-i18n-roadmap-v4.2.1/src/lib/api-handler.ts(48,35): error TS2339: Property 'spaceId' does not exist on type '{ tenantId: string; keyHash: string; keyPrefix: string; name: string; permissions: ("documents:ingest" | "documents:read" | "rag:query" | "analysis:extract")[]; isActive: boolean; createdAt: Date; createdBy: string; _id?: any; lastUsedAt?: Date | undefined; expiresAt?: Date | undefined; }'.
GIT-BACK/ABDElevators-feature-i18n-roadmap-v4.2.1/src/lib/chunking/LLMChunker.ts(27,17): error TS2554: Expected 3-4 arguments, but got 5.
GIT-BACK/ABDElevators-feature-i18n-roadmap-v4.2.1/src/lib/chunking/LLMChunker.ts(32,38): error TS2339: Property 'CHUNKING_LLM_CUTTER' does not exist on type '{ EXTRAER_MODELOS: string; ANALIZAR_CHUNK: string; RESUMIR_CONTEXTO: string; I18N_AUTO_TRANSLATE: string; GRAPH_EXTRACTOR: string; QUERY_ENTITY_EXTRACTOR: string; RAG_JUDGE: string; RAG_SELF_CORRECT: string; DOMAIN_DETECTOR: string; COGNITIVE_CONTEXT: string; RAG_RERANKER: string; }'.
GIT-BACK/ABDElevators-feature-i18n-roadmap-v4.2.1/src/lib/extraction-service.ts(44,21): error TS2554: Expected 3 arguments, but got 5.
GIT-BACK/ABDElevators-feature-i18n-roadmap-v4.2.1/src/lib/labels.ts(32,5): error TS2353: Object literal may only specify known properties, and 'MEDICAL' does not exist in type 'Record<"ELEVATORS" | "LEGAL" | "BANKING" | "INSURANCE" | "IT" | "GENERIC", any>'.
GIT-BACK/ABDElevators-feature-i18n-roadmap-v4.2.1/src/lib/langgraph-rag.ts(321,13): error TS2554: Expected 5 arguments, but got 6.
GIT-BACK/ABDElevators-feature-i18n-roadmap-v4.2.1/src/lib/mfa-service.ts(59,32): error TS2345: Argument of type '"INVALID_USER_ID"' is not assignable to parameter of type 'ErrorCode'.
GIT-BACK/ABDElevators-feature-i18n-roadmap-v4.2.1/src/lib/mfa-service.ts(91,40): error TS2345: Argument of type '"USER_NOT_FOUND"' is not assignable to parameter of type 'ErrorCode'.
GIT-BACK/ABDElevators-feature-i18n-roadmap-v4.2.1/src/lib/mfa-service.ts(129,40): error TS2345: Argument of type '"USER_UPDATE_FAILED"' is not assignable to parameter of type 'ErrorCode'.
GIT-BACK/ABDElevators-feature-i18n-roadmap-v4.2.1/src/lib/mfa-service.ts(158,32): error TS2345: Argument of type '"MFA_ENABLE_FAILED"' is not assignable to parameter of type 'ErrorCode'.
GIT-BACK/ABDElevators-feature-i18n-roadmap-v4.2.1/src/lib/mfa-service.ts(248,32): error TS2345: Argument of type '"INVALID_USER_ID"' is not assignable to parameter of type 'ErrorCode'.
GIT-BACK/ABDElevators-feature-i18n-roadmap-v4.2.1/src/lib/mfa-service.ts(270,40): error TS2345: Argument of type '"USER_NOT_FOUND"' is not assignable to parameter of type 'ErrorCode'.
GIT-BACK/ABDElevators-feature-i18n-roadmap-v4.2.1/src/lib/mfa-service.ts(296,32): error TS2345: Argument of type '"MFA_DISABLE_FAILED"' is not assignable to parameter of type 'ErrorCode'.
GIT-BACK/ABDElevators-feature-i18n-roadmap-v4.2.1/src/lib/prompt-service.ts(161,31): error TS2339: Property 'industry' does not exist on type '{ tenantId: string; key: string; name: string; environment: "PRODUCTION" | "STAGING" | "SANDBOX"; category: "GENERAL" | "EXTRACTION" | "RISK" | "ANALYSIS" | "TICKET" | "CHECKLIST"; ... 14 more ...; createdBy?: string | undefined; }'.
GIT-BACK/ABDElevators-feature-i18n-roadmap-v4.2.1/src/lib/prompt-service.ts(210,13): error TS2353: Object literal may only specify known properties, and 'industry' does not exist in type '{ promptId: any; tenantId: string; version: number; template: string; variables: { name: string; type: "string" | "number" | "boolean" | "json"; required: boolean; description?: string | undefined; }[]; ... 6 more ...; userAgent?: string | undefined; }'.
GIT-BACK/ABDElevators-feature-i18n-roadmap-v4.2.1/src/lib/prompt-service.ts(297,13): error TS2353: Object literal may only specify known properties, and 'industry' does not exist in type '{ promptId: any; tenantId: string; version: number; template: string; variables: { name: string; type: "string" | "number" | "boolean" | "json"; required: boolean; description?: string | undefined; }[]; ... 6 more ...; userAgent?: string | undefined; }'.
GIT-BACK/ABDElevators-feature-i18n-roadmap-v4.2.1/src/lib/rag-service.ts(200,56): error TS2339: Property 'classifyQuery' does not exist on type 'typeof DomainRouterService'.
GIT-BACK/ABDElevators-feature-i18n-roadmap-v4.2.1/src/lib/reranking-service.ts(43,30): error TS2554: Expected 3 arguments, but got 4.
GIT-BACK/ABDElevators-feature-i18n-roadmap-v4.2.1/src/lib/schemas/workshop.ts(6,17): error TS2554: Expected 2-3 arguments, but got 1.
GIT-BACK/ABDElevators-feature-i18n-roadmap-v4.2.1/src/lib/services/technical-entity-service.ts(56,13): error TS2345: Argument of type '"ELEVATORS" | "LEGAL" | "BANKING" | "INSURANCE" | "IT" | "GENERIC" | "MEDICAL"' is not assignable to parameter of type '"ELEVATORS" | "LEGAL" | "BANKING" | "INSURANCE" | "IT" | "GENERIC"'.
  Type '"MEDICAL"' is not assignable to type '"ELEVATORS" | "LEGAL" | "BANKING" | "INSURANCE" | "IT" | "GENERIC"'.
GIT-BACK/ABDElevators-feature-i18n-roadmap-v4.2.1/src/lib/services/workshop-service.ts(61,44): error TS2339: Property 'WORKSHOP_PARTS_EXTRACTOR' does not exist on type '{ EXTRAER_MODELOS: string; ANALIZAR_CHUNK: string; RESUMIR_CONTEXTO: string; I18N_AUTO_TRANSLATE: string; GRAPH_EXTRACTOR: string; QUERY_ENTITY_EXTRACTOR: string; RAG_JUDGE: string; RAG_SELF_CORRECT: string; DOMAIN_DETECTOR: string; COGNITIVE_CONTEXT: string; RAG_RERANKER: string; }'.
GIT-BACK/ABDElevators-feature-i18n-roadmap-v4.2.1/src/lib/services/workshop-service.ts(63,36): error TS2345: Argument of type '"PROMPT_NOT_FOUND"' is not assignable to parameter of type 'ErrorCode'.
GIT-BACK/ABDElevators-feature-i18n-roadmap-v4.2.1/src/lib/services/workshop-service.ts(77,36): error TS2345: Argument of type '"LLM_INVALID_RESPONSE"' is not assignable to parameter of type 'ErrorCode'.
GIT-BACK/ABDElevators-feature-i18n-roadmap-v4.2.1/src/lib/vision-service.ts(35,21): error TS2554: Expected 3 arguments, but got 5.
GIT-BACK/ABDElevators-feature-i18n-roadmap-v4.2.1/src/scripts/debug-ingest.ts(5,42): error TS2307: Cannot find module './src/lib/db' or its corresponding type declarations.
GIT-BACK/ABDElevators-feature-i18n-roadmap-v4.2.1/src/scripts/debug-ingest.ts(6,37): error TS2307: Cannot find module './src/lib/db-tenant' or its corresponding type declarations.
GIT-BACK/ABDElevators-feature-i18n-roadmap-v4.2.1/src/scripts/diag-logs.ts(1,31): error TS2307: Cannot find module './src/lib/db' or its corresponding type declarations.
GIT-BACK/ABDElevators-feature-i18n-roadmap-v4.2.1/src/scripts/repro-blob-manager.ts(2,33): error TS2307: Cannot find module '../services/ingest/core/FileBlobManager' or its corresponding type declarations.
GIT-BACK/ABDElevators-feature-i18n-roadmap-v4.2.1/src/scripts/root-check-mfa-file.ts(11,48): error TS2307: Cannot find module './src/lib/db' or its corresponding type declarations.
GIT-BACK/ABDElevators-feature-i18n-roadmap-v4.2.1/src/scripts/root-check-mfa.ts(9,48): error TS2307: Cannot find module './src/lib/db' or its corresponding type declarations.
GIT-BACK/ABDElevators-feature-i18n-roadmap-v4.2.1/src/scripts/test-bulk-invite-docs.ts(15,7): error TS2741: Property 'expiresInDays' is missing in type '{ invitations: ({ email: string; role: UserRole.TECHNICAL; } | { email: string; role: UserRole.ADMINISTRATIVE; })[]; }' but required in type '{ invitations: { email: string; role: UserRole; tenantId?: string | undefined; }[]; expiresInDays: number; }'.
GIT-BACK/ABDElevators-feature-i18n-roadmap-v4.2.1/src/scripts/test-db.ts(1,27): error TS2307: Cannot find module './src/lib/db' or its corresponding type declarations.
GIT-BACK/ABDElevators-feature-i18n-roadmap-v4.2.1/src/scripts/test-db.ts(14,23): error TS7006: Parameter 'u' implicitly has an 'any' type.
GIT-BACK/ABDElevators-feature-i18n-roadmap-v4.2.1/src/scripts/test-prompt-tester.ts(22,64): error TS2345: Argument of type '{ template: string; variables: { vertical: string; tema: string; }; tenantId: string; industry: string; model: "gemini-1.5-flash"; correlationId: string; }' is not assignable to parameter of type '{ template: string; variables: Record<string, any>; tenantId: string; industry: string; model: "gemini-3-pro-image" | "gemini-3-pro" | "gemini-2.5-flash"; correlationId: string; promptId?: string | undefined; templateB?: string | undefined; modelB?: "gemini-3-pro-image" | ... 2 more ... | undefined; }'.
  Types of property 'model' are incompatible.
    Type '"gemini-1.5-flash"' is not assignable to type '"gemini-3-pro-image" | "gemini-3-pro" | "gemini-2.5-flash"'. Did you mean '"gemini-2.5-flash"'?
GIT-BACK/ABDElevators-feature-i18n-roadmap-v4.2.1/src/scripts/verify-knowledge-spaces.ts(70,13): error TS2353: Object literal may only specify known properties, and 'session' does not exist in type 'IngestOptions'.
GIT-BACK/ABDElevators-feature-i18n-roadmap-v4.2.1/src/scripts/verify-workflow-tasks.ts(5,10): error TS2305: Module '"../lib/workflow-engine"' has no exported member 'WorkflowEngine'.
GIT-BACK/ABDElevators-feature-i18n-roadmap-v4.2.1/src/services/cognitive-retrieval-service.ts(33,17): error TS2554: Expected 3-4 arguments, but got 6.
GIT-BACK/ABDElevators-feature-i18n-roadmap-v4.2.1/src/services/domain-router-service.ts(18,9): error TS2353: Object literal may only specify known properties, and 'MEDICAL' does not exist in type 'Record<"ELEVATORS" | "LEGAL" | "BANKING" | "INSURANCE" | "IT" | "GENERIC", string[]>'.
GIT-BACK/ABDElevators-feature-i18n-roadmap-v4.2.1/src/services/domain-router-service.ts(54,17): error TS2554: Expected 3-4 arguments, but got 6.
GIT-BACK/ABDElevators-feature-i18n-roadmap-v4.2.1/src/services/domain-router-service.ts(129,106): error TS2322: Type '"MEDICAL"' is not assignable to type '"ELEVATORS" | "LEGAL" | "BANKING" | "INSURANCE" | "IT" | "GENERIC"'.
GIT-BACK/ABDElevators-feature-i18n-roadmap-v4.2.1/src/services/ingest-service.ts(12,10): error TS2305: Module '"@/lib/cloudinary"' has no exported member 'getSignedUrl'.
GIT-BACK/ABDElevators-feature-i18n-roadmap-v4.2.1/src/services/ingest-service.ts(104,42): error TS2339: Property 'isIngestPipelineV2Enabled' does not exist on type '{ isEnabled: (flag: FeatureFlag, context?: any) => boolean; getAll: () => Record<FeatureFlag, boolean>; }'.
GIT-BACK/ABDElevators-feature-i18n-roadmap-v4.2.1/src/services/ingest/IngestAnalyzer.ts(50,115): error TS2554: Expected 2-3 arguments, but got 4.
GIT-BACK/ABDElevators-feature-i18n-roadmap-v4.2.1/src/services/ingest/IngestAnalyzer.ts(75,17): error TS2554: Expected 3-4 arguments, but got 6.
GIT-BACK/ABDElevators-feature-i18n-roadmap-v4.2.1/src/services/ingest/IngestAnalyzer.ts(80,107): error TS2554: Expected 3 arguments, but got 4.
GIT-BACK/ABDElevators-feature-i18n-roadmap-v4.2.1/src/services/ingest/IngestAnalyzer.ts(115,102): error TS2554: Expected 3 arguments, but got 4.
GIT-BACK/ABDElevators-feature-i18n-roadmap-v4.2.1/src/services/ingest/IngestAnalyzer.ts(124,13): error TS2554: Expected 3-4 arguments, but got 5.
GIT-BACK/ABDElevators-feature-i18n-roadmap-v4.2.1/src/services/ingest/IngestIndexer.ts(72,100): error TS2554: Expected 3 arguments, but got 4.
GIT-BACK/ABDElevators-feature-i18n-roadmap-v4.2.1/src/services/ingest/IngestPreparer.ts(51,42): error TS2339: Property 'isIngestPipelineV2Enabled' does not exist on type '{ isEnabled: (flag: FeatureFlag, context?: any) => boolean; getAll: () => Record<FeatureFlag, boolean>; }'.
GIT-BACK/ABDElevators-feature-i18n-roadmap-v4.2.1/src/services/ingest/IngestPreparer.ts(112,23): error TS2353: Object literal may only specify known properties, and 'includeDeleted' does not exist in type 'UpdateOptions'.
GIT-BACK/ABDElevators-feature-i18n-roadmap-v4.2.1/src/services/space-invitation-service.ts(56,32): error TS2345: Argument of type '"INVITATION_NOT_FOUND"' is not assignable to parameter of type 'ErrorCode'.
GIT-BACK/ABDElevators-feature-i18n-roadmap-v4.2.1/src/services/space-invitation-service.ts(70,32): error TS2345: Argument of type '"INVITATION_NOT_FOUND"' is not assignable to parameter of type 'ErrorCode'.
GIT-BACK/ABDElevators-feature-i18n-roadmap-v4.2.1/src/services/space-invitation-service.ts(120,32): error TS2345: Argument of type '"INVITATION_NOT_FOUND"' is not assignable to parameter of type 'ErrorCode'.
GIT-BACK/ABDElevators-feature-i18n-roadmap-v4.2.1/src/services/space-service.ts(29,36): error TS2345: Argument of type '"LIMIT_EXCEEDED"' is not assignable to parameter of type 'ErrorCode'.
GIT-BACK/ABDElevators-feature-i18n-roadmap-v4.2.1/src/services/space-service.ts(38,36): error TS2345: Argument of type '"LIMIT_EXCEEDED"' is not assignable to parameter of type 'ErrorCode'.
GIT-BACK/ABDElevators-feature-i18n-roadmap-v4.2.1/src/services/storage/BlobStorageService.ts(135,101): error TS2345: Argument of type '{ fileHash: string; }' is not assignable to parameter of type 'number'.
GIT-BACK/ABDElevators-feature-i18n-roadmap-v4.2.1/test-prompt-tester.ts(22,64): error TS2345: Argument of type '{ template: string; variables: { vertical: string; tema: string; }; tenantId: string; industry: string; model: "gemini-1.5-flash"; correlationId: string; }' is not assignable to parameter of type '{ template: string; variables: Record<string, any>; tenantId: string; industry: string; model: "gemini-3-pro-image" | "gemini-3-pro" | "gemini-2.5-flash"; correlationId: string; promptId?: string | undefined; templateB?: string | undefined; modelB?: "gemini-3-pro-image" | ... 2 more ... | undefined; }'.
  Types of property 'model' are incompatible.
    Type '"gemini-1.5-flash"' is not assignable to type '"gemini-3-pro-image" | "gemini-3-pro" | "gemini-2.5-flash"'. Did you mean '"gemini-2.5-flash"'?
GIT-BACK/ABDElevators-feature-i18n-roadmap-v4.2.1/tests/unit/prompt-service-coverage.test.ts(114,74): error TS2554: Expected 0-1 arguments, but got 2.
GIT-BACK/ABDElevators-feature-i18n-roadmap-v4.2.1/tests/unit/prompt-service.test.ts(125,17): error TS2345: Argument of type 'string' is not assignable to parameter of type '{ template: string; variables: any[]; category?: string | undefined; model?: string | undefined; industry?: string | undefined; }'.
GIT-BACK/ABDElevators-feature-i18n-roadmap-v4.2.1/tests/unit/prompt-service.test.ts(154,17): error TS2345: Argument of type 'string' is not assignable to parameter of type '{ template: string; variables: any[]; category?: string | undefined; model?: string | undefined; industry?: string | undefined; }'.
src/app/(authenticated)/spaces/playground/page.tsx(32,17): error TS2322: Type '{ title: string; subtitle: string; icon: Element; }' is not assignable to type 'IntrinsicAttributes & PageHeaderProps'.
  Property 'icon' does not exist on type 'IntrinsicAttributes & PageHeaderProps'.
src/app/api/admin/billing/manual-change/route.ts(34,45): error TS2339: Property 'manualUpdateSubscription' does not exist on type 'typeof BillingService'.
src/app/api/admin/cases/[id]/workflow/route.ts(8,10): error TS2305: Module '"@/lib/workflow-engine"' has no exported member 'LegacyCaseWorkflowEngine'.
src/app/api/admin/cases/[id]/workflow/route.ts(86,13): error TS2322: Type '{ enabled: boolean; temperature: number; auto_transition: boolean; promptKey?: string | undefined; schemaKey?: string | undefined; }' is not assignable to type '{ promptKey: string; schemaKey: string; enabled: boolean; }'.
  Types of property 'promptKey' are incompatible.
    Type 'string | undefined' is not assignable to type 'string'.
      Type 'undefined' is not assignable to type 'string'.
src/app/api/admin/ingest/jobs/route.ts(25,67): error TS2322: Type 'string' is not assignable to type '"active" | "completed" | "failed" | "delayed"'.
src/app/api/admin/workflow-definitions/%5Bid%5D/route.ts(22,50): error TS2339: Property 'getDefinitionById' does not exist on type 'typeof WorkflowService'.
src/app/api/admin/workflow-definitions/%5Bid%5D/route.ts(57,71): error TS2345: Argument of type '{ _id: string; tenantId: string; industry?: "ELEVATORS" | "LEGAL" | "BANKING" | "INSURANCE" | "IT" | "GENERIC" | "MEDICAL" | undefined; name?: string | undefined; entityType?: "USER" | "ENTITY" | "EQUIPMENT" | undefined; ... 12 more ...; updatedAt?: Date | undefined; }' is not assignable to parameter of type 'Partial<{ tenantId: string; industry: "ELEVATORS" | "LEGAL" | "BANKING" | "INSURANCE" | "IT" | "GENERIC"; name: string; entityType: "USER" | "ENTITY" | "EQUIPMENT"; states: { id: string; label: string; ... 11 more ...; sla?: { ...; } | undefined; }[]; ... 11 more ...; compilationError?: string | undefined; }>'.
  Types of property 'industry' are incompatible.
    Type '"ELEVATORS" | "LEGAL" | "BANKING" | "INSURANCE" | "IT" | "GENERIC" | "MEDICAL" | undefined' is not assignable to type '"ELEVATORS" | "LEGAL" | "BANKING" | "INSURANCE" | "IT" | "GENERIC" | undefined'.
      Type '"MEDICAL"' is not assignable to type '"ELEVATORS" | "LEGAL" | "BANKING" | "INSURANCE" | "IT" | "GENERIC" | undefined'.
src/app/api/billing/simulate-change/route.ts(35,49): error TS2339: Property 'simulatePlanChange' does not exist on type 'typeof BillingService'.
src/app/api/sandbox/chat/route.ts(15,68): error TS2339: Property 'SANDBOX' does not exist on type '{ AUTH: { limit: number; window: "5 m"; }; ADMIN: { limit: number; window: "1 m"; }; PUBLIC: { limit: number; window: "1 m"; }; CORE: { limit: number; window: "1 m"; }; }'.
src/app/api/workshop/orders/route.ts(2,10): error TS2305: Module '"@/lib/schemas"' has no exported member 'CreateWorkshopOrderSchema'.
src/components/admin/knowledge/KnowledgeAssetsManager.tsx(209,21): error TS2322: Type '"primary"' is not assignable to type '"blue" | "emerald" | "amber" | "slate" | "teal" | "purple" | "rose" | undefined'.
src/components/admin/knowledge/KnowledgeAssetsManager.tsx(215,21): error TS2322: Type '"primary"' is not assignable to type '"blue" | "emerald" | "amber" | "slate" | "teal" | "purple" | "rose" | undefined'.
src/components/admin/knowledge/KnowledgeAssetsManager.tsx(221,21): error TS2322: Type '"primary"' is not assignable to type '"blue" | "emerald" | "amber" | "slate" | "teal" | "purple" | "rose" | undefined'.
src/components/admin/organizations/ReportConfigTab.tsx(27,13): error TS2353: Object literal may only specify known properties, and 'reportConfig' does not exist in type '{ tenantId: string; name: string; industry: "ELEVATORS" | "LEGAL" | "BANKING" | "INSURANCE" | "IT" | "GENERIC"; storage: { provider: "cloudinary" | "google_drive" | "s3"; settings: { ...; }; quota_bytes: number; }; ... 5 more ...; billing?: { ...; } | undefined; } | ((prevState: { ...; } | null) => { ...; } | null)'.
src/components/admin/organizations/ReportConfigTab.tsx(28,28): error TS2339: Property 'reportConfig' does not exist on type '{ tenantId: string; name: string; industry: "ELEVATORS" | "LEGAL" | "BANKING" | "INSURANCE" | "IT" | "GENERIC"; storage: { provider: "cloudinary" | "google_drive" | "s3"; settings: { folder_prefix?: string | undefined; bucket_name?: string | undefined; credentials_ref?: string | undefined; }; quota_bytes: number; };...'.
src/components/admin/organizations/ReportConfigTab.tsx(56,44): error TS2339: Property 'reportConfig' does not exist on type '{ tenantId: string; name: string; industry: "ELEVATORS" | "LEGAL" | "BANKING" | "INSURANCE" | "IT" | "GENERIC"; storage: { provider: "cloudinary" | "google_drive" | "s3"; settings: { folder_prefix?: string | undefined; bucket_name?: string | undefined; credentials_ref?: string | undefined; }; quota_bytes: number; };...'.
src/components/admin/organizations/ReportConfigTab.tsx(70,44): error TS2339: Property 'reportConfig' does not exist on type '{ tenantId: string; name: string; industry: "ELEVATORS" | "LEGAL" | "BANKING" | "INSURANCE" | "IT" | "GENERIC"; storage: { provider: "cloudinary" | "google_drive" | "s3"; settings: { folder_prefix?: string | undefined; bucket_name?: string | undefined; credentials_ref?: string | undefined; }; quota_bytes: number; };...'.
src/components/admin/organizations/ReportConfigTab.tsx(83,44): error TS2339: Property 'reportConfig' does not exist on type '{ tenantId: string; name: string; industry: "ELEVATORS" | "LEGAL" | "BANKING" | "INSURANCE" | "IT" | "GENERIC"; storage: { provider: "cloudinary" | "google_drive" | "s3"; settings: { folder_prefix?: string | undefined; bucket_name?: string | undefined; credentials_ref?: string | undefined; }; quota_bytes: number; };...'.
src/components/admin/organizations/ReportConfigTab.tsx(94,46): error TS2339: Property 'reportConfig' does not exist on type '{ tenantId: string; name: string; industry: "ELEVATORS" | "LEGAL" | "BANKING" | "INSURANCE" | "IT" | "GENERIC"; storage: { provider: "cloudinary" | "google_drive" | "s3"; settings: { folder_prefix?: string | undefined; bucket_name?: string | undefined; credentials_ref?: string | undefined; }; quota_bytes: number; };...'.
src/components/admin/organizations/ReportConfigTab.tsx(118,42): error TS2339: Property 'reportConfig' does not exist on type '{ tenantId: string; name: string; industry: "ELEVATORS" | "LEGAL" | "BANKING" | "INSURANCE" | "IT" | "GENERIC"; storage: { provider: "cloudinary" | "google_drive" | "s3"; settings: { folder_prefix?: string | undefined; bucket_name?: string | undefined; credentials_ref?: string | undefined; }; quota_bytes: number; };...'.
src/components/admin/organizations/ReportConfigTab.tsx(126,42): error TS2339: Property 'reportConfig' does not exist on type '{ tenantId: string; name: string; industry: "ELEVATORS" | "LEGAL" | "BANKING" | "INSURANCE" | "IT" | "GENERIC"; storage: { provider: "cloudinary" | "google_drive" | "s3"; settings: { folder_prefix?: string | undefined; bucket_name?: string | undefined; credentials_ref?: string | undefined; }; quota_bytes: number; };...'.
src/components/admin/workflows/WorkflowDesigner.tsx(97,13): error TS2353: Object literal may only specify known properties, and 'decisionStrategy' does not exist in type '{ from: string; to: string; label: string; action?: string | undefined; required_role?: string[] | undefined; conditions?: { checklist_complete: boolean; min_documents: number; require_signature: boolean; require_comment: boolean; } | undefined; actions?: string[] | undefined; }'.
src/components/admin/workflows/WorkflowDesigner.tsx(127,59): error TS2551: Property 'status' does not exist on type '{ tenantId: string; industry: "ELEVATORS" | "LEGAL" | "BANKING" | "INSURANCE" | "IT" | "GENERIC"; name: string; entityType: "USER" | "ENTITY" | "EQUIPMENT"; states: { id: string; label: string; ... 11 more ...; sla?: { ...; } | undefined; }[]; ... 11 more ...; compilationError?: string | undefined; }'. Did you mean 'states'?
src/components/admin/workflows/WorkflowDesigner.tsx(207,53): error TS2739: Type '{ promptKey: string; schemaKey: string; enabled: boolean; }' is missing the following properties from type '{ enabled: boolean; temperature: number; auto_transition: boolean; promptKey?: string | undefined; schemaKey?: string | undefined; }': temperature, auto_transition
src/components/admin/workflows/WorkflowDesigner.tsx(270,89): error TS2339: Property 'id' does not exist on type '{ name: string; categories: { id: string; name: string; keywords: string[]; priority: number; color?: string | undefined; icon?: string | undefined; }[]; items: { id: string; description: string; categoryId?: string | ... 1 more ... | undefined; notes?: string | undefined; icon?: string | undefined; }[]; ... 5 more ...'.
src/components/admin/workflows/WorkflowDesigner.tsx(270,123): error TS2339: Property 'id' does not exist on type '{ name: string; categories: { id: string; name: string; keywords: string[]; priority: number; color?: string | undefined; icon?: string | undefined; }[]; items: { id: string; description: string; categoryId?: string | ... 1 more ... | undefined; notes?: string | undefined; icon?: string | undefined; }[]; ... 5 more ...'.
src/components/admin/workflows/WorkflowDesigner.tsx(271,68): error TS2339: Property 'title' does not exist on type '{ name: string; categories: { id: string; name: string; keywords: string[]; priority: number; color?: string | undefined; icon?: string | undefined; }[]; items: { id: string; description: string; categoryId?: string | ... 1 more ... | undefined; notes?: string | undefined; icon?: string | undefined; }[]; ... 5 more ...'.
src/components/admin/workflows/WorkflowDesigner.tsx(271,80): error TS2339: Property 'version' does not exist on type '{ name: string; categories: { id: string; name: string; keywords: string[]; priority: number; color?: string | undefined; icon?: string | undefined; }[]; items: { id: string; description: string; categoryId?: string | ... 1 more ... | undefined; notes?: string | undefined; icon?: string | undefined; }[]; ... 5 more ...'.
src/components/admin/workflows/WorkflowDesigner.tsx(350,63): error TS2339: Property 'decisionStrategy' does not exist on type '{ from: string; to: string; label: string; action?: string | undefined; required_role?: string[] | undefined; conditions?: { checklist_complete: boolean; min_documents: number; require_signature: boolean; require_comment: boolean; } | undefined; actions?: string[] | undefined; }'.
src/components/admin/workflows/WorkflowDesigner.tsx(351,93): error TS2353: Object literal may only specify known properties, and 'decisionStrategy' does not exist in type 'Partial<{ from: string; to: string; label: string; action?: string | undefined; required_role?: string[] | undefined; conditions?: { checklist_complete: boolean; min_documents: number; require_signature: boolean; require_comment: boolean; } | undefined; actions?: string[] | undefined; }>'.
src/components/admin/workflows/WorkflowDesigner.tsx(384,50): error TS2339: Property 'decisionStrategy' does not exist on type '{ from: string; to: string; label: string; action?: string | undefined; required_role?: string[] | undefined; conditions?: { checklist_complete: boolean; min_documents: number; require_signature: boolean; require_comment: boolean; } | undefined; actions?: string[] | undefined; }'.
src/components/admin/workflows/WorkflowDesigner.tsx(384,98): error TS2339: Property 'decisionStrategy' does not exist on type '{ from: string; to: string; label: string; action?: string | undefined; required_role?: string[] | undefined; conditions?: { checklist_complete: boolean; min_documents: number; require_signature: boolean; require_comment: boolean; } | undefined; actions?: string[] | undefined; }'.
src/components/admin/workflows/WorkflowDesigner.tsx(394,79): error TS2339: Property 'llmRouting' does not exist on type '{ from: string; to: string; label: string; action?: string | undefined; required_role?: string[] | undefined; conditions?: { checklist_complete: boolean; min_documents: number; require_signature: boolean; require_comment: boolean; } | undefined; actions?: string[] | undefined; }'.
src/components/admin/workflows/WorkflowDesigner.tsx(396,65): error TS2353: Object literal may only specify known properties, and 'llmRouting' does not exist in type 'Partial<{ from: string; to: string; label: string; action?: string | undefined; required_role?: string[] | undefined; conditions?: { checklist_complete: boolean; min_documents: number; require_signature: boolean; require_comment: boolean; } | undefined; actions?: string[] | undefined; }>'.
src/components/admin/workflows/WorkflowDesigner.tsx(396,93): error TS2339: Property 'llmRouting' does not exist on type '{ from: string; to: string; label: string; action?: string | undefined; required_role?: string[] | undefined; conditions?: { checklist_complete: boolean; min_documents: number; require_signature: boolean; require_comment: boolean; } | undefined; actions?: string[] | undefined; }'.
src/components/admin/workflows/WorkflowDesigner.tsx(396,154): error TS2339: Property 'llmRouting' does not exist on type '{ from: string; to: string; label: string; action?: string | undefined; required_role?: string[] | undefined; conditions?: { checklist_complete: boolean; min_documents: number; require_signature: boolean; require_comment: boolean; } | undefined; actions?: string[] | undefined; }'.
src/components/admin/workflows/WorkflowDesigner.tsx(404,167): error TS2339: Property 'llmRouting' does not exist on type '{ from: string; to: string; label: string; action?: string | undefined; required_role?: string[] | undefined; conditions?: { checklist_complete: boolean; min_documents: number; require_signature: boolean; require_comment: boolean; } | undefined; actions?: string[] | undefined; }'.
src/components/landing/ROICalculator.tsx(48,21): error TS2322: Type '{ badge: string; title: string; description: string; }' is not assignable to type 'IntrinsicAttributes & SectionHeadingProps'.
  Property 'description' does not exist on type 'IntrinsicAttributes & SectionHeadingProps'.
src/core/application/billing/BillingAdminService.ts(64,36): error TS18048: 'sub' is possibly 'undefined'.
src/core/application/billing/BillingAdminService.ts(64,36): error TS2538: Type 'undefined' cannot be used as an index type.
src/core/application/billing/BillingAdminService.ts(77,89): error TS18048: 'sub' is possibly 'undefined'.
src/core/application/billing/BillingAdminService.ts(78,91): error TS18048: 'sub' is possibly 'undefined'.
src/core/application/billing/BillingAdminService.ts(85,27): error TS18048: 'sub' is possibly 'undefined'.
src/core/application/billing/BillingAdminService.ts(87,29): error TS18048: 'sub' is possibly 'undefined'.
src/core/application/billing/BillingAdminService.ts(88,50): error TS18048: 'sub' is possibly 'undefined'.
src/core/application/billing/BillingAdminService.ts(101,38): error TS18048: 'sub' is possibly 'undefined'.
src/core/application/billing/BillingAdminService.ts(121,18): error TS2322: Type '(ContractSummary | { tenantId: string; name: string; tier: "FREE" | "PRO" | "ENTERPRISE" | undefined; planName: any; status: "ACTIVE" | "SUSPENDED" | "CANCELLED"; ... 4 more ...; nextBillingDate: Date; })[]' is not assignable to type 'ContractSummary[]'.
  Type 'ContractSummary | { tenantId: string; name: string; tier: "FREE" | "PRO" | "ENTERPRISE" | undefined; planName: any; status: "ACTIVE" | "SUSPENDED" | "CANCELLED"; ... 4 more ...; nextBillingDate: Date; }' is not assignable to type 'ContractSummary'.
    Type '{ tenantId: string; name: string; tier: "FREE" | "PRO" | "ENTERPRISE" | undefined; planName: any; status: "ACTIVE" | "SUSPENDED" | "CANCELLED"; customOverrides: boolean; usage: { tokens: number; storage: number; spaces_per_tenant: number; }; limits: { ...; }; mrr: number; nextBillingDate: Date; }' is not assignable to type 'ContractSummary'.
      Types of property 'tier' are incompatible.
        Type '"FREE" | "PRO" | "ENTERPRISE" | undefined' is not assignable to type 'PlanTier'.
          Type 'undefined' is not assignable to type 'PlanTier'.
src/core/application/billing/BillingAdminService.ts(145,40): error TS18048: 'sub' is possibly 'undefined'.
src/core/application/billing/BillingAdminService.ts(152,21): error TS18048: 'sub' is possibly 'undefined'.
src/core/application/use-cases/ExecuteIngestionAnalysisUseCase.ts(63,17): error TS2367: This comparison appears to be unintentional because the types '"PENDING" | "COMPLETED" | "FAILED" | "PROCESSING"' and '"QUEUED"' have no overlap.
src/core/application/use-cases/ExecuteIngestionAnalysisUseCase.ts(83,17): error TS2353: Object literal may only specify known properties, and 'environment' does not exist in type 'Partial<{ tenantId: string; industry: "ELEVATORS" | "LEGAL" | "BANKING" | "INSURANCE" | "IT" | "GENERIC"; filename: string; componentType: string; model: string; version: string; revisionDate: Date; ... 14 more ...; deletedAt?: Date | undefined; }>'.
src/core/application/use-cases/ExecuteIngestionAnalysisUseCase.ts(128,17): error TS2353: Object literal may only specify known properties, and 'contextHeader' does not exist in type 'Partial<{ tenantId: string; industry: "ELEVATORS" | "LEGAL" | "BANKING" | "INSURANCE" | "IT" | "GENERIC"; filename: string; componentType: string; model: string; version: string; revisionDate: Date; ... 14 more ...; deletedAt?: Date | undefined; }>'.
src/core/application/use-cases/ExecuteIngestionAnalysisUseCase.ts(136,33): error TS2339: Property 'sizeBytes' does not exist on type '{ tenantId: string; industry: "ELEVATORS" | "LEGAL" | "BANKING" | "INSURANCE" | "IT" | "GENERIC"; filename: string; componentType: string; model: string; version: string; revisionDate: Date; ... 14 more ...; deletedAt?: Date | undefined; }'.
src/core/application/use-cases/ExecuteIngestionAnalysisUseCase.ts(186,33): error TS2339: Property 'sizeBytes' does not exist on type '{ tenantId: string; industry: "ELEVATORS" | "LEGAL" | "BANKING" | "INSURANCE" | "IT" | "GENERIC"; filename: string; componentType: string; model: string; version: string; revisionDate: Date; ... 14 more ...; deletedAt?: Date | undefined; }'.
src/core/application/use-cases/PrepareIngestionUseCase.ts(71,58): error TS2345: Argument of type '"QUEUED"' is not assignable to parameter of type '"PENDING" | "COMPLETED" | "FAILED" | "PROCESSING"'.
src/core/application/use-cases/TechnicalRagChatUseCase.ts(24,79): error TS2554: Expected 3 arguments, but got 4.
src/core/application/use-cases/TechnicalRagChatUseCase.ts(39,90): error TS2554: Expected 3 arguments, but got 4.
src/core/engine/CaseWorkflowEngine.ts(257,47): error TS2339: Property 'createTask' does not exist on type 'typeof WorkflowTaskService'.
src/lib/chunking/LLMChunker.ts(27,17): error TS2554: Expected 3-4 arguments, but got 5.
src/lib/chunking/LLMChunker.ts(32,38): error TS2339: Property 'CHUNKING_LLM_CUTTER' does not exist on type '{ EXTRAER_MODELOS: string; ANALIZAR_CHUNK: string; RESUMIR_CONTEXTO: string; I18N_AUTO_TRANSLATE: string; GRAPH_EXTRACTOR: string; QUERY_ENTITY_EXTRACTOR: string; RAG_JUDGE: string; RAG_SELF_CORRECT: string; DOMAIN_DETECTOR: string; COGNITIVE_CONTEXT: string; RAG_RERANKER: string; }'.
src/lib/domain-router.ts(100,18): error TS2678: Type '"MEDICAL"' is not comparable to type '"ELEVATORS" | "LEGAL" | "BANKING" | "INSURANCE" | "IT" | "GENERIC"'.
src/lib/limits-service.ts(16,21): error TS2352: Conversion of type '{ tier: "FREE" | "PRO" | "ENTERPRISE"; status: "ACTIVE" | "SUSPENDED" | "CANCELLED"; overrides: Record<string, any>; planSlug?: "FREE" | "PRO" | "ENTERPRISE" | undefined; ... 4 more ...; currentPeriodEnd?: Date | undefined; } | undefined' to type '{ planSlug: "FREE" | "PRO" | "ENTERPRISE" | "BASIC"; status: "active" | "trial" | "past_due" | "suspended" | "canceled"; overrides: Record<string, { type: "FIXED" | "TIERED" | "RAPPEL" | "FLAT_FEE_OVERAGE"; ... 7 more ...; overageRules?: { ...; }[] | undefined; }>; ... 8 more ...; suspendedAt?: Date | ... 1 more ......' may be a mistake because neither type sufficiently overlaps with the other. If this was intentional, convert the expression to 'unknown' first.
  Type '{ tier: "FREE" | "PRO" | "ENTERPRISE"; status: "ACTIVE" | "SUSPENDED" | "CANCELLED"; overrides: Record<string, any>; planSlug?: "FREE" | "PRO" | "ENTERPRISE" | undefined; ... 4 more ...; currentPeriodEnd?: Date | undefined; }' is missing the following properties from type '{ planSlug: "FREE" | "PRO" | "ENTERPRISE" | "BASIC"; status: "active" | "trial" | "past_due" | "suspended" | "canceled"; overrides: Record<string, { type: "FIXED" | "TIERED" | "RAPPEL" | "FLAT_FEE_OVERAGE"; ... 7 more ...; overageRules?: { ...; }[] | undefined; }>; ... 8 more ...; suspendedAt?: Date | ... 1 more ......': createdAt, updatedAt
src/lib/limits-service.ts(28,90): error TS2339: Property 'spaces_per_tenant' does not exist on type '{ llm_tokens_per_month: number; storage_bytes: number; vector_searches_per_month: number; api_requests_per_month: number; users: number; }'.
src/lib/limits-service.ts(29,86): error TS2339: Property 'spaces_per_user' does not exist on type '{ llm_tokens_per_month: number; storage_bytes: number; vector_searches_per_month: number; api_requests_per_month: number; users: number; }'.
src/lib/quota-service.ts(183,78): error TS2339: Property 'overage' does not exist on type 'PlanLimits'.
src/lib/quota-service.ts(186,72): error TS2339: Property 'overage' does not exist on type 'PlanLimits'.
src/lib/quota-service.ts(189,85): error TS2339: Property 'overage' does not exist on type 'PlanLimits'.
src/lib/schemas/workshop.ts(6,17): error TS2554: Expected 2-3 arguments, but got 1.
src/lib/services/workshop-service.ts(61,44): error TS2339: Property 'WORKSHOP_PARTS_EXTRACTOR' does not exist on type '{ EXTRAER_MODELOS: string; ANALIZAR_CHUNK: string; RESUMIR_CONTEXTO: string; I18N_AUTO_TRANSLATE: string; GRAPH_EXTRACTOR: string; QUERY_ENTITY_EXTRACTOR: string; RAG_JUDGE: string; RAG_SELF_CORRECT: string; DOMAIN_DETECTOR: string; COGNITIVE_CONTEXT: string; RAG_RERANKER: string; }'.
src/lib/services/workshop-service.ts(63,36): error TS2345: Argument of type '"PROMPT_NOT_FOUND"' is not assignable to parameter of type 'ErrorCode'.
src/lib/services/workshop-service.ts(77,36): error TS2345: Argument of type '"LLM_INVALID_RESPONSE"' is not assignable to parameter of type 'ErrorCode'.
src/lib/workflow-llm-node-service.ts(95,40): error TS2345: Argument of type '"PROMPT_NOT_FOUND"' is not assignable to parameter of type 'ErrorCode'.
src/lib/workflow-llm-node-service.ts(114,36): error TS2345: Argument of type '"LLM_INVALID_RESPONSE"' is not assignable to parameter of type 'ErrorCode'.
src/lib/workflow-orchestrator-service.ts(117,42): error TS2339: Property 'WORKFLOW_ROUTER' does not exist on type '{ EXTRAER_MODELOS: string; ANALIZAR_CHUNK: string; RESUMIR_CONTEXTO: string; I18N_AUTO_TRANSLATE: string; GRAPH_EXTRACTOR: string; QUERY_ENTITY_EXTRACTOR: string; RAG_JUDGE: string; RAG_SELF_CORRECT: string; DOMAIN_DETECTOR: string; COGNITIVE_CONTEXT: string; RAG_RERANKER: string; }'.
src/lib/workflow-orchestrator-service.ts(135,36): error TS2345: Argument of type '"LLM_INVALID_RESPONSE"' is not assignable to parameter of type 'ErrorCode'.
src/lib/workflow-orchestrator-service.ts(216,42): error TS2339: Property 'WORKFLOW_GENERATOR' does not exist on type '{ EXTRAER_MODELOS: string; ANALIZAR_CHUNK: string; RESUMIR_CONTEXTO: string; I18N_AUTO_TRANSLATE: string; GRAPH_EXTRACTOR: string; QUERY_ENTITY_EXTRACTOR: string; RAG_JUDGE: string; RAG_SELF_CORRECT: string; DOMAIN_DETECTOR: string; COGNITIVE_CONTEXT: string; RAG_RERANKER: string; }'.
src/lib/workflow-orchestrator-service.ts(233,36): error TS2345: Argument of type '"LLM_INVALID_RESPONSE"' is not assignable to parameter of type 'ErrorCode'.
src/scripts/debug-ingest.ts(19,8): error TS2339: Property 'sort' does not exist on type 'Promise<WithId<Document>[]>'.
src/scripts/repro-blob-manager.ts(2,33): error TS2307: Cannot find module '../services/ingest/core/FileBlobManager' or its corresponding type declarations.
src/scripts/root-check-mfa-file.ts(11,48): error TS2307: Cannot find module './src/lib/db' or its corresponding type declarations.
src/scripts/verify-knowledge-spaces.ts(70,13): error TS2353: Object literal may only specify known properties, and 'session' does not exist in type 'IngestOptions'.
src/services/ingest/IngestAnalyzer.ts(50,115): error TS2554: Expected 2-3 arguments, but got 4.
src/services/ingest/IngestAnalyzer.ts(75,17): error TS2554: Expected 3-4 arguments, but got 6.
src/services/ingest/IngestAnalyzer.ts(80,107): error TS2554: Expected 3 arguments, but got 4.
src/services/ingest/IngestAnalyzer.ts(115,102): error TS2554: Expected 3 arguments, but got 4.
src/services/ingest/IngestAnalyzer.ts(124,13): error TS2554: Expected 3-4 arguments, but got 5.
src/services/ingest/IngestIndexer.ts(72,100): error TS2554: Expected 3 arguments, but got 4.
src/services/ingest/IngestPreparer.ts(51,42): error TS2339: Property 'isIngestPipelineV2Enabled' does not exist on type '{ isEnabled: (flag: FeatureFlag, context?: any) => boolean; getAll: () => Record<FeatureFlag, boolean>; }'.
src/services/ingest/IngestPreparer.ts(81,33): error TS2339: Property 'session' does not exist on type 'IngestOptions'.
src/services/ingest/IngestPreparer.ts(112,23): error TS2353: Object literal may only specify known properties, and 'includeDeleted' does not exist in type 'UpdateOptions'.
src/services/space-invitation-service.ts(56,32): error TS2345: Argument of type '"INVITATION_NOT_FOUND"' is not assignable to parameter of type 'ErrorCode'.
src/services/space-invitation-service.ts(70,32): error TS2345: Argument of type '"INVITATION_NOT_FOUND"' is not assignable to parameter of type 'ErrorCode'.
src/services/space-invitation-service.ts(120,32): error TS2345: Argument of type '"INVITATION_NOT_FOUND"' is not assignable to parameter of type 'ErrorCode'.
src/services/space-service.ts(29,36): error TS2345: Argument of type '"LIMIT_EXCEEDED"' is not assignable to parameter of type 'ErrorCode'.
src/services/space-service.ts(38,36): error TS2345: Argument of type '"LIMIT_EXCEEDED"' is not assignable to parameter of type 'ErrorCode'.
src/services/storage/BlobStorageService.ts(135,101): error TS2345: Argument of type '{ fileHash: string; }' is not assignable to parameter of type 'number'.
