src/app/(authenticated)/spaces/playground/page.tsx(32,17): error TS2322: Type '{ title: string; subtitle: string; icon: Element; }' is not assignable to type 'IntrinsicAttributes & PageHeaderProps'.
  Property 'icon' does not exist on type 'IntrinsicAttributes & PageHeaderProps'.
src/app/api/admin/billing/manual-change/route.ts(34,45): error TS2339: Property 'manualUpdateSubscription' does not exist on type 'typeof BillingService'.
src/app/api/admin/cases/[id]/workflow/route.ts(8,10): error TS2305: Module '"@/lib/workflow-engine"' has no exported member 'LegacyCaseWorkflowEngine'.
src/app/api/admin/cases/[id]/workflow/route.ts(89,17): error TS2353: Object literal may only specify known properties, and 'temperature' does not exist in type '{ promptKey: string; schemaKey: string; enabled: boolean; }'.
src/app/api/admin/ingest/jobs/route.ts(25,67): error TS2322: Type 'string' is not assignable to type '"active" | "completed" | "failed" | "delayed"'.
src/app/api/admin/workflow-definitions/[id]/route.ts(58,71): error TS2345: Argument of type '{ _id: string; tenantId: string; industry?: "ELEVATORS" | "LEGAL" | "BANKING" | "INSURANCE" | "IT" | "GENERIC" | "MEDICAL" | undefined; name?: string | undefined; entityType?: "USER" | "ENTITY" | "EQUIPMENT" | undefined; ... 12 more ...; updatedAt?: Date | undefined; }' is not assignable to parameter of type 'Partial<{ tenantId: string; industry: "ELEVATORS" | "LEGAL" | "BANKING" | "INSURANCE" | "IT" | "GENERIC" | "MEDICAL"; name: string; entityType: "USER" | "ENTITY" | "EQUIPMENT"; states: { id: string; ... 12 more ...; sla?: { ...; } | undefined; }[]; ... 11 more ...; compilationError?: string | undefined; }>'.
  Types of property 'states' are incompatible.
    Type '{ id: string; label: string; color: string; is_initial: boolean; is_final: boolean; can_edit: boolean; requires_validation: boolean; roles_allowed: string[]; icon?: string | undefined; checklistConfigId?: string | undefined; llmNode?: { ...; } | undefined; }[] | undefined' is not assignable to type '{ id: string; label: string; color: string; is_initial: boolean; is_final: boolean; can_edit: boolean; requires_validation: boolean; roles_allowed: string[]; icon?: string | undefined; llmNode?: { ...; } | undefined; decisionStrategy?: { ...; } | undefined; llmRouting?: { ...; } | undefined; checklistConfigId?: stri...'.
      Type '{ id: string; label: string; color: string; is_initial: boolean; is_final: boolean; can_edit: boolean; requires_validation: boolean; roles_allowed: string[]; icon?: string | undefined; checklistConfigId?: string | undefined; llmNode?: { ...; } | undefined; }[]' is not assignable to type '{ id: string; label: string; color: string; is_initial: boolean; is_final: boolean; can_edit: boolean; requires_validation: boolean; roles_allowed: string[]; icon?: string | undefined; llmNode?: { ...; } | undefined; decisionStrategy?: { ...; } | undefined; llmRouting?: { ...; } | undefined; checklistConfigId?: stri...'.
        Type '{ id: string; label: string; color: string; is_initial: boolean; is_final: boolean; can_edit: boolean; requires_validation: boolean; roles_allowed: string[]; icon?: string | undefined; checklistConfigId?: string | undefined; llmNode?: { ...; } | undefined; }' is not assignable to type '{ id: string; label: string; color: string; is_initial: boolean; is_final: boolean; can_edit: boolean; requires_validation: boolean; roles_allowed: string[]; icon?: string | undefined; llmNode?: { ...; } | undefined; decisionStrategy?: { ...; } | undefined; llmRouting?: { ...; } | undefined; checklistConfigId?: stri...'.
          Types of property 'llmNode' are incompatible.
            Type '{ promptKey: string; schemaKey: string; enabled: boolean; } | undefined' is not assignable to type '{ enabled: boolean; temperature: number; auto_transition: boolean; promptKey?: string | undefined; schemaKey?: string | undefined; } | undefined'.
              Type '{ promptKey: string; schemaKey: string; enabled: boolean; }' is missing the following properties from type '{ enabled: boolean; temperature: number; auto_transition: boolean; promptKey?: string | undefined; schemaKey?: string | undefined; }': temperature, auto_transition
src/app/api/sandbox/chat/route.ts(15,68): error TS2339: Property 'SANDBOX' does not exist on type '{ AUTH: { limit: number; window: "5 m"; }; ADMIN: { limit: number; window: "1 m"; }; PUBLIC: { limit: number; window: "1 m"; }; CORE: { limit: number; window: "1 m"; }; }'.
src/app/api/workshop/orders/route.ts(2,10): error TS2305: Module '"@/lib/schemas"' has no exported member 'CreateWorkshopOrderSchema'.
src/components/admin/knowledge/KnowledgeAssetsManager.tsx(209,21): error TS2322: Type '"primary"' is not assignable to type '"blue" | "emerald" | "amber" | "slate" | "teal" | "purple" | "rose" | undefined'.
src/components/admin/knowledge/KnowledgeAssetsManager.tsx(215,21): error TS2322: Type '"primary"' is not assignable to type '"blue" | "emerald" | "amber" | "slate" | "teal" | "purple" | "rose" | undefined'.
src/components/admin/knowledge/KnowledgeAssetsManager.tsx(221,21): error TS2322: Type '"primary"' is not assignable to type '"blue" | "emerald" | "amber" | "slate" | "teal" | "purple" | "rose" | undefined'.
src/components/admin/organizations/ReportConfigTab.tsx(27,13): error TS2353: Object literal may only specify known properties, and 'reportConfig' does not exist in type '{ tenantId: string; name: string; industry: "ELEVATORS" | "LEGAL" | "BANKING" | "INSURANCE" | "IT" | "GENERIC" | "MEDICAL"; storage: { provider: "cloudinary" | "google_drive" | "s3"; settings: { ...; }; quota_bytes: number; }; ... 5 more ...; billing?: { ...; } | undefined; } | ((prevState: { ...; } | null) => { ......'.
src/components/admin/organizations/ReportConfigTab.tsx(28,28): error TS2339: Property 'reportConfig' does not exist on type '{ tenantId: string; name: string; industry: "ELEVATORS" | "LEGAL" | "BANKING" | "INSURANCE" | "IT" | "GENERIC" | "MEDICAL"; storage: { provider: "cloudinary" | "google_drive" | "s3"; settings: { ...; }; quota_bytes: number; }; ... 5 more ...; billing?: { ...; } | undefined; }'.
src/components/admin/organizations/ReportConfigTab.tsx(56,44): error TS2339: Property 'reportConfig' does not exist on type '{ tenantId: string; name: string; industry: "ELEVATORS" | "LEGAL" | "BANKING" | "INSURANCE" | "IT" | "GENERIC" | "MEDICAL"; storage: { provider: "cloudinary" | "google_drive" | "s3"; settings: { ...; }; quota_bytes: number; }; ... 5 more ...; billing?: { ...; } | undefined; }'.
src/components/admin/organizations/ReportConfigTab.tsx(70,44): error TS2339: Property 'reportConfig' does not exist on type '{ tenantId: string; name: string; industry: "ELEVATORS" | "LEGAL" | "BANKING" | "INSURANCE" | "IT" | "GENERIC" | "MEDICAL"; storage: { provider: "cloudinary" | "google_drive" | "s3"; settings: { ...; }; quota_bytes: number; }; ... 5 more ...; billing?: { ...; } | undefined; }'.
src/components/admin/organizations/ReportConfigTab.tsx(83,44): error TS2339: Property 'reportConfig' does not exist on type '{ tenantId: string; name: string; industry: "ELEVATORS" | "LEGAL" | "BANKING" | "INSURANCE" | "IT" | "GENERIC" | "MEDICAL"; storage: { provider: "cloudinary" | "google_drive" | "s3"; settings: { ...; }; quota_bytes: number; }; ... 5 more ...; billing?: { ...; } | undefined; }'.
src/components/admin/organizations/ReportConfigTab.tsx(94,46): error TS2339: Property 'reportConfig' does not exist on type '{ tenantId: string; name: string; industry: "ELEVATORS" | "LEGAL" | "BANKING" | "INSURANCE" | "IT" | "GENERIC" | "MEDICAL"; storage: { provider: "cloudinary" | "google_drive" | "s3"; settings: { ...; }; quota_bytes: number; }; ... 5 more ...; billing?: { ...; } | undefined; }'.
src/components/admin/organizations/ReportConfigTab.tsx(118,42): error TS2339: Property 'reportConfig' does not exist on type '{ tenantId: string; name: string; industry: "ELEVATORS" | "LEGAL" | "BANKING" | "INSURANCE" | "IT" | "GENERIC" | "MEDICAL"; storage: { provider: "cloudinary" | "google_drive" | "s3"; settings: { ...; }; quota_bytes: number; }; ... 5 more ...; billing?: { ...; } | undefined; }'.
src/components/admin/organizations/ReportConfigTab.tsx(126,42): error TS2339: Property 'reportConfig' does not exist on type '{ tenantId: string; name: string; industry: "ELEVATORS" | "LEGAL" | "BANKING" | "INSURANCE" | "IT" | "GENERIC" | "MEDICAL"; storage: { provider: "cloudinary" | "google_drive" | "s3"; settings: { ...; }; quota_bytes: number; }; ... 5 more ...; billing?: { ...; } | undefined; }'.
src/components/admin/workflows/WorkflowDesigner.tsx(97,13): error TS2353: Object literal may only specify known properties, and 'decisionStrategy' does not exist in type '{ from: string; to: string; label: string; action?: string | undefined; required_role?: string[] | undefined; conditions?: { checklist_complete: boolean; min_documents: number; require_signature: boolean; require_comment: boolean; } | undefined; actions?: string[] | undefined; }'.
src/components/admin/workflows/WorkflowDesigner.tsx(127,59): error TS2551: Property 'status' does not exist on type '{ tenantId: string; industry: "ELEVATORS" | "LEGAL" | "BANKING" | "INSURANCE" | "IT" | "GENERIC" | "MEDICAL"; name: string; entityType: "USER" | "ENTITY" | "EQUIPMENT"; states: { id: string; ... 12 more ...; sla?: { ...; } | undefined; }[]; ... 11 more ...; compilationError?: string | undefined; }'. Did you mean 'states'?
src/components/admin/workflows/WorkflowDesigner.tsx(207,53): error TS2739: Type '{ promptKey: string; schemaKey: string; enabled: boolean; }' is missing the following properties from type '{ enabled: boolean; temperature: number; auto_transition: boolean; promptKey?: string | undefined; schemaKey?: string | undefined; }': temperature, auto_transition
src/components/admin/workflows/WorkflowDesigner.tsx(270,89): error TS2339: Property 'id' does not exist on type '{ name: string; categories: { id: string; name: string; keywords: string[]; priority: number; color?: string | undefined; icon?: string | undefined; }[]; items: { id: string; description: string; categoryId?: string | ... 1 more ... | undefined; notes?: string | undefined; icon?: string | undefined; }[]; ... 5 more ...'.
src/components/admin/workflows/WorkflowDesigner.tsx(270,123): error TS2339: Property 'id' does not exist on type '{ name: string; categories: { id: string; name: string; keywords: string[]; priority: number; color?: string | undefined; icon?: string | undefined; }[]; items: { id: string; description: string; categoryId?: string | ... 1 more ... | undefined; notes?: string | undefined; icon?: string | undefined; }[]; ... 5 more ...'.
src/components/admin/workflows/WorkflowDesigner.tsx(271,68): error TS2339: Property 'title' does not exist on type '{ name: string; categories: { id: string; name: string; keywords: string[]; priority: number; color?: string | undefined; icon?: string | undefined; }[]; items: { id: string; description: string; categoryId?: string | ... 1 more ... | undefined; notes?: string | undefined; icon?: string | undefined; }[]; ... 5 more ...'.
src/components/admin/workflows/WorkflowDesigner.tsx(271,80): error TS2339: Property 'version' does not exist on type '{ name: string; categories: { id: string; name: string; keywords: string[]; priority: number; color?: string | undefined; icon?: string | undefined; }[]; items: { id: string; description: string; categoryId?: string | ... 1 more ... | undefined; notes?: string | undefined; icon?: string | undefined; }[]; ... 5 more ...'.
src/components/admin/workflows/WorkflowDesigner.tsx(350,63): error TS2339: Property 'decisionStrategy' does not exist on type '{ from: string; to: string; label: string; action?: string | undefined; required_role?: string[] | undefined; conditions?: { checklist_complete: boolean; min_documents: number; require_signature: boolean; require_comment: boolean; } | undefined; actions?: string[] | undefined; }'.
src/components/admin/workflows/WorkflowDesigner.tsx(351,93): error TS2353: Object literal may only specify known properties, and 'decisionStrategy' does not exist in type 'Partial<{ from: string; to: string; label: string; action?: string | undefined; required_role?: string[] | undefined; conditions?: { checklist_complete: boolean; min_documents: number; require_signature: boolean; require_comment: boolean; } | undefined; actions?: string[] | undefined; }>'.
src/components/admin/workflows/WorkflowDesigner.tsx(384,50): error TS2339: Property 'decisionStrategy' does not exist on type '{ from: string; to: string; label: string; action?: string | undefined; required_role?: string[] | undefined; conditions?: { checklist_complete: boolean; min_documents: number; require_signature: boolean; require_comment: boolean; } | undefined; actions?: string[] | undefined; }'.
src/components/admin/workflows/WorkflowDesigner.tsx(384,98): error TS2339: Property 'decisionStrategy' does not exist on type '{ from: string; to: string; label: string; action?: string | undefined; required_role?: string[] | undefined; conditions?: { checklist_complete: boolean; min_documents: number; require_signature: boolean; require_comment: boolean; } | undefined; actions?: string[] | undefined; }'.
src/components/admin/workflows/WorkflowDesigner.tsx(394,79): error TS2339: Property 'llmRouting' does not exist on type '{ from: string; to: string; label: string; action?: string | undefined; required_role?: string[] | undefined; conditions?: { checklist_complete: boolean; min_documents: number; require_signature: boolean; require_comment: boolean; } | undefined; actions?: string[] | undefined; }'.
src/components/admin/workflows/WorkflowDesigner.tsx(396,65): error TS2353: Object literal may only specify known properties, and 'llmRouting' does not exist in type 'Partial<{ from: string; to: string; label: string; action?: string | undefined; required_role?: string[] | undefined; conditions?: { checklist_complete: boolean; min_documents: number; require_signature: boolean; require_comment: boolean; } | undefined; actions?: string[] | undefined; }>'.
src/components/admin/workflows/WorkflowDesigner.tsx(396,93): error TS2339: Property 'llmRouting' does not exist on type '{ from: string; to: string; label: string; action?: string | undefined; required_role?: string[] | undefined; conditions?: { checklist_complete: boolean; min_documents: number; require_signature: boolean; require_comment: boolean; } | undefined; actions?: string[] | undefined; }'.
src/components/admin/workflows/WorkflowDesigner.tsx(396,154): error TS2339: Property 'llmRouting' does not exist on type '{ from: string; to: string; label: string; action?: string | undefined; required_role?: string[] | undefined; conditions?: { checklist_complete: boolean; min_documents: number; require_signature: boolean; require_comment: boolean; } | undefined; actions?: string[] | undefined; }'.
src/components/admin/workflows/WorkflowDesigner.tsx(404,167): error TS2339: Property 'llmRouting' does not exist on type '{ from: string; to: string; label: string; action?: string | undefined; required_role?: string[] | undefined; conditions?: { checklist_complete: boolean; min_documents: number; require_signature: boolean; require_comment: boolean; } | undefined; actions?: string[] | undefined; }'.
src/components/landing/ROICalculator.tsx(48,21): error TS2322: Type '{ badge: string; title: string; description: string; }' is not assignable to type 'IntrinsicAttributes & SectionHeadingProps'.
  Property 'description' does not exist on type 'IntrinsicAttributes & SectionHeadingProps'.
src/core/application/billing/BillingAdminService.ts(68,36): error TS2538: Type 'undefined' cannot be used as an index type.
src/core/application/billing/BillingAdminService.ts(125,18): error TS2322: Type '(ContractSummary | { tenantId: string; name: string; tier: "FREE" | "PRO" | "ENTERPRISE" | undefined; planName: any; status: "ACTIVE" | "SUSPENDED" | "CANCELLED"; ... 4 more ...; nextBillingDate: Date; } | null)[]' is not assignable to type 'ContractSummary[]'.
  Type 'ContractSummary | { tenantId: string; name: string; tier: "FREE" | "PRO" | "ENTERPRISE" | undefined; planName: any; status: "ACTIVE" | "SUSPENDED" | "CANCELLED"; ... 4 more ...; nextBillingDate: Date; } | null' is not assignable to type 'ContractSummary'.
    Type 'null' is not assignable to type 'ContractSummary'.
src/core/application/billing/BillingAdminService.ts(149,40): error TS18048: 'sub' is possibly 'undefined'.
src/core/application/billing/BillingAdminService.ts(156,21): error TS18048: 'sub' is possibly 'undefined'.
src/core/application/use-cases/ExecuteIngestionAnalysisUseCase.ts(63,17): error TS2367: This comparison appears to be unintentional because the types '"PENDING" | "PROCESSING" | "COMPLETED" | "FAILED"' and '"QUEUED"' have no overlap.
src/core/application/use-cases/ExecuteIngestionAnalysisUseCase.ts(83,17): error TS2353: Object literal may only specify known properties, and 'environment' does not exist in type 'Partial<{ tenantId: string; industry: "ELEVATORS" | "LEGAL" | "BANKING" | "INSURANCE" | "IT" | "GENERIC" | "MEDICAL"; filename: string; componentType: string; model: string; version: string; ... 15 more ...; deletedAt?: Date | undefined; }>'.
src/core/application/use-cases/ExecuteIngestionAnalysisUseCase.ts(128,17): error TS2353: Object literal may only specify known properties, and 'contextHeader' does not exist in type 'Partial<{ tenantId: string; industry: "ELEVATORS" | "LEGAL" | "BANKING" | "INSURANCE" | "IT" | "GENERIC" | "MEDICAL"; filename: string; componentType: string; model: string; version: string; ... 15 more ...; deletedAt?: Date | undefined; }>'.
src/core/application/use-cases/ExecuteIngestionAnalysisUseCase.ts(136,33): error TS2339: Property 'sizeBytes' does not exist on type '{ tenantId: string; industry: "ELEVATORS" | "LEGAL" | "BANKING" | "INSURANCE" | "IT" | "GENERIC" | "MEDICAL"; filename: string; componentType: string; model: string; version: string; revisionDate: Date; ... 14 more ...; deletedAt?: Date | undefined; }'.
src/core/application/use-cases/ExecuteIngestionAnalysisUseCase.ts(186,33): error TS2339: Property 'sizeBytes' does not exist on type '{ tenantId: string; industry: "ELEVATORS" | "LEGAL" | "BANKING" | "INSURANCE" | "IT" | "GENERIC" | "MEDICAL"; filename: string; componentType: string; model: string; version: string; revisionDate: Date; ... 14 more ...; deletedAt?: Date | undefined; }'.
src/core/application/use-cases/PrepareIngestionUseCase.ts(71,58): error TS2345: Argument of type '"QUEUED"' is not assignable to parameter of type '"PENDING" | "PROCESSING" | "COMPLETED" | "FAILED"'.
src/core/engine/CaseWorkflowEngine.ts(257,47): error TS2339: Property 'createTask' does not exist on type 'typeof WorkflowTaskService'.
src/lib/labels.ts(7,14): error TS2741: Property 'MEDICAL' is missing in type '{ ELEVATORS: { singular: string; plural: string; action: string; description: string; placeholder: string; recent_title: string; }; LEGAL: { singular: string; plural: string; action: string; description: string; placeholder: string; recent_title: string; }; BANKING: { ...; }; INSURANCE: { ...; }; IT: { ...; }; GENER...' but required in type 'Record<"ELEVATORS" | "LEGAL" | "BANKING" | "INSURANCE" | "IT" | "GENERIC" | "MEDICAL", any>'.
src/lib/limits-service.ts(16,21): error TS2352: Conversion of type '{ tier: "FREE" | "PRO" | "ENTERPRISE"; status: "ACTIVE" | "SUSPENDED" | "CANCELLED"; overrides: Record<string, any>; planSlug?: "FREE" | "PRO" | "ENTERPRISE" | undefined; ... 4 more ...; currentPeriodEnd?: Date | undefined; } | undefined' to type '{ planSlug: "FREE" | "PRO" | "ENTERPRISE" | "BASIC"; status: "active" | "trial" | "past_due" | "suspended" | "canceled"; overrides: Record<string, { type: "FIXED" | "TIERED" | "RAPPEL" | "FLAT_FEE_OVERAGE"; ... 7 more ...; overageRules?: { ...; }[] | undefined; }>; ... 8 more ...; suspendedAt?: Date | ... 1 more ......' may be a mistake because neither type sufficiently overlaps with the other. If this was intentional, convert the expression to 'unknown' first.
  Type '{ tier: "FREE" | "PRO" | "ENTERPRISE"; status: "ACTIVE" | "SUSPENDED" | "CANCELLED"; overrides: Record<string, any>; planSlug?: "FREE" | "PRO" | "ENTERPRISE" | undefined; ... 4 more ...; currentPeriodEnd?: Date | undefined; }' is missing the following properties from type '{ planSlug: "FREE" | "PRO" | "ENTERPRISE" | "BASIC"; status: "active" | "trial" | "past_due" | "suspended" | "canceled"; overrides: Record<string, { type: "FIXED" | "TIERED" | "RAPPEL" | "FLAT_FEE_OVERAGE"; ... 7 more ...; overageRules?: { ...; }[] | undefined; }>; ... 8 more ...; suspendedAt?: Date | ... 1 more ......': createdAt, updatedAt
src/lib/limits-service.ts(28,90): error TS2339: Property 'spaces_per_tenant' does not exist on type '{ llm_tokens_per_month: number; storage_bytes: number; vector_searches_per_month: number; api_requests_per_month: number; users: number; }'.
src/lib/limits-service.ts(29,86): error TS2339: Property 'spaces_per_user' does not exist on type '{ llm_tokens_per_month: number; storage_bytes: number; vector_searches_per_month: number; api_requests_per_month: number; users: number; }'.
src/lib/quota-service.ts(183,78): error TS2339: Property 'overage' does not exist on type 'PlanLimits'.
src/lib/quota-service.ts(186,72): error TS2339: Property 'overage' does not exist on type 'PlanLimits'.
src/lib/quota-service.ts(189,85): error TS2339: Property 'overage' does not exist on type 'PlanLimits'.
src/lib/schemas/workshop.ts(6,17): error TS2554: Expected 2-3 arguments, but got 1.
src/lib/services/workshop-service.ts(61,44): error TS2339: Property 'WORKSHOP_PARTS_EXTRACTOR' does not exist on type '{ EXTRAER_MODELOS: string; ANALIZAR_CHUNK: string; RESUMIR_CONTEXTO: string; I18N_AUTO_TRANSLATE: string; GRAPH_EXTRACTOR: string; QUERY_ENTITY_EXTRACTOR: string; RAG_JUDGE: string; RAG_SELF_CORRECT: string; DOMAIN_DETECTOR: string; COGNITIVE_CONTEXT: string; CHUNKING_LLM_CUTTER: string; RAG_RERANKER: string; }'.
src/lib/services/workshop-service.ts(63,36): error TS2345: Argument of type '"PROMPT_NOT_FOUND"' is not assignable to parameter of type 'ErrorCode'.
src/lib/services/workshop-service.ts(77,36): error TS2345: Argument of type '"LLM_INVALID_RESPONSE"' is not assignable to parameter of type 'ErrorCode'.
src/lib/workflow-llm-node-service.ts(95,40): error TS2345: Argument of type '"PROMPT_NOT_FOUND"' is not assignable to parameter of type 'ErrorCode'.
src/lib/workflow-llm-node-service.ts(114,36): error TS2345: Argument of type '"LLM_INVALID_RESPONSE"' is not assignable to parameter of type 'ErrorCode'.
src/lib/workflow-orchestrator-service.ts(117,42): error TS2339: Property 'WORKFLOW_ROUTER' does not exist on type '{ EXTRAER_MODELOS: string; ANALIZAR_CHUNK: string; RESUMIR_CONTEXTO: string; I18N_AUTO_TRANSLATE: string; GRAPH_EXTRACTOR: string; QUERY_ENTITY_EXTRACTOR: string; RAG_JUDGE: string; RAG_SELF_CORRECT: string; DOMAIN_DETECTOR: string; COGNITIVE_CONTEXT: string; CHUNKING_LLM_CUTTER: string; RAG_RERANKER: string; }'.
src/lib/workflow-orchestrator-service.ts(135,36): error TS2345: Argument of type '"LLM_INVALID_RESPONSE"' is not assignable to parameter of type 'ErrorCode'.
src/lib/workflow-orchestrator-service.ts(216,42): error TS2339: Property 'WORKFLOW_GENERATOR' does not exist on type '{ EXTRAER_MODELOS: string; ANALIZAR_CHUNK: string; RESUMIR_CONTEXTO: string; I18N_AUTO_TRANSLATE: string; GRAPH_EXTRACTOR: string; QUERY_ENTITY_EXTRACTOR: string; RAG_JUDGE: string; RAG_SELF_CORRECT: string; DOMAIN_DETECTOR: string; COGNITIVE_CONTEXT: string; CHUNKING_LLM_CUTTER: string; RAG_RERANKER: string; }'.
src/lib/workflow-orchestrator-service.ts(233,36): error TS2345: Argument of type '"LLM_INVALID_RESPONSE"' is not assignable to parameter of type 'ErrorCode'.
src/scripts/debug-ingest.ts(19,8): error TS2339: Property 'sort' does not exist on type 'Promise<WithId<Document>[]>'.
src/scripts/repro-blob-manager.ts(2,33): error TS2307: Cannot find module '../services/ingest/core/FileBlobManager' or its corresponding type declarations.
src/scripts/verify-knowledge-spaces.ts(70,13): error TS2353: Object literal may only specify known properties, and 'session' does not exist in type 'IngestOptions'.
src/services/domain-router-service.ts(12,20): error TS2741: Property 'MEDICAL' is missing in type '{ ELEVATORS: string[]; LEGAL: string[]; BANKING: string[]; INSURANCE: string[]; IT: string[]; GENERIC: never[]; }' but required in type 'Record<"ELEVATORS" | "LEGAL" | "BANKING" | "INSURANCE" | "IT" | "GENERIC" | "MEDICAL", string[]>'.
src/services/ingest/IngestAnalyzer.ts(75,17): error TS2554: Expected 3-4 arguments, but got 6.
src/services/ingest/IngestAnalyzer.ts(80,107): error TS2554: Expected 3 arguments, but got 4.
src/services/ingest/IngestAnalyzer.ts(124,13): error TS2554: Expected 3-4 arguments, but got 5.
src/services/ingest/IngestIndexer.ts(72,100): error TS2554: Expected 3 arguments, but got 4.
src/services/ingest/IngestPreparer.ts(51,42): error TS2339: Property 'isIngestPipelineV2Enabled' does not exist on type '{ isEnabled: (flag: FeatureFlag, context?: any) => boolean; getAll: () => Record<FeatureFlag, boolean>; }'.
src/services/ingest/IngestPreparer.ts(81,33): error TS2339: Property 'session' does not exist on type 'IngestOptions'.
src/services/ingest/IngestPreparer.ts(112,23): error TS2353: Object literal may only specify known properties, and 'includeDeleted' does not exist in type 'UpdateOptions'.
src/services/space-invitation-service.ts(56,32): error TS2345: Argument of type '"INVITATION_NOT_FOUND"' is not assignable to parameter of type 'ErrorCode'.
src/services/space-invitation-service.ts(70,32): error TS2345: Argument of type '"INVITATION_NOT_FOUND"' is not assignable to parameter of type 'ErrorCode'.
src/services/space-invitation-service.ts(120,32): error TS2345: Argument of type '"INVITATION_NOT_FOUND"' is not assignable to parameter of type 'ErrorCode'.
src/services/space-service.ts(29,36): error TS2345: Argument of type '"LIMIT_EXCEEDED"' is not assignable to parameter of type 'ErrorCode'.
src/services/space-service.ts(38,36): error TS2345: Argument of type '"LIMIT_EXCEEDED"' is not assignable to parameter of type 'ErrorCode'.
src/services/storage/BlobStorageService.ts(135,101): error TS2345: Argument of type '{ fileHash: string; }' is not assignable to parameter of type 'number'.
