scripts/test-log.ts(10,13): error TS2353: Object literal may only specify known properties, and 'nivel' does not exist in type 'LogEntry'.
scripts/verify-dual-index.ts(50,48): error TS2551: Property 'is_shadow' does not exist on type '{ industry: "ELEVATORS" | "LEGAL" | "IT" | "GENERIC"; componentType: string; model: string; sourceDoc: string; version: string; revisionDate: Date; chunkText: string; language: string; ... 12 more ...; refChunkId?: any; }'. Did you mean 'isShadow'?
scripts/verify-dual-index.ts(51,52): error TS2551: Property 'original_lang' does not exist on type '{ industry: "ELEVATORS" | "LEGAL" | "IT" | "GENERIC"; componentType: string; model: string; sourceDoc: string; version: string; revisionDate: Date; chunkText: string; language: string; ... 12 more ...; refChunkId?: any; }'. Did you mean 'originalLang'?
scripts/verify-dual-index.ts(52,51): error TS2551: Property 'ref_chunk_id' does not exist on type '{ industry: "ELEVATORS" | "LEGAL" | "IT" | "GENERIC"; componentType: string; model: string; sourceDoc: string; version: string; revisionDate: Date; chunkText: string; language: string; ... 12 more ...; refChunkId?: any; }'. Did you mean 'refChunkId'?
scripts/verify-fix.ts(14,81): error TS2561: Object literal may only specify known properties, but 'correlacion_id' does not exist in type '{ correlationId: string; temperature?: number | undefined; model?: string | undefined; }'. Did you mean to write 'correlationId'?
scripts/verify-fix.ts(18,85): error TS2561: Object literal may only specify known properties, but 'correlacion_id' does not exist in type '{ correlationId: string; temperature?: number | undefined; model?: string | undefined; }'. Did you mean to write 'correlationId'?
scripts/worker.ts(44,17): error TS2353: Object literal may only specify known properties, and 'nivel' does not exist in type 'LogEntry'.
src/app/(authenticated)/(admin)/admin/profile/page.tsx(3,29): error TS2307: Cannot find module '@/components/perfil/ProfileForm' or its corresponding type declarations.
src/app/(authenticated)/(admin)/admin/profile/page.tsx(4,30): error TS2307: Cannot find module '@/components/perfil/PasswordForm' or its corresponding type declarations.
src/app/(authenticated)/(admin)/admin/profile/page.tsx(5,36): error TS2307: Cannot find module '@/components/perfil/ProfilePhotoUpload' or its corresponding type declarations.
src/app/(authenticated)/(admin)/admin/workflows/page.tsx(161,89): error TS2551: Property 'entity_type' does not exist on type '{ tenantId: string; industry: "ELEVATORS" | "LEGAL" | "IT" | "GENERIC"; name: string; entityType: "ENTITY" | "EQUIPMENT" | "USER"; states: { id: string; label: string; color: string; is_initial: boolean; ... 4 more ...; icon?: string | undefined; }[]; ... 6 more ...; _id?: any; }'. Did you mean 'entityType'?
src/app/(authenticated)/entities/[id]/validar/page.tsx(11,36): error TS2307: Cannot find module '@/components/pedidos/ValidationWorkflow' or its corresponding type declarations.
src/app/(authenticated)/entities/[id]/validar/page.tsx(12,10): error TS2305: Module '"@/lib/schemas"' has no exported member 'Pedido'.
src/app/(authenticated)/entities/[id]/validar/page.tsx(15,34): error TS2307: Cannot find module '@/components/agente/AgentTraceViewer' or its corresponding type declarations.
src/app/(authenticated)/profile/page.tsx(3,29): error TS2307: Cannot find module '@/components/perfil/ProfileForm' or its corresponding type declarations.
src/app/(authenticated)/profile/page.tsx(4,30): error TS2307: Cannot find module '@/components/perfil/PasswordForm' or its corresponding type declarations.
src/app/(authenticated)/profile/page.tsx(5,36): error TS2307: Cannot find module '@/components/perfil/ProfilePhotoUpload' or its corresponding type declarations.
src/app/(authenticated)/profile/page.tsx(8,49): error TS2307: Cannot find module '@/components/perfil/UserNotificationPreferencesForm' or its corresponding type declarations.
src/app/(authenticated)/profile/page.tsx(9,36): error TS2307: Cannot find module '@/components/perfil/ActiveSessionsForm' or its corresponding type declarations.
src/app/(authenticated)/profile/page.tsx(10,33): error TS2307: Cannot find module '@/components/perfil/MfaSettingsForm' or its corresponding type declarations.
src/app/(authenticated)/profile/page.tsx(11,37): error TS2307: Cannot find module '@/components/perfil/UserEfficiencyStats' or its corresponding type declarations.
src/app/(authenticated)/support/page.tsx(21,38): error TS2307: Cannot find module '@/components/tecnico/AgenticSupportSearch' or its corresponding type declarations.
src/app/api/admin/billing/seed-plans/route.ts(26,13): error TS2353: Object literal may only specify known properties, and 'nivel' does not exist in type 'LogEntry'.
src/app/api/admin/checklist-configs/[id]/route.ts(95,13): error TS2353: Object literal may only specify known properties, and 'nivel' does not exist in type 'LogEntry'.
src/app/api/admin/checklist-configs/[id]/route.ts(150,13): error TS2353: Object literal may only specify known properties, and 'nivel' does not exist in type 'LogEntry'.
src/app/api/admin/checklist-configs/route.ts(40,13): error TS2353: Object literal may only specify known properties, and 'nivel' does not exist in type 'LogEntry'.
src/app/api/admin/checklist-configs/route.ts(55,17): error TS2353: Object literal may only specify known properties, and 'nivel' does not exist in type 'LogEntry'.
src/app/api/admin/checklist-configs/route.ts(100,13): error TS2353: Object literal may only specify known properties, and 'nivel' does not exist in type 'LogEntry'.
src/app/api/admin/checklist-configs/route.ts(103,70): error TS2339: Property 'nombre' does not exist on type '{ name: string; categories: { id: string; name: string; keywords: string[]; priority: number; color?: string | undefined; icon?: string | undefined; }[]; items: { id: string; description: string; categoryId?: string | ... 1 more ... | undefined; notes?: string | undefined; icon?: string | undefined; }[]; ... 5 more ...'.
src/app/api/admin/checklist-configs/route.ts(120,13): error TS2353: Object literal may only specify known properties, and 'nivel' does not exist in type 'LogEntry'.
src/app/api/admin/notifications/config/route.ts(113,13): error TS2353: Object literal may only specify known properties, and 'nivel' does not exist in type 'LogEntry'.
src/app/api/admin/notifications/templates/[type]/route.ts(140,13): error TS2353: Object literal may only specify known properties, and 'nivel' does not exist in type 'LogEntry'.
src/app/api/admin/prompts/route.ts(86,13): error TS2353: Object literal may only specify known properties, and 'nivel' does not exist in type 'LogEntry'.
src/app/api/admin/rag/evaluations/route.ts(50,13): error TS2353: Object literal may only specify known properties, and 'nivel' does not exist in type 'LogEntry'.
src/app/api/admin/users/[id]/reset-password/route.ts(54,13): error TS2353: Object literal may only specify known properties, and 'nivel' does not exist in type 'LogEntry'.
src/app/api/admin/users/[id]/reset-password/route.ts(71,13): error TS2353: Object literal may only specify known properties, and 'nivel' does not exist in type 'LogEntry'.
src/app/api/admin/users/[id]/reset-password/route.ts(86,17): error TS2353: Object literal may only specify known properties, and 'nivel' does not exist in type 'LogEntry'.
src/app/api/admin/users/[id]/upload-photo/route.ts(63,13): error TS2353: Object literal may only specify known properties, and 'nivel' does not exist in type 'LogEntry'.
src/app/api/admin/users/[id]/upload-photo/route.ts(81,13): error TS2353: Object literal may only specify known properties, and 'nivel' does not exist in type 'LogEntry'.
src/app/api/admin/users/[id]/upload-photo/route.ts(97,17): error TS2353: Object literal may only specify known properties, and 'nivel' does not exist in type 'LogEntry'.
src/app/api/auth/change-password/route.ts(57,13): error TS2353: Object literal may only specify known properties, and 'nivel' does not exist in type 'LogEntry'.
src/app/api/auth/change-password/route.ts(77,13): error TS2353: Object literal may only specify known properties, and 'nivel' does not exist in type 'LogEntry'.
src/app/api/auth/change-password/route.ts(93,17): error TS2353: Object literal may only specify known properties, and 'nivel' does not exist in type 'LogEntry'.
src/app/api/auth/invite/verify/route.ts(59,13): error TS2353: Object literal may only specify known properties, and 'nivel' does not exist in type 'LogEntry'.
src/app/api/auth/knowledge-assets/[id]/route.ts(58,13): error TS2353: Object literal may only specify known properties, and 'nivel' does not exist in type 'LogEntry'.
src/app/api/auth/knowledge-assets/[id]/route.ts(72,13): error TS2353: Object literal may only specify known properties, and 'nivel' does not exist in type 'LogEntry'.
src/app/api/auth/knowledge-assets/[id]/route.ts(87,17): error TS2353: Object literal may only specify known properties, and 'nivel' does not exist in type 'LogEntry'.
src/app/api/auth/profile/upload-photo/route.ts(60,13): error TS2353: Object literal may only specify known properties, and 'nivel' does not exist in type 'LogEntry'.
src/app/api/auth/profile/upload-photo/route.ts(78,13): error TS2353: Object literal may only specify known properties, and 'nivel' does not exist in type 'LogEntry'.
src/app/api/auth/profile/upload-photo/route.ts(94,17): error TS2353: Object literal may only specify known properties, and 'nivel' does not exist in type 'LogEntry'.
src/app/api/billing/change-plan/route.ts(41,13): error TS2353: Object literal may only specify known properties, and 'nivel' does not exist in type 'LogEntry'.
src/app/api/billing/change-plan/route.ts(51,31): error TS2353: Object literal may only specify known properties, and 'nivel' does not exist in type 'LogEntry'.
src/app/api/billing/change-plan/route.ts(66,13): error TS2353: Object literal may only specify known properties, and 'nivel' does not exist in type 'LogEntry'.
src/app/api/billing/create-checkout/route.ts(65,13): error TS2353: Object literal may only specify known properties, and 'nivel' does not exist in type 'LogEntry'.
src/app/api/billing/create-checkout/route.ts(84,13): error TS2353: Object literal may only specify known properties, and 'nivel' does not exist in type 'LogEntry'.
src/app/api/cases/[id]/transicion/route.ts(35,13): error TS2561: Object literal may only specify known properties, but 'correlacion_id' does not exist in type 'TransitionRequest'. Did you mean to write 'correlationId'?
src/app/api/cases/route.ts(51,13): error TS2353: Object literal may only specify known properties, and 'nivel' does not exist in type 'LogEntry'.
src/app/api/core/automation/workflows/route.ts(66,13): error TS2353: Object literal may only specify known properties, and 'nivel' does not exist in type 'LogEntry'.
src/app/api/core/entities/[type]/[id]/route.ts(98,13): error TS2353: Object literal may only specify known properties, and 'nivel' does not exist in type 'LogEntry'.
src/app/api/core/graph/route.ts(23,13): error TS2353: Object literal may only specify known properties, and 'nivel' does not exist in type 'LogEntry'.
src/app/api/core/insights/route.ts(30,13): error TS2353: Object literal may only specify known properties, and 'nivel' does not exist in type 'LogEntry'.
src/app/api/logs/route.ts(24,13): error TS2353: Object literal may only specify known properties, and 'nivel' does not exist in type 'LogEntry'.
src/app/api/pricing/plans/route.ts(44,13): error TS2353: Object literal may only specify known properties, and 'nivel' does not exist in type 'LogEntry'.
src/app/api/webhooks/stripe/route.ts(45,13): error TS2353: Object literal may only specify known properties, and 'nivel' does not exist in type 'LogEntry'.
src/app/api/webhooks/stripe/route.ts(64,17): error TS2353: Object literal may only specify known properties, and 'nivel' does not exist in type 'LogEntry'.
src/app/api/webhooks/stripe/route.ts(93,21): error TS2353: Object literal may only specify known properties, and 'nivel' does not exist in type 'LogEntry'.
src/app/api/webhooks/stripe/route.ts(113,13): error TS2353: Object literal may only specify known properties, and 'nivel' does not exist in type 'LogEntry'.
src/app/api/webhooks/stripe/route.ts(149,9): error TS2353: Object literal may only specify known properties, and 'nivel' does not exist in type 'LogEntry'.
src/app/api/webhooks/stripe/route.ts(182,9): error TS2353: Object literal may only specify known properties, and 'nivel' does not exist in type 'LogEntry'.
src/app/api/webhooks/stripe/route.ts(199,9): error TS2353: Object literal may only specify known properties, and 'nivel' does not exist in type 'LogEntry'.
src/app/api/webhooks/stripe/route.ts(221,9): error TS2353: Object literal may only specify known properties, and 'nivel' does not exist in type 'LogEntry'.
src/app/api/webhooks/stripe/route.ts(281,25): error TS2353: Object literal may only specify known properties, and 'nivel' does not exist in type 'LogEntry'.
src/app/api/webhooks/stripe/route.ts(293,13): error TS2353: Object literal may only specify known properties, and 'nivel' does not exist in type 'LogEntry'.
src/components/admin/checklist-editor/CategoryForm.tsx(64,35): error TS2551: Property 'icono' does not exist on type '{ id: string; name: string; keywords: string[]; priority: number; color?: string | undefined; icon?: string | undefined; }'. Did you mean 'icon'?
src/components/admin/checklist-editor/CategoryForm.tsx(64,62): error TS2551: Property 'icono' does not exist on type '{ id: string; name: string; keywords: string[]; priority: number; color?: string | undefined; icon?: string | undefined; }'. Did you mean 'icon'?
src/components/admin/checklist-editor/CategoryForm.tsx(65,67): error TS2551: Property 'icono' does not exist on type '{ id: string; name: string; keywords: string[]; priority: number; color?: string | undefined; icon?: string | undefined; }'. Did you mean 'icon'?
src/components/admin/checklist-editor/CategoryForm.tsx(72,85): error TS2339: Property 'nombre' does not exist on type '{ id: string; name: string; keywords: string[]; priority: number; color?: string | undefined; icon?: string | undefined; }'.
src/components/admin/checklist-editor/CategoryForm.tsx(90,45): error TS2339: Property 'nombre' does not exist on type '{ id: string; name: string; keywords: string[]; priority: number; color?: string | undefined; icon?: string | undefined; }'.
src/components/admin/checklist-editor/CategoryForm.tsx(91,68): error TS2353: Object literal may only specify known properties, and 'nombre' does not exist in type '{ id: string; name: string; keywords: string[]; priority: number; color?: string | undefined; icon?: string | undefined; }'.
src/components/admin/checklist-editor/CategoryForm.tsx(105,78): error TS2561: Object literal may only specify known properties, but 'icono' does not exist in type '{ id: string; name: string; keywords: string[]; priority: number; color?: string | undefined; icon?: string | undefined; }'. Did you mean to write 'icon'?
src/components/admin/checklist-editor/CategoryForm.tsx(107,56): error TS2551: Property 'icono' does not exist on type '{ id: string; name: string; keywords: string[]; priority: number; color?: string | undefined; icon?: string | undefined; }'. Did you mean 'icon'?
src/components/admin/checklist-editor/CategoryForm.tsx(142,45): error TS2339: Property 'prioridad' does not exist on type '{ id: string; name: string; keywords: string[]; priority: number; color?: string | undefined; icon?: string | undefined; }'.
src/components/admin/checklist-editor/CategoryForm.tsx(143,68): error TS2353: Object literal may only specify known properties, and 'prioridad' does not exist in type '{ id: string; name: string; keywords: string[]; priority: number; color?: string | undefined; icon?: string | undefined; }'.
src/components/admin/checklist-editor/ChecklistEditor.tsx(46,37): error TS2551: Property 'categorias' does not exist on type '{ name: string; categories: { id: string; name: string; keywords: string[]; priority: number; color?: string | undefined; icon?: string | undefined; }[]; items: { id: string; description: string; categoryId?: string | ... 1 more ... | undefined; notes?: string | undefined; icon?: string | undefined; }[]; ... 5 more ...'. Did you mean 'categories'?
src/components/admin/checklist-editor/ChecklistEditor.tsx(46,59): error TS7006: Parameter 'c' implicitly has an 'any' type.
src/components/admin/checklist-editor/ChecklistEditor.tsx(47,37): error TS2551: Property 'categorias' does not exist on type '{ name: string; categories: { id: string; name: string; keywords: string[]; priority: number; color?: string | undefined; icon?: string | undefined; }[]; items: { id: string; description: string; categoryId?: string | ... 1 more ... | undefined; notes?: string | undefined; icon?: string | undefined; }[]; ... 5 more ...'. Did you mean 'categories'?
src/components/admin/checklist-editor/ChecklistEditor.tsx(47,59): error TS7006: Parameter 'c' implicitly has an 'any' type.
src/components/admin/checklist-editor/ChecklistEditor.tsx(49,52): error TS2551: Property 'categorias' does not exist on type '{ name: string; categories: { id: string; name: string; keywords: string[]; priority: number; color?: string | undefined; icon?: string | undefined; }[]; items: { id: string; description: string; categoryId?: string | ... 1 more ... | undefined; notes?: string | undefined; icon?: string | undefined; }[]; ... 5 more ...'. Did you mean 'categories'?
src/components/admin/checklist-editor/ChecklistEditor.tsx(52,17): error TS2561: Object literal may only specify known properties, but 'categorias' does not exist in type '{ name: string; categories: { id: string; name: string; keywords: string[]; priority: number; color?: string | undefined; icon?: string | undefined; }[]; items: { id: string; description: string; categoryId?: string | ... 1 more ... | undefined; notes?: string | undefined; icon?: string | undefined; }[]; ... 5 more ...'. Did you mean to write 'categories'?
src/components/admin/checklist-editor/ChecklistEditor.tsx(53,56): error TS18046: 'c' is of type 'unknown'.
src/components/admin/checklist-editor/ChecklistEditor.tsx(62,13): error TS2353: Object literal may only specify known properties, and 'nombre' does not exist in type '{ id: string; name: string; keywords: string[]; priority: number; color?: string | undefined; icon?: string | undefined; }'.
src/components/admin/checklist-editor/ChecklistEditor.tsx(65,31): error TS2551: Property 'categorias' does not exist on type '{ name: string; categories: { id: string; name: string; keywords: string[]; priority: number; color?: string | undefined; icon?: string | undefined; }[]; items: { id: string; description: string; categoryId?: string | ... 1 more ... | undefined; notes?: string | undefined; icon?: string | undefined; }[]; ... 5 more ...'. Did you mean 'categories'?
src/components/admin/checklist-editor/ChecklistEditor.tsx(68,42): error TS2551: Property 'categorias' does not exist on type '{ name: string; categories: { id: string; name: string; keywords: string[]; priority: number; color?: string | undefined; icon?: string | undefined; }[]; items: { id: string; description: string; categoryId?: string | ... 1 more ... | undefined; notes?: string | undefined; icon?: string | undefined; }[]; ... 5 more ...'. Did you mean 'categories'?
src/components/admin/checklist-editor/ChecklistEditor.tsx(71,13): error TS2561: Object literal may only specify known properties, but 'categorias' does not exist in type '{ name: string; categories: { id: string; name: string; keywords: string[]; priority: number; color?: string | undefined; icon?: string | undefined; }[]; items: { id: string; description: string; categoryId?: string | ... 1 more ... | undefined; notes?: string | undefined; icon?: string | undefined; }[]; ... 5 more ...'. Did you mean to write 'categories'?
src/components/admin/checklist-editor/ChecklistEditor.tsx(78,38): error TS2551: Property 'categorias' does not exist on type '{ name: string; categories: { id: string; name: string; keywords: string[]; priority: number; color?: string | undefined; icon?: string | undefined; }[]; items: { id: string; description: string; categoryId?: string | ... 1 more ... | undefined; notes?: string | undefined; icon?: string | undefined; }[]; ... 5 more ...'. Did you mean 'categories'?
src/components/admin/checklist-editor/ChecklistEditor.tsx(78,53): error TS7006: Parameter 'c' implicitly has an 'any' type.
src/components/admin/checklist-editor/ChecklistEditor.tsx(81,13): error TS2561: Object literal may only specify known properties, but 'categorias' does not exist in type '{ name: string; categories: { id: string; name: string; keywords: string[]; priority: number; color?: string | undefined; icon?: string | undefined; }[]; items: { id: string; description: string; categoryId?: string | ... 1 more ... | undefined; notes?: string | undefined; icon?: string | undefined; }[]; ... 5 more ...'. Did you mean to write 'categories'?
src/components/admin/checklist-editor/ChecklistEditor.tsx(86,38): error TS2551: Property 'categorias' does not exist on type '{ name: string; categories: { id: string; name: string; keywords: string[]; priority: number; color?: string | undefined; icon?: string | undefined; }[]; items: { id: string; description: string; categoryId?: string | ... 1 more ... | undefined; notes?: string | undefined; icon?: string | undefined; }[]; ... 5 more ...'. Did you mean 'categories'?
src/components/admin/checklist-editor/ChecklistEditor.tsx(86,56): error TS7006: Parameter 'c' implicitly has an 'any' type.
src/components/admin/checklist-editor/ChecklistEditor.tsx(89,13): error TS2561: Object literal may only specify known properties, but 'categorias' does not exist in type '{ name: string; categories: { id: string; name: string; keywords: string[]; priority: number; color?: string | undefined; icon?: string | undefined; }[]; items: { id: string; description: string; categoryId?: string | ... 1 more ... | undefined; notes?: string | undefined; icon?: string | undefined; }[]; ... 5 more ...'. Did you mean to write 'categories'?
src/components/admin/checklist-editor/ChecklistEditor.tsx(90,47): error TS7006: Parameter 'c' implicitly has an 'any' type.
src/components/admin/checklist-editor/ChecklistEditor.tsx(95,36): error TS2551: Property 'categorias' does not exist on type '{ name: string; categories: { id: string; name: string; keywords: string[]; priority: number; color?: string | undefined; icon?: string | undefined; }[]; items: { id: string; description: string; categoryId?: string | ... 1 more ... | undefined; notes?: string | undefined; icon?: string | undefined; }[]; ... 5 more ...'. Did you mean 'categories'?
src/components/admin/checklist-editor/ChecklistEditor.tsx(95,52): error TS7006: Parameter 'c' implicitly has an 'any' type.
src/components/admin/checklist-editor/ChecklistEditor.tsx(113,47): error TS2339: Property 'nombre' does not exist on type '{ name: string; categories: { id: string; name: string; keywords: string[]; priority: number; color?: string | undefined; icon?: string | undefined; }[]; items: { id: string; description: string; categoryId?: string | ... 1 more ... | undefined; notes?: string | undefined; icon?: string | undefined; }[]; ... 5 more ...'.
src/components/admin/checklist-editor/ChecklistEditor.tsx(114,72): error TS2353: Object literal may only specify known properties, and 'nombre' does not exist in type '{ name: string; categories: { id: string; name: string; keywords: string[]; priority: number; color?: string | undefined; icon?: string | undefined; }[]; items: { id: string; description: string; categoryId?: string | ... 1 more ... | undefined; notes?: string | undefined; icon?: string | undefined; }[]; ... 5 more ...'.
src/components/admin/checklist-editor/ChecklistEditor.tsx(123,70): error TS2353: Object literal may only specify known properties, and 'activo' does not exist in type '{ name: string; categories: { id: string; name: string; keywords: string[]; priority: number; color?: string | undefined; icon?: string | undefined; }[]; items: { id: string; description: string; categoryId?: string | ... 1 more ... | undefined; notes?: string | undefined; icon?: string | undefined; }[]; ... 5 more ...'.
src/components/admin/checklist-editor/ChecklistEditor.tsx(123,86): error TS2339: Property 'activo' does not exist on type '{ name: string; categories: { id: string; name: string; keywords: string[]; priority: number; color?: string | undefined; icon?: string | undefined; }[]; items: { id: string; description: string; categoryId?: string | ... 1 more ... | undefined; notes?: string | undefined; icon?: string | undefined; }[]; ... 5 more ...'.
src/components/admin/checklist-editor/ChecklistEditor.tsx(124,128): error TS2339: Property 'activo' does not exist on type '{ name: string; categories: { id: string; name: string; keywords: string[]; priority: number; color?: string | undefined; icon?: string | undefined; }[]; items: { id: string; description: string; categoryId?: string | ... 1 more ... | undefined; notes?: string | undefined; icon?: string | undefined; }[]; ... 5 more ...'.
src/components/admin/checklist-editor/ChecklistEditor.tsx(126,134): error TS2339: Property 'activo' does not exist on type '{ name: string; categories: { id: string; name: string; keywords: string[]; priority: number; color?: string | undefined; icon?: string | undefined; }[]; items: { id: string; description: string; categoryId?: string | ... 1 more ... | undefined; notes?: string | undefined; icon?: string | undefined; }[]; ... 5 more ...'.
src/components/admin/checklist-editor/ChecklistEditor.tsx(153,47): error TS2551: Property 'categorias' does not exist on type '{ name: string; categories: { id: string; name: string; keywords: string[]; priority: number; color?: string | undefined; icon?: string | undefined; }[]; items: { id: string; description: string; categoryId?: string | ... 1 more ... | undefined; notes?: string | undefined; icon?: string | undefined; }[]; ... 5 more ...'. Did you mean 'categories'?
src/components/admin/checklist-editor/ChecklistEditor.tsx(153,62): error TS7006: Parameter 'c' implicitly has an 'any' type.
src/components/admin/checklist-editor/ChecklistEditor.tsx(157,45): error TS2551: Property 'categorias' does not exist on type '{ name: string; categories: { id: string; name: string; keywords: string[]; priority: number; color?: string | undefined; icon?: string | undefined; }[]; items: { id: string; description: string; categoryId?: string | ... 1 more ... | undefined; notes?: string | undefined; icon?: string | undefined; }[]; ... 5 more ...'. Did you mean 'categories'?
src/components/admin/checklist-editor/ChecklistEditor.tsx(157,61): error TS7006: Parameter 'category' implicitly has an 'any' type.
src/components/admin/checklist-editor/ChecklistEditor.tsx(165,45): error TS2551: Property 'categorias' does not exist on type '{ name: string; categories: { id: string; name: string; keywords: string[]; priority: number; color?: string | undefined; icon?: string | undefined; }[]; items: { id: string; description: string; categoryId?: string | ... 1 more ... | undefined; notes?: string | undefined; icon?: string | undefined; }[]; ... 5 more ...'. Did you mean 'categories'?
src/components/admin/checklist-editor/SortableCategoryItem.tsx(61,31): error TS2339: Property 'nombre' does not exist on type '{ id: string; name: string; keywords: string[]; priority: number; color?: string | undefined; icon?: string | undefined; }'.
src/components/admin/ChecklistConfigList.tsx(30,86): error TS2339: Property 'nombre' does not exist on type '{ name: string; categories: { id: string; name: string; keywords: string[]; priority: number; color?: string | undefined; icon?: string | undefined; }[]; items: { id: string; description: string; categoryId?: string | ... 1 more ... | undefined; notes?: string | undefined; icon?: string | undefined; }[]; ... 5 more ...'.
src/components/admin/ChecklistConfigList.tsx(42,87): error TS2339: Property 'nombre' does not exist on type '{ name: string; categories: { id: string; name: string; keywords: string[]; priority: number; color?: string | undefined; icon?: string | undefined; }[]; items: { id: string; description: string; categoryId?: string | ... 1 more ... | undefined; notes?: string | undefined; icon?: string | undefined; }[]; ... 5 more ...'.
src/components/admin/ChecklistConfigList.tsx(44,42): error TS2339: Property 'actualizado' does not exist on type '{ name: string; categories: { id: string; name: string; keywords: string[]; priority: number; color?: string | undefined; icon?: string | undefined; }[]; items: { id: string; description: string; categoryId?: string | ... 1 more ... | undefined; notes?: string | undefined; icon?: string | undefined; }[]; ... 5 more ...'.
src/components/admin/ChecklistConfigList.tsx(53,29): error TS2551: Property 'categorias' does not exist on type '{ name: string; categories: { id: string; name: string; keywords: string[]; priority: number; color?: string | undefined; icon?: string | undefined; }[]; items: { id: string; description: string; categoryId?: string | ... 1 more ... | undefined; notes?: string | undefined; icon?: string | undefined; }[]; ... 5 more ...'. Did you mean 'categories'?
src/components/admin/ChecklistConfigList.tsx(53,56): error TS7006: Parameter 'cat' implicitly has an 'any' type.
src/components/admin/ChecklistConfigList.tsx(66,29): error TS2551: Property 'categorias' does not exist on type '{ name: string; categories: { id: string; name: string; keywords: string[]; priority: number; color?: string | undefined; icon?: string | undefined; }[]; items: { id: string; description: string; categoryId?: string | ... 1 more ... | undefined; notes?: string | undefined; icon?: string | undefined; }[]; ... 5 more ...'. Did you mean 'categories'?
src/components/admin/ChecklistConfigList.tsx(68,38): error TS2551: Property 'categorias' does not exist on type '{ name: string; categories: { id: string; name: string; keywords: string[]; priority: number; color?: string | undefined; icon?: string | undefined; }[]; items: { id: string; description: string; categoryId?: string | ... 1 more ... | undefined; notes?: string | undefined; icon?: string | undefined; }[]; ... 5 more ...'. Did you mean 'categories'?
src/components/admin/ChecklistConfigList.tsx(77,24): error TS2339: Property 'activo' does not exist on type '{ name: string; categories: { id: string; name: string; keywords: string[]; priority: number; color?: string | undefined; icon?: string | undefined; }[]; items: { id: string; description: string; categoryId?: string | ... 1 more ... | undefined; notes?: string | undefined; icon?: string | undefined; }[]; ... 5 more ...'.
src/components/admin/configurator/ConfiguratorFull.tsx(45,9): error TS2345: Argument of type '{ name: string; categories: { id: string; name: string; keywords: string[]; priority: number; color?: string | undefined; icon?: string | undefined; }[]; items: { id: string; description: string; categoryId?: string | ... 1 more ... | undefined; notes?: string | undefined; icon?: string | undefined; }[]; ... 5 more ...' is not assignable to parameter of type '{ name: string; categories: { id: string; name: string; keywords: string[]; priority: number; color?: string | undefined; icon?: string | undefined; }[]; items: { id: string; description: string; categoryId?: string | ... 1 more ... | undefined; notes?: string | undefined; icon?: string | undefined; }[]; ... 5 more ...'.
  Object literal may only specify known properties, and 'nombre' does not exist in type '{ name: string; categories: { id: string; name: string; keywords: string[]; priority: number; color?: string | undefined; icon?: string | undefined; }[]; items: { id: string; description: string; categoryId?: string | ... 1 more ... | undefined; notes?: string | undefined; icon?: string | undefined; }[]; ... 5 more ...'.
src/components/admin/configurator/ConfiguratorFull.tsx(67,20): error TS2551: Property 'categorias' does not exist on type '{ name: string; categories: { id: string; name: string; keywords: string[]; priority: number; color?: string | undefined; icon?: string | undefined; }[]; items: { id: string; description: string; categoryId?: string | ... 1 more ... | undefined; notes?: string | undefined; icon?: string | undefined; }[]; ... 5 more ...'. Did you mean 'categories'?
src/components/admin/configurator/ConfiguratorFull.tsx(68,42): error TS2551: Property 'categorias' does not exist on type '{ name: string; categories: { id: string; name: string; keywords: string[]; priority: number; color?: string | undefined; icon?: string | undefined; }[]; items: { id: string; description: string; categoryId?: string | ... 1 more ... | undefined; notes?: string | undefined; icon?: string | undefined; }[]; ... 5 more ...'. Did you mean 'categories'?
src/components/admin/configurator/ConfiguratorFull.tsx(70,16): error TS2551: Property 'categorias' does not exist on type '{ name: string; categories: { id: string; name: string; keywords: string[]; priority: number; color?: string | undefined; icon?: string | undefined; }[]; items: { id: string; description: string; categoryId?: string | ... 1 more ... | undefined; notes?: string | undefined; icon?: string | undefined; }[]; ... 5 more ...'. Did you mean 'categories'?
src/components/admin/configurator/ConfiguratorFull.tsx(77,13): error TS2353: Object literal may only specify known properties, and 'nombre' does not exist in type '{ id: string; name: string; keywords: string[]; priority: number; color?: string | undefined; icon?: string | undefined; }'.
src/components/admin/configurator/ConfiguratorFull.tsx(80,31): error TS2551: Property 'categorias' does not exist on type '{ name: string; categories: { id: string; name: string; keywords: string[]; priority: number; color?: string | undefined; icon?: string | undefined; }[]; items: { id: string; description: string; categoryId?: string | ... 1 more ... | undefined; notes?: string | undefined; icon?: string | undefined; }[]; ... 5 more ...'. Did you mean 'categories'?
src/components/admin/configurator/ConfiguratorFull.tsx(86,34): error TS2551: Property 'categorias' does not exist on type '{ name: string; categories: { id: string; name: string; keywords: string[]; priority: number; color?: string | undefined; icon?: string | undefined; }[]; items: { id: string; description: string; categoryId?: string | ... 1 more ... | undefined; notes?: string | undefined; icon?: string | undefined; }[]; ... 5 more ...'. Did you mean 'categories'?
src/components/admin/configurator/ConfiguratorFull.tsx(87,38): error TS2551: Property 'workflow_orden' does not exist on type '{ name: string; categories: { id: string; name: string; keywords: string[]; priority: number; color?: string | undefined; icon?: string | undefined; }[]; items: { id: string; description: string; categoryId?: string | ... 1 more ... | undefined; notes?: string | undefined; icon?: string | undefined; }[]; ... 5 more ...'. Did you mean 'workflowOrder'?
src/components/admin/configurator/ConfiguratorFull.tsx(95,30): error TS2551: Property 'categorias' does not exist on type '{ name: string; categories: { id: string; name: string; keywords: string[]; priority: number; color?: string | undefined; icon?: string | undefined; }[]; items: { id: string; description: string; categoryId?: string | ... 1 more ... | undefined; notes?: string | undefined; icon?: string | undefined; }[]; ... 5 more ...'. Did you mean 'categories'?
src/components/admin/configurator/ConfiguratorFull.tsx(95,48): error TS7006: Parameter 'c' implicitly has an 'any' type.
src/components/admin/configurator/ConfiguratorFull.tsx(97,34): error TS2551: Property 'workflow_orden' does not exist on type '{ name: string; categories: { id: string; name: string; keywords: string[]; priority: number; color?: string | undefined; icon?: string | undefined; }[]; items: { id: string; description: string; categoryId?: string | ... 1 more ... | undefined; notes?: string | undefined; icon?: string | undefined; }[]; ... 5 more ...'. Did you mean 'workflowOrder'?
src/components/admin/configurator/ConfiguratorFull.tsx(97,56): error TS7006: Parameter 'oid' implicitly has an 'any' type.
src/components/admin/configurator/ConfiguratorFull.tsx(105,30): error TS2551: Property 'categorias' does not exist on type '{ name: string; categories: { id: string; name: string; keywords: string[]; priority: number; color?: string | undefined; icon?: string | undefined; }[]; items: { id: string; description: string; categoryId?: string | ... 1 more ... | undefined; notes?: string | undefined; icon?: string | undefined; }[]; ... 5 more ...'. Did you mean 'categories'?
src/components/admin/configurator/ConfiguratorFull.tsx(105,45): error TS7006: Parameter 'c' implicitly has an 'any' type.
src/components/admin/configurator/ConfiguratorFull.tsx(117,13): error TS2561: Object literal may only specify known properties, but 'icono' does not exist in type '{ id: string; description: string; categoryId?: string | null | undefined; notes?: string | undefined; icon?: string | undefined; }'. Did you mean to write 'icon'?
src/components/admin/configurator/ConfiguratorFull.tsx(144,39): error TS2551: Property 'workflow_orden' does not exist on type '{ name: string; categories: { id: string; name: string; keywords: string[]; priority: number; color?: string | undefined; icon?: string | undefined; }[]; items: { id: string; description: string; categoryId?: string | ... 1 more ... | undefined; notes?: string | undefined; icon?: string | undefined; }[]; ... 5 more ...'. Did you mean 'workflowOrder'?
src/components/admin/configurator/ConfiguratorFull.tsx(145,39): error TS2551: Property 'workflow_orden' does not exist on type '{ name: string; categories: { id: string; name: string; keywords: string[]; priority: number; color?: string | undefined; icon?: string | undefined; }[]; items: { id: string; description: string; categoryId?: string | ... 1 more ... | undefined; notes?: string | undefined; icon?: string | undefined; }[]; ... 5 more ...'. Did you mean 'workflowOrder'?
src/components/admin/configurator/ConfiguratorFull.tsx(146,49): error TS2551: Property 'workflow_orden' does not exist on type '{ name: string; categories: { id: string; name: string; keywords: string[]; priority: number; color?: string | undefined; icon?: string | undefined; }[]; items: { id: string; description: string; categoryId?: string | ... 1 more ... | undefined; notes?: string | undefined; icon?: string | undefined; }[]; ... 5 more ...'. Did you mean 'workflowOrder'?
src/components/admin/configurator/ConfiguratorFull.tsx(149,45): error TS2551: Property 'categorias' does not exist on type '{ name: string; categories: { id: string; name: string; keywords: string[]; priority: number; color?: string | undefined; icon?: string | undefined; }[]; items: { id: string; description: string; categoryId?: string | ... 1 more ... | undefined; notes?: string | undefined; icon?: string | undefined; }[]; ... 5 more ...'. Did you mean 'categories'?
src/components/admin/configurator/ConfiguratorFull.tsx(219,36): error TS2551: Property 'categorias' does not exist on type '{ name: string; categories: { id: string; name: string; keywords: string[]; priority: number; color?: string | undefined; icon?: string | undefined; }[]; items: { id: string; description: string; categoryId?: string | ... 1 more ... | undefined; notes?: string | undefined; icon?: string | undefined; }[]; ... 5 more ...'. Did you mean 'categories'?
src/components/admin/configurator/ConfiguratorFull.tsx(219,52): error TS7006: Parameter 'c' implicitly has an 'any' type.
src/components/admin/configurator/ConfiguratorFull.tsx(236,43): error TS2339: Property 'nombre' does not exist on type '{ name: string; categories: { id: string; name: string; keywords: string[]; priority: number; color?: string | undefined; icon?: string | undefined; }[]; items: { id: string; description: string; categoryId?: string | ... 1 more ... | undefined; notes?: string | undefined; icon?: string | undefined; }[]; ... 5 more ...'.
src/components/admin/configurator/ConfiguratorFull.tsx(308,59): error TS2551: Property 'workflow_orden' does not exist on type '{ name: string; categories: { id: string; name: string; keywords: string[]; priority: number; color?: string | undefined; icon?: string | undefined; }[]; items: { id: string; description: string; categoryId?: string | ... 1 more ... | undefined; notes?: string | undefined; icon?: string | undefined; }[]; ... 5 more ...'. Did you mean 'workflowOrder'?
src/components/admin/configurator/ConfiguratorFull.tsx(311,53): error TS2551: Property 'workflow_orden' does not exist on type '{ name: string; categories: { id: string; name: string; keywords: string[]; priority: number; color?: string | undefined; icon?: string | undefined; }[]; items: { id: string; description: string; categoryId?: string | ... 1 more ... | undefined; notes?: string | undefined; icon?: string | undefined; }[]; ... 5 more ...'. Did you mean 'workflowOrder'?
src/components/admin/configurator/ConfiguratorFull.tsx(311,73): error TS7006: Parameter 'id' implicitly has an 'any' type.
src/components/admin/configurator/ConfiguratorFull.tsx(312,68): error TS2551: Property 'categorias' does not exist on type '{ name: string; categories: { id: string; name: string; keywords: string[]; priority: number; color?: string | undefined; icon?: string | undefined; }[]; items: { id: string; description: string; categoryId?: string | ... 1 more ... | undefined; notes?: string | undefined; icon?: string | undefined; }[]; ... 5 more ...'. Did you mean 'categories'?
src/components/admin/configurator/ConfiguratorFull.tsx(312,84): error TS7006: Parameter 'c' implicitly has an 'any' type.
src/components/admin/configurator/ConfiguratorFull.tsx(327,45): error TS2551: Property 'categorias' does not exist on type '{ name: string; categories: { id: string; name: string; keywords: string[]; priority: number; color?: string | undefined; icon?: string | undefined; }[]; items: { id: string; description: string; categoryId?: string | ... 1 more ... | undefined; notes?: string | undefined; icon?: string | undefined; }[]; ... 5 more ...'. Did you mean 'categories'?
src/components/admin/configurator/ConfiguratorFull.tsx(361,119): error TS2353: Object literal may only specify known properties, and 'nombre' does not exist in type 'Partial<{ id: string; name: string; keywords: string[]; priority: number; color?: string | undefined; icon?: string | undefined; }>'.
src/components/admin/configurator/PreviewModal.tsx(30,37): error TS2339: Property 'nombre' does not exist on type '{ name: string; categories: { id: string; name: string; keywords: string[]; priority: number; color?: string | undefined; icon?: string | undefined; }[]; items: { id: string; description: string; categoryId?: string | ... 1 more ... | undefined; notes?: string | undefined; icon?: string | undefined; }[]; ... 5 more ...'.
src/components/admin/configurator/PreviewModal.tsx(38,33): error TS2551: Property 'workflow_orden' does not exist on type '{ name: string; categories: { id: string; name: string; keywords: string[]; priority: number; color?: string | undefined; icon?: string | undefined; }[]; items: { id: string; description: string; categoryId?: string | ... 1 more ... | undefined; notes?: string | undefined; icon?: string | undefined; }[]; ... 5 more ...'. Did you mean 'workflowOrder'?
src/components/admin/configurator/PreviewModal.tsx(38,53): error TS7006: Parameter 'catId' implicitly has an 'any' type.
src/components/admin/configurator/PreviewModal.tsx(38,60): error TS7006: Parameter 'idx' implicitly has an 'any' type.
src/components/admin/configurator/PreviewModal.tsx(39,48): error TS2551: Property 'categorias' does not exist on type '{ name: string; categories: { id: string; name: string; keywords: string[]; priority: number; color?: string | undefined; icon?: string | undefined; }[]; items: { id: string; description: string; categoryId?: string | ... 1 more ... | undefined; notes?: string | undefined; icon?: string | undefined; }[]; ... 5 more ...'. Did you mean 'categories'?
src/components/admin/configurator/PreviewModal.tsx(39,64): error TS7006: Parameter 'c' implicitly has an 'any' type.
src/components/admin/configurator/PreviewModal.tsx(87,33): error TS2551: Property 'categorias' does not exist on type '{ name: string; categories: { id: string; name: string; keywords: string[]; priority: number; color?: string | undefined; icon?: string | undefined; }[]; items: { id: string; description: string; categoryId?: string | ... 1 more ... | undefined; notes?: string | undefined; icon?: string | undefined; }[]; ... 5 more ...'. Did you mean 'categories'?
src/components/admin/configurator/SortableCategory.tsx(63,27): error TS2339: Property 'nombre' does not exist on type '{ id: string; name: string; keywords: string[]; priority: number; color?: string | undefined; icon?: string | undefined; }'.
src/components/admin/EditUserModal.tsx(27,36): error TS2307: Cannot find module '@/components/perfil/ProfilePhotoUpload' or its corresponding type declarations.
src/components/admin/EditUserModal.tsx(143,51): error TS7006: Parameter 'url' implicitly has an 'any' type.
src/components/admin/EditUserModal.tsx(143,56): error TS7006: Parameter 'publicId' implicitly has an 'any' type.
src/components/entities/ValidationWorkflow.tsx(10,15): error TS2724: '"@/lib/schemas"' has no exported member named 'ValidacionItem'. Did you mean 'ValidationItem'?
src/components/entities/ValidationWorkflow.tsx(265,35): error TS7053: Element implicitly has an 'any' type because expression of type 'ValidacionItem' can't be used to index type '{ APROBADO: { color: string; icon: ForwardRefExoticComponent<Omit<LucideProps, "ref"> & RefAttributes<SVGSVGElement>>; }; CORREGIDO: { ...; }; RECHAZADO: { ...; }; }'.
src/components/shared/GlobalSemanticSearch.tsx(114,47): error TS2551: Property 'texto' does not exist on type 'RagResult'. Did you mean 'text'?
src/components/shared/GlobalSemanticSearch.tsx(118,50): error TS2339: Property 'tipo' does not exist on type 'RagResult'.
src/components/technical/DynamicChecklist.tsx(21,16): error TS2551: Property 'categorias' does not exist on type '{ name: string; categories: { id: string; name: string; keywords: string[]; priority: number; color?: string | undefined; icon?: string | undefined; }[]; items: { id: string; description: string; categoryId?: string | ... 1 more ... | undefined; notes?: string | undefined; icon?: string | undefined; }[]; ... 5 more ...'. Did you mean 'categories'?
src/components/technical/DynamicChecklist.tsx(21,31): error TS7006: Parameter 'c' implicitly has an 'any' type.
src/components/technical/DynamicChecklist.tsx(31,33): error TS2551: Property 'categorias' does not exist on type '{ name: string; categories: { id: string; name: string; keywords: string[]; priority: number; color?: string | undefined; icon?: string | undefined; }[]; items: { id: string; description: string; categoryId?: string | ... 1 more ... | undefined; notes?: string | undefined; icon?: string | undefined; }[]; ... 5 more ...'. Did you mean 'categories'?
src/components/technical/DynamicChecklist.tsx(31,52): error TS7006: Parameter 'acc' implicitly has an 'any' type.
src/components/technical/DynamicChecklist.tsx(31,57): error TS7006: Parameter 'cat' implicitly has an 'any' type.
src/components/technical/DynamicChecklist.tsx(103,21): error TS2551: Property 'categorias' does not exist on type '{ name: string; categories: { id: string; name: string; keywords: string[]; priority: number; color?: string | undefined; icon?: string | undefined; }[]; items: { id: string; description: string; categoryId?: string | ... 1 more ... | undefined; notes?: string | undefined; icon?: string | undefined; }[]; ... 5 more ...'. Did you mean 'categories'?
src/components/technical/DynamicChecklist.tsx(103,36): error TS7006: Parameter 'cat' implicitly has an 'any' type.
src/components/technical/DynamicChecklist.tsx(108,61): error TS7006: Parameter 'i' implicitly has an 'any' type.
src/components/technical/VectorResultsTable.tsx(69,46): error TS2551: Property 'texto' does not exist on type 'RagResult'. Did you mean 'text'?
src/components/technical/VectorResultsTable.tsx(74,45): error TS2339: Property 'tipo' does not exist on type 'RagResult'.
src/components/technical/VectorResultsTable.tsx(77,50): error TS2551: Property 'modelo' does not exist on type 'RagResult'. Did you mean 'model'?
src/components/technical/VectorResultsTable.tsx(81,41): error TS2551: Property 'cloudinary_url' does not exist on type 'RagResult'. Did you mean 'cloudinaryUrl'?
src/components/technical/VectorResultsTable.tsx(83,54): error TS2551: Property 'cloudinary_url' does not exist on type 'RagResult'. Did you mean 'cloudinaryUrl'?
src/core/engine/AgentEngine.ts(77,17): error TS2353: Object literal may only specify known properties, and 'nivel' does not exist in type 'LogEntry'.
src/core/engine/CrossVerticalEngine.ts(44,79): error TS2551: Property 'texto' does not exist on type 'RagResult'. Did you mean 'text'?
src/core/engine/CrossVerticalEngine.ts(58,74): error TS2561: Object literal may only specify known properties, but 'correlacion_id' does not exist in type '{ correlationId: string; temperature?: number | undefined; model?: string | undefined; }'. Did you mean to write 'correlationId'?
src/core/engine/CrossVerticalEngine.ts(61,17): error TS2353: Object literal may only specify known properties, and 'nivel' does not exist in type 'LogEntry'.
src/core/engine/GovernanceEngine.ts(68,17): error TS2353: Object literal may only specify known properties, and 'nivel' does not exist in type 'LogEntry'.
src/core/engine/InsightEngine.ts(70,73): error TS2561: Object literal may only specify known properties, but 'correlacion_id' does not exist in type '{ correlationId: string; temperature?: number | undefined; model?: string | undefined; }'. Did you mean to write 'correlationId'?
src/core/engine/InsightEngine.ts(84,17): error TS2353: Object literal may only specify known properties, and 'nivel' does not exist in type 'LogEntry'.
src/core/engine/InsightEngine.ts(97,17): error TS2353: Object literal may only specify known properties, and 'nivel' does not exist in type 'LogEntry'.
src/core/engine/PredictiveEngine.ts(65,73): error TS2561: Object literal may only specify known properties, but 'correlacion_id' does not exist in type '{ correlationId: string; temperature?: number | undefined; model?: string | undefined; }'. Did you mean to write 'correlationId'?
src/core/engine/PredictiveEngine.ts(79,17): error TS2353: Object literal may only specify known properties, and 'nivel' does not exist in type 'LogEntry'.
src/core/engine/PredictiveEngine.ts(91,17): error TS2353: Object literal may only specify known properties, and 'nivel' does not exist in type 'LogEntry'.
src/core/engine/ReliabilityEngine.ts(53,17): error TS2353: Object literal may only specify known properties, and 'nivel' does not exist in type 'LogEntry'.
src/core/engine/WorkflowEngine.ts(41,25): error TS2353: Object literal may only specify known properties, and 'nivel' does not exist in type 'LogEntry'.
src/core/engine/WorkflowEngine.ts(79,25): error TS2353: Object literal may only specify known properties, and 'nivel' does not exist in type 'LogEntry'.
src/lib/access-control.ts(30,21): error TS2353: Object literal may only specify known properties, and 'nivel' does not exist in type 'LogEntry'.
src/lib/agent-engine.ts(138,47): error TS2551: Property 'texto' does not exist on type 'RagResult'. Did you mean 'text'?
src/lib/agent-engine.ts(148,70): error TS2561: Object literal may only specify known properties, but 'correlacion_id' does not exist in type '{ correlationId: string; temperature?: number | undefined; model?: string | undefined; }'. Did you mean to write 'correlationId'?
src/lib/agent-engine.ts(194,78): error TS2561: Object literal may only specify known properties, but 'correlacion_id' does not exist in type '{ correlationId: string; temperature?: number | undefined; model?: string | undefined; }'. Did you mean to write 'correlationId'?
src/lib/audit-pdf-export.ts(2,10): error TS2724: '"@/lib/schemas"' has no exported member named 'ItemValidacion'. Did you mean 'ItemValidation'?
src/lib/audit-pdf-export.ts(2,43): error TS2305: Module '"@/lib/schemas"' has no exported member 'Pedido'.
src/lib/audit-pdf-export.ts(53,53): error TS2339: Property 'nombre' does not exist on type '{ name: string; categories: { id: string; name: string; keywords: string[]; priority: number; color?: string | undefined; icon?: string | undefined; }[]; items: { id: string; description: string; categoryId?: string | ... 1 more ... | undefined; notes?: string | undefined; icon?: string | undefined; }[]; ... 5 more ...'.
src/lib/audit-pdf-export.ts(65,38): error TS2551: Property 'categorias' does not exist on type '{ name: string; categories: { id: string; name: string; keywords: string[]; priority: number; color?: string | undefined; icon?: string | undefined; }[]; items: { id: string; description: string; categoryId?: string | ... 1 more ... | undefined; notes?: string | undefined; icon?: string | undefined; }[]; ... 5 more ...'. Did you mean 'categories'?
src/lib/audit-pdf-export.ts(65,57): error TS7006: Parameter 'c' implicitly has an 'any' type.
src/lib/checklist-auto-classifier.ts(46,35): error TS2551: Property 'categorias' does not exist on type '{ name: string; categories: { id: string; name: string; keywords: string[]; priority: number; color?: string | undefined; icon?: string | undefined; }[]; items: { id: string; description: string; categoryId?: string | ... 1 more ... | undefined; notes?: string | undefined; icon?: string | undefined; }[]; ... 5 more ...'. Did you mean 'categories'?
src/lib/checklist-auto-classifier.ts(74,30): error TS2551: Property 'categorias' does not exist on type '{ name: string; categories: { id: string; name: string; keywords: string[]; priority: number; color?: string | undefined; icon?: string | undefined; }[]; items: { id: string; description: string; categoryId?: string | ... 1 more ... | undefined; notes?: string | undefined; icon?: string | undefined; }[]; ... 5 more ...'. Did you mean 'categories'?
src/lib/checklist-auto-classifier.ts(91,9): error TS2353: Object literal may only specify known properties, and 'nivel' does not exist in type 'LogEntry'.
src/lib/checklist-extractor.ts(63,78): error TS2561: Object literal may only specify known properties, but 'correlacion_id' does not exist in type '{ correlationId: string; temperature?: number | undefined; model?: string | undefined; }'. Did you mean to write 'correlationId'?
src/lib/checklist-extractor.ts(88,13): error TS2353: Object literal may only specify known properties, and 'nivel' does not exist in type 'LogEntry'.
src/lib/checklist-extractor.ts(103,13): error TS2353: Object literal may only specify known properties, and 'nivel' does not exist in type 'LogEntry'.
src/lib/configs.ts(38,13): error TS2353: Object literal may only specify known properties, and 'nombre' does not exist in type '{ name: string; categories: { id: string; name: string; keywords: string[]; priority: number; color?: string | undefined; icon?: string | undefined; }[]; items: { id: string; description: string; categoryId?: string | ... 1 more ... | undefined; notes?: string | undefined; icon?: string | undefined; }[]; ... 5 more ...'.
src/lib/configs.ts(38,28): error TS2339: Property 'nombre' does not exist on type '{ name: string; categories: { id: string; name: string; keywords: string[]; priority: number; color?: string | undefined; icon?: string | undefined; }[]; items: { id: string; description: string; categoryId?: string | ... 1 more ... | undefined; notes?: string | undefined; icon?: string | undefined; }[]; ... 5 more ...'.
src/lib/configs.ts(39,32): error TS2551: Property 'categorias' does not exist on type '{ name: string; categories: { id: string; name: string; keywords: string[]; priority: number; color?: string | undefined; icon?: string | undefined; }[]; items: { id: string; description: string; categoryId?: string | ... 1 more ... | undefined; notes?: string | undefined; icon?: string | undefined; }[]; ... 5 more ...'. Did you mean 'categories'?
src/lib/configs.ts(41,36): error TS2551: Property 'workflow_orden' does not exist on type '{ name: string; categories: { id: string; name: string; keywords: string[]; priority: number; color?: string | undefined; icon?: string | undefined; }[]; items: { id: string; description: string; categoryId?: string | ... 1 more ... | undefined; notes?: string | undefined; icon?: string | undefined; }[]; ... 5 more ...'. Did you mean 'workflowOrder'?
src/lib/configs.ts(42,28): error TS2339: Property 'activo' does not exist on type '{ name: string; categories: { id: string; name: string; keywords: string[]; priority: number; color?: string | undefined; icon?: string | undefined; }[]; items: { id: string; description: string; categoryId?: string | ... 1 more ... | undefined; notes?: string | undefined; icon?: string | undefined; }[]; ... 5 more ...'.
src/lib/configs.ts(44,28): error TS2339: Property 'creado' does not exist on type '{ name: string; categories: { id: string; name: string; keywords: string[]; priority: number; color?: string | undefined; icon?: string | undefined; }[]; items: { id: string; description: string; categoryId?: string | ... 1 more ... | undefined; notes?: string | undefined; icon?: string | undefined; }[]; ... 5 more ...'.
src/lib/configs.ts(45,33): error TS2339: Property 'actualizado' does not exist on type '{ name: string; categories: { id: string; name: string; keywords: string[]; priority: number; color?: string | undefined; icon?: string | undefined; }[]; items: { id: string; description: string; categoryId?: string | ... 1 more ... | undefined; notes?: string | undefined; icon?: string | undefined; }[]; ... 5 more ...'.
src/lib/configs.ts(49,13): error TS2353: Object literal may only specify known properties, and 'nivel' does not exist in type 'LogEntry'.
src/lib/configs.ts(59,13): error TS2353: Object literal may only specify known properties, and 'nivel' does not exist in type 'LogEntry'.
src/lib/contact-service.ts(26,13): error TS2353: Object literal may only specify known properties, and 'nivel' does not exist in type 'LogEntry'.
src/lib/contact-service.ts(69,13): error TS2353: Object literal may only specify known properties, and 'nivel' does not exist in type 'LogEntry'.
src/lib/default-checklist-config.ts(10,5): error TS2353: Object literal may only specify known properties, and 'nombre' does not exist in type '{ name: string; categories: { id: string; name: string; keywords: string[]; priority: number; color?: string | undefined; icon?: string | undefined; }[]; items: { id: string; description: string; categoryId?: string | ... 1 more ... | undefined; notes?: string | undefined; icon?: string | undefined; }[]; ... 5 more ...'.
src/lib/errors.ts(74,7): error TS2353: Object literal may only specify known properties, and 'nivel' does not exist in type 'LogEntry'.
src/lib/errors.ts(89,5): error TS2353: Object literal may only specify known properties, and 'nivel' does not exist in type 'LogEntry'.
src/lib/evaluation-service.ts(58,17): error TS2353: Object literal may only specify known properties, and 'nivel' does not exist in type 'LogEntry'.
src/lib/evaluation-service.ts(71,17): error TS2353: Object literal may only specify known properties, and 'nivel' does not exist in type 'LogEntry'.
src/lib/evaluation-service.ts(91,67): error TS2561: Object literal may only specify known properties, but 'correlacion_id' does not exist in type '{ correlationId: string; temperature?: number | undefined; model?: string | undefined; }'. Did you mean to write 'correlationId'?
src/lib/evaluation-service.ts(107,67): error TS2561: Object literal may only specify known properties, but 'correlacion_id' does not exist in type '{ correlationId: string; temperature?: number | undefined; model?: string | undefined; }'. Did you mean to write 'correlationId'?
src/lib/evaluation-service.ts(128,75): error TS2561: Object literal may only specify known properties, but 'correlacion_id' does not exist in type '{ correlationId: string; temperature?: number | undefined; model?: string | undefined; }'. Did you mean to write 'correlationId'?
src/lib/geo-distributor.ts(35,17): error TS2353: Object literal may only specify known properties, and 'nivel' does not exist in type 'LogEntry'.
src/lib/infra-autoscaler.ts(45,13): error TS2353: Object literal may only specify known properties, and 'nivel' does not exist in type 'LogEntry'.
src/lib/langgraph-rag.ts(40,13): error TS2353: Object literal may only specify known properties, and 'nivel' does not exist in type 'LogEntry'.
src/lib/langgraph-rag.ts(65,43): error TS2551: Property 'texto' does not exist on type 'RagResult'. Did you mean 'text'?
src/lib/langgraph-rag.ts(70,80): error TS2561: Object literal may only specify known properties, but 'correlacion_id' does not exist in type '{ correlationId: string; temperature?: number | undefined; model?: string | undefined; }'. Did you mean to write 'correlationId'?
src/lib/langgraph-rag.ts(92,36): error TS2551: Property 'texto' does not exist on type 'RagResult'. Did you mean 'text'?
src/lib/langgraph-rag.ts(101,72): error TS2561: Object literal may only specify known properties, but 'correlacion_id' does not exist in type '{ correlationId: string; temperature?: number | undefined; model?: string | undefined; }'. Did you mean to write 'correlationId'?
src/lib/langgraph-rag.ts(120,80): error TS2561: Object literal may only specify known properties, but 'correlacion_id' does not exist in type '{ correlationId: string; temperature?: number | undefined; model?: string | undefined; }'. Did you mean to write 'correlationId'?
src/lib/langgraph-rag.ts(136,46): error TS2551: Property 'texto' does not exist on type 'RagResult'. Did you mean 'text'?
src/lib/langgraph-rag.ts(144,76): error TS2561: Object literal may only specify known properties, but 'correlacion_id' does not exist in type '{ correlationId: string; temperature?: number | undefined; model?: string | undefined; }'. Did you mean to write 'correlationId'?
src/lib/langgraph-rag.ts(169,76): error TS2561: Object literal may only specify known properties, but 'correlacion_id' does not exist in type '{ correlationId: string; temperature?: number | undefined; model?: string | undefined; }'. Did you mean to write 'correlationId'?
src/lib/observability-service.ts(18,17): error TS2353: Object literal may only specify known properties, and 'nivel' does not exist in type 'LogEntry'.
src/lib/observability-service.ts(63,21): error TS2353: Object literal may only specify known properties, and 'nivel' does not exist in type 'LogEntry'.
src/lib/performance-guard.ts(68,13): error TS2353: Object literal may only specify known properties, and 'nivel' does not exist in type 'LogEntry'.
src/lib/prompt-service.ts(130,13): error TS2561: Object literal may only specify known properties, but 'correlacion_id' does not exist in type '{ promptId: any; tenantId: string; version: number; template: string; variables: { name: string; type: "string" | "number" | "boolean" | "json"; required: boolean; description?: string | undefined; }[]; ... 5 more ...; userAgent?: string | undefined; }'. Did you mean to write 'correlationId'?
src/lib/prompt-service.ts(154,13): error TS2353: Object literal may only specify known properties, and 'nivel' does not exist in type 'LogEntry'.
src/lib/prompt-service.ts(223,13): error TS2353: Object literal may only specify known properties, and 'nivel' does not exist in type 'LogEntry'.
src/lib/queue-service.ts(68,13): error TS2353: Object literal may only specify known properties, and 'nivel' does not exist in type 'LogEntry'.
src/lib/security-audit-engine.ts(71,13): error TS2353: Object literal may only specify known properties, and 'nivel' does not exist in type 'LogEntry'.
src/lib/taxonomy-service.ts(44,13): error TS2353: Object literal may only specify known properties, and 'nivel' does not exist in type 'LogEntry'.
src/lib/taxonomy-service.ts(79,13): error TS2353: Object literal may only specify known properties, and 'nivel' does not exist in type 'LogEntry'.
src/lib/tenant-service.ts(97,17): error TS2353: Object literal may only specify known properties, and 'nivel' does not exist in type 'LogEntry'.
src/lib/ticket-service.ts(35,13): error TS2353: Object literal may only specify known properties, and 'nivel' does not exist in type 'LogEntry'.
src/lib/ticket-service.ts(118,13): error TS2353: Object literal may only specify known properties, and 'nivel' does not exist in type 'LogEntry'.
src/lib/ticket-service.ts(165,13): error TS2353: Object literal may only specify known properties, and 'nivel' does not exist in type 'LogEntry'.
src/lib/usage-limiter.ts(83,13): error TS2353: Object literal may only specify known properties, and 'nivel' does not exist in type 'LogEntry'.
src/lib/usage-limiter.ts(93,13): error TS2353: Object literal may only specify known properties, and 'nivel' does not exist in type 'LogEntry'.
src/lib/usage-limiter.ts(154,13): error TS2353: Object literal may only specify known properties, and 'nivel' does not exist in type 'LogEntry'.
src/lib/usage-limiter.ts(283,13): error TS2353: Object literal may only specify known properties, and 'nivel' does not exist in type 'LogEntry'.
src/lib/workflow-service.ts(23,42): error TS2551: Property 'entity_type' does not exist on type '{ tenantId: string; industry: "ELEVATORS" | "LEGAL" | "IT" | "GENERIC"; name: string; entityType: "ENTITY" | "EQUIPMENT" | "USER"; states: { id: string; label: string; color: string; is_initial: boolean; ... 4 more ...; icon?: string | undefined; }[]; ... 6 more ...; _id?: any; }'. Did you mean 'entityType'?
src/lib/workflow-service.ts(29,36): error TS2551: Property 'entity_type' does not exist on type '{ tenantId: string; industry: "ELEVATORS" | "LEGAL" | "IT" | "GENERIC"; name: string; entityType: "ENTITY" | "EQUIPMENT" | "USER"; states: { id: string; label: string; color: string; is_initial: boolean; ... 4 more ...; icon?: string | undefined; }[]; ... 6 more ...; _id?: any; }'. Did you mean 'entityType'?
src/lib/workflow-service.ts(40,13): error TS2353: Object literal may only specify known properties, and 'nivel' does not exist in type 'LogEntry'.
src/lib/workflow-service.ts(45,70): error TS2551: Property 'entity_type' does not exist on type '{ tenantId: string; industry: "ELEVATORS" | "LEGAL" | "IT" | "GENERIC"; name: string; entityType: "ENTITY" | "EQUIPMENT" | "USER"; states: { id: string; label: string; color: string; is_initial: boolean; ... 4 more ...; icon?: string | undefined; }[]; ... 6 more ...; _id?: any; }'. Did you mean 'entityType'?
src/lib/workflow-service.ts(75,13): error TS2561: Object literal may only specify known properties, but 'entity_type' does not exist in type 'Partial<{ tenantId: string; industry: "ELEVATORS" | "LEGAL" | "IT" | "GENERIC"; name: string; entityType: "ENTITY" | "EQUIPMENT" | "USER"; states: { id: string; label: string; color: string; is_initial: boolean; ... 4 more ...; icon?: string | undefined; }[]; ... 6 more ...; _id?: any; }>'. Did you mean to write 'entityType'?
tests/integration/vector-search.test.ts(16,21): error TS2307: Cannot find module '../../src/app/api/pedidos/[id]/vector-search/route' or its corresponding type declarations.
