check-i18n-status.ts(36,46): error TS18048: 'sample' is possibly 'undefined'.
check-i18n-status.ts(36,63): error TS18048: 'sample' is possibly 'undefined'.
check-json-keys.ts(3,22): error TS7006: Parameter 'obj' implicitly has an 'any' type.
check-json-keys.ts(10,13): error TS7053: Element implicitly has an 'any' type because expression of type 'string' can't be used to index type '{}'.
  No index signature with a parameter of type 'string' was found on type '{}'.
check-json-keys.ts(25,27): error TS7053: Element implicitly has an 'any' type because expression of type '"common.spaces"' can't be used to index type '{}'.
  Property 'common.spaces' does not exist on type '{}'.
check-json-keys.ts(40,27): error TS7053: Element implicitly has an 'any' type because expression of type '"common.spaces"' can't be used to index type '{}'.
  Property 'common.spaces' does not exist on type '{}'.
find-json-collision.ts(4,25): error TS7006: Parameter 'obj' implicitly has an 'any' type.
find-json-collision.ts(5,11): error TS7034: Variable 'collisions' implicitly has type 'any[]' in some locations where its type cannot be determined.
find-json-collision.ts(20,12): error TS7005: Variable 'collisions' implicitly has an 'any[]' type.
src/app/(authenticated)/(admin)/admin/cases/[id]/page.tsx(19,9): error TS2353: Object literal may only specify known properties, and 'queryKey' does not exist in type 'UseApiItemOptions<any, any>'.
src/app/api/admin/billing/seed-plans/route.ts(30,39): error TS18046: 'result' is of type 'unknown'.
src/app/api/admin/billing/seed-plans/route.ts(36,25): error TS18046: 'result' is of type 'unknown'.
src/app/api/admin/users/invite/bulk/route.ts(74,68): error TS2339: Property 'expiresInDays' does not exist on type '{ invitations: { email: string; role: UserRole; tenantId?: string | undefined; }[]; }'.
src/app/api/admin/workflow-definitions/%5Bid%5D/route.ts(57,71): error TS2345: Argument of type '{ _id: string; tenantId: string; industry?: "ELEVATORS" | "LEGAL" | "BANKING" | "INSURANCE" | "IT" | "GENERIC" | "MEDICAL" | undefined; name?: string | undefined; entityType?: "USER" | "ENTITY" | "EQUIPMENT" | undefined; ... 12 more ...; updatedAt?: Date | undefined; }' is not assignable to parameter of type 'Partial<{ tenantId: string; industry: "ELEVATORS" | "LEGAL" | "BANKING" | "INSURANCE" | "IT" | "GENERIC" | "MEDICAL"; name: string; entityType: "USER" | "ENTITY" | "EQUIPMENT"; states: { id: string; ... 12 more ...; sla?: { ...; } | undefined; }[]; ... 11 more ...; compilationError?: string | undefined; }>'.
  Types of property 'states' are incompatible.
    Type '{ id: string; label: string; color: string; is_initial: boolean; is_final: boolean; can_edit: boolean; requires_validation: boolean; roles_allowed: string[]; icon?: string | undefined; checklistConfigId?: string | undefined; llmNode?: { ...; } | undefined; }[] | undefined' is not assignable to type '{ id: string; label: string; color: string; is_initial: boolean; is_final: boolean; can_edit: boolean; requires_validation: boolean; roles_allowed: string[]; icon?: string | undefined; llmNode?: { ...; } | undefined; decisionStrategy?: { ...; } | undefined; llmRouting?: { ...; } | undefined; checklistConfigId?: stri...'.
      Type '{ id: string; label: string; color: string; is_initial: boolean; is_final: boolean; can_edit: boolean; requires_validation: boolean; roles_allowed: string[]; icon?: string | undefined; checklistConfigId?: string | undefined; llmNode?: { ...; } | undefined; }[]' is not assignable to type '{ id: string; label: string; color: string; is_initial: boolean; is_final: boolean; can_edit: boolean; requires_validation: boolean; roles_allowed: string[]; icon?: string | undefined; llmNode?: { ...; } | undefined; decisionStrategy?: { ...; } | undefined; llmRouting?: { ...; } | undefined; checklistConfigId?: stri...'.
        Type '{ id: string; label: string; color: string; is_initial: boolean; is_final: boolean; can_edit: boolean; requires_validation: boolean; roles_allowed: string[]; icon?: string | undefined; checklistConfigId?: string | undefined; llmNode?: { ...; } | undefined; }' is not assignable to type '{ id: string; label: string; color: string; is_initial: boolean; is_final: boolean; can_edit: boolean; requires_validation: boolean; roles_allowed: string[]; icon?: string | undefined; llmNode?: { ...; } | undefined; decisionStrategy?: { ...; } | undefined; llmRouting?: { ...; } | undefined; checklistConfigId?: stri...'.
          Types of property 'llmNode' are incompatible.
            Type '{ promptKey: string; schemaKey: string; enabled: boolean; } | undefined' is not assignable to type '{ enabled: boolean; temperature: number; auto_transition: boolean; promptKey?: string | undefined; schemaKey?: string | undefined; } | undefined'.
              Type '{ promptKey: string; schemaKey: string; enabled: boolean; }' is missing the following properties from type '{ enabled: boolean; temperature: number; auto_transition: boolean; promptKey?: string | undefined; schemaKey?: string | undefined; }': temperature, auto_transition
src/app/api/admin/workflow-definitions/route.ts(57,71): error TS2345: Argument of type '{ tenantId: string; industry: "ELEVATORS" | "LEGAL" | "BANKING" | "INSURANCE" | "IT" | "GENERIC" | "MEDICAL"; name: string; entityType: "USER" | "ENTITY" | "EQUIPMENT"; states: { id: string; ... 9 more ...; llmNode?: { ...; } | undefined; }[]; ... 12 more ...; compilationError?: string | undefined; }' is not assignable to parameter of type 'Partial<{ tenantId: string; industry: "ELEVATORS" | "LEGAL" | "BANKING" | "INSURANCE" | "IT" | "GENERIC" | "MEDICAL"; name: string; entityType: "USER" | "ENTITY" | "EQUIPMENT"; states: { id: string; ... 12 more ...; sla?: { ...; } | undefined; }[]; ... 11 more ...; compilationError?: string | undefined; }>'.
  Types of property 'states' are incompatible.
    Type '{ id: string; label: string; color: string; is_initial: boolean; is_final: boolean; can_edit: boolean; requires_validation: boolean; roles_allowed: string[]; icon?: string | undefined; checklistConfigId?: string | undefined; llmNode?: { ...; } | undefined; }[]' is not assignable to type '{ id: string; label: string; color: string; is_initial: boolean; is_final: boolean; can_edit: boolean; requires_validation: boolean; roles_allowed: string[]; icon?: string | undefined; llmNode?: { ...; } | undefined; decisionStrategy?: { ...; } | undefined; llmRouting?: { ...; } | undefined; checklistConfigId?: stri...'.
      Type '{ id: string; label: string; color: string; is_initial: boolean; is_final: boolean; can_edit: boolean; requires_validation: boolean; roles_allowed: string[]; icon?: string | undefined; checklistConfigId?: string | undefined; llmNode?: { ...; } | undefined; }' is not assignable to type '{ id: string; label: string; color: string; is_initial: boolean; is_final: boolean; can_edit: boolean; requires_validation: boolean; roles_allowed: string[]; icon?: string | undefined; llmNode?: { ...; } | undefined; decisionStrategy?: { ...; } | undefined; llmRouting?: { ...; } | undefined; checklistConfigId?: stri...'.
        Types of property 'llmNode' are incompatible.
          Type '{ promptKey: string; schemaKey: string; enabled: boolean; } | undefined' is not assignable to type '{ enabled: boolean; temperature: number; auto_transition: boolean; promptKey?: string | undefined; schemaKey?: string | undefined; } | undefined'.
            Type '{ promptKey: string; schemaKey: string; enabled: boolean; }' is missing the following properties from type '{ enabled: boolean; temperature: number; auto_transition: boolean; promptKey?: string | undefined; schemaKey?: string | undefined; }': temperature, auto_transition
src/app/api/admin/workflow-tasks/[id]/route.ts(15,17): error TS2554: Expected 2-3 arguments, but got 1.
src/app/api/debug-key/route.ts(13,51): error TS2339: Property 'getDetailedMessages' does not exist on type 'typeof TranslationService'.
src/components/admin/WorkflowTaskDetailDialog.tsx(109,71): error TS2339: Property 'caseContext' does not exist on type '{ tenantId: string; caseId: string; type: "DOCUMENT_REVIEW" | "SECURITY_SIGNATURE" | "TECHNICAL_VALIDATION" | "COMPLIANCE_CHECK"; title: string; assignedRole: UserRole; ... 10 more ...; completedBy?: string | undefined; }'.
src/components/technical/DynamicChecklist.tsx(92,52): error TS2339: Property 'confidenceLevel' does not exist on type '{ id: string; description: string; categoryId?: string | null | undefined; notes?: string | undefined; icon?: string | undefined; }'.
src/components/technical/DynamicChecklist.tsx(93,35): error TS2339: Property 'ragReference' does not exist on type '{ id: string; description: string; categoryId?: string | null | undefined; notes?: string | undefined; icon?: string | undefined; }'.
src/components/technical/DynamicChecklist.tsx(94,96): error TS2339: Property 'ragReference' does not exist on type '{ id: string; description: string; categoryId?: string | null | undefined; notes?: string | undefined; icon?: string | undefined; }'.
src/core/engine/CaseWorkflowEngine.ts(257,47): error TS2339: Property 'createTask' does not exist on type 'typeof WorkflowTaskService'.
src/lib/agent-engine.ts(151,48): error TS2339: Property 'renderPrompt' does not exist on type 'typeof PromptService'.
src/lib/billing-service.ts(354,21): error TS2352: Conversion of type '{ tier: "FREE" | "PRO" | "ENTERPRISE"; status: "ACTIVE" | "SUSPENDED" | "CANCELLED"; overrides: Record<string, any>; planSlug?: "FREE" | "PRO" | "ENTERPRISE" | undefined; ... 4 more ...; currentPeriodEnd?: Date | undefined; } | undefined' to type '{ planSlug: "FREE" | "PRO" | "ENTERPRISE" | "BASIC"; status: "active" | "past_due" | "canceled" | "trial" | "suspended"; overrides: Record<string, { type: "FIXED" | "TIERED" | "RAPPEL" | "FLAT_FEE_OVERAGE"; ... 7 more ...; overageRules?: { ...; }[] | undefined; }>; ... 8 more ...; suspendedAt?: Date | ... 1 more ......' may be a mistake because neither type sufficiently overlaps with the other. If this was intentional, convert the expression to 'unknown' first.
  Type '{ tier: "FREE" | "PRO" | "ENTERPRISE"; status: "ACTIVE" | "SUSPENDED" | "CANCELLED"; overrides: Record<string, any>; planSlug?: "FREE" | "PRO" | "ENTERPRISE" | undefined; ... 4 more ...; currentPeriodEnd?: Date | undefined; }' is missing the following properties from type '{ planSlug: "FREE" | "PRO" | "ENTERPRISE" | "BASIC"; status: "active" | "past_due" | "canceled" | "trial" | "suspended"; overrides: Record<string, { type: "FIXED" | "TIERED" | "RAPPEL" | "FLAT_FEE_OVERAGE"; ... 7 more ...; overageRules?: { ...; }[] | undefined; }>; ... 8 more ...; suspendedAt?: Date | ... 1 more ......': createdAt, updatedAt
