src/app/api/admin/checklist-configs/route.ts(95,75): error TS2345: Argument of type '{ id: string; tenantId: string; title: string; version: number; items: { id: string; category: string; label: string; required: boolean; type: "TEXT" | "BOOLEAN" | "PHOTO" | "NUMBER" | "SELECT"; description?: string | undefined; options?: string[] | undefined; }[]; ... 4 more ...; description?: string | undefined; }' is not assignable to parameter of type 'OptionalId<Document>'.
  Type '{ id: string; tenantId: string; title: string; version: number; items: { id: string; category: string; label: string; required: boolean; type: "TEXT" | "BOOLEAN" | "PHOTO" | "NUMBER" | "SELECT"; description?: string | undefined; options?: string[] | undefined; }[]; ... 4 more ...; description?: string | undefined; }' is not assignable to type '{ _id?: ObjectId | undefined; }'.
    Types of property '_id' are incompatible.
      Type 'string | undefined' is not assignable to type 'ObjectId | undefined'.
        Type 'string' is not assignable to type 'ObjectId'.
src/app/api/admin/checklist-configs/route.ts(101,70): error TS2339: Property 'name' does not exist on type '{ id: string; tenantId: string; title: string; version: number; items: { id: string; category: string; label: string; required: boolean; type: "TEXT" | "BOOLEAN" | "PHOTO" | "NUMBER" | "SELECT"; description?: string | undefined; options?: string[] | undefined; }[]; ... 4 more ...; description?: string | undefined; }'.
src/app/api/admin/ingest/jobs/route.ts(25,67): error TS2322: Type 'string' is not assignable to type '"active" | "completed" | "failed" | "delayed"'.
src/app/api/billing/create-checkout/route.ts(45,41): error TS2551: Property 'stripe_customer_id' does not exist on type '{ planSlug: "FREE" | "BASIC" | "PRO" | "ENTERPRISE"; status: "active" | "trial" | "past_due" | "suspended" | "canceled"; overrides: Record<string, { type: "FIXED" | "TIERED" | "RAPPEL" | "FLAT_FEE_OVERAGE"; ... 7 more ...; overageRules?: { ...; }[] | undefined; }>; ... 8 more ...; suspendedAt?: Date | ... 1 more ......'. Did you mean 'stripeCustomerId'?
src/app/api/billing/portal/route.ts(24,55): error TS2551: Property 'stripe_customer_id' does not exist on type '{ planSlug: "FREE" | "BASIC" | "PRO" | "ENTERPRISE"; status: "active" | "trial" | "past_due" | "suspended" | "canceled"; overrides: Record<string, { type: "FIXED" | "TIERED" | "RAPPEL" | "FLAT_FEE_OVERAGE"; ... 7 more ...; overageRules?: { ...; }[] | undefined; }>; ... 8 more ...; suspendedAt?: Date | ... 1 more ......'. Did you mean 'stripeCustomerId'?
src/app/api/entities/[id]/checklist/route.ts(12,10): error TS2305: Module '"@/lib/schemas"' has no exported member 'ChecklistItem'.
src/app/api/entities/[id]/checklist/route.ts(100,79): error TS2339: Property 'name' does not exist on type '{ id: string; tenantId: string; title: string; version: number; items: { id: string; category: string; label: string; required: boolean; type: "TEXT" | "BOOLEAN" | "PHOTO" | "NUMBER" | "SELECT"; description?: string | undefined; options?: string[] | undefined; }[]; ... 4 more ...; description?: string | undefined; }'.
src/app/api/sandbox/chat/route.ts(15,68): error TS2339: Property 'SANDBOX' does not exist on type '{ AUTH: { limit: number; window: "5 m"; }; ADMIN: { limit: number; window: "1 m"; }; PUBLIC: { limit: number; window: "1 m"; }; CORE: { limit: number; window: "1 m"; }; }'.
src/app/api/user/preferences/route.ts(101,13): error TS2353: Object literal may only specify known properties, and 'userId' does not exist in type 'Omit<{ actorType: "SYSTEM" | "USER" | "IA"; actorId: string; tenantId: string; action: string; entityType: "SYSTEM" | "TENANT" | "USER" | "DOCUMENT" | "PROMPT" | "BILLING" | "GOVERNANCE"; ... 8 more ...; userAgent?: string | undefined; }, "_id" | "timestamp">'.
src/components/admin/ChecklistConfigList.tsx(34,65): error TS2339: Property 'name' does not exist on type '{ id: string; tenantId: string; title: string; version: number; items: { id: string; category: string; label: string; required: boolean; type: "TEXT" | "BOOLEAN" | "PHOTO" | "NUMBER" | "SELECT"; description?: string | undefined; options?: string[] | undefined; }[]; ... 4 more ...; description?: string | undefined; }'.
src/components/admin/ChecklistConfigList.tsx(46,87): error TS2339: Property 'name' does not exist on type '{ id: string; tenantId: string; title: string; version: number; items: { id: string; category: string; label: string; required: boolean; type: "TEXT" | "BOOLEAN" | "PHOTO" | "NUMBER" | "SELECT"; description?: string | undefined; options?: string[] | undefined; }[]; ... 4 more ...; description?: string | undefined; }'.
src/components/admin/ChecklistConfigList.tsx(57,29): error TS2339: Property 'categories' does not exist on type '{ id: string; tenantId: string; title: string; version: number; items: { id: string; category: string; label: string; required: boolean; type: "TEXT" | "BOOLEAN" | "PHOTO" | "NUMBER" | "SELECT"; description?: string | undefined; options?: string[] | undefined; }[]; ... 4 more ...; description?: string | undefined; }'.
src/components/admin/ChecklistConfigList.tsx(57,56): error TS7006: Parameter 'cat' implicitly has an 'any' type.
src/components/admin/ChecklistConfigList.tsx(70,29): error TS2339: Property 'categories' does not exist on type '{ id: string; tenantId: string; title: string; version: number; items: { id: string; category: string; label: string; required: boolean; type: "TEXT" | "BOOLEAN" | "PHOTO" | "NUMBER" | "SELECT"; description?: string | undefined; options?: string[] | undefined; }[]; ... 4 more ...; description?: string | undefined; }'.
src/components/admin/ChecklistConfigList.tsx(72,38): error TS2339: Property 'categories' does not exist on type '{ id: string; tenantId: string; title: string; version: number; items: { id: string; category: string; label: string; required: boolean; type: "TEXT" | "BOOLEAN" | "PHOTO" | "NUMBER" | "SELECT"; description?: string | undefined; options?: string[] | undefined; }[]; ... 4 more ...; description?: string | undefined; }'.
src/components/admin/ChecklistConfigList.tsx(81,24): error TS2551: Property 'isActive' does not exist on type '{ id: string; tenantId: string; title: string; version: number; items: { id: string; category: string; label: string; required: boolean; type: "TEXT" | "BOOLEAN" | "PHOTO" | "NUMBER" | "SELECT"; description?: string | undefined; options?: string[] | undefined; }[]; ... 4 more ...; description?: string | undefined; }'. Did you mean 'active'?
src/components/admin/knowledge/KnowledgeAssetsManager.tsx(209,21): error TS2322: Type '"primary"' is not assignable to type '"blue" | "emerald" | "amber" | "slate" | "teal" | "purple" | "rose" | undefined'.
src/components/admin/knowledge/KnowledgeAssetsManager.tsx(215,21): error TS2322: Type '"primary"' is not assignable to type '"blue" | "emerald" | "amber" | "slate" | "teal" | "purple" | "rose" | undefined'.
src/components/admin/knowledge/KnowledgeAssetsManager.tsx(221,21): error TS2322: Type '"primary"' is not assignable to type '"blue" | "emerald" | "amber" | "slate" | "teal" | "purple" | "rose" | undefined'.
src/components/admin/workflows/WorkflowDesigner.tsx(211,57): error TS2353: Object literal may only specify known properties, and 'temperature' does not exist in type '{ promptKey: string; schemaKey: string; enabled: boolean; }'.
src/components/admin/workflows/WorkflowDesigner.tsx(211,85): error TS2339: Property 'temperature' does not exist on type '{ promptKey: string; schemaKey: string; enabled: boolean; }'.
src/components/admin/workflows/WorkflowDesigner.tsx(212,89): error TS2339: Property 'auto_transition' does not exist on type '{ promptKey: string; schemaKey: string; enabled: boolean; }'.
src/components/admin/workflows/WorkflowDesigner.tsx(273,68): error TS2339: Property 'name' does not exist on type '{ id: string; tenantId: string; title: string; version: number; items: { id: string; category: string; label: string; required: boolean; type: "TEXT" | "BOOLEAN" | "PHOTO" | "NUMBER" | "SELECT"; description?: string | undefined; options?: string[] | undefined; }[]; ... 4 more ...; description?: string | undefined; }'.
src/components/admin/WorkflowTaskDetailDialog.tsx(80,30): error TS18048: 'task._id' is possibly 'undefined'.
src/components/admin/WorkflowTaskInbox.tsx(77,34): error TS18048: 'task._id' is possibly 'undefined'.
src/components/landing/ROICalculator.tsx(48,21): error TS2322: Type '{ badge: string; title: string; description: string; }' is not assignable to type 'IntrinsicAttributes & SectionHeadingProps'.
  Property 'description' does not exist on type 'IntrinsicAttributes & SectionHeadingProps'.
src/components/technical/DynamicChecklist.tsx(5,27): error TS2305: Module '"@/lib/schemas"' has no exported member 'ChecklistItem'.
src/components/technical/DynamicChecklist.tsx(28,45): error TS2339: Property 'categories' does not exist on type '{ id: string; tenantId: string; title: string; version: number; items: { id: string; category: string; label: string; required: boolean; type: "TEXT" | "BOOLEAN" | "PHOTO" | "NUMBER" | "SELECT"; description?: string | undefined; options?: string[] | undefined; }[]; ... 4 more ...; description?: string | undefined; }'.
src/components/technical/DynamicChecklist.tsx(28,60): error TS7006: Parameter 'c' implicitly has an 'any' type.
src/components/technical/DynamicChecklist.tsx(29,16): error TS2339: Property 'categories' does not exist on type '{ id: string; tenantId: string; title: string; version: number; items: { id: string; category: string; label: string; required: boolean; type: "TEXT" | "BOOLEAN" | "PHOTO" | "NUMBER" | "SELECT"; description?: string | undefined; options?: string[] | undefined; }[]; ... 4 more ...; description?: string | undefined; }'.
src/components/technical/DynamicChecklist.tsx(32,33): error TS2339: Property 'categories' does not exist on type '{ id: string; tenantId: string; title: string; version: number; items: { id: string; category: string; label: string; required: boolean; type: "TEXT" | "BOOLEAN" | "PHOTO" | "NUMBER" | "SELECT"; description?: string | undefined; options?: string[] | undefined; }[]; ... 4 more ...; description?: string | undefined; }'.
src/components/technical/DynamicChecklist.tsx(32,52): error TS7006: Parameter 'acc' implicitly has an 'any' type.
src/components/technical/DynamicChecklist.tsx(32,57): error TS7006: Parameter 'cat' implicitly has an 'any' type.
src/components/technical/DynamicChecklist.tsx(106,21): error TS2339: Property 'categories' does not exist on type '{ id: string; tenantId: string; title: string; version: number; items: { id: string; category: string; label: string; required: boolean; type: "TEXT" | "BOOLEAN" | "PHOTO" | "NUMBER" | "SELECT"; description?: string | undefined; options?: string[] | undefined; }[]; ... 4 more ...; description?: string | undefined; }'.
src/components/technical/DynamicChecklist.tsx(106,36): error TS7006: Parameter 'cat' implicitly has an 'any' type.
src/components/technical/DynamicChecklist.tsx(111,61): error TS7006: Parameter 'i' implicitly has an 'any' type.
src/lib/audit-pdf-export.ts(53,53): error TS2339: Property 'name' does not exist on type '{ id: string; tenantId: string; title: string; version: number; items: { id: string; category: string; label: string; required: boolean; type: "TEXT" | "BOOLEAN" | "PHOTO" | "NUMBER" | "SELECT"; description?: string | undefined; options?: string[] | undefined; }[]; ... 4 more ...; description?: string | undefined; }'.
src/lib/audit-pdf-export.ts(65,38): error TS2339: Property 'categories' does not exist on type '{ id: string; tenantId: string; title: string; version: number; items: { id: string; category: string; label: string; required: boolean; type: "TEXT" | "BOOLEAN" | "PHOTO" | "NUMBER" | "SELECT"; description?: string | undefined; options?: string[] | undefined; }[]; ... 4 more ...; description?: string | undefined; }'.
src/lib/audit-pdf-export.ts(65,57): error TS7006: Parameter 'c' implicitly has an 'any' type.
src/lib/audit-pdf-export.ts(76,13): error TS2367: This comparison appears to be unintentional because the types '"PENDING" | "REJECTED" | "APPROVED" | "NEEDS_CHANGES" | "NOT_APPLICABLE"' and '"OK"' have no overlap.
src/lib/audit-pdf-export.ts(77,18): error TS2367: This comparison appears to be unintentional because the types '"PENDING" | "REJECTED" | "APPROVED" | "NEEDS_CHANGES" | "NOT_APPLICABLE"' and '"REVIEW"' have no overlap.
src/lib/audit-pdf-export.ts(84,29): error TS2367: This comparison appears to be unintentional because the types '"PENDING" | "REJECTED" | "APPROVED" | "NEEDS_CHANGES" | "NOT_APPLICABLE"' and '"OK"' have no overlap.
src/lib/audit-pdf-export.ts(84,68): error TS2367: This comparison appears to be unintentional because the types '"PENDING" | "REJECTED" | "APPROVED" | "NEEDS_CHANGES" | "NOT_APPLICABLE"' and '"REVIEW"' have no overlap.
src/lib/audit-pdf-export.ts(95,28): error TS2339: Property 'notes' does not exist on type '{ itemId: string; status: "PENDING" | "REJECTED" | "APPROVED" | "NEEDS_CHANGES" | "NOT_APPLICABLE"; validationSource: "HUMAN" | "AI" | "AUTO"; value?: any; comments?: string | undefined; evidenceUrls?: string[] | undefined; validatedBy?: string | undefined; validatedAt?: Date | undefined; aiConfidence?: number | und...'.
src/lib/billing-service.ts(71,44): error TS2339: Property 'tier' does not exist on type '{ planSlug: "FREE" | "BASIC" | "PRO" | "ENTERPRISE"; status: "active" | "trial" | "past_due" | "suspended" | "canceled"; overrides: Record<string, { type: "FIXED" | "TIERED" | "RAPPEL" | "FLAT_FEE_OVERAGE"; ... 7 more ...; overageRules?: { ...; }[] | undefined; }>; ... 8 more ...; suspendedAt?: Date | ... 1 more ......'.
src/lib/billing-service.ts(148,58): error TS2339: Property 'tier' does not exist on type '{ planSlug: "FREE" | "BASIC" | "PRO" | "ENTERPRISE"; status: "active" | "trial" | "past_due" | "suspended" | "canceled"; overrides: Record<string, { type: "FIXED" | "TIERED" | "RAPPEL" | "FLAT_FEE_OVERAGE"; ... 7 more ...; overageRules?: { ...; }[] | undefined; }>; ... 8 more ...; suspendedAt?: Date | ... 1 more ......'.
src/lib/billing-service.ts(179,50): error TS2339: Property 'tier' does not exist on type '{ planSlug: "FREE" | "BASIC" | "PRO" | "ENTERPRISE"; status: "active" | "trial" | "past_due" | "suspended" | "canceled"; overrides: Record<string, { type: "FIXED" | "TIERED" | "RAPPEL" | "FLAT_FEE_OVERAGE"; ... 7 more ...; overageRules?: { ...; }[] | undefined; }>; ... 8 more ...; suspendedAt?: Date | ... 1 more ......'.
src/lib/checklist-auto-classifier.ts(11,5): error TS2305: Module '"@/lib/schemas"' has no exported member 'ChecklistItem'.
src/lib/checklist-auto-classifier.ts(46,35): error TS2339: Property 'categories' does not exist on type '{ id: string; tenantId: string; title: string; version: number; items: { id: string; category: string; label: string; required: boolean; type: "TEXT" | "BOOLEAN" | "PHOTO" | "NUMBER" | "SELECT"; description?: string | undefined; options?: string[] | undefined; }[]; ... 4 more ...; description?: string | undefined; }'.
src/lib/checklist-auto-classifier.ts(74,30): error TS2339: Property 'categories' does not exist on type '{ id: string; tenantId: string; title: string; version: number; items: { id: string; category: string; label: string; required: boolean; type: "TEXT" | "BOOLEAN" | "PHOTO" | "NUMBER" | "SELECT"; description?: string | undefined; options?: string[] | undefined; }[]; ... 4 more ...; description?: string | undefined; }'.
src/lib/default-checklist-config.ts(10,5): error TS2353: Object literal may only specify known properties, and 'name' does not exist in type '{ id: string; tenantId: string; title: string; version: number; items: { id: string; category: string; label: string; required: boolean; type: "TEXT" | "BOOLEAN" | "PHOTO" | "NUMBER" | "SELECT"; description?: string | undefined; options?: string[] | undefined; }[]; ... 4 more ...; description?: string | undefined; }'.
src/lib/prompt-service.ts(206,15): error TS2741: Property 'industry' is missing in type '{ promptId: ObjectId; tenantId: any; version: any; template: any; variables: any; changedBy: string; changeReason: string; correlationId: string | undefined; ip: string | undefined; userAgent: string | undefined; environment: any; createdAt: Date; }' but required in type '{ promptId: any; tenantId: string; version: number; template: string; variables: { name: string; type: "string" | "number" | "boolean" | "json"; required: boolean; description?: string | undefined; }[]; ... 9 more ...; model?: string | undefined; }'.
src/lib/prompt-service.ts(280,15): error TS2741: Property 'industry' is missing in type '{ promptId: ObjectId; tenantId: any; version: any; template: any; variables: any; changedBy: string; changeReason: string; environment: any; createdAt: Date; }' but required in type '{ promptId: any; tenantId: string; version: number; template: string; variables: { name: string; type: "string" | "number" | "boolean" | "json"; required: boolean; description?: string | undefined; }[]; ... 9 more ...; model?: string | undefined; }'.
src/lib/quota-service.ts(183,78): error TS2339: Property 'overage' does not exist on type 'PlanLimits'.
src/lib/quota-service.ts(186,72): error TS2339: Property 'overage' does not exist on type 'PlanLimits'.
src/lib/quota-service.ts(189,85): error TS2339: Property 'overage' does not exist on type 'PlanLimits'.
src/lib/schemas/workshop.ts(6,17): error TS2554: Expected 2-3 arguments, but got 1.
src/lib/services/workshop-service.ts(61,44): error TS2339: Property 'WORKSHOP_PARTS_EXTRACTOR' does not exist on type '{ EXTRAER_MODELOS: string; ANALIZAR_CHUNK: string; RESUMIR_CONTEXTO: string; I18N_AUTO_TRANSLATE: string; GRAPH_EXTRACTOR: string; QUERY_ENTITY_EXTRACTOR: string; RAG_JUDGE: string; RAG_SELF_CORRECT: string; DOMAIN_DETECTOR: string; COGNITIVE_CONTEXT: string; CHUNKING_LLM_CUTTER: string; RAG_RERANKER: string; }'.
src/lib/types.ts(9,5): error TS2305: Module '"@/lib/schemas"' has no exported member 'ChecklistItem'.
src/lib/types.ts(10,5): error TS2305: Module '"@/lib/schemas"' has no exported member 'ChecklistCategory'.
src/lib/workflow-orchestrator-service.ts(117,42): error TS2339: Property 'WORKFLOW_ROUTER' does not exist on type '{ EXTRAER_MODELOS: string; ANALIZAR_CHUNK: string; RESUMIR_CONTEXTO: string; I18N_AUTO_TRANSLATE: string; GRAPH_EXTRACTOR: string; QUERY_ENTITY_EXTRACTOR: string; RAG_JUDGE: string; RAG_SELF_CORRECT: string; DOMAIN_DETECTOR: string; COGNITIVE_CONTEXT: string; CHUNKING_LLM_CUTTER: string; RAG_RERANKER: string; }'.
src/lib/workflow-orchestrator-service.ts(216,42): error TS2339: Property 'WORKFLOW_GENERATOR' does not exist on type '{ EXTRAER_MODELOS: string; ANALIZAR_CHUNK: string; RESUMIR_CONTEXTO: string; I18N_AUTO_TRANSLATE: string; GRAPH_EXTRACTOR: string; QUERY_ENTITY_EXTRACTOR: string; RAG_JUDGE: string; RAG_SELF_CORRECT: string; DOMAIN_DETECTOR: string; COGNITIVE_CONTEXT: string; CHUNKING_LLM_CUTTER: string; RAG_RERANKER: string; }'.
src/scripts/test-bulk-invite-docs.ts(15,7): error TS2741: Property 'expiresInDays' is missing in type '{ invitations: ({ email: string; role: UserRole.TECHNICAL; } | { email: string; role: UserRole.ADMINISTRATIVE; })[]; }' but required in type '{ invitations: { email: string; role: UserRole; tenantId?: string | undefined; }[]; expiresInDays: number; }'.
src/store/configurator-store.ts(39,9): error TS2353: Object literal may only specify known properties, and 'name' does not exist in type '{ id: string; tenantId: string; title: string; version: number; items: { id: string; category: string; label: string; required: boolean; type: "TEXT" | "BOOLEAN" | "PHOTO" | "NUMBER" | "SELECT"; description?: string | undefined; options?: string[] | undefined; }[]; ... 4 more ...; description?: string | undefined; }'.
src/store/configurator-store.ts(54,47): error TS2339: Property 'categories' does not exist on type '{ id: string; tenantId: string; title: string; version: number; items: { id: string; category: string; label: string; required: boolean; type: "TEXT" | "BOOLEAN" | "PHOTO" | "NUMBER" | "SELECT"; description?: string | undefined; options?: string[] | undefined; }[]; ... 4 more ...; description?: string | undefined; }'.
src/store/configurator-store.ts(54,85): error TS2339: Property 'categories' does not exist on type '{ id: string; tenantId: string; title: string; version: number; items: { id: string; category: string; label: string; required: boolean; type: "TEXT" | "BOOLEAN" | "PHOTO" | "NUMBER" | "SELECT"; description?: string | undefined; options?: string[] | undefined; }[]; ... 4 more ...; description?: string | undefined; }'.
src/store/configurator-store.ts(76,30): error TS2339: Property 'categories' does not exist on type '{ id: string; tenantId: string; title: string; version: number; items: { id: string; category: string; label: string; required: boolean; type: "TEXT" | "BOOLEAN" | "PHOTO" | "NUMBER" | "SELECT"; description?: string | undefined; options?: string[] | undefined; }[]; ... 4 more ...; description?: string | undefined; }'.
src/store/configurator-store.ts(83,46): error TS2339: Property 'categories' does not exist on type '{ id: string; tenantId: string; title: string; version: number; items: { id: string; category: string; label: string; required: boolean; type: "TEXT" | "BOOLEAN" | "PHOTO" | "NUMBER" | "SELECT"; description?: string | undefined; options?: string[] | undefined; }[]; ... 4 more ...; description?: string | undefined; }'.
src/store/configurator-store.ts(84,49): error TS2339: Property 'workflowOrder' does not exist on type '{ id: string; tenantId: string; title: string; version: number; items: { id: string; category: string; label: string; required: boolean; type: "TEXT" | "BOOLEAN" | "PHOTO" | "NUMBER" | "SELECT"; description?: string | undefined; options?: string[] | undefined; }[]; ... 4 more ...; description?: string | undefined; }'.
src/store/configurator-store.ts(95,42): error TS2339: Property 'categories' does not exist on type '{ id: string; tenantId: string; title: string; version: number; items: { id: string; category: string; label: string; required: boolean; type: "TEXT" | "BOOLEAN" | "PHOTO" | "NUMBER" | "SELECT"; description?: string | undefined; options?: string[] | undefined; }[]; ... 4 more ...; description?: string | undefined; }'.
src/store/configurator-store.ts(95,60): error TS7006: Parameter 'c' implicitly has an 'any' type.
src/store/configurator-store.ts(96,57): error TS2551: Property 'categoryId' does not exist on type '{ id: string; category: string; label: string; required: boolean; type: "TEXT" | "BOOLEAN" | "PHOTO" | "NUMBER" | "SELECT"; description?: string | undefined; options?: string[] | undefined; }'. Did you mean 'category'?
src/store/configurator-store.ts(97,45): error TS2339: Property 'workflowOrder' does not exist on type '{ id: string; tenantId: string; title: string; version: number; items: { id: string; category: string; label: string; required: boolean; type: "TEXT" | "BOOLEAN" | "PHOTO" | "NUMBER" | "SELECT"; description?: string | undefined; options?: string[] | undefined; }[]; ... 4 more ...; description?: string | undefined; }'.
src/store/configurator-store.ts(97,66): error TS7006: Parameter 'oid' implicitly has an 'any' type.
src/store/configurator-store.ts(106,38): error TS2339: Property 'categories' does not exist on type '{ id: string; tenantId: string; title: string; version: number; items: { id: string; category: string; label: string; required: boolean; type: "TEXT" | "BOOLEAN" | "PHOTO" | "NUMBER" | "SELECT"; description?: string | undefined; options?: string[] | undefined; }[]; ... 4 more ...; description?: string | undefined; }'.
src/store/configurator-store.ts(106,53): error TS7006: Parameter 'c' implicitly has an 'any' type.
src/store/configurator-store.ts(111,39): error TS2339: Property 'workflowOrder' does not exist on type '{ id: string; tenantId: string; title: string; version: number; items: { id: string; category: string; label: string; required: boolean; type: "TEXT" | "BOOLEAN" | "PHOTO" | "NUMBER" | "SELECT"; description?: string | undefined; options?: string[] | undefined; }[]; ... 4 more ...; description?: string | undefined; }'.
src/store/configurator-store.ts(112,39): error TS2339: Property 'workflowOrder' does not exist on type '{ id: string; tenantId: string; title: string; version: number; items: { id: string; category: string; label: string; required: boolean; type: "TEXT" | "BOOLEAN" | "PHOTO" | "NUMBER" | "SELECT"; description?: string | undefined; options?: string[] | undefined; }[]; ... 4 more ...; description?: string | undefined; }'.
src/store/configurator-store.ts(113,49): error TS2339: Property 'workflowOrder' does not exist on type '{ id: string; tenantId: string; title: string; version: number; items: { id: string; category: string; label: string; required: boolean; type: "TEXT" | "BOOLEAN" | "PHOTO" | "NUMBER" | "SELECT"; description?: string | undefined; options?: string[] | undefined; }[]; ... 4 more ...; description?: string | undefined; }'.
src/store/configurator-store.ts(115,45): error TS2339: Property 'categories' does not exist on type '{ id: string; tenantId: string; title: string; version: number; items: { id: string; category: string; label: string; required: boolean; type: "TEXT" | "BOOLEAN" | "PHOTO" | "NUMBER" | "SELECT"; description?: string | undefined; options?: string[] | undefined; }[]; ... 4 more ...; description?: string | undefined; }'.
src/store/configurator-store.ts(164,64): error TS2551: Property 'categoryId' does not exist on type '{ id: string; category: string; label: string; required: boolean; type: "TEXT" | "BOOLEAN" | "PHOTO" | "NUMBER" | "SELECT"; description?: string | undefined; options?: string[] | undefined; }'. Did you mean 'category'?
src/store/configurator-store.ts(165,61): error TS2551: Property 'categoryId' does not exist on type '{ id: string; category: string; label: string; required: boolean; type: "TEXT" | "BOOLEAN" | "PHOTO" | "NUMBER" | "SELECT"; description?: string | undefined; options?: string[] | undefined; }'. Did you mean 'category'?
src/store/configurator-store.ts(182,23): error TS2339: Property 'categories' does not exist on type '{ id: string; tenantId: string; title: string; version: number; items: { id: string; category: string; label: string; required: boolean; type: "TEXT" | "BOOLEAN" | "PHOTO" | "NUMBER" | "SELECT"; description?: string | undefined; options?: string[] | undefined; }[]; ... 4 more ...; description?: string | undefined; }'.
src/store/configurator-store.ts(182,39): error TS7006: Parameter 'c' implicitly has an 'any' type.
src/store/configurator-store.ts(187,43): error TS2551: Property 'categoryId' does not exist on type '{ id: string; category: string; label: string; required: boolean; type: "TEXT" | "BOOLEAN" | "PHOTO" | "NUMBER" | "SELECT"; description?: string | undefined; options?: string[] | undefined; }'. Did you mean 'category'?
src/verticals/elevators/components/checklist-editor/CategoryForm.tsx(4,10): error TS2305: Module '"@/lib/schemas"' has no exported member 'ChecklistCategory'.
src/verticals/elevators/components/checklist-editor/CategoryForm.tsx(45,48): error TS7006: Parameter 't' implicitly has an 'any' type.
src/verticals/elevators/components/checklist-editor/CategoryForm.tsx(185,44): error TS7006: Parameter 'tag' implicitly has an 'any' type.
src/verticals/elevators/components/checklist-editor/ChecklistEditor.tsx(4,27): error TS2305: Module '"@/lib/schemas"' has no exported member 'ChecklistCategory'.
src/verticals/elevators/components/checklist-editor/ChecklistEditor.tsx(46,37): error TS2339: Property 'categories' does not exist on type '{ id: string; tenantId: string; title: string; version: number; items: { id: string; category: string; label: string; required: boolean; type: "TEXT" | "BOOLEAN" | "PHOTO" | "NUMBER" | "SELECT"; description?: string | undefined; options?: string[] | undefined; }[]; ... 4 more ...; description?: string | undefined; }'.
src/verticals/elevators/components/checklist-editor/ChecklistEditor.tsx(46,59): error TS7006: Parameter 'c' implicitly has an 'any' type.
src/verticals/elevators/components/checklist-editor/ChecklistEditor.tsx(47,37): error TS2339: Property 'categories' does not exist on type '{ id: string; tenantId: string; title: string; version: number; items: { id: string; category: string; label: string; required: boolean; type: "TEXT" | "BOOLEAN" | "PHOTO" | "NUMBER" | "SELECT"; description?: string | undefined; options?: string[] | undefined; }[]; ... 4 more ...; description?: string | undefined; }'.
src/verticals/elevators/components/checklist-editor/ChecklistEditor.tsx(47,59): error TS7006: Parameter 'c' implicitly has an 'any' type.
src/verticals/elevators/components/checklist-editor/ChecklistEditor.tsx(49,52): error TS2339: Property 'categories' does not exist on type '{ id: string; tenantId: string; title: string; version: number; items: { id: string; category: string; label: string; required: boolean; type: "TEXT" | "BOOLEAN" | "PHOTO" | "NUMBER" | "SELECT"; description?: string | undefined; options?: string[] | undefined; }[]; ... 4 more ...; description?: string | undefined; }'.
src/verticals/elevators/components/checklist-editor/ChecklistEditor.tsx(52,17): error TS2353: Object literal may only specify known properties, and 'categories' does not exist in type '{ id: string; tenantId: string; title: string; version: number; items: { id: string; category: string; label: string; required: boolean; type: "TEXT" | "BOOLEAN" | "PHOTO" | "NUMBER" | "SELECT"; description?: string | undefined; options?: string[] | undefined; }[]; ... 4 more ...; description?: string | undefined; }'.
src/verticals/elevators/components/checklist-editor/ChecklistEditor.tsx(53,55): error TS18046: 'c' is of type 'unknown'.
src/verticals/elevators/components/checklist-editor/ChecklistEditor.tsx(65,30): error TS2339: Property 'categories' does not exist on type '{ id: string; tenantId: string; title: string; version: number; items: { id: string; category: string; label: string; required: boolean; type: "TEXT" | "BOOLEAN" | "PHOTO" | "NUMBER" | "SELECT"; description?: string | undefined; options?: string[] | undefined; }[]; ... 4 more ...; description?: string | undefined; }'.
src/verticals/elevators/components/checklist-editor/ChecklistEditor.tsx(68,42): error TS2339: Property 'categories' does not exist on type '{ id: string; tenantId: string; title: string; version: number; items: { id: string; category: string; label: string; required: boolean; type: "TEXT" | "BOOLEAN" | "PHOTO" | "NUMBER" | "SELECT"; description?: string | undefined; options?: string[] | undefined; }[]; ... 4 more ...; description?: string | undefined; }'.
src/verticals/elevators/components/checklist-editor/ChecklistEditor.tsx(71,13): error TS2353: Object literal may only specify known properties, and 'categories' does not exist in type '{ id: string; tenantId: string; title: string; version: number; items: { id: string; category: string; label: string; required: boolean; type: "TEXT" | "BOOLEAN" | "PHOTO" | "NUMBER" | "SELECT"; description?: string | undefined; options?: string[] | undefined; }[]; ... 4 more ...; description?: string | undefined; }'.
src/verticals/elevators/components/checklist-editor/ChecklistEditor.tsx(78,38): error TS2339: Property 'categories' does not exist on type '{ id: string; tenantId: string; title: string; version: number; items: { id: string; category: string; label: string; required: boolean; type: "TEXT" | "BOOLEAN" | "PHOTO" | "NUMBER" | "SELECT"; description?: string | undefined; options?: string[] | undefined; }[]; ... 4 more ...; description?: string | undefined; }'.
src/verticals/elevators/components/checklist-editor/ChecklistEditor.tsx(78,53): error TS7006: Parameter 'c' implicitly has an 'any' type.
src/verticals/elevators/components/checklist-editor/ChecklistEditor.tsx(81,13): error TS2353: Object literal may only specify known properties, and 'categories' does not exist in type '{ id: string; tenantId: string; title: string; version: number; items: { id: string; category: string; label: string; required: boolean; type: "TEXT" | "BOOLEAN" | "PHOTO" | "NUMBER" | "SELECT"; description?: string | undefined; options?: string[] | undefined; }[]; ... 4 more ...; description?: string | undefined; }'.
src/verticals/elevators/components/checklist-editor/ChecklistEditor.tsx(86,38): error TS2339: Property 'categories' does not exist on type '{ id: string; tenantId: string; title: string; version: number; items: { id: string; category: string; label: string; required: boolean; type: "TEXT" | "BOOLEAN" | "PHOTO" | "NUMBER" | "SELECT"; description?: string | undefined; options?: string[] | undefined; }[]; ... 4 more ...; description?: string | undefined; }'.
src/verticals/elevators/components/checklist-editor/ChecklistEditor.tsx(86,56): error TS7006: Parameter 'c' implicitly has an 'any' type.
src/verticals/elevators/components/checklist-editor/ChecklistEditor.tsx(89,13): error TS2353: Object literal may only specify known properties, and 'categories' does not exist in type '{ id: string; tenantId: string; title: string; version: number; items: { id: string; category: string; label: string; required: boolean; type: "TEXT" | "BOOLEAN" | "PHOTO" | "NUMBER" | "SELECT"; description?: string | undefined; options?: string[] | undefined; }[]; ... 4 more ...; description?: string | undefined; }'.
src/verticals/elevators/components/checklist-editor/ChecklistEditor.tsx(90,46): error TS7006: Parameter 'c' implicitly has an 'any' type.
src/verticals/elevators/components/checklist-editor/ChecklistEditor.tsx(95,36): error TS2339: Property 'categories' does not exist on type '{ id: string; tenantId: string; title: string; version: number; items: { id: string; category: string; label: string; required: boolean; type: "TEXT" | "BOOLEAN" | "PHOTO" | "NUMBER" | "SELECT"; description?: string | undefined; options?: string[] | undefined; }[]; ... 4 more ...; description?: string | undefined; }'.
src/verticals/elevators/components/checklist-editor/ChecklistEditor.tsx(95,52): error TS7006: Parameter 'c' implicitly has an 'any' type.
src/verticals/elevators/components/checklist-editor/ChecklistEditor.tsx(113,47): error TS2339: Property 'name' does not exist on type '{ id: string; tenantId: string; title: string; version: number; items: { id: string; category: string; label: string; required: boolean; type: "TEXT" | "BOOLEAN" | "PHOTO" | "NUMBER" | "SELECT"; description?: string | undefined; options?: string[] | undefined; }[]; ... 4 more ...; description?: string | undefined; }'.
src/verticals/elevators/components/checklist-editor/ChecklistEditor.tsx(114,72): error TS2353: Object literal may only specify known properties, and 'name' does not exist in type '{ id: string; tenantId: string; title: string; version: number; items: { id: string; category: string; label: string; required: boolean; type: "TEXT" | "BOOLEAN" | "PHOTO" | "NUMBER" | "SELECT"; description?: string | undefined; options?: string[] | undefined; }[]; ... 4 more ...; description?: string | undefined; }'.
src/verticals/elevators/components/checklist-editor/ChecklistEditor.tsx(123,70): error TS2561: Object literal may only specify known properties, but 'isActive' does not exist in type '{ id: string; tenantId: string; title: string; version: number; items: { id: string; category: string; label: string; required: boolean; type: "TEXT" | "BOOLEAN" | "PHOTO" | "NUMBER" | "SELECT"; description?: string | undefined; options?: string[] | undefined; }[]; ... 4 more ...; description?: string | undefined; }'. Did you mean to write 'active'?
src/verticals/elevators/components/checklist-editor/ChecklistEditor.tsx(123,88): error TS2551: Property 'isActive' does not exist on type '{ id: string; tenantId: string; title: string; version: number; items: { id: string; category: string; label: string; required: boolean; type: "TEXT" | "BOOLEAN" | "PHOTO" | "NUMBER" | "SELECT"; description?: string | undefined; options?: string[] | undefined; }[]; ... 4 more ...; description?: string | undefined; }'. Did you mean 'active'?
src/verticals/elevators/components/checklist-editor/ChecklistEditor.tsx(124,128): error TS2551: Property 'isActive' does not exist on type '{ id: string; tenantId: string; title: string; version: number; items: { id: string; category: string; label: string; required: boolean; type: "TEXT" | "BOOLEAN" | "PHOTO" | "NUMBER" | "SELECT"; description?: string | undefined; options?: string[] | undefined; }[]; ... 4 more ...; description?: string | undefined; }'. Did you mean 'active'?
src/verticals/elevators/components/checklist-editor/ChecklistEditor.tsx(126,134): error TS2551: Property 'isActive' does not exist on type '{ id: string; tenantId: string; title: string; version: number; items: { id: string; category: string; label: string; required: boolean; type: "TEXT" | "BOOLEAN" | "PHOTO" | "NUMBER" | "SELECT"; description?: string | undefined; options?: string[] | undefined; }[]; ... 4 more ...; description?: string | undefined; }'. Did you mean 'active'?
src/verticals/elevators/components/checklist-editor/ChecklistEditor.tsx(153,47): error TS2339: Property 'categories' does not exist on type '{ id: string; tenantId: string; title: string; version: number; items: { id: string; category: string; label: string; required: boolean; type: "TEXT" | "BOOLEAN" | "PHOTO" | "NUMBER" | "SELECT"; description?: string | undefined; options?: string[] | undefined; }[]; ... 4 more ...; description?: string | undefined; }'.
src/verticals/elevators/components/checklist-editor/ChecklistEditor.tsx(153,62): error TS7006: Parameter 'c' implicitly has an 'any' type.
src/verticals/elevators/components/checklist-editor/ChecklistEditor.tsx(157,45): error TS2339: Property 'categories' does not exist on type '{ id: string; tenantId: string; title: string; version: number; items: { id: string; category: string; label: string; required: boolean; type: "TEXT" | "BOOLEAN" | "PHOTO" | "NUMBER" | "SELECT"; description?: string | undefined; options?: string[] | undefined; }[]; ... 4 more ...; description?: string | undefined; }'.
src/verticals/elevators/components/checklist-editor/ChecklistEditor.tsx(157,61): error TS7006: Parameter 'category' implicitly has an 'any' type.
src/verticals/elevators/components/checklist-editor/ChecklistEditor.tsx(165,45): error TS2339: Property 'categories' does not exist on type '{ id: string; tenantId: string; title: string; version: number; items: { id: string; category: string; label: string; required: boolean; type: "TEXT" | "BOOLEAN" | "PHOTO" | "NUMBER" | "SELECT"; description?: string | undefined; options?: string[] | undefined; }[]; ... 4 more ...; description?: string | undefined; }'.
src/verticals/elevators/components/checklist-editor/SortableCategoryItem.tsx(6,10): error TS2305: Module '"@/lib/schemas"' has no exported member 'ChecklistCategory'.
src/verticals/elevators/components/configurator/CategoriesSidebar.tsx(64,39): error TS2339: Property 'workflowOrder' does not exist on type '{ id: string; tenantId: string; title: string; version: number; items: { id: string; category: string; label: string; required: boolean; type: "TEXT" | "BOOLEAN" | "PHOTO" | "NUMBER" | "SELECT"; description?: string | undefined; options?: string[] | undefined; }[]; ... 4 more ...; description?: string | undefined; }'.
src/verticals/elevators/components/configurator/CategoriesSidebar.tsx(67,33): error TS2339: Property 'workflowOrder' does not exist on type '{ id: string; tenantId: string; title: string; version: number; items: { id: string; category: string; label: string; required: boolean; type: "TEXT" | "BOOLEAN" | "PHOTO" | "NUMBER" | "SELECT"; description?: string | undefined; options?: string[] | undefined; }[]; ... 4 more ...; description?: string | undefined; }'.
src/verticals/elevators/components/configurator/CategoriesSidebar.tsx(67,52): error TS7006: Parameter 'id' implicitly has an 'any' type.
src/verticals/elevators/components/configurator/CategoriesSidebar.tsx(68,48): error TS2339: Property 'categories' does not exist on type '{ id: string; tenantId: string; title: string; version: number; items: { id: string; category: string; label: string; required: boolean; type: "TEXT" | "BOOLEAN" | "PHOTO" | "NUMBER" | "SELECT"; description?: string | undefined; options?: string[] | undefined; }[]; ... 4 more ...; description?: string | undefined; }'.
src/verticals/elevators/components/configurator/CategoriesSidebar.tsx(68,64): error TS7006: Parameter 'c' implicitly has an 'any' type.
src/verticals/elevators/components/configurator/CategoriesSidebar.tsx(83,25): error TS2339: Property 'categories' does not exist on type '{ id: string; tenantId: string; title: string; version: number; items: { id: string; category: string; label: string; required: boolean; type: "TEXT" | "BOOLEAN" | "PHOTO" | "NUMBER" | "SELECT"; description?: string | undefined; options?: string[] | undefined; }[]; ... 4 more ...; description?: string | undefined; }'.
src/verticals/elevators/components/configurator/ConfiguratorFull.tsx(31,17): error TS2353: Object literal may only specify known properties, and 'name' does not exist in type '{ id: string; tenantId: string; title: string; version: number; items: { id: string; category: string; label: string; required: boolean; type: "TEXT" | "BOOLEAN" | "PHOTO" | "NUMBER" | "SELECT"; description?: string | undefined; options?: string[] | undefined; }[]; ... 4 more ...; description?: string | undefined; }'.
src/verticals/elevators/components/configurator/ConfiguratorToolbar.tsx(72,39): error TS2339: Property 'name' does not exist on type '{ id: string; tenantId: string; title: string; version: number; items: { id: string; category: string; label: string; required: boolean; type: "TEXT" | "BOOLEAN" | "PHOTO" | "NUMBER" | "SELECT"; description?: string | undefined; options?: string[] | undefined; }[]; ... 4 more ...; description?: string | undefined; }'.
src/verticals/elevators/components/configurator/PreviewModal.tsx(30,37): error TS2339: Property 'name' does not exist on type '{ id: string; tenantId: string; title: string; version: number; items: { id: string; category: string; label: string; required: boolean; type: "TEXT" | "BOOLEAN" | "PHOTO" | "NUMBER" | "SELECT"; description?: string | undefined; options?: string[] | undefined; }[]; ... 4 more ...; description?: string | undefined; }'.
src/verticals/elevators/components/configurator/PreviewModal.tsx(38,33): error TS2339: Property 'workflowOrder' does not exist on type '{ id: string; tenantId: string; title: string; version: number; items: { id: string; category: string; label: string; required: boolean; type: "TEXT" | "BOOLEAN" | "PHOTO" | "NUMBER" | "SELECT"; description?: string | undefined; options?: string[] | undefined; }[]; ... 4 more ...; description?: string | undefined; }'.
src/verticals/elevators/components/configurator/PreviewModal.tsx(38,52): error TS7006: Parameter 'catId' implicitly has an 'any' type.
src/verticals/elevators/components/configurator/PreviewModal.tsx(38,59): error TS7006: Parameter 'idx' implicitly has an 'any' type.
src/verticals/elevators/components/configurator/PreviewModal.tsx(39,48): error TS2339: Property 'categories' does not exist on type '{ id: string; tenantId: string; title: string; version: number; items: { id: string; category: string; label: string; required: boolean; type: "TEXT" | "BOOLEAN" | "PHOTO" | "NUMBER" | "SELECT"; description?: string | undefined; options?: string[] | undefined; }[]; ... 4 more ...; description?: string | undefined; }'.
src/verticals/elevators/components/configurator/PreviewModal.tsx(39,64): error TS7006: Parameter 'c' implicitly has an 'any' type.
src/verticals/elevators/components/configurator/PreviewModal.tsx(40,70): error TS2551: Property 'categoryId' does not exist on type '{ id: string; category: string; label: string; required: boolean; type: "TEXT" | "BOOLEAN" | "PHOTO" | "NUMBER" | "SELECT"; description?: string | undefined; options?: string[] | undefined; }'. Did you mean 'category'?
src/verticals/elevators/components/configurator/PreviewModal.tsx(67,59): error TS2339: Property 'notes' does not exist on type '{ id: string; category: string; label: string; required: boolean; type: "TEXT" | "BOOLEAN" | "PHOTO" | "NUMBER" | "SELECT"; description?: string | undefined; options?: string[] | undefined; }'.
src/verticals/elevators/components/configurator/PreviewModal.tsx(70,67): error TS2339: Property 'notes' does not exist on type '{ id: string; category: string; label: string; required: boolean; type: "TEXT" | "BOOLEAN" | "PHOTO" | "NUMBER" | "SELECT"; description?: string | undefined; options?: string[] | undefined; }'.
src/verticals/elevators/components/configurator/PreviewModal.tsx(87,33): error TS2339: Property 'categories' does not exist on type '{ id: string; tenantId: string; title: string; version: number; items: { id: string; category: string; label: string; required: boolean; type: "TEXT" | "BOOLEAN" | "PHOTO" | "NUMBER" | "SELECT"; description?: string | undefined; options?: string[] | undefined; }[]; ... 4 more ...; description?: string | undefined; }'.
src/verticals/elevators/components/configurator/SortableCategory.tsx(7,10): error TS2305: Module '"@/lib/schemas"' has no exported member 'ChecklistCategory'.
src/verticals/elevators/components/configurator/SortableItem.tsx(7,10): error TS2305: Module '"@/lib/schemas"' has no exported member 'ChecklistItem'.
