check-i18n-status.ts(36,46): error TS18048: 'sample' is possibly 'undefined'.
check-i18n-status.ts(36,63): error TS18048: 'sample' is possibly 'undefined'.
check-json-keys.ts(3,22): error TS7006: Parameter 'obj' implicitly has an 'any' type.
check-json-keys.ts(10,13): error TS7053: Element implicitly has an 'any' type because expression of type 'string' can't be used to index type '{}'.
  No index signature with a parameter of type 'string' was found on type '{}'.
check-json-keys.ts(25,27): error TS7053: Element implicitly has an 'any' type because expression of type '"common.spaces"' can't be used to index type '{}'.
  Property 'common.spaces' does not exist on type '{}'.
check-json-keys.ts(40,27): error TS7053: Element implicitly has an 'any' type because expression of type '"common.spaces"' can't be used to index type '{}'.
  Property 'common.spaces' does not exist on type '{}'.
find-json-collision.ts(4,25): error TS7006: Parameter 'obj' implicitly has an 'any' type.
find-json-collision.ts(5,11): error TS7034: Variable 'collisions' implicitly has type 'any[]' in some locations where its type cannot be determined.
find-json-collision.ts(20,12): error TS7005: Variable 'collisions' implicitly has an 'any[]' type.
force-sync-master.ts(23,53): error TS2341: Property 'loadFromLocalFile' is private and only accessible within class 'TranslationService'.
src/app/(authenticated)/(admin)/admin/cases/[id]/page.tsx(19,9): error TS2353: Object literal may only specify known properties, and 'queryKey' does not exist in type 'UseApiItemOptions<any, any>'.
src/app/api/admin/billing/seed-plans/route.ts(30,39): error TS18046: 'result' is of type 'unknown'.
src/app/api/admin/billing/seed-plans/route.ts(36,25): error TS18046: 'result' is of type 'unknown'.
src/app/api/admin/cases/%5Bid%5D/workflow/route.ts(86,13): error TS2322: Type '{ enabled: boolean; temperature: number; auto_transition: boolean; promptKey?: string | undefined; schemaKey?: string | undefined; }' is not assignable to type '{ promptKey: string; schemaKey: string; enabled: boolean; }'.
  Types of property 'promptKey' are incompatible.
    Type 'string | undefined' is not assignable to type 'string'.
      Type 'undefined' is not assignable to type 'string'.
src/app/api/admin/cases/[id]/workflow/route.ts(8,10): error TS2305: Module '"@/lib/workflow-engine"' has no exported member 'WorkflowEngine'.
src/app/api/admin/document-types/route.ts(118,23): error TS2339: Property 'scope' does not exist on type '{ name: string; isActive: boolean; createdAt: Date; _id?: any; description?: string | undefined; }'.
src/app/api/admin/document-types/route.ts(118,55): error TS2339: Property 'scope' does not exist on type '{ name: string; isActive: boolean; createdAt: Date; _id?: any; description?: string | undefined; }'.
src/app/api/admin/document-types/route.ts(141,63): error TS2339: Property 'scope' does not exist on type '{ name: string; isActive: boolean; createdAt: Date; _id?: any; description?: string | undefined; }'.
src/app/api/admin/document-types/route.ts(141,92): error TS2339: Property 'industries' does not exist on type '{ name: string; isActive: boolean; createdAt: Date; _id?: any; description?: string | undefined; }'.
src/app/api/admin/i18n/[locale]/debug/route.ts(28,52): error TS2339: Property 'getKeyDebugInfo' does not exist on type 'typeof TranslationService'.
src/app/api/admin/prompts/route.ts(104,33): error TS2339: Property 'industry' does not exist on type '{ tenantId: string; key: string; name: string; environment: "PRODUCTION" | "STAGING" | "SANDBOX"; category: "GENERAL" | "EXTRACTION" | "RISK" | "ANALYSIS" | "TICKET" | "CHECKLIST"; ... 14 more ...; createdBy?: string | undefined; }'.
src/app/api/admin/users/invite/bulk/route.ts(74,68): error TS2339: Property 'expiresInDays' does not exist on type '{ invitations: { email: string; role: UserRole; tenantId?: string | undefined; }[]; }'.
src/app/api/admin/workflow-definitions/%5Bid%5D/route.ts(57,71): error TS2345: Argument of type '{ _id: string; tenantId: string; industry?: "ELEVATORS" | "LEGAL" | "BANKING" | "INSURANCE" | "IT" | "GENERIC" | "MEDICAL" | undefined; name?: string | undefined; entityType?: "USER" | "ENTITY" | "EQUIPMENT" | undefined; ... 12 more ...; updatedAt?: Date | undefined; }' is not assignable to parameter of type 'Partial<{ tenantId: string; industry: "ELEVATORS" | "LEGAL" | "BANKING" | "INSURANCE" | "IT" | "GENERIC" | "MEDICAL"; name: string; entityType: "USER" | "ENTITY" | "EQUIPMENT"; states: { id: string; ... 12 more ...; sla?: { ...; } | undefined; }[]; ... 11 more ...; compilationError?: string | undefined; }>'.
  Types of property 'states' are incompatible.
    Type '{ id: string; label: string; color: string; is_initial: boolean; is_final: boolean; can_edit: boolean; requires_validation: boolean; roles_allowed: string[]; icon?: string | undefined; checklistConfigId?: string | undefined; llmNode?: { ...; } | undefined; }[] | undefined' is not assignable to type '{ id: string; label: string; color: string; is_initial: boolean; is_final: boolean; can_edit: boolean; requires_validation: boolean; roles_allowed: string[]; icon?: string | undefined; llmNode?: { ...; } | undefined; decisionStrategy?: { ...; } | undefined; llmRouting?: { ...; } | undefined; checklistConfigId?: stri...'.
      Type '{ id: string; label: string; color: string; is_initial: boolean; is_final: boolean; can_edit: boolean; requires_validation: boolean; roles_allowed: string[]; icon?: string | undefined; checklistConfigId?: string | undefined; llmNode?: { ...; } | undefined; }[]' is not assignable to type '{ id: string; label: string; color: string; is_initial: boolean; is_final: boolean; can_edit: boolean; requires_validation: boolean; roles_allowed: string[]; icon?: string | undefined; llmNode?: { ...; } | undefined; decisionStrategy?: { ...; } | undefined; llmRouting?: { ...; } | undefined; checklistConfigId?: stri...'.
        Type '{ id: string; label: string; color: string; is_initial: boolean; is_final: boolean; can_edit: boolean; requires_validation: boolean; roles_allowed: string[]; icon?: string | undefined; checklistConfigId?: string | undefined; llmNode?: { ...; } | undefined; }' is not assignable to type '{ id: string; label: string; color: string; is_initial: boolean; is_final: boolean; can_edit: boolean; requires_validation: boolean; roles_allowed: string[]; icon?: string | undefined; llmNode?: { ...; } | undefined; decisionStrategy?: { ...; } | undefined; llmRouting?: { ...; } | undefined; checklistConfigId?: stri...'.
          Types of property 'llmNode' are incompatible.
            Type '{ promptKey: string; schemaKey: string; enabled: boolean; } | undefined' is not assignable to type '{ enabled: boolean; temperature: number; auto_transition: boolean; promptKey?: string | undefined; schemaKey?: string | undefined; } | undefined'.
              Type '{ promptKey: string; schemaKey: string; enabled: boolean; }' is missing the following properties from type '{ enabled: boolean; temperature: number; auto_transition: boolean; promptKey?: string | undefined; schemaKey?: string | undefined; }': temperature, auto_transition
src/app/api/admin/workflow-definitions/route.ts(57,71): error TS2345: Argument of type '{ tenantId: string; industry: "ELEVATORS" | "LEGAL" | "BANKING" | "INSURANCE" | "IT" | "GENERIC" | "MEDICAL"; name: string; entityType: "USER" | "ENTITY" | "EQUIPMENT"; states: { id: string; ... 9 more ...; llmNode?: { ...; } | undefined; }[]; ... 12 more ...; compilationError?: string | undefined; }' is not assignable to parameter of type 'Partial<{ tenantId: string; industry: "ELEVATORS" | "LEGAL" | "BANKING" | "INSURANCE" | "IT" | "GENERIC" | "MEDICAL"; name: string; entityType: "USER" | "ENTITY" | "EQUIPMENT"; states: { id: string; ... 12 more ...; sla?: { ...; } | undefined; }[]; ... 11 more ...; compilationError?: string | undefined; }>'.
  Types of property 'states' are incompatible.
    Type '{ id: string; label: string; color: string; is_initial: boolean; is_final: boolean; can_edit: boolean; requires_validation: boolean; roles_allowed: string[]; icon?: string | undefined; checklistConfigId?: string | undefined; llmNode?: { ...; } | undefined; }[]' is not assignable to type '{ id: string; label: string; color: string; is_initial: boolean; is_final: boolean; can_edit: boolean; requires_validation: boolean; roles_allowed: string[]; icon?: string | undefined; llmNode?: { ...; } | undefined; decisionStrategy?: { ...; } | undefined; llmRouting?: { ...; } | undefined; checklistConfigId?: stri...'.
      Type '{ id: string; label: string; color: string; is_initial: boolean; is_final: boolean; can_edit: boolean; requires_validation: boolean; roles_allowed: string[]; icon?: string | undefined; checklistConfigId?: string | undefined; llmNode?: { ...; } | undefined; }' is not assignable to type '{ id: string; label: string; color: string; is_initial: boolean; is_final: boolean; can_edit: boolean; requires_validation: boolean; roles_allowed: string[]; icon?: string | undefined; llmNode?: { ...; } | undefined; decisionStrategy?: { ...; } | undefined; llmRouting?: { ...; } | undefined; checklistConfigId?: stri...'.
        Types of property 'llmNode' are incompatible.
          Type '{ promptKey: string; schemaKey: string; enabled: boolean; } | undefined' is not assignable to type '{ enabled: boolean; temperature: number; auto_transition: boolean; promptKey?: string | undefined; schemaKey?: string | undefined; } | undefined'.
            Type '{ promptKey: string; schemaKey: string; enabled: boolean; }' is missing the following properties from type '{ enabled: boolean; temperature: number; auto_transition: boolean; promptKey?: string | undefined; schemaKey?: string | undefined; }': temperature, auto_transition
src/app/api/admin/workflow-tasks/[id]/route.ts(15,17): error TS2554: Expected 2-3 arguments, but got 1.
src/app/api/billing/create-checkout/route.ts(45,41): error TS2551: Property 'stripeCustomerId' does not exist on type '{ tier: "FREE" | "PRO" | "ENTERPRISE"; status: "ACTIVE" | "SUSPENDED" | "CANCELLED"; overrides: Record<string, any>; planSlug?: "FREE" | "PRO" | "ENTERPRISE" | undefined; ... 4 more ...; currentPeriodEnd?: Date | undefined; }'. Did you mean 'stripe_customer_id'?
src/app/api/billing/portal/route.ts(24,55): error TS2551: Property 'stripeCustomerId' does not exist on type '{ tier: "FREE" | "PRO" | "ENTERPRISE"; status: "ACTIVE" | "SUSPENDED" | "CANCELLED"; overrides: Record<string, any>; planSlug?: "FREE" | "PRO" | "ENTERPRISE" | undefined; ... 4 more ...; currentPeriodEnd?: Date | undefined; }'. Did you mean 'stripe_customer_id'?
src/app/api/debug-key/route.ts(13,51): error TS2339: Property 'getDetailedMessages' does not exist on type 'typeof TranslationService'.
src/app/api/debug-key/route.ts(18,44): error TS2341: Property 'nestToFlat' is private and only accessible within class 'TranslationService'.
src/app/api/entities/[id]/checklist/validate/route.ts(9,10): error TS2724: '"@/lib/schemas/business"' has no exported member named 'ItemValidationSchema'. Did you mean 'ValidationSchema'?
src/app/api/i18n-sync/route.ts(15,49): error TS2339: Property 'forceSyncAllLocales' does not exist on type 'typeof TranslationService'.
src/app/api/workshop/orders/route.ts(2,10): error TS2305: Module '"@/lib/schemas"' has no exported member 'CreateWorkshopOrderSchema'.
src/components/admin/api-keys/ApiKeyList.tsx(67,34): error TS2339: Property 'spaceId' does not exist on type '{ tenantId: string; keyHash: string; keyPrefix: string; name: string; permissions: ("documents:ingest" | "documents:read" | "rag:query" | "analysis:extract")[]; isActive: boolean; createdAt: Date; createdBy: string; _id?: any; lastUsedAt?: Date | undefined; expiresAt?: Date | undefined; }'.
src/components/admin/api-keys/ApiKeyList.tsx(70,49): error TS2339: Property 'spaceId' does not exist on type '{ tenantId: string; keyHash: string; keyPrefix: string; name: string; permissions: ("documents:ingest" | "documents:read" | "rag:query" | "analysis:extract")[]; isActive: boolean; createdAt: Date; createdBy: string; _id?: any; lastUsedAt?: Date | undefined; expiresAt?: Date | undefined; }'.
src/components/admin/workflows/WorkflowDesigner.tsx(127,59): error TS2551: Property 'status' does not exist on type '{ tenantId: string; industry: "ELEVATORS" | "LEGAL" | "BANKING" | "INSURANCE" | "IT" | "GENERIC" | "MEDICAL"; name: string; entityType: "USER" | "ENTITY" | "EQUIPMENT"; states: { id: string; ... 12 more ...; sla?: { ...; } | undefined; }[]; ... 11 more ...; compilationError?: string | undefined; }'. Did you mean 'states'?
src/components/admin/workflows/WorkflowDesigner.tsx(207,53): error TS2739: Type '{ promptKey: string; schemaKey: string; enabled: boolean; }' is missing the following properties from type '{ enabled: boolean; temperature: number; auto_transition: boolean; promptKey?: string | undefined; schemaKey?: string | undefined; }': temperature, auto_transition
src/components/admin/workflows/WorkflowDesigner.tsx(270,89): error TS2339: Property 'id' does not exist on type '{ name: string; categories: { id: string; name: string; keywords: string[]; priority: number; color?: string | undefined; icon?: string | undefined; }[]; items: { id: string; description: string; categoryId?: string | ... 1 more ... | undefined; notes?: string | undefined; icon?: string | undefined; }[]; ... 5 more ...'.
src/components/admin/workflows/WorkflowDesigner.tsx(270,123): error TS2339: Property 'id' does not exist on type '{ name: string; categories: { id: string; name: string; keywords: string[]; priority: number; color?: string | undefined; icon?: string | undefined; }[]; items: { id: string; description: string; categoryId?: string | ... 1 more ... | undefined; notes?: string | undefined; icon?: string | undefined; }[]; ... 5 more ...'.
src/components/admin/workflows/WorkflowDesigner.tsx(271,68): error TS2339: Property 'title' does not exist on type '{ name: string; categories: { id: string; name: string; keywords: string[]; priority: number; color?: string | undefined; icon?: string | undefined; }[]; items: { id: string; description: string; categoryId?: string | ... 1 more ... | undefined; notes?: string | undefined; icon?: string | undefined; }[]; ... 5 more ...'.
src/components/admin/workflows/WorkflowDesigner.tsx(271,80): error TS2339: Property 'version' does not exist on type '{ name: string; categories: { id: string; name: string; keywords: string[]; priority: number; color?: string | undefined; icon?: string | undefined; }[]; items: { id: string; description: string; categoryId?: string | ... 1 more ... | undefined; notes?: string | undefined; icon?: string | undefined; }[]; ... 5 more ...'.
src/components/admin/WorkflowTaskDetailDialog.tsx(109,71): error TS2339: Property 'caseContext' does not exist on type '{ tenantId: string; caseId: string; type: "DOCUMENT_REVIEW" | "SECURITY_SIGNATURE" | "TECHNICAL_VALIDATION" | "COMPLIANCE_CHECK"; title: string; assignedRole: UserRole; ... 10 more ...; completedBy?: string | undefined; }'.
src/components/technical/DynamicChecklist.tsx(92,52): error TS2339: Property 'confidenceLevel' does not exist on type '{ id: string; description: string; categoryId?: string | null | undefined; notes?: string | undefined; icon?: string | undefined; }'.
src/components/technical/DynamicChecklist.tsx(93,35): error TS2339: Property 'ragReference' does not exist on type '{ id: string; description: string; categoryId?: string | null | undefined; notes?: string | undefined; icon?: string | undefined; }'.
src/components/technical/DynamicChecklist.tsx(94,96): error TS2339: Property 'ragReference' does not exist on type '{ id: string; description: string; categoryId?: string | null | undefined; notes?: string | undefined; icon?: string | undefined; }'.
src/core/engine/CaseWorkflowEngine.ts(257,47): error TS2339: Property 'createTask' does not exist on type 'typeof WorkflowTaskService'.
src/lib/agent-engine.ts(151,48): error TS2339: Property 'renderPrompt' does not exist on type 'typeof PromptService'.
src/lib/api-handler.ts(48,35): error TS2339: Property 'spaceId' does not exist on type '{ tenantId: string; keyHash: string; keyPrefix: string; name: string; permissions: ("documents:ingest" | "documents:read" | "rag:query" | "analysis:extract")[]; isActive: boolean; createdAt: Date; createdBy: string; _id?: any; lastUsedAt?: Date | undefined; expiresAt?: Date | undefined; }'.
src/lib/billing-service.ts(81,33): error TS2352: Conversion of type '{ tier: "FREE" | "PRO" | "ENTERPRISE"; status: "ACTIVE" | "SUSPENDED" | "CANCELLED"; overrides: Record<string, any>; planSlug?: "FREE" | "PRO" | "ENTERPRISE" | undefined; ... 4 more ...; currentPeriodEnd?: Date | undefined; } | undefined' to type '{ planSlug: "FREE" | "PRO" | "ENTERPRISE" | "BASIC"; status: "active" | "trial" | "past_due" | "suspended" | "canceled"; overrides: Record<string, { type: "FIXED" | "TIERED" | "RAPPEL" | "FLAT_FEE_OVERAGE"; ... 7 more ...; overageRules?: { ...; }[] | undefined; }>; ... 8 more ...; suspendedAt?: Date | ... 1 more ......' may be a mistake because neither type sufficiently overlaps with the other. If this was intentional, convert the expression to 'unknown' first.
  Type '{ tier: "FREE" | "PRO" | "ENTERPRISE"; status: "ACTIVE" | "SUSPENDED" | "CANCELLED"; overrides: Record<string, any>; planSlug?: "FREE" | "PRO" | "ENTERPRISE" | undefined; ... 4 more ...; currentPeriodEnd?: Date | undefined; }' is missing the following properties from type '{ planSlug: "FREE" | "PRO" | "ENTERPRISE" | "BASIC"; status: "active" | "trial" | "past_due" | "suspended" | "canceled"; overrides: Record<string, { type: "FIXED" | "TIERED" | "RAPPEL" | "FLAT_FEE_OVERAGE"; ... 7 more ...; overageRules?: { ...; }[] | undefined; }>; ... 8 more ...; suspendedAt?: Date | ... 1 more ......': createdAt, updatedAt
src/lib/billing-service.ts(352,21): error TS2352: Conversion of type '{ tier: "FREE" | "PRO" | "ENTERPRISE"; status: "ACTIVE" | "SUSPENDED" | "CANCELLED"; overrides: Record<string, any>; planSlug?: "FREE" | "PRO" | "ENTERPRISE" | undefined; ... 4 more ...; currentPeriodEnd?: Date | undefined; } | undefined' to type '{ planSlug: "FREE" | "PRO" | "ENTERPRISE" | "BASIC"; status: "active" | "trial" | "past_due" | "suspended" | "canceled"; overrides: Record<string, { type: "FIXED" | "TIERED" | "RAPPEL" | "FLAT_FEE_OVERAGE"; ... 7 more ...; overageRules?: { ...; }[] | undefined; }>; ... 8 more ...; suspendedAt?: Date | ... 1 more ......' may be a mistake because neither type sufficiently overlaps with the other. If this was intentional, convert the expression to 'unknown' first.
  Type '{ tier: "FREE" | "PRO" | "ENTERPRISE"; status: "ACTIVE" | "SUSPENDED" | "CANCELLED"; overrides: Record<string, any>; planSlug?: "FREE" | "PRO" | "ENTERPRISE" | undefined; ... 4 more ...; currentPeriodEnd?: Date | undefined; }' is missing the following properties from type '{ planSlug: "FREE" | "PRO" | "ENTERPRISE" | "BASIC"; status: "active" | "trial" | "past_due" | "suspended" | "canceled"; overrides: Record<string, { type: "FIXED" | "TIERED" | "RAPPEL" | "FLAT_FEE_OVERAGE"; ... 7 more ...; overageRules?: { ...; }[] | undefined; }>; ... 8 more ...; suspendedAt?: Date | ... 1 more ......': createdAt, updatedAt
src/lib/prompt-service.ts(49,9): error TS2741: Property 'industry' is missing in type '{ tenantId: string; key: string; name: string; environment: "PRODUCTION" | "STAGING" | "SANDBOX"; category: "GENERAL" | "EXTRACTION" | "RISK" | "ANALYSIS" | "TICKET" | "CHECKLIST"; ... 14 more ...; createdBy?: string | undefined; }' but required in type '{ tenantId: string; key: string; name: string; environment: "PRODUCTION" | "STAGING" | "SANDBOX"; industry: "ELEVATORS" | "LEGAL" | "BANKING" | "INSURANCE" | "IT" | "GENERIC" | "MEDICAL"; ... 15 more ...; createdBy?: string | undefined; }'.
src/lib/prompt-service.ts(210,13): error TS2353: Object literal may only specify known properties, and 'industry' does not exist in type '{ promptId: any; tenantId: string; version: number; template: string; variables: { name: string; type: "string" | "number" | "boolean" | "json"; required: boolean; description?: string | undefined; }[]; ... 6 more ...; userAgent?: string | undefined; }'.
src/lib/prompt-service.ts(297,13): error TS2353: Object literal may only specify known properties, and 'industry' does not exist in type '{ promptId: any; tenantId: string; version: number; template: string; variables: { name: string; type: "string" | "number" | "boolean" | "json"; required: boolean; description?: string | undefined; }[]; ... 6 more ...; userAgent?: string | undefined; }'.
src/lib/schemas.ts(1260,14): error TS2451: Cannot redeclare block-scoped variable 'PromptVariableSchema'.
src/lib/schemas.ts(1267,14): error TS2451: Cannot redeclare block-scoped variable 'PromptVersionSchema'.
src/lib/schemas.ts(1272,24): error TS2448: Block-scoped variable 'PromptVariableSchema' used before its declaration.
src/lib/schemas.ts(1272,24): error TS2454: Variable 'PromptVariableSchema' is used before being assigned.
src/lib/schemas.ts(1282,14): error TS2451: Cannot redeclare block-scoped variable 'PromptSchema'.
src/lib/schemas.ts(1292,24): error TS2448: Block-scoped variable 'PromptVariableSchema' used before its declaration.
src/lib/schemas.ts(1292,24): error TS2454: Variable 'PromptVariableSchema' is used before being assigned.
src/lib/schemas.ts(1311,13): error TS2300: Duplicate identifier 'PromptVariable'.
src/lib/schemas.ts(1312,13): error TS2300: Duplicate identifier 'Prompt'.
src/lib/schemas.ts(1313,13): error TS2300: Duplicate identifier 'PromptVersion'.
src/lib/schemas.ts(1450,14): error TS2451: Cannot redeclare block-scoped variable 'PromptVariableSchema'.
src/lib/schemas.ts(1457,14): error TS2451: Cannot redeclare block-scoped variable 'PromptVersionSchema'.
src/lib/schemas.ts(1472,14): error TS2451: Cannot redeclare block-scoped variable 'PromptSchema'.
src/lib/schemas.ts(1502,13): error TS2300: Duplicate identifier 'PromptVariable'.
src/lib/schemas.ts(1503,13): error TS2300: Duplicate identifier 'Prompt'.
src/lib/schemas.ts(1504,13): error TS2300: Duplicate identifier 'PromptVersion'.
