check-i18n-status.ts(36,46): error TS18048: 'sample' is possibly 'undefined'.
check-i18n-status.ts(36,63): error TS18048: 'sample' is possibly 'undefined'.
check-json-keys.ts(3,22): error TS7006: Parameter 'obj' implicitly has an 'any' type.
check-json-keys.ts(10,13): error TS7053: Element implicitly has an 'any' type because expression of type 'string' can't be used to index type '{}'.
  No index signature with a parameter of type 'string' was found on type '{}'.
check-json-keys.ts(25,27): error TS7053: Element implicitly has an 'any' type because expression of type '"common.spaces"' can't be used to index type '{}'.
  Property 'common.spaces' does not exist on type '{}'.
check-json-keys.ts(40,27): error TS7053: Element implicitly has an 'any' type because expression of type '"common.spaces"' can't be used to index type '{}'.
  Property 'common.spaces' does not exist on type '{}'.
find-json-collision.ts(4,25): error TS7006: Parameter 'obj' implicitly has an 'any' type.
find-json-collision.ts(5,11): error TS7034: Variable 'collisions' implicitly has type 'any[]' in some locations where its type cannot be determined.
find-json-collision.ts(20,12): error TS7005: Variable 'collisions' implicitly has an 'any[]' type.
src/app/(authenticated)/(admin)/admin/cases/[id]/page.tsx(19,9): error TS2353: Object literal may only specify known properties, and 'queryKey' does not exist in type 'UseApiItemOptions<any, any>'.
src/app/api/admin/billing/seed-plans/route.ts(30,39): error TS18046: 'result' is of type 'unknown'.
src/app/api/admin/billing/seed-plans/route.ts(36,25): error TS18046: 'result' is of type 'unknown'.
src/app/api/admin/users/invite/bulk/route.ts(74,68): error TS2339: Property 'expiresInDays' does not exist on type '{ invitations: { email: string; role: UserRole; tenantId?: string | undefined; }[]; }'.
src/app/api/debug-key/route.ts(13,79): error TS2554: Expected 1 arguments, but got 2.
src/app/api/debug-key/route.ts(14,31): error TS7053: Element implicitly has an 'any' type because expression of type '"admin.knowledge.actions.upload"' can't be used to index type '{ locale: string; source: string; messages: Record<string, any>; }'.
  Property 'admin.knowledge.actions.upload' does not exist on type '{ locale: string; source: string; messages: Record<string, any>; }'.
src/lib/workflow-task-service.ts(154,13): error TS2322: Type 'string | undefined' is not assignable to type 'string'.
  Type 'undefined' is not assignable to type 'string'.
