scripts/benchmark-rag.ts(32,93): error TS1005: ',' expected.
scripts/benchmark-rag.ts(44,93): error TS1005: ',' expected.
scripts/benchmark-rag.ts(54,83): error TS1005: ',' expected.
src/app/api/admin/knowledge-base/chunks/route.ts(37,98): error TS1005: ',' expected.
src/core/engine/CrossVerticalEngine.ts(37,88): error TS1005: ',' expected.
src/lib/evaluation-service.ts(60,74): error TS1005: '}' expected.
src/lib/evaluation-service.ts(72,27): error TS1005: ',' expected.
src/lib/evaluation-service.ts(72,33): error TS1005: ',' expected.
src/lib/evaluation-service.ts(72,43): error TS1005: ',' expected.
src/lib/evaluation-service.ts(72,50): error TS1005: ',' expected.
src/lib/evaluation-service.ts(72,53): error TS1005: ',' expected.
src/lib/evaluation-service.ts(72,56): error TS1005: ',' expected.
src/lib/evaluation-service.ts(72,57): error TS1136: Property assignment expected.
src/lib/evaluation-service.ts(72,81): error TS1005: ',' expected.
src/lib/evaluation-service.ts(72,82): error TS1472: 'catch' or 'finally' expected.
src/lib/evaluation-service.ts(136,1): error TS1005: '}' expected.
src/lib/evaluation-service.ts(136,1): error TS1160: Unterminated template literal.
src/lib/langgraph-rag.ts(45,74): error TS1005: ',' expected.
src/lib/langgraph-rag.ts(224,36): error TS1005: ',' expected.
