.next/types/validator.ts(84,39): error TS2307: Cannot find module '../../src/app/(authenticated)/(admin)/admin/api-docs/page.js' or its corresponding type declarations.
.next/types/validator.ts(111,39): error TS2307: Cannot find module '../../src/app/(authenticated)/(admin)/admin/billing/contracts/page.js' or its corresponding type declarations.
.next/types/validator.ts(174,39): error TS2307: Cannot find module '../../src/app/(authenticated)/(admin)/admin/ingest/jobs/page.js' or its corresponding type declarations.
.next/types/validator.ts(354,39): error TS2307: Cannot find module '../../src/app/(authenticated)/(admin)/admin/spaces/page.js' or its corresponding type declarations.
.next/types/validator.ts(471,39): error TS2307: Cannot find module '../../src/app/(authenticated)/spaces/page.js' or its corresponding type declarations.
.next/types/validator.ts(480,39): error TS2307: Cannot find module '../../src/app/(authenticated)/spaces/playground/page.js' or its corresponding type declarations.
.next/types/validator.ts(525,39): error TS2307: Cannot find module '../../src/app/(public)/sandbox/page.js' or its corresponding type declarations.
.next/types/validator.ts(570,39): error TS2307: Cannot find module '../../src/app/auth-pages/magic-link/verify/page.js' or its corresponding type declarations.
.next/types/validator.ts(741,39): error TS2307: Cannot find module '../../src/app/api/admin/billing/contracts/route.js' or its corresponding type declarations.
.next/types/validator.ts(759,39): error TS2307: Cannot find module '../../src/app/api/admin/billing/manual-change/route.js' or its corresponding type declarations.
.next/types/validator.ts(822,39): error TS2307: Cannot find module '../../src/app/api/admin/debug-auth/route.js' or its corresponding type declarations.
.next/types/validator.ts(831,39): error TS2307: Cannot find module '../../src/app/api/admin/debug-write/route.js' or its corresponding type declarations.
.next/types/validator.ts(912,39): error TS2307: Cannot find module '../../src/app/api/admin/ingest/jobs/route.js' or its corresponding type declarations.
.next/types/validator.ts(921,39): error TS2307: Cannot find module '../../src/app/api/admin/ingest/metrics/route.js' or its corresponding type declarations.
.next/types/validator.ts(975,39): error TS2307: Cannot find module '../../src/app/api/admin/knowledge-assets/[id]/preview/route.js' or its corresponding type declarations.
.next/types/validator.ts(984,39): error TS2307: Cannot find module '../../src/app/api/admin/knowledge-assets/[id]/relationships/route.js' or its corresponding type declarations.
.next/types/validator.ts(993,39): error TS2307: Cannot find module '../../src/app/api/admin/knowledge-assets/[id]/retry/route.js' or its corresponding type declarations.
.next/types/validator.ts(1011,39): error TS2307: Cannot find module '../../src/app/api/admin/knowledge-assets/[id]/trace/route.js' or its corresponding type declarations.
.next/types/validator.ts(1101,39): error TS2307: Cannot find module '../../src/app/api/admin/observability/slis/route.js' or its corresponding type declarations.
.next/types/validator.ts(1191,39): error TS2307: Cannot find module '../../src/app/api/admin/spaces/[id]/invitations/route.js' or its corresponding type declarations.
.next/types/validator.ts(1200,39): error TS2307: Cannot find module '../../src/app/api/admin/spaces/[id]/route.js' or its corresponding type declarations.
.next/types/validator.ts(1209,39): error TS2307: Cannot find module '../../src/app/api/admin/spaces/route.js' or its corresponding type declarations.
.next/types/validator.ts(1254,39): error TS2307: Cannot find module '../../src/app/api/admin/tenants/test/route.js' or its corresponding type declarations.
.next/types/validator.ts(1317,39): error TS2307: Cannot find module '../../src/app/api/admin/users/invite/revoke/route.js' or its corresponding type declarations.
.next/types/validator.ts(1470,39): error TS2307: Cannot find module '../../src/app/api/auth/magic-link/request/route.js' or its corresponding type declarations.
.next/types/validator.ts(1569,39): error TS2307: Cannot find module '../../src/app/api/collections/[id]/assets/route.js' or its corresponding type declarations.
.next/types/validator.ts(1578,39): error TS2307: Cannot find module '../../src/app/api/collections/route.js' or its corresponding type declarations.
.next/types/validator.ts(1686,39): error TS2307: Cannot find module '../../src/app/api/core/quick-qa/promote/route.js' or its corresponding type declarations.
.next/types/validator.ts(1695,39): error TS2307: Cannot find module '../../src/app/api/core/quick-qa/route.js' or its corresponding type declarations.
.next/types/validator.ts(1713,39): error TS2307: Cannot find module '../../src/app/api/cron/stuck-jobs/route.js' or its corresponding type declarations.
.next/types/validator.ts(1776,39): error TS2307: Cannot find module '../../src/app/api/entities/[id]/checklist/validate/route.js' or its corresponding type declarations.
.next/types/validator.ts(1785,39): error TS2307: Cannot find module '../../src/app/api/entities/[id]/comments/route.js' or its corresponding type declarations.
.next/types/validator.ts(1875,39): error TS2307: Cannot find module '../../src/app/api/sandbox/chat/route.js' or its corresponding type declarations.
.next/types/validator.ts(1884,39): error TS2307: Cannot find module '../../src/app/api/spaces/invite/accept/route.js' or its corresponding type declarations.
.next/types/validator.ts(1893,39): error TS2307: Cannot find module '../../src/app/api/spaces/invite/route.js' or its corresponding type declarations.
.next/types/validator.ts(1902,39): error TS2307: Cannot find module '../../src/app/api/spaces/invite/verify/[token]/route.js' or its corresponding type declarations.
.next/types/validator.ts(1911,39): error TS2307: Cannot find module '../../src/app/api/spaces/route.js' or its corresponding type declarations.
.next/types/validator.ts(1956,39): error TS2307: Cannot find module '../../src/app/api/swagger/spec/route.js' or its corresponding type declarations.
.next/types/validator.ts(2093,39): error TS2307: Cannot find module '../../src/pages/api/openapi-spec.js' or its corresponding type declarations.
