src/scripts/test-bulk-invite-docs.ts(1,35): error TS2307: Cannot find module '../src/lib/schemas' or its corresponding type declarations.
src/scripts/test-bulk-invite-docs.ts(2,19): error TS2307: Cannot find module 'axios' or its corresponding type declarations.
src/scripts/verify-guardian-v2.ts(91,44): error TS2345: Argument of type '{ email: string; password: string; firstName: string; lastName: string; role: "SUPER_ADMIN" | "ADMIN" | "SUPPORT" | "USER" | "ADMINISTRATIVE" | "TECHNICAL" | "ENGINEERING"; tenantId: string; ... 13 more ...; deletedAt?: Date | undefined; }' is not assignable to parameter of type 'EvaluationUser'.
  Types of property 'role' are incompatible.
    Type '"SUPER_ADMIN" | "ADMIN" | "SUPPORT" | "USER" | "ADMINISTRATIVE" | "TECHNICAL" | "ENGINEERING"' is not assignable to type 'UserRole'.
      Type '"SUPER_ADMIN"' is not assignable to type 'UserRole'.
src/scripts/verify-guardian-v2.ts(95,44): error TS2345: Argument of type '{ email: string; password: string; firstName: string; lastName: string; role: "SUPER_ADMIN" | "ADMIN" | "SUPPORT" | "USER" | "ADMINISTRATIVE" | "TECHNICAL" | "ENGINEERING"; tenantId: string; ... 13 more ...; deletedAt?: Date | undefined; }' is not assignable to parameter of type 'EvaluationUser'.
  Types of property 'role' are incompatible.
    Type '"SUPER_ADMIN" | "ADMIN" | "SUPPORT" | "USER" | "ADMINISTRATIVE" | "TECHNICAL" | "ENGINEERING"' is not assignable to type 'UserRole'.
      Type '"SUPER_ADMIN"' is not assignable to type 'UserRole'.
src/scripts/verify-guardian-v2.ts(99,44): error TS2345: Argument of type '{ email: string; password: string; firstName: string; lastName: string; role: "SUPER_ADMIN" | "ADMIN" | "SUPPORT" | "USER" | "ADMINISTRATIVE" | "TECHNICAL" | "ENGINEERING"; tenantId: string; ... 13 more ...; deletedAt?: Date | undefined; }' is not assignable to parameter of type 'EvaluationUser'.
  Types of property 'role' are incompatible.
    Type '"SUPER_ADMIN" | "ADMIN" | "SUPPORT" | "USER" | "ADMINISTRATIVE" | "TECHNICAL" | "ENGINEERING"' is not assignable to type 'UserRole'.
      Type '"SUPER_ADMIN"' is not assignable to type 'UserRole'.
