src/scripts/debug-ingest.ts(5,42): error TS2307: Cannot find module './src/lib/db' or its corresponding type declarations.
src/scripts/debug-ingest.ts(6,37): error TS2307: Cannot find module './src/lib/db-tenant' or its corresponding type declarations.
src/scripts/diag-logs.ts(1,31): error TS2307: Cannot find module './src/lib/db' or its corresponding type declarations.
src/scripts/repro-blob-manager.ts(2,33): error TS2307: Cannot find module '../services/ingest/core/FileBlobManager' or its corresponding type declarations.
src/scripts/root-check-mfa-file.ts(11,48): error TS2307: Cannot find module './src/lib/db' or its corresponding type declarations.
src/scripts/root-check-mfa.ts(9,48): error TS2307: Cannot find module './src/lib/db' or its corresponding type declarations.
src/scripts/test-bulk-invite-docs.ts(15,7): error TS2741: Property 'expiresInDays' is missing in type '{ invitations: ({ email: string; role: UserRole.TECHNICAL; } | { email: string; role: UserRole.ADMINISTRATIVE; })[]; }' but required in type '{ invitations: { email: string; role: UserRole; tenantId?: string | undefined; }[]; expiresInDays: number; }'.
src/scripts/test-db.ts(1,27): error TS2307: Cannot find module './src/lib/db' or its corresponding type declarations.
src/scripts/test-db.ts(14,23): error TS7006: Parameter 'u' implicitly has an 'any' type.
src/scripts/test-prompt-tester.ts(22,64): error TS2345: Argument of type '{ template: string; variables: { vertical: string; tema: string; }; tenantId: string; industry: string; model: "gemini-1.5-flash"; correlationId: string; }' is not assignable to parameter of type '{ template: string; variables: Record<string, any>; tenantId: string; industry: string; model: "gemini-3-pro-image" | "gemini-3-pro" | "gemini-2.5-flash"; correlationId: string; promptId?: string | undefined; templateB?: string | undefined; modelB?: "gemini-3-pro-image" | ... 2 more ... | undefined; }'.
  Types of property 'model' are incompatible.
    Type '"gemini-1.5-flash"' is not assignable to type '"gemini-3-pro-image" | "gemini-3-pro" | "gemini-2.5-flash"'. Did you mean '"gemini-2.5-flash"'?
test-prompt-tester.ts(22,64): error TS2345: Argument of type '{ template: string; variables: { vertical: string; tema: string; }; tenantId: string; industry: string; model: "gemini-1.5-flash"; correlationId: string; }' is not assignable to parameter of type '{ template: string; variables: Record<string, any>; tenantId: string; industry: string; model: "gemini-3-pro-image" | "gemini-3-pro" | "gemini-2.5-flash"; correlationId: string; promptId?: string | undefined; templateB?: string | undefined; modelB?: "gemini-3-pro-image" | ... 2 more ... | undefined; }'.
  Types of property 'model' are incompatible.
    Type '"gemini-1.5-flash"' is not assignable to type '"gemini-3-pro-image" | "gemini-3-pro" | "gemini-2.5-flash"'. Did you mean '"gemini-2.5-flash"'?
tests/unit/prompt-service-coverage.test.ts(114,74): error TS2554: Expected 0-1 arguments, but got 2.
tests/unit/prompt-service.test.ts(125,17): error TS2345: Argument of type 'string' is not assignable to parameter of type '{ template: string; variables: any[]; category?: string | undefined; model?: string | undefined; industry?: string | undefined; }'.
tests/unit/prompt-service.test.ts(154,17): error TS2345: Argument of type 'string' is not assignable to parameter of type '{ template: string; variables: any[]; category?: string | undefined; model?: string | undefined; industry?: string | undefined; }'.
