src/components/ui/calendar.tsx(5,27): error TS2307: Cannot find module 'react-day-picker' or its corresponding type declarations.
src/components/ui/popover.tsx(4,35): error TS2307: Cannot find module '@radix-ui/react-popover' or its corresponding type declarations.
src/core/adapters/actions/BranchHandler.ts(10,40): error TS2339: Property 'criteria' does not exist on type 'Record<string, any> | { title: string; description?: string | undefined; taskType?: string | undefined; assignedRole?: string | undefined; priority?: "LOW" | "MEDIUM" | "HIGH" | "CRITICAL" | undefined; checklistConfigId?: string | undefined; }'.
  Property 'criteria' does not exist on type '{ title: string; description?: string | undefined; taskType?: string | undefined; assignedRole?: string | undefined; priority?: "LOW" | "MEDIUM" | "HIGH" | "CRITICAL" | undefined; checklistConfigId?: string | undefined; }'.
src/core/adapters/actions/BranchHandler.ts(26,54): error TS2339: Property 'label' does not exist on type 'Record<string, any> | { title: string; description?: string | undefined; taskType?: string | undefined; assignedRole?: string | undefined; priority?: "LOW" | "MEDIUM" | "HIGH" | "CRITICAL" | undefined; checklistConfigId?: string | undefined; }'.
  Property 'label' does not exist on type '{ title: string; description?: string | undefined; taskType?: string | undefined; assignedRole?: string | undefined; priority?: "LOW" | "MEDIUM" | "HIGH" | "CRITICAL" | undefined; checklistConfigId?: string | undefined; }'.
src/core/adapters/actions/DelayHandler.ts(9,47): error TS2339: Property 'duration' does not exist on type 'Record<string, any> | { title: string; description?: string | undefined; taskType?: string | undefined; assignedRole?: string | undefined; priority?: "LOW" | "MEDIUM" | "HIGH" | "CRITICAL" | undefined; checklistConfigId?: string | undefined; }'.
  Property 'duration' does not exist on type '{ title: string; description?: string | undefined; taskType?: string | undefined; assignedRole?: string | undefined; priority?: "LOW" | "MEDIUM" | "HIGH" | "CRITICAL" | undefined; checklistConfigId?: string | undefined; }'.
src/core/adapters/actions/DelayHandler.ts(10,36): error TS2339: Property 'unit' does not exist on type 'Record<string, any> | { title: string; description?: string | undefined; taskType?: string | undefined; assignedRole?: string | undefined; priority?: "LOW" | "MEDIUM" | "HIGH" | "CRITICAL" | undefined; checklistConfigId?: string | undefined; }'.
  Property 'unit' does not exist on type '{ title: string; description?: string | undefined; taskType?: string | undefined; assignedRole?: string | undefined; priority?: "LOW" | "MEDIUM" | "HIGH" | "CRITICAL" | undefined; checklistConfigId?: string | undefined; }'.
src/core/adapters/actions/DelayHandler.ts(17,56): error TS2339: Property 'duration' does not exist on type 'Record<string, any> | { title: string; description?: string | undefined; taskType?: string | undefined; assignedRole?: string | undefined; priority?: "LOW" | "MEDIUM" | "HIGH" | "CRITICAL" | undefined; checklistConfigId?: string | undefined; }'.
  Property 'duration' does not exist on type '{ title: string; description?: string | undefined; taskType?: string | undefined; assignedRole?: string | undefined; priority?: "LOW" | "MEDIUM" | "HIGH" | "CRITICAL" | undefined; checklistConfigId?: string | undefined; }'.
src/core/adapters/actions/HumanTaskHandler.ts(28,46): error TS2339: Property 'label' does not exist on type 'Record<string, any> | { title: string; description?: string | undefined; taskType?: string | undefined; assignedRole?: string | undefined; priority?: "LOW" | "MEDIUM" | "HIGH" | "CRITICAL" | undefined; checklistConfigId?: string | undefined; }'.
  Property 'label' does not exist on type '{ title: string; description?: string | undefined; taskType?: string | undefined; assignedRole?: string | undefined; priority?: "LOW" | "MEDIUM" | "HIGH" | "CRITICAL" | undefined; checklistConfigId?: string | undefined; }'.
src/core/adapters/actions/LogHandler.ts(15,36): error TS2339: Property 'message' does not exist on type 'Record<string, any> | { title: string; description?: string | undefined; taskType?: string | undefined; assignedRole?: string | undefined; priority?: "LOW" | "MEDIUM" | "HIGH" | "CRITICAL" | undefined; checklistConfigId?: string | undefined; }'.
  Property 'message' does not exist on type '{ title: string; description?: string | undefined; taskType?: string | undefined; assignedRole?: string | undefined; priority?: "LOW" | "MEDIUM" | "HIGH" | "CRITICAL" | undefined; checklistConfigId?: string | undefined; }'.
src/core/adapters/actions/NotifyHandler.ts(14,60): error TS2339: Property 'recipient' does not exist on type 'Record<string, any> | { title: string; description?: string | undefined; taskType?: string | undefined; assignedRole?: string | undefined; priority?: "LOW" | "MEDIUM" | "HIGH" | "CRITICAL" | undefined; checklistConfigId?: string | undefined; }'.
  Property 'recipient' does not exist on type '{ title: string; description?: string | undefined; taskType?: string | undefined; assignedRole?: string | undefined; priority?: "LOW" | "MEDIUM" | "HIGH" | "CRITICAL" | undefined; checklistConfigId?: string | undefined; }'.
src/core/adapters/actions/UpdateEntityHandler.ts(14,21): error TS2339: Property 'entitySlug' does not exist on type 'Record<string, any> | { title: string; description?: string | undefined; taskType?: string | undefined; assignedRole?: string | undefined; priority?: "LOW" | "MEDIUM" | "HIGH" | "CRITICAL" | undefined; checklistConfigId?: string | undefined; }'.
src/core/adapters/actions/UpdateEntityHandler.ts(14,33): error TS2339: Property 'idField' does not exist on type 'Record<string, any> | { title: string; description?: string | undefined; taskType?: string | undefined; assignedRole?: string | undefined; priority?: "LOW" | "MEDIUM" | "HIGH" | "CRITICAL" | undefined; checklistConfigId?: string | undefined; }'.
src/core/adapters/actions/UpdateEntityHandler.ts(14,42): error TS2339: Property 'updates' does not exist on type 'Record<string, any> | { title: string; description?: string | undefined; taskType?: string | undefined; assignedRole?: string | undefined; priority?: "LOW" | "MEDIUM" | "HIGH" | "CRITICAL" | undefined; checklistConfigId?: string | undefined; }'.
src/core/adapters/persistence/MongoCaseWorkflowRepository.ts(9,79): error TS2739: Type '{ tenantId: string; }' is missing the following properties from type '{ id: string; email?: string | null | undefined; tenantId: string; role: string; tenantAccess?: { tenantId: string; }[] | undefined; accessibleSpaces?: string[] | undefined; }': id, role
src/core/adapters/persistence/MongoCaseWorkflowRepository.ts(30,73): error TS2739: Type '{ tenantId: string; }' is missing the following properties from type '{ id: string; email?: string | null | undefined; tenantId: string; role: string; tenantAccess?: { tenantId: string; }[] | undefined; accessibleSpaces?: string[] | undefined; }': id, role
src/core/application/billing/BillingAdminService.ts(89,67): error TS2339: Property 'getTenantCollection' does not exist on type 'typeof import("D:/desarrollos/ABDElevators/src/lib/db")'.
src/core/engine/CaseWorkflowEngine.ts(72,61): error TS7006: Parameter 't' implicitly has an 'any' type.
src/core/engine/CaseWorkflowEngine.ts(76,66): error TS7006: Parameter 't' implicitly has an 'any' type.
src/core/engine/CaseWorkflowEngine.ts(84,68): error TS7006: Parameter 'r' implicitly has an 'any' type.
src/core/engine/CaseWorkflowEngine.ts(91,63): error TS7006: Parameter 's' implicitly has an 'any' type.
src/core/engine/CaseWorkflowEngine.ts(231,17): error TS7006: Parameter 't' implicitly has an 'any' type.
src/core/engine/GraphEngine.ts(24,72): error TS2739: Type '{ tenantId: string; }' is missing the following properties from type '{ id: string; email?: string | null | undefined; tenantId: string; role: string; tenantAccess?: { tenantId: string; }[] | undefined; accessibleSpaces?: string[] | undefined; }': id, role
src/core/engine/InsightEngine.ts(95,65): error TS2551: Property 'ON_INSIGHT' does not exist on type '{ on_insight: "on_insight"; on_prediction: "on_prediction"; on_entity_change: "on_entity_change"; on_risk: "on_risk"; on_event: "on_event"; }'. Did you mean 'on_insight'?
src/core/engine/IntelligenceDashboard.ts(36,79): error TS2739: Type '{ tenantId: string; }' is missing the following properties from type '{ id: string; email?: string | null | undefined; tenantId: string; role: string; tenantAccess?: { tenantId: string; }[] | undefined; accessibleSpaces?: string[] | undefined; }': id, role
src/core/engine/IntelligenceDashboard.ts(40,68): error TS2739: Type '{ tenantId: string; }' is missing the following properties from type '{ id: string; email?: string | null | undefined; tenantId: string; role: string; tenantAccess?: { tenantId: string; }[] | undefined; accessibleSpaces?: string[] | undefined; }': id, role
src/lib/billing-service.ts(332,68): error TS2339: Property 'current_period_end' does not exist on type 'Subscription'.
src/lib/feedback-service.ts(70,12): error TS2339: Property 'toArray' does not exist on type 'Promise<Document[]>'.
src/lib/language-validator.ts(24,15): error TS2345: Argument of type '{ level: "WARN"; source: string; action: string; message: string; details: { originalCode: string; }; }' is not assignable to parameter of type 'LogEntry'.
  Property 'correlationId' is missing in type '{ level: "WARN"; source: string; action: string; message: string; details: { originalCode: string; }; }' but required in type 'LogEntry'.
src/lib/schemas/verticals.ts(36,17): error TS2554: Expected 2-3 arguments, but got 1.
src/lib/services/knowledge-review-service.ts(28,12): error TS2339: Property 'sort' does not exist on type 'Promise<WithId<Document>[]>'.
src/lib/workflow-analytics-service.ts(31,82): error TS2739: Type '{ tenantId: string; }' is missing the following properties from type '{ id: string; email?: string | null | undefined; tenantId: string; role: string; tenantAccess?: { tenantId: string; }[] | undefined; accessibleSpaces?: string[] | undefined; }': id, role
src/lib/workflow-analytics-service.ts(50,102): error TS2739: Type '{ tenantId: string; }' is missing the following properties from type '{ id: string; email?: string | null | undefined; tenantId: string; role: string; tenantAccess?: { tenantId: string; }[] | undefined; accessibleSpaces?: string[] | undefined; }': id, role
src/lib/workflow-analytics-service.ts(109,78): error TS2739: Type '{ tenantId: string; }' is missing the following properties from type '{ id: string; email?: string | null | undefined; tenantId: string; role: string; tenantAccess?: { tenantId: string; }[] | undefined; accessibleSpaces?: string[] | undefined; }': id, role
src/lib/workflow-analytics-service.ts(180,102): error TS2739: Type '{ tenantId: string; }' is missing the following properties from type '{ id: string; email?: string | null | undefined; tenantId: string; role: string; tenantAccess?: { tenantId: string; }[] | undefined; accessibleSpaces?: string[] | undefined; }': id, role
src/services/domain-router-service.ts(12,20): error TS2741: Property 'REAL_ESTATE' is missing in type '{ ELEVATORS: string[]; LEGAL: string[]; BANKING: string[]; INSURANCE: string[]; IT: string[]; MEDICAL: string[]; GENERIC: never[]; }' but required in type 'Record<"LEGAL" | "ELEVATORS" | "BANKING" | "INSURANCE" | "REAL_ESTATE" | "IT" | "GENERIC" | "MEDICAL", string[]>'.
src/services/ingest-service.ts(68,91): error TS2741: Property 'id' is missing in type '{ tenantId: string; role: string; }' but required in type '{ id: string; email?: string | null | undefined; tenantId: string; role: string; tenantAccess?: { tenantId: string; }[] | undefined; accessibleSpaces?: string[] | undefined; }'.
src/services/space-invitation-service.ts(19,92): error TS2345: Argument of type 'ClientSession | undefined' is not assignable to parameter of type 'TenantSession | null | undefined'.
  Type 'ClientSession' has no properties in common with type 'TenantSession'.
src/services/space-invitation-service.ts(66,92): error TS2345: Argument of type 'ClientSession | undefined' is not assignable to parameter of type 'TenantSession | null | undefined'.
  Type 'ClientSession' has no properties in common with type 'TenantSession'.
src/services/space-invitation-service.ts(81,63): error TS2345: Argument of type 'ClientSession | undefined' is not assignable to parameter of type 'TenantSession | null | undefined'.
  Type 'ClientSession' has no properties in common with type 'TenantSession'.
src/services/space-invitation-service.ts(112,92): error TS2345: Argument of type 'ClientSession | undefined' is not assignable to parameter of type 'TenantSession | null | undefined'.
  Type 'ClientSession' has no properties in common with type 'TenantSession'.
test-resolution.ts(1,36): error TS2307: Cannot find module './packages/platform-core/src/index' or its corresponding type declarations.
