src/scripts/test-bulk-invite-docs.ts(1,35): error TS2307: Cannot find module '../src/lib/schemas' or its corresponding type declarations.
src/scripts/test-bulk-invite-docs.ts(2,19): error TS2307: Cannot find module 'axios' or its corresponding type declarations.
src/scripts/verify-guardian-v2.ts(90,44): error TS2345: Argument of type '{ email: string; password: string; firstName: string; lastName: string; role: "ADMIN" | "SUPER_ADMIN" | "TECHNICAL" | "ENGINEERING" | "ADMINISTRATIVE"; tenantId: string; industry: "ELEVATORS" | "LEGAL" | "IT" | "GENERIC"; ... 12 more ...; deletedAt?: Date | undefined; }' is not assignable to parameter of type 'EvaluationUser'.
  Types of property 'role' are incompatible.
    Type '"ADMIN" | "SUPER_ADMIN" | "TECHNICAL" | "ENGINEERING" | "ADMINISTRATIVE"' is not assignable to type 'UserRole'.
      Type '"ADMIN"' is not assignable to type 'UserRole'.
src/scripts/verify-guardian-v2.ts(94,44): error TS2345: Argument of type '{ email: string; password: string; firstName: string; lastName: string; role: "ADMIN" | "SUPER_ADMIN" | "TECHNICAL" | "ENGINEERING" | "ADMINISTRATIVE"; tenantId: string; industry: "ELEVATORS" | "LEGAL" | "IT" | "GENERIC"; ... 12 more ...; deletedAt?: Date | undefined; }' is not assignable to parameter of type 'EvaluationUser'.
  Types of property 'role' are incompatible.
    Type '"ADMIN" | "SUPER_ADMIN" | "TECHNICAL" | "ENGINEERING" | "ADMINISTRATIVE"' is not assignable to type 'UserRole'.
      Type '"ADMIN"' is not assignable to type 'UserRole'.
src/scripts/verify-guardian-v2.ts(98,44): error TS2345: Argument of type '{ email: string; password: string; firstName: string; lastName: string; role: "ADMIN" | "SUPER_ADMIN" | "TECHNICAL" | "ENGINEERING" | "ADMINISTRATIVE"; tenantId: string; industry: "ELEVATORS" | "LEGAL" | "IT" | "GENERIC"; ... 12 more ...; deletedAt?: Date | undefined; }' is not assignable to parameter of type 'EvaluationUser'.
  Types of property 'role' are incompatible.
    Type '"ADMIN" | "SUPER_ADMIN" | "TECHNICAL" | "ENGINEERING" | "ADMINISTRATIVE"' is not assignable to type 'UserRole'.
      Type '"ADMIN"' is not assignable to type 'UserRole'.
