{"D:\\desarrollos\\ABDElevators\\src\\lib\\checklist-extractor.ts": {"path":"D:\\desarrollos\\ABDElevators\\src\\lib\\checklist-extractor.ts","statementMap":{"0":{"start":{"line":37,"column":0},"end":{"line":37,"column":7}},"1":{"start":{"line":5,"column":0},"end":{"line":5,"column":24}},"2":{"start":{"line":6,"column":0},"end":{"line":6,"column":41}},"3":{"start":{"line":7,"column":0},"end":{"line":7,"column":79}},"4":{"start":{"line":8,"column":0},"end":{"line":8,"column":43}},"5":{"start":{"line":12,"column":0},"end":{"line":12,"column":49}},"6":{"start":{"line":17,"column":36},"end":{"line":26,"column":2}},"7":{"start":{"line":45,"column":19},"end":{"line":45,"column":91}},"8":{"start":{"line":46,"column":4},"end":{"line":48,"column":5}},"9":{"start":{"line":47,"column":8},"end":{"line":47,"column":90}},"10":{"start":{"line":50,"column":18},"end":{"line":50,"column":28}},"11":{"start":{"line":51,"column":4},"end":{"line":114,"column":5}},"12":{"start":{"line":53,"column":30},"end":{"line":53,"column":102}},"13":{"start":{"line":53,"column":46},"end":{"line":53,"column":79}},"14":{"start":{"line":54,"column":31},"end":{"line":57,"column":null}},"15":{"start":{"line":63,"column":28},"end":{"line":63,"column":93}},"16":{"start":{"line":67,"column":8},"end":{"line":71,"column":9}},"17":{"start":{"line":68,"column":12},"end":{"line":68,"column":44}},"18":{"start":{"line":70,"column":12},"end":{"line":70,"column":95}},"19":{"start":{"line":76,"column":36},"end":{"line":79,"column":10}},"20":{"start":{"line":80,"column":37},"end":{"line":80,"column":65}},"21":{"start":{"line":81,"column":28},"end":{"line":81,"column":61}},"22":{"start":{"line":86,"column":27},"end":{"line":86,"column":45}},"23":{"start":{"line":87,"column":8},"end":{"line":93,"column":11}},"24":{"start":{"line":98,"column":8},"end":{"line":98,"column":46}},"25":{"start":{"line":101,"column":8},"end":{"line":108,"column":11}},"26":{"start":{"line":109,"column":8},"end":{"line":111,"column":9}},"27":{"start":{"line":110,"column":12},"end":{"line":110,"column":24}},"28":{"start":{"line":113,"column":8},"end":{"line":113,"column":99}}},"fnMap":{"0":{"name":"extractChecklist","decl":{"start":{"line":37,"column":22},"end":{"line":37,"column":38}},"loc":{"start":{"line":40,"column":25},"end":{"line":115,"column":1}}},"1":{"name":"(anonymous_1)","decl":{"start":{"line":53,"column":39},"end":{"line":53,"column":40}},"loc":{"start":{"line":53,"column":46},"end":{"line":53,"column":79}}}},"branchMap":{"0":{"loc":{"start":{"line":46,"column":4},"end":{"line":48,"column":5}},"type":"if","locations":[{"start":{"line":46,"column":4},"end":{"line":48,"column":5}},{"start":{},"end":{}}]},"1":{"loc":{"start":{"line":109,"column":8},"end":{"line":111,"column":9}},"type":"if","locations":[{"start":{"line":109,"column":8},"end":{"line":111,"column":9}},{"start":{},"end":{}}]}},"s":{"0":1,"1":1,"2":1,"3":1,"4":1,"5":1,"6":1,"7":1,"8":1,"9":0,"10":1,"11":1,"12":1,"13":2,"14":1,"15":1,"16":1,"17":1,"18":0,"19":1,"20":1,"21":1,"22":1,"23":1,"24":1,"25":0,"26":0,"27":0,"28":0},"f":{"0":1,"1":2},"b":{"0":[0,1],"1":[0,0]}}
,"D:\\desarrollos\\ABDElevators\\src\\lib\\errors.ts": {"path":"D:\\desarrollos\\ABDElevators\\src\\lib\\errors.ts","statementMap":{"0":{"start":{"line":71,"column":0},"end":{"line":71,"column":7}},"1":{"start":{"line":1,"column":0},"end":{"line":1,"column":43}},"2":{"start":{"line":2,"column":0},"end":{"line":2,"column":41}},"3":{"start":{"line":26,"column":4},"end":{"line":26,"column":19}},"4":{"start":{"line":21,"column":11},"end":{"line":21,"column":26}},"5":{"start":{"line":22,"column":11},"end":{"line":22,"column":25}},"6":{"start":{"line":23,"column":11},"end":{"line":23,"column":26}},"7":{"start":{"line":24,"column":11},"end":{"line":24,"column":28}},"8":{"start":{"line":27,"column":4},"end":{"line":27,"column":27}},"9":{"start":{"line":31,"column":4},"end":{"line":40,"column":6}},"10":{"start":{"line":19,"column":0},"end":{"line":19,"column":13}},"11":{"start":{"line":46,"column":4},"end":{"line":46,"column":53}},"12":{"start":{"line":44,"column":0},"end":{"line":44,"column":13}},"13":{"start":{"line":52,"column":4},"end":{"line":52,"column":51}},"14":{"start":{"line":50,"column":0},"end":{"line":50,"column":13}},"15":{"start":{"line":58,"column":4},"end":{"line":58,"column":59}},"16":{"start":{"line":56,"column":0},"end":{"line":56,"column":13}},"17":{"start":{"line":64,"column":4},"end":{"line":64,"column":46}},"18":{"start":{"line":62,"column":0},"end":{"line":62,"column":13}},"19":{"start":{"line":72,"column":2},"end":{"line":81,"column":3}},"20":{"start":{"line":73,"column":4},"end":{"line":79,"column":7}},"21":{"start":{"line":80,"column":4},"end":{"line":80,"column":71}},"22":{"start":{"line":84,"column":18},"end":{"line":84,"column":78}},"23":{"start":{"line":85,"column":16},"end":{"line":85,"column":64}},"24":{"start":{"line":87,"column":2},"end":{"line":93,"column":5}},"25":{"start":{"line":95,"column":2},"end":{"line":101,"column":22}}},"fnMap":{"0":{"name":"(anonymous_0)","decl":{"start":{"line":20,"column":2},"end":{"line":20,"column":null}},"loc":{"start":{"line":24,"column":28},"end":{"line":28,"column":3}}},"1":{"name":"(anonymous_1)","decl":{"start":{"line":30,"column":2},"end":{"line":30,"column":8}},"loc":{"start":{"line":30,"column":8},"end":{"line":41,"column":3}}},"2":{"name":"(anonymous_2)","decl":{"start":{"line":45,"column":2},"end":{"line":45,"column":14}},"loc":{"start":{"line":45,"column":48},"end":{"line":47,"column":3}}},"3":{"name":"(anonymous_3)","decl":{"start":{"line":51,"column":2},"end":{"line":51,"column":14}},"loc":{"start":{"line":51,"column":48},"end":{"line":53,"column":3}}},"4":{"name":"(anonymous_4)","decl":{"start":{"line":57,"column":2},"end":{"line":57,"column":14}},"loc":{"start":{"line":57,"column":48},"end":{"line":59,"column":3}}},"5":{"name":"(anonymous_5)","decl":{"start":{"line":63,"column":2},"end":{"line":63,"column":14}},"loc":{"start":{"line":63,"column":48},"end":{"line":65,"column":3}}},"6":{"name":"handleApiError","decl":{"start":{"line":71,"column":22},"end":{"line":71,"column":36}},"loc":{"start":{"line":71,"column":90},"end":{"line":102,"column":1}}}},"branchMap":{"0":{"loc":{"start":{"line":36,"column":17},"end":{"line":38,"column":34}},"type":"cond-expr","locations":[{"start":{"line":37,"column":12},"end":{"line":37,"column":70}},{"start":{"line":38,"column":13},"end":{"line":38,"column":33}}]},"1":{"loc":{"start":{"line":38,"column":13},"end":{"line":38,"column":33}},"type":"binary-expr","locations":[{"start":{"line":38,"column":13},"end":{"line":38,"column":25}},{"start":{"line":38,"column":29},"end":{"line":38,"column":33}}]},"2":{"loc":{"start":{"line":72,"column":2},"end":{"line":81,"column":3}},"type":"if","locations":[{"start":{"line":72,"column":2},"end":{"line":81,"column":3}},{"start":{},"end":{}}]},"3":{"loc":{"start":{"line":84,"column":18},"end":{"line":84,"column":78}},"type":"cond-expr","locations":[{"start":{"line":84,"column":43},"end":{"line":84,"column":56}},{"start":{"line":84,"column":59},"end":{"line":84,"column":78}}]},"4":{"loc":{"start":{"line":85,"column":16},"end":{"line":85,"column":64}},"type":"cond-expr","locations":[{"start":{"line":85,"column":41},"end":{"line":85,"column":52}},{"start":{"line":85,"column":55},"end":{"line":85,"column":64}}]}},"s":{"0":3,"1":3,"2":3,"3":4,"4":4,"5":4,"6":4,"7":4,"8":4,"9":0,"10":3,"11":0,"12":3,"13":0,"14":3,"15":0,"16":3,"17":0,"18":3,"19":0,"20":0,"21":0,"22":0,"23":0,"24":0,"25":0},"f":{"0":4,"1":0,"2":0,"3":0,"4":0,"5":0,"6":0},"b":{"0":[0,0],"1":[0,0],"2":[0,0],"3":[0,0],"4":[0,0]}}
,"D:\\desarrollos\\ABDElevators\\src\\lib\\logger.ts": {"path":"D:\\desarrollos\\ABDElevators\\src\\lib\\logger.ts","statementMap":{"0":{"start":{"line":25,"column":0},"end":{"line":25,"column":7}},"1":{"start":{"line":1,"column":0},"end":{"line":1,"column":52}},"2":{"start":{"line":26,"column":22},"end":{"line":26,"column":32}},"3":{"start":{"line":27,"column":20},"end":{"line":27,"column":43}},"4":{"start":{"line":30,"column":4},"end":{"line":38,"column":5}},"5":{"start":{"line":31,"column":8},"end":{"line":31,"column":147}},"6":{"start":{"line":33,"column":8},"end":{"line":35,"column":9}},"7":{"start":{"line":34,"column":12},"end":{"line":34,"column":39}},"8":{"start":{"line":37,"column":8},"end":{"line":37,"column":105}},"9":{"start":{"line":40,"column":4},"end":{"line":48,"column":5}},"10":{"start":{"line":42,"column":19},"end":{"line":42,"column":40}},"11":{"start":{"line":43,"column":8},"end":{"line":43,"column":67}},"12":{"start":{"line":46,"column":8},"end":{"line":46,"column":104}},"13":{"start":{"line":47,"column":8},"end":{"line":47,"column":42}}},"fnMap":{"0":{"name":"logEvento","decl":{"start":{"line":25,"column":22},"end":{"line":25,"column":31}},"loc":{"start":{"line":25,"column":47},"end":{"line":49,"column":1}}}},"branchMap":{"0":{"loc":{"start":{"line":30,"column":4},"end":{"line":38,"column":5}},"type":"if","locations":[{"start":{"line":30,"column":4},"end":{"line":38,"column":5}},{"start":{"line":36,"column":11},"end":{"line":38,"column":5}}]},"1":{"loc":{"start":{"line":31,"column":107},"end":{"line":31,"column":126}},"type":"binary-expr","locations":[{"start":{"line":31,"column":107},"end":{"line":31,"column":120}},{"start":{"line":31,"column":124},"end":{"line":31,"column":126}}]},"2":{"loc":{"start":{"line":31,"column":128},"end":{"line":31,"column":145}},"type":"binary-expr","locations":[{"start":{"line":31,"column":128},"end":{"line":31,"column":139}},{"start":{"line":31,"column":143},"end":{"line":31,"column":145}}]},"3":{"loc":{"start":{"line":33,"column":8},"end":{"line":35,"column":9}},"type":"if","locations":[{"start":{"line":33,"column":8},"end":{"line":35,"column":9}},{"start":{},"end":{}}]}},"s":{"0":1,"1":1,"2":0,"3":0,"4":0,"5":0,"6":0,"7":0,"8":0,"9":0,"10":0,"11":0,"12":0,"13":0},"f":{"0":0},"b":{"0":[0,0],"1":[0,0],"2":[0,0],"3":[0,0]}}
,"D:\\desarrollos\\ABDElevators\\src\\lib\\mfa-service.ts": {"path":"D:\\desarrollos\\ABDElevators\\src\\lib\\mfa-service.ts","statementMap":{"0":{"start":{"line":1,"column":0},"end":{"line":1,"column":61}},"1":{"start":{"line":2,"column":0},"end":{"line":2,"column":28}},"2":{"start":{"line":3,"column":0},"end":{"line":3,"column":41}},"3":{"start":{"line":4,"column":0},"end":{"line":4,"column":59}},"4":{"start":{"line":5,"column":0},"end":{"line":5,"column":30}},"5":{"start":{"line":6,"column":0},"end":{"line":6,"column":35}},"6":{"start":{"line":7,"column":0},"end":{"line":7,"column":41}},"7":{"start":{"line":9,"column":21},"end":{"line":9,"column":46}},"8":{"start":{"line":9,"column":27},"end":{"line":9,"column":46}},"9":{"start":{"line":20,"column":23},"end":{"line":20,"column":39}},"10":{"start":{"line":21,"column":24},"end":{"line":25,"column":10}},"11":{"start":{"line":27,"column":23},"end":{"line":27,"column":54}},"12":{"start":{"line":29,"column":8},"end":{"line":36,"column":11}},"13":{"start":{"line":38,"column":8},"end":{"line":38,"column":34}},"14":{"start":{"line":45,"column":23},"end":{"line":45,"column":54}},"15":{"start":{"line":47,"column":8},"end":{"line":57,"column":9}},"16":{"start":{"line":48,"column":12},"end":{"line":55,"column":15}},"17":{"start":{"line":56,"column":12},"end":{"line":56,"column":57}},"18":{"start":{"line":59,"column":19},"end":{"line":59,"column":40}},"19":{"start":{"line":62,"column":25},"end":{"line":62,"column":109}},"20":{"start":{"line":62,"column":57},"end":{"line":62,"column":108}},"21":{"start":{"line":63,"column":28},"end":{"line":63,"column":90}},"22":{"start":{"line":63,"column":67},"end":{"line":63,"column":88}},"23":{"start":{"line":65,"column":34},"end":{"line":72,"column":10}},"24":{"start":{"line":74,"column":32},"end":{"line":74,"column":61}},"25":{"start":{"line":76,"column":8},"end":{"line":80,"column":10}},"26":{"start":{"line":83,"column":8},"end":{"line":86,"column":10}},"27":{"start":{"line":88,"column":8},"end":{"line":95,"column":11}},"28":{"start":{"line":97,"column":8},"end":{"line":97,"column":58}},"29":{"start":{"line":104,"column":19},"end":{"line":104,"column":40}},"30":{"start":{"line":105,"column":23},"end":{"line":105,"column":77}},"31":{"start":{"line":107,"column":8},"end":{"line":107,"column":52}},"32":{"start":{"line":107,"column":40},"end":{"line":107,"column":52}},"33":{"start":{"line":109,"column":23},"end":{"line":109,"column":69}},"34":{"start":{"line":111,"column":8},"end":{"line":129,"column":9}},"35":{"start":{"line":112,"column":12},"end":{"line":119,"column":15}},"36":{"start":{"line":121,"column":12},"end":{"line":128,"column":15}},"37":{"start":{"line":131,"column":8},"end":{"line":131,"column":28}},"38":{"start":{"line":138,"column":19},"end":{"line":138,"column":40}},"39":{"start":{"line":139,"column":8},"end":{"line":139,"column":65}},"40":{"start":{"line":140,"column":8},"end":{"line":143,"column":10}},"41":{"start":{"line":145,"column":8},"end":{"line":152,"column":11}},"42":{"start":{"line":159,"column":19},"end":{"line":159,"column":40}},"43":{"start":{"line":160,"column":23},"end":{"line":160,"column":92}},"44":{"start":{"line":161,"column":8},"end":{"line":161,"column":24}},"45":{"start":{"line":15,"column":0},"end":{"line":15,"column":13}}},"fnMap":{"0":{"name":"(anonymous_1)","decl":{"start":{"line":9,"column":21},"end":{"line":9,"column":24}},"loc":{"start":{"line":9,"column":27},"end":{"line":9,"column":46}}},"1":{"name":"(anonymous_2)","decl":{"start":{"line":19,"column":4},"end":{"line":19,"column":10}},"loc":{"start":{"line":19,"column":52},"end":{"line":39,"column":5}}},"2":{"name":"(anonymous_3)","decl":{"start":{"line":44,"column":4},"end":{"line":44,"column":10}},"loc":{"start":{"line":44,"column":69},"end":{"line":98,"column":5}}},"3":{"name":"(anonymous_4)","decl":{"start":{"line":62,"column":51},"end":{"line":62,"column":54}},"loc":{"start":{"line":62,"column":57},"end":{"line":62,"column":108}}},"4":{"name":"(anonymous_5)","decl":{"start":{"line":63,"column":59},"end":{"line":63,"column":63}},"loc":{"start":{"line":63,"column":67},"end":{"line":63,"column":88}}},"5":{"name":"(anonymous_6)","decl":{"start":{"line":103,"column":4},"end":{"line":103,"column":10}},"loc":{"start":{"line":103,"column":53},"end":{"line":132,"column":5}}},"6":{"name":"(anonymous_7)","decl":{"start":{"line":137,"column":4},"end":{"line":137,"column":10}},"loc":{"start":{"line":137,"column":39},"end":{"line":153,"column":5}}},"7":{"name":"(anonymous_8)","decl":{"start":{"line":158,"column":4},"end":{"line":158,"column":10}},"loc":{"start":{"line":158,"column":41},"end":{"line":162,"column":5}}}},"branchMap":{"0":{"loc":{"start":{"line":47,"column":8},"end":{"line":57,"column":9}},"type":"if","locations":[{"start":{"line":47,"column":8},"end":{"line":57,"column":9}},{"start":{},"end":{}}]},"1":{"loc":{"start":{"line":107,"column":8},"end":{"line":107,"column":52}},"type":"if","locations":[{"start":{"line":107,"column":8},"end":{"line":107,"column":52}},{"start":{},"end":{}}]},"2":{"loc":{"start":{"line":107,"column":12},"end":{"line":107,"column":38}},"type":"binary-expr","locations":[{"start":{"line":107,"column":12},"end":{"line":107,"column":19}},{"start":{"line":107,"column":23},"end":{"line":107,"column":38}}]},"3":{"loc":{"start":{"line":111,"column":8},"end":{"line":129,"column":9}},"type":"if","locations":[{"start":{"line":111,"column":8},"end":{"line":129,"column":9}},{"start":{"line":120,"column":15},"end":{"line":129,"column":9}}]}},"s":{"0":1,"1":1,"2":1,"3":1,"4":1,"5":1,"6":1,"7":1,"8":4,"9":1,"10":1,"11":1,"12":1,"13":1,"14":2,"15":2,"16":1,"17":1,"18":1,"19":1,"20":8,"21":1,"22":8,"23":1,"24":1,"25":1,"26":1,"27":1,"28":1,"29":2,"30":2,"31":2,"32":1,"33":1,"34":1,"35":0,"36":1,"37":1,"38":0,"39":0,"40":0,"41":0,"42":0,"43":0,"44":0,"45":1},"f":{"0":4,"1":1,"2":2,"3":8,"4":8,"5":2,"6":0,"7":0},"b":{"0":[1,1],"1":[1,1],"2":[2,1],"3":[0,1]}}
,"D:\\desarrollos\\ABDElevators\\src\\lib\\pdf-export.ts": {"path":"D:\\desarrollos\\ABDElevators\\src\\lib\\pdf-export.ts","statementMap":{"0":{"start":{"line":25,"column":0},"end":{"line":25,"column":7}},"1":{"start":{"line":147,"column":0},"end":{"line":147,"column":16}},"2":{"start":{"line":1,"column":0},"end":{"line":1,"column":26}},"3":{"start":{"line":26,"column":18},"end":{"line":26,"column":28}},"4":{"start":{"line":28,"column":4},"end":{"line":141,"column":5}},"5":{"start":{"line":29,"column":20},"end":{"line":29,"column":46}},"6":{"start":{"line":30,"column":26},"end":{"line":30,"column":58}},"7":{"start":{"line":31,"column":27},"end":{"line":31,"column":60}},"8":{"start":{"line":32,"column":24},"end":{"line":32,"column":26}},"9":{"start":{"line":35,"column":8},"end":{"line":35,"column":39}},"10":{"start":{"line":36,"column":8},"end":{"line":36,"column":43}},"11":{"start":{"line":38,"column":8},"end":{"line":38,"column":40}},"12":{"start":{"line":39,"column":8},"end":{"line":39,"column":28}},"13":{"start":{"line":40,"column":8},"end":{"line":40,"column":41}},"14":{"start":{"line":41,"column":8},"end":{"line":41,"column":46}},"15":{"start":{"line":43,"column":8},"end":{"line":43,"column":28}},"16":{"start":{"line":44,"column":8},"end":{"line":44,"column":43}},"17":{"start":{"line":45,"column":8},"end":{"line":45,"column":48}},"18":{"start":{"line":47,"column":8},"end":{"line":47,"column":23}},"19":{"start":{"line":50,"column":8},"end":{"line":50,"column":34}},"20":{"start":{"line":51,"column":8},"end":{"line":51,"column":28}},"21":{"start":{"line":52,"column":8},"end":{"line":52,"column":41}},"22":{"start":{"line":53,"column":8},"end":{"line":53,"column":62}},"23":{"start":{"line":55,"column":8},"end":{"line":55,"column":24}},"24":{"start":{"line":56,"column":8},"end":{"line":56,"column":28}},"25":{"start":{"line":57,"column":8},"end":{"line":57,"column":43}},"26":{"start":{"line":58,"column":8},"end":{"line":58,"column":103}},"27":{"start":{"line":59,"column":8},"end":{"line":59,"column":80}},"28":{"start":{"line":61,"column":8},"end":{"line":61,"column":24}},"29":{"start":{"line":64,"column":8},"end":{"line":64,"column":28}},"30":{"start":{"line":65,"column":8},"end":{"line":65,"column":41}},"31":{"start":{"line":66,"column":8},"end":{"line":66,"column":58}},"32":{"start":{"line":67,"column":8},"end":{"line":67,"column":23}},"33":{"start":{"line":69,"column":8},"end":{"line":118,"column":11}},"34":{"start":{"line":71,"column":12},"end":{"line":74,"column":13}},"35":{"start":{"line":72,"column":16},"end":{"line":72,"column":30}},"36":{"start":{"line":73,"column":16},"end":{"line":73,"column":31}},"37":{"start":{"line":77,"column":12},"end":{"line":77,"column":44}},"38":{"start":{"line":78,"column":12},"end":{"line":78,"column":65}},"39":{"start":{"line":80,"column":12},"end":{"line":80,"column":32}},"40":{"start":{"line":81,"column":12},"end":{"line":81,"column":45}},"41":{"start":{"line":82,"column":12},"end":{"line":82,"column":43}},"42":{"start":{"line":83,"column":12},"end":{"line":83,"column":81}},"43":{"start":{"line":85,"column":12},"end":{"line":85,"column":28}},"44":{"start":{"line":88,"column":12},"end":{"line":115,"column":13}},"45":{"start":{"line":89,"column":16},"end":{"line":89,"column":36}},"46":{"start":{"line":90,"column":16},"end":{"line":90,"column":49}},"47":{"start":{"line":91,"column":16},"end":{"line":91,"column":42}},"48":{"start":{"line":92,"column":16},"end":{"line":92,"column":66}},"49":{"start":{"line":93,"column":16},"end":{"line":93,"column":31}},"50":{"start":{"line":95,"column":16},"end":{"line":114,"column":19}},"51":{"start":{"line":96,"column":20},"end":{"line":99,"column":21}},"52":{"start":{"line":97,"column":24},"end":{"line":97,"column":38}},"53":{"start":{"line":98,"column":24},"end":{"line":98,"column":39}},"54":{"start":{"line":101,"column":20},"end":{"line":101,"column":55}},"55":{"start":{"line":102,"column":20},"end":{"line":102,"column":39}},"56":{"start":{"line":103,"column":20},"end":{"line":103,"column":52}},"57":{"start":{"line":104,"column":20},"end":{"line":104,"column":116}},"58":{"start":{"line":106,"column":20},"end":{"line":106,"column":35}},"59":{"start":{"line":109,"column":20},"end":{"line":109,"column":39}},"60":{"start":{"line":110,"column":20},"end":{"line":110,"column":46}},"61":{"start":{"line":111,"column":34},"end":{"line":111,"column":79}},"62":{"start":{"line":112,"column":20},"end":{"line":112,"column":51}},"63":{"start":{"line":113,"column":20},"end":{"line":113,"column":54}},"64":{"start":{"line":117,"column":12},"end":{"line":117,"column":27}},"65":{"start":{"line":121,"column":27},"end":{"line":121,"column":49}},"66":{"start":{"line":122,"column":8},"end":{"line":132,"column":9}},"67":{"start":{"line":122,"column":21},"end":{"line":122,"column":22}},"68":{"start":{"line":123,"column":12},"end":{"line":123,"column":27}},"69":{"start":{"line":124,"column":12},"end":{"line":124,"column":31}},"70":{"start":{"line":125,"column":12},"end":{"line":125,"column":44}},"71":{"start":{"line":126,"column":12},"end":{"line":131,"column":14}},"72":{"start":{"line":134,"column":25},"end":{"line":134,"column":43}},"73":{"start":{"line":135,"column":8},"end":{"line":135,"column":53}},"74":{"start":{"line":137,"column":8},"end":{"line":137,"column":34}},"75":{"start":{"line":139,"column":8},"end":{"line":139,"column":53}},"76":{"start":{"line":140,"column":8},"end":{"line":140,"column":59}},"77":{"start":{"line":148,"column":16},"end":{"line":148,"column":41}},"78":{"start":{"line":149,"column":17},"end":{"line":149,"column":44}},"79":{"start":{"line":150,"column":4},"end":{"line":150,"column":20}},"80":{"start":{"line":151,"column":4},"end":{"line":151,"column":29}},"81":{"start":{"line":152,"column":4},"end":{"line":152,"column":17}},"82":{"start":{"line":153,"column":4},"end":{"line":153,"column":29}}},"fnMap":{"0":{"name":"generatePDFReport","decl":{"start":{"line":25,"column":22},"end":{"line":25,"column":39}},"loc":{"start":{"line":25,"column":56},"end":{"line":142,"column":1}}},"1":{"name":"(anonymous_2)","decl":{"start":{"line":69,"column":28},"end":{"line":69,"column":29}},"loc":{"start":{"line":69,"column":43},"end":{"line":118,"column":9}}},"2":{"name":"(anonymous_3)","decl":{"start":{"line":95,"column":41},"end":{"line":95,"column":42}},"loc":{"start":{"line":95,"column":57},"end":{"line":114,"column":17}}},"3":{"name":"downloadPDF","decl":{"start":{"line":147,"column":16},"end":{"line":147,"column":27}},"loc":{"start":{"line":147,"column":56},"end":{"line":154,"column":1}}}},"branchMap":{"0":{"loc":{"start":{"line":71,"column":12},"end":{"line":74,"column":13}},"type":"if","locations":[{"start":{"line":71,"column":12},"end":{"line":74,"column":13}},{"start":{},"end":{}}]},"1":{"loc":{"start":{"line":88,"column":12},"end":{"line":115,"column":13}},"type":"if","locations":[{"start":{"line":88,"column":12},"end":{"line":115,"column":13}},{"start":{},"end":{}}]},"2":{"loc":{"start":{"line":88,"column":16},"end":{"line":88,"column":63}},"type":"binary-expr","locations":[{"start":{"line":88,"column":16},"end":{"line":88,"column":32}},{"start":{"line":88,"column":36},"end":{"line":88,"column":63}}]},"3":{"loc":{"start":{"line":96,"column":20},"end":{"line":99,"column":21}},"type":"if","locations":[{"start":{"line":96,"column":20},"end":{"line":99,"column":21}},{"start":{},"end":{}}]}},"s":{"0":1,"1":1,"2":1,"3":1,"4":1,"5":1,"6":1,"7":1,"8":1,"9":1,"10":1,"11":1,"12":1,"13":1,"14":1,"15":1,"16":1,"17":1,"18":1,"19":1,"20":1,"21":1,"22":1,"23":1,"24":1,"25":1,"26":1,"27":1,"28":1,"29":1,"30":1,"31":1,"32":1,"33":1,"34":1,"35":0,"36":0,"37":1,"38":1,"39":1,"40":1,"41":1,"42":1,"43":1,"44":1,"45":1,"46":1,"47":1,"48":1,"49":1,"50":1,"51":1,"52":0,"53":0,"54":1,"55":1,"56":1,"57":1,"58":1,"59":1,"60":1,"61":1,"62":1,"63":1,"64":1,"65":1,"66":1,"67":1,"68":1,"69":1,"70":1,"71":1,"72":1,"73":1,"74":1,"75":0,"76":0,"77":0,"78":0,"79":0,"80":0,"81":0,"82":0},"f":{"0":1,"1":1,"2":1,"3":0},"b":{"0":[0,1],"1":[1,0],"2":[1,1],"3":[0,1]}}
,"D:\\desarrollos\\ABDElevators\\src\\lib\\prompt-service.ts": {"path":"D:\\desarrollos\\ABDElevators\\src\\lib\\prompt-service.ts","statementMap":{"0":{"start":{"line":1,"column":0},"end":{"line":1,"column":50}},"1":{"start":{"line":2,"column":0},"end":{"line":2,"column":89}},"2":{"start":{"line":3,"column":0},"end":{"line":3,"column":40}},"3":{"start":{"line":4,"column":0},"end":{"line":4,"column":41}},"4":{"start":{"line":5,"column":0},"end":{"line":5,"column":35}},"5":{"start":{"line":15,"column":27},"end":{"line":15,"column":63}},"6":{"start":{"line":17,"column":23},"end":{"line":17,"column":80}},"7":{"start":{"line":19,"column":8},"end":{"line":22,"column":9}},"8":{"start":{"line":20,"column":12},"end":{"line":20,"column":112}},"9":{"start":{"line":21,"column":12},"end":{"line":21,"column":121}},"10":{"start":{"line":24,"column":8},"end":{"line":24,"column":42}},"11":{"start":{"line":35,"column":23},"end":{"line":35,"column":58}},"12":{"start":{"line":38,"column":28},"end":{"line":40,"column":29}},"13":{"start":{"line":39,"column":25},"end":{"line":39,"column":61}},"14":{"start":{"line":40,"column":22},"end":{"line":40,"column":28}},"15":{"start":{"line":42,"column":8},"end":{"line":48,"column":9}},"16":{"start":{"line":43,"column":12},"end":{"line":47,"column":14}},"17":{"start":{"line":51,"column":29},"end":{"line":51,"column":55}},"18":{"start":{"line":52,"column":23},"end":{"line":52,"column":38}},"19":{"start":{"line":53,"column":8},"end":{"line":56,"column":9}},"20":{"start":{"line":54,"column":32},"end":{"line":54,"column":48}},"21":{"start":{"line":55,"column":12},"end":{"line":55,"column":132}},"22":{"start":{"line":59,"column":8},"end":{"line":70,"column":9}},"23":{"start":{"line":60,"column":31},"end":{"line":60,"column":67}},"24":{"start":{"line":61,"column":12},"end":{"line":67,"column":14}},"25":{"start":{"line":69,"column":12},"end":{"line":69,"column":63}},"26":{"start":{"line":72,"column":23},"end":{"line":72,"column":65}},"27":{"start":{"line":73,"column":8},"end":{"line":73,"column":71}},"28":{"start":{"line":75,"column":8},"end":{"line":78,"column":10}},"29":{"start":{"line":89,"column":23},"end":{"line":89,"column":77}},"30":{"start":{"line":90,"column":8},"end":{"line":90,"column":27}},"31":{"start":{"line":105,"column":27},"end":{"line":105,"column":63}},"32":{"start":{"line":106,"column":35},"end":{"line":106,"column":79}},"33":{"start":{"line":108,"column":27},"end":{"line":108,"column":58}},"34":{"start":{"line":109,"column":8},"end":{"line":109,"column":48}},"35":{"start":{"line":109,"column":22},"end":{"line":109,"column":48}},"36":{"start":{"line":111,"column":23},"end":{"line":111,"column":54}},"37":{"start":{"line":112,"column":8},"end":{"line":114,"column":9}},"38":{"start":{"line":113,"column":12},"end":{"line":113,"column":73}},"39":{"start":{"line":117,"column":8},"end":{"line":119,"column":9}},"40":{"start":{"line":118,"column":12},"end":{"line":118,"column":157}},"41":{"start":{"line":122,"column":47},"end":{"line":134,"column":10}},"42":{"start":{"line":136,"column":33},"end":{"line":136,"column":75}},"43":{"start":{"line":137,"column":8},"end":{"line":137,"column":61}},"44":{"start":{"line":140,"column":8},"end":{"line":151,"column":10}},"45":{"start":{"line":153,"column":8},"end":{"line":160,"column":11}},"46":{"start":{"line":172,"column":27},"end":{"line":172,"column":63}},"47":{"start":{"line":173,"column":35},"end":{"line":173,"column":79}},"48":{"start":{"line":175,"column":34},"end":{"line":178,"column":10}},"49":{"start":{"line":179,"column":8},"end":{"line":179,"column":55}},"50":{"start":{"line":179,"column":22},"end":{"line":179,"column":55}},"51":{"start":{"line":181,"column":32},"end":{"line":181,"column":78}},"52":{"start":{"line":183,"column":8},"end":{"line":185,"column":9}},"53":{"start":{"line":184,"column":12},"end":{"line":184,"column":91}},"54":{"start":{"line":187,"column":33},"end":{"line":187,"column":64}},"55":{"start":{"line":188,"column":8},"end":{"line":188,"column":54}},"56":{"start":{"line":188,"column":22},"end":{"line":188,"column":54}},"57":{"start":{"line":190,"column":23},"end":{"line":190,"column":60}},"58":{"start":{"line":191,"column":8},"end":{"line":193,"column":9}},"59":{"start":{"line":192,"column":12},"end":{"line":192,"column":73}},"60":{"start":{"line":195,"column":47},"end":{"line":204,"column":10}},"61":{"start":{"line":206,"column":8},"end":{"line":206,"column":87}},"62":{"start":{"line":209,"column":8},"end":{"line":220,"column":10}},"63":{"start":{"line":222,"column":8},"end":{"line":229,"column":11}},"64":{"start":{"line":236,"column":27},"end":{"line":236,"column":63}},"65":{"start":{"line":237,"column":26},"end":{"line":237,"column":28}},"66":{"start":{"line":238,"column":8},"end":{"line":240,"column":9}},"67":{"start":{"line":239,"column":12},"end":{"line":239,"column":76}},"68":{"start":{"line":241,"column":8},"end":{"line":241,"column":49}},"69":{"start":{"line":241,"column":22},"end":{"line":241,"column":49}},"70":{"start":{"line":243,"column":24},"end":{"line":243,"column":102}},"71":{"start":{"line":245,"column":8},"end":{"line":252,"column":11}},"72":{"start":{"line":246,"column":27},"end":{"line":246,"column":52}},"73":{"start":{"line":247,"column":12},"end":{"line":250,"column":13}},"74":{"start":{"line":248,"column":16},"end":{"line":248,"column":111}},"75":{"start":{"line":249,"column":16},"end":{"line":249,"column":63}},"76":{"start":{"line":251,"column":12},"end":{"line":251,"column":31}},"77":{"start":{"line":259,"column":27},"end":{"line":259,"column":71}},"78":{"start":{"line":260,"column":27},"end":{"line":260,"column":63}},"79":{"start":{"line":261,"column":8},"end":{"line":261,"column":48}},"80":{"start":{"line":261,"column":22},"end":{"line":261,"column":48}},"81":{"start":{"line":263,"column":25},"end":{"line":263,"column":80}},"82":{"start":{"line":265,"column":8},"end":{"line":265,"column":63}},"83":{"start":{"line":265,"column":33},"end":{"line":265,"column":61}},"84":{"start":{"line":272,"column":35},"end":{"line":272,"column":79}},"85":{"start":{"line":273,"column":34},"end":{"line":273,"column":70}},"86":{"start":{"line":275,"column":27},"end":{"line":275,"column":29}},"87":{"start":{"line":276,"column":8},"end":{"line":276,"column":48}},"88":{"start":{"line":276,"column":22},"end":{"line":276,"column":48}},"89":{"start":{"line":278,"column":25},"end":{"line":281,"column":10}},"90":{"start":{"line":283,"column":26},"end":{"line":283,"column":76}},"91":{"start":{"line":283,"column":63},"end":{"line":283,"column":73}},"92":{"start":{"line":284,"column":24},"end":{"line":284,"column":81}},"93":{"start":{"line":285,"column":26},"end":{"line":285,"column":83}},"94":{"start":{"line":285,"column":51},"end":{"line":285,"column":81}},"95":{"start":{"line":287,"column":8},"end":{"line":291,"column":12}},"96":{"start":{"line":287,"column":33},"end":{"line":291,"column":11}},"97":{"start":{"line":10,"column":0},"end":{"line":10,"column":13}}},"fnMap":{"0":{"name":"(anonymous_0)","decl":{"start":{"line":14,"column":4},"end":{"line":14,"column":10}},"loc":{"start":{"line":14,"column":56},"end":{"line":25,"column":5}}},"1":{"name":"(anonymous_1)","decl":{"start":{"line":30,"column":4},"end":{"line":30,"column":10}},"loc":{"start":{"line":33,"column":24},"end":{"line":79,"column":5}}},"2":{"name":"(anonymous_2)","decl":{"start":{"line":39,"column":20},"end":{"line":39,"column":21}},"loc":{"start":{"line":39,"column":25},"end":{"line":39,"column":61}}},"3":{"name":"(anonymous_3)","decl":{"start":{"line":40,"column":17},"end":{"line":40,"column":18}},"loc":{"start":{"line":40,"column":22},"end":{"line":40,"column":28}}},"4":{"name":"(anonymous_4)","decl":{"start":{"line":84,"column":4},"end":{"line":84,"column":10}},"loc":{"start":{"line":87,"column":24},"end":{"line":91,"column":5}}},"5":{"name":"(anonymous_5)","decl":{"start":{"line":96,"column":4},"end":{"line":96,"column":10}},"loc":{"start":{"line":103,"column":83},"end":{"line":161,"column":5}}},"6":{"name":"(anonymous_6)","decl":{"start":{"line":166,"column":4},"end":{"line":166,"column":10}},"loc":{"start":{"line":170,"column":25},"end":{"line":230,"column":5}}},"7":{"name":"(anonymous_7)","decl":{"start":{"line":235,"column":4},"end":{"line":235,"column":10}},"loc":{"start":{"line":235,"column":81},"end":{"line":253,"column":5}}},"8":{"name":"(anonymous_8)","decl":{"start":{"line":245,"column":27},"end":{"line":245,"column":28}},"loc":{"start":{"line":245,"column":31},"end":{"line":252,"column":9}}},"9":{"name":"(anonymous_9)","decl":{"start":{"line":258,"column":4},"end":{"line":258,"column":10}},"loc":{"start":{"line":258,"column":70},"end":{"line":266,"column":5}}},"10":{"name":"(anonymous_10)","decl":{"start":{"line":265,"column":28},"end":{"line":265,"column":29}},"loc":{"start":{"line":265,"column":33},"end":{"line":265,"column":61}}},"11":{"name":"(anonymous_11)","decl":{"start":{"line":271,"column":4},"end":{"line":271,"column":10}},"loc":{"start":{"line":271,"column":58},"end":{"line":292,"column":5}}},"12":{"name":"(anonymous_12)","decl":{"start":{"line":283,"column":58},"end":{"line":283,"column":59}},"loc":{"start":{"line":283,"column":63},"end":{"line":283,"column":73}}},"13":{"name":"(anonymous_13)","decl":{"start":{"line":285,"column":46},"end":{"line":285,"column":47}},"loc":{"start":{"line":285,"column":51},"end":{"line":285,"column":81}}},"14":{"name":"(anonymous_14)","decl":{"start":{"line":287,"column":28},"end":{"line":287,"column":29}},"loc":{"start":{"line":287,"column":32},"end":{"line":291,"column":11}}}},"branchMap":{"0":{"loc":{"start":{"line":19,"column":8},"end":{"line":22,"column":9}},"type":"if","locations":[{"start":{"line":19,"column":8},"end":{"line":22,"column":9}},{"start":{},"end":{}}]},"1":{"loc":{"start":{"line":39,"column":25},"end":{"line":39,"column":61}},"type":"binary-expr","locations":[{"start":{"line":39,"column":25},"end":{"line":39,"column":35}},{"start":{"line":39,"column":39},"end":{"line":39,"column":61}}]},"2":{"loc":{"start":{"line":42,"column":8},"end":{"line":48,"column":9}},"type":"if","locations":[{"start":{"line":42,"column":8},"end":{"line":48,"column":9}},{"start":{},"end":{}}]},"3":{"loc":{"start":{"line":72,"column":23},"end":{"line":72,"column":65}},"type":"binary-expr","locations":[{"start":{"line":72,"column":23},"end":{"line":72,"column":43}},{"start":{"line":72,"column":47},"end":{"line":72,"column":65}}]},"4":{"loc":{"start":{"line":109,"column":8},"end":{"line":109,"column":48}},"type":"if","locations":[{"start":{"line":109,"column":8},"end":{"line":109,"column":48}},{"start":{},"end":{}}]},"5":{"loc":{"start":{"line":112,"column":8},"end":{"line":114,"column":9}},"type":"if","locations":[{"start":{"line":112,"column":8},"end":{"line":114,"column":9}},{"start":{},"end":{}}]},"6":{"loc":{"start":{"line":117,"column":8},"end":{"line":119,"column":9}},"type":"if","locations":[{"start":{"line":117,"column":8},"end":{"line":119,"column":9}},{"start":{},"end":{}}]},"7":{"loc":{"start":{"line":117,"column":12},"end":{"line":117,"column":69}},"type":"binary-expr","locations":[{"start":{"line":117,"column":12},"end":{"line":117,"column":28}},{"start":{"line":117,"column":32},"end":{"line":117,"column":69}}]},"8":{"loc":{"start":{"line":130,"column":27},"end":{"line":130,"column":55}},"type":"cond-expr","locations":[{"start":{"line":130,"column":40},"end":{"line":130,"column":42}},{"start":{"line":130,"column":27},"end":{"line":130,"column":55}}]},"9":{"loc":{"start":{"line":130,"column":27},"end":{"line":130,"column":42}},"type":"binary-expr","locations":[{"start":{"line":130,"column":27},"end":{"line":130,"column":42}},{"start":{"line":130,"column":27},"end":{"line":130,"column":42}}]},"10":{"loc":{"start":{"line":131,"column":16},"end":{"line":131,"column":33}},"type":"cond-expr","locations":[{"start":{"line":131,"column":29},"end":{"line":131,"column":31}},{"start":{"line":131,"column":16},"end":{"line":131,"column":33}}]},"11":{"loc":{"start":{"line":131,"column":16},"end":{"line":131,"column":31}},"type":"binary-expr","locations":[{"start":{"line":131,"column":16},"end":{"line":131,"column":31}},{"start":{"line":131,"column":16},"end":{"line":131,"column":31}}]},"12":{"loc":{"start":{"line":132,"column":23},"end":{"line":132,"column":47}},"type":"cond-expr","locations":[{"start":{"line":132,"column":36},"end":{"line":132,"column":38}},{"start":{"line":132,"column":23},"end":{"line":132,"column":47}}]},"13":{"loc":{"start":{"line":132,"column":23},"end":{"line":132,"column":38}},"type":"binary-expr","locations":[{"start":{"line":132,"column":23},"end":{"line":132,"column":38}},{"start":{"line":132,"column":23},"end":{"line":132,"column":38}}]},"14":{"loc":{"start":{"line":158,"column":27},"end":{"line":158,"column":67}},"type":"binary-expr","locations":[{"start":{"line":158,"column":27},"end":{"line":158,"column":55}},{"start":{"line":158,"column":59},"end":{"line":158,"column":67}}]},"15":{"loc":{"start":{"line":158,"column":27},"end":{"line":158,"column":55}},"type":"cond-expr","locations":[{"start":{"line":158,"column":40},"end":{"line":158,"column":42}},{"start":{"line":158,"column":27},"end":{"line":158,"column":55}}]},"16":{"loc":{"start":{"line":158,"column":27},"end":{"line":158,"column":42}},"type":"binary-expr","locations":[{"start":{"line":158,"column":27},"end":{"line":158,"column":42}},{"start":{"line":158,"column":27},"end":{"line":158,"column":42}}]},"17":{"loc":{"start":{"line":179,"column":8},"end":{"line":179,"column":55}},"type":"if","locations":[{"start":{"line":179,"column":8},"end":{"line":179,"column":55}},{"start":{},"end":{}}]},"18":{"loc":{"start":{"line":183,"column":8},"end":{"line":185,"column":9}},"type":"if","locations":[{"start":{"line":183,"column":8},"end":{"line":185,"column":9}},{"start":{},"end":{}}]},"19":{"loc":{"start":{"line":188,"column":8},"end":{"line":188,"column":54}},"type":"if","locations":[{"start":{"line":188,"column":8},"end":{"line":188,"column":54}},{"start":{},"end":{}}]},"20":{"loc":{"start":{"line":191,"column":8},"end":{"line":193,"column":9}},"type":"if","locations":[{"start":{"line":191,"column":8},"end":{"line":193,"column":9}},{"start":{},"end":{}}]},"21":{"loc":{"start":{"line":235,"column":55},"end":{"line":235,"column":81}},"type":"default-arg","locations":[{"start":{"line":235,"column":77},"end":{"line":235,"column":81}}]},"22":{"loc":{"start":{"line":238,"column":8},"end":{"line":240,"column":9}},"type":"if","locations":[{"start":{"line":238,"column":8},"end":{"line":240,"column":9}},{"start":{},"end":{}}]},"23":{"loc":{"start":{"line":241,"column":8},"end":{"line":241,"column":49}},"type":"if","locations":[{"start":{"line":241,"column":8},"end":{"line":241,"column":49}},{"start":{},"end":{}}]},"24":{"loc":{"start":{"line":247,"column":12},"end":{"line":250,"column":13}},"type":"if","locations":[{"start":{"line":247,"column":12},"end":{"line":250,"column":13}},{"start":{},"end":{}}]},"25":{"loc":{"start":{"line":261,"column":8},"end":{"line":261,"column":48}},"type":"if","locations":[{"start":{"line":261,"column":8},"end":{"line":261,"column":48}},{"start":{},"end":{}}]},"26":{"loc":{"start":{"line":276,"column":8},"end":{"line":276,"column":48}},"type":"if","locations":[{"start":{"line":276,"column":8},"end":{"line":276,"column":48}},{"start":{},"end":{}}]},"27":{"loc":{"start":{"line":289,"column":24},"end":{"line":289,"column":97}},"type":"binary-expr","locations":[{"start":{"line":289,"column":24},"end":{"line":289,"column":75}},{"start":{"line":289,"column":79},"end":{"line":289,"column":97}}]},"28":{"loc":{"start":{"line":289,"column":24},"end":{"line":289,"column":75}},"type":"cond-expr","locations":[{"start":{"line":289,"column":69},"end":{"line":289,"column":71}},{"start":{"line":289,"column":69},"end":{"line":289,"column":75}}]},"29":{"loc":{"start":{"line":289,"column":24},"end":{"line":289,"column":71}},"type":"binary-expr","locations":[{"start":{"line":289,"column":24},"end":{"line":289,"column":71}},{"start":{"line":289,"column":69},"end":{"line":289,"column":71}}]},"30":{"loc":{"start":{"line":290,"column":23},"end":{"line":290,"column":86}},"type":"binary-expr","locations":[{"start":{"line":290,"column":23},"end":{"line":290,"column":73}},{"start":{"line":290,"column":77},"end":{"line":290,"column":86}}]},"31":{"loc":{"start":{"line":290,"column":23},"end":{"line":290,"column":73}},"type":"cond-expr","locations":[{"start":{"line":290,"column":68},"end":{"line":290,"column":70}},{"start":{"line":290,"column":68},"end":{"line":290,"column":73}}]},"32":{"loc":{"start":{"line":290,"column":23},"end":{"line":290,"column":70}},"type":"binary-expr","locations":[{"start":{"line":290,"column":23},"end":{"line":290,"column":70}},{"start":{"line":290,"column":68},"end":{"line":290,"column":70}}]}},"s":{"0":2,"1":2,"2":2,"3":2,"4":2,"5":4,"6":4,"7":4,"8":1,"9":1,"10":3,"11":2,"12":2,"13":2,"14":1,"15":2,"16":1,"17":1,"18":1,"19":1,"20":2,"21":2,"22":1,"23":1,"24":1,"25":0,"26":1,"27":1,"28":1,"29":0,"30":0,"31":2,"32":2,"33":2,"34":2,"35":1,"36":2,"37":2,"38":0,"39":2,"40":1,"41":1,"42":1,"43":1,"44":1,"45":1,"46":2,"47":2,"48":2,"49":2,"50":2,"51":2,"52":2,"53":1,"54":1,"55":1,"56":1,"57":1,"58":1,"59":0,"60":1,"61":1,"62":1,"63":1,"64":1,"65":1,"66":1,"67":1,"68":1,"69":1,"70":1,"71":1,"72":1,"73":1,"74":0,"75":0,"76":1,"77":1,"78":1,"79":1,"80":1,"81":1,"82":1,"83":1,"84":0,"85":0,"86":0,"87":0,"88":0,"89":0,"90":0,"91":0,"92":0,"93":0,"94":0,"95":0,"96":0,"97":2},"f":{"0":4,"1":2,"2":2,"3":1,"4":0,"5":2,"6":2,"7":1,"8":1,"9":1,"10":1,"11":0,"12":0,"13":0,"14":0},"b":{"0":[1,3],"1":[2,2],"2":[1,1],"3":[1,0],"4":[1,1],"5":[0,2],"6":[1,1],"7":[2,1],"8":[1,0],"9":[1,1],"10":[1,0],"11":[1,1],"12":[1,0],"13":[1,1],"14":[1,1],"15":[1,0],"16":[1,1],"17":[2,0],"18":[1,1],"19":[1,0],"20":[0,1],"21":[0],"22":[1,0],"23":[1,0],"24":[0,1],"25":[1,0],"26":[0,0],"27":[0,0],"28":[0,0],"29":[0,0],"30":[0,0],"31":[0,0],"32":[0,0]}}
,"D:\\desarrollos\\ABDElevators\\src\\lib\\schemas.ts": {"path":"D:\\desarrollos\\ABDElevators\\src\\lib\\schemas.ts","statementMap":{"0":{"start":{"line":1,"column":0},"end":{"line":1,"column":24}},"1":{"start":{"line":6,"column":13},"end":{"line":6,"column":82}},"2":{"start":{"line":13,"column":13},"end":{"line":38,"column":3}},"3":{"start":{"line":37,"column":38},"end":{"line":37,"column":48}},"4":{"start":{"line":40,"column":13},"end":{"line":44,"column":3}},"5":{"start":{"line":46,"column":13},"end":{"line":58,"column":3}},"6":{"start":{"line":57,"column":38},"end":{"line":57,"column":48}},"7":{"start":{"line":66,"column":13},"end":{"line":74,"column":3}},"8":{"start":{"line":73,"column":38},"end":{"line":73,"column":48}},"9":{"start":{"line":76,"column":13},"end":{"line":83,"column":3}},"10":{"start":{"line":85,"column":13},"end":{"line":102,"column":3}},"11":{"start":{"line":100,"column":38},"end":{"line":100,"column":48}},"12":{"start":{"line":101,"column":38},"end":{"line":101,"column":48}},"13":{"start":{"line":104,"column":13},"end":{"line":115,"column":3}},"14":{"start":{"line":114,"column":38},"end":{"line":114,"column":48}},"15":{"start":{"line":122,"column":13},"end":{"line":127,"column":3}},"16":{"start":{"line":134,"column":13},"end":{"line":144,"column":3}},"17":{"start":{"line":146,"column":13},"end":{"line":159,"column":3}},"18":{"start":{"line":161,"column":13},"end":{"line":174,"column":3}},"19":{"start":{"line":172,"column":38},"end":{"line":172,"column":48}},"20":{"start":{"line":173,"column":38},"end":{"line":173,"column":48}},"21":{"start":{"line":183,"column":13},"end":{"line":205,"column":3}},"22":{"start":{"line":192,"column":41},"end":{"line":192,"column":51}},"23":{"start":{"line":204,"column":38},"end":{"line":204,"column":48}},"24":{"start":{"line":213,"column":13},"end":{"line":225,"column":3}},"25":{"start":{"line":224,"column":38},"end":{"line":224,"column":48}},"26":{"start":{"line":234,"column":13},"end":{"line":258,"column":3}},"27":{"start":{"line":257,"column":38},"end":{"line":257,"column":48}},"28":{"start":{"line":260,"column":13},"end":{"line":280,"column":3}},"29":{"start":{"line":279,"column":38},"end":{"line":279,"column":48}},"30":{"start":{"line":287,"column":13},"end":{"line":297,"column":3}},"31":{"start":{"line":302,"column":13},"end":{"line":317,"column":3}},"32":{"start":{"line":316,"column":38},"end":{"line":316,"column":48}},"33":{"start":{"line":322,"column":13},"end":{"line":328,"column":3}},"34":{"start":{"line":327,"column":38},"end":{"line":327,"column":48}},"35":{"start":{"line":333,"column":13},"end":{"line":338,"column":3}},"36":{"start":{"line":343,"column":13},"end":{"line":347,"column":3}},"37":{"start":{"line":352,"column":13},"end":{"line":375,"column":3}},"38":{"start":{"line":380,"column":13},"end":{"line":386,"column":3}},"39":{"start":{"line":391,"column":13},"end":{"line":397,"column":3}},"40":{"start":{"line":402,"column":13},"end":{"line":409,"column":3}},"41":{"start":{"line":414,"column":13},"end":{"line":418,"column":3}},"42":{"start":{"line":423,"column":13},"end":{"line":434,"column":3}},"43":{"start":{"line":439,"column":13},"end":{"line":505,"column":3}},"44":{"start":{"line":504,"column":38},"end":{"line":504,"column":48}},"45":{"start":{"line":516,"column":13},"end":{"line":526,"column":3}},"46":{"start":{"line":525,"column":38},"end":{"line":525,"column":48}},"47":{"start":{"line":531,"column":13},"end":{"line":531,"column":91}},"48":{"start":{"line":533,"column":13},"end":{"line":537,"column":3}},"49":{"start":{"line":539,"column":13},"end":{"line":542,"column":3}},"50":{"start":{"line":544,"column":13},"end":{"line":558,"column":3}},"51":{"start":{"line":560,"column":13},"end":{"line":571,"column":3}},"52":{"start":{"line":573,"column":13},"end":{"line":579,"column":3}},"53":{"start":{"line":581,"column":13},"end":{"line":593,"column":3}},"54":{"start":{"line":595,"column":13},"end":{"line":603,"column":3}},"55":{"start":{"line":605,"column":13},"end":{"line":612,"column":3}},"56":{"start":{"line":626,"column":13},"end":{"line":626,"column":82}},"57":{"start":{"line":627,"column":13},"end":{"line":627,"column":109}},"58":{"start":{"line":628,"column":13},"end":{"line":628,"column":117}},"59":{"start":{"line":630,"column":13},"end":{"line":668,"column":3}},"60":{"start":{"line":664,"column":38},"end":{"line":664,"column":48}},"61":{"start":{"line":665,"column":38},"end":{"line":665,"column":48}},"62":{"start":{"line":676,"column":13},"end":{"line":682,"column":3}},"63":{"start":{"line":684,"column":13},"end":{"line":684,"column":77}},"64":{"start":{"line":687,"column":13},"end":{"line":707,"column":3}},"65":{"start":{"line":710,"column":13},"end":{"line":737,"column":3}},"66":{"start":{"line":730,"column":38},"end":{"line":730,"column":48}},"67":{"start":{"line":743,"column":13},"end":{"line":764,"column":3}},"68":{"start":{"line":770,"column":13},"end":{"line":785,"column":3}},"69":{"start":{"line":791,"column":13},"end":{"line":809,"column":3}},"70":{"start":{"line":805,"column":38},"end":{"line":805,"column":48}},"71":{"start":{"line":815,"column":13},"end":{"line":828,"column":3}},"72":{"start":{"line":827,"column":38},"end":{"line":827,"column":48}},"73":{"start":{"line":834,"column":13},"end":{"line":850,"column":3}},"74":{"start":{"line":849,"column":38},"end":{"line":849,"column":48}},"75":{"start":{"line":865,"column":13},"end":{"line":889,"column":3}},"76":{"start":{"line":886,"column":39},"end":{"line":886,"column":49}},"77":{"start":{"line":887,"column":38},"end":{"line":887,"column":48}},"78":{"start":{"line":891,"column":13},"end":{"line":899,"column":3}},"79":{"start":{"line":897,"column":38},"end":{"line":897,"column":48}},"80":{"start":{"line":898,"column":38},"end":{"line":898,"column":48}},"81":{"start":{"line":906,"column":13},"end":{"line":913,"column":3}},"82":{"start":{"line":915,"column":13},"end":{"line":921,"column":3}},"83":{"start":{"line":923,"column":13},"end":{"line":933,"column":3}},"84":{"start":{"line":931,"column":38},"end":{"line":931,"column":48}},"85":{"start":{"line":932,"column":38},"end":{"line":932,"column":48}},"86":{"start":{"line":935,"column":13},"end":{"line":941,"column":3}},"87":{"start":{"line":943,"column":13},"end":{"line":954,"column":3}},"88":{"start":{"line":953,"column":38},"end":{"line":953,"column":48}},"89":{"start":{"line":962,"column":13},"end":{"line":966,"column":3}},"90":{"start":{"line":969,"column":13},"end":{"line":981,"column":3}},"91":{"start":{"line":979,"column":38},"end":{"line":979,"column":48}},"92":{"start":{"line":980,"column":38},"end":{"line":980,"column":48}},"93":{"start":{"line":989,"column":13},"end":{"line":994,"column":3}},"94":{"start":{"line":996,"column":13},"end":{"line":1008,"column":3}},"95":{"start":{"line":1007,"column":38},"end":{"line":1007,"column":48}},"96":{"start":{"line":1010,"column":13},"end":{"line":1033,"column":3}},"97":{"start":{"line":1023,"column":38},"end":{"line":1023,"column":48}},"98":{"start":{"line":1026,"column":38},"end":{"line":1026,"column":48}},"99":{"start":{"line":1028,"column":4},"end":{"line":1028,"column":78}},"100":{"start":{"line":1028,"column":65},"end":{"line":1028,"column":78}},"101":{"start":{"line":1029,"column":4},"end":{"line":1029,"column":16}}},"fnMap":{"0":{"name":"(anonymous_0)","decl":{"start":{"line":37,"column":32},"end":{"line":37,"column":35}},"loc":{"start":{"line":37,"column":38},"end":{"line":37,"column":48}}},"1":{"name":"(anonymous_1)","decl":{"start":{"line":57,"column":32},"end":{"line":57,"column":35}},"loc":{"start":{"line":57,"column":38},"end":{"line":57,"column":48}}},"2":{"name":"(anonymous_2)","decl":{"start":{"line":73,"column":32},"end":{"line":73,"column":35}},"loc":{"start":{"line":73,"column":38},"end":{"line":73,"column":48}}},"3":{"name":"(anonymous_3)","decl":{"start":{"line":100,"column":32},"end":{"line":100,"column":35}},"loc":{"start":{"line":100,"column":38},"end":{"line":100,"column":48}}},"4":{"name":"(anonymous_4)","decl":{"start":{"line":101,"column":32},"end":{"line":101,"column":35}},"loc":{"start":{"line":101,"column":38},"end":{"line":101,"column":48}}},"5":{"name":"(anonymous_5)","decl":{"start":{"line":114,"column":32},"end":{"line":114,"column":35}},"loc":{"start":{"line":114,"column":38},"end":{"line":114,"column":48}}},"6":{"name":"(anonymous_6)","decl":{"start":{"line":172,"column":32},"end":{"line":172,"column":35}},"loc":{"start":{"line":172,"column":38},"end":{"line":172,"column":48}}},"7":{"name":"(anonymous_7)","decl":{"start":{"line":173,"column":32},"end":{"line":173,"column":35}},"loc":{"start":{"line":173,"column":38},"end":{"line":173,"column":48}}},"8":{"name":"(anonymous_8)","decl":{"start":{"line":192,"column":35},"end":{"line":192,"column":38}},"loc":{"start":{"line":192,"column":41},"end":{"line":192,"column":51}}},"9":{"name":"(anonymous_9)","decl":{"start":{"line":204,"column":32},"end":{"line":204,"column":35}},"loc":{"start":{"line":204,"column":38},"end":{"line":204,"column":48}}},"10":{"name":"(anonymous_10)","decl":{"start":{"line":224,"column":32},"end":{"line":224,"column":35}},"loc":{"start":{"line":224,"column":38},"end":{"line":224,"column":48}}},"11":{"name":"(anonymous_11)","decl":{"start":{"line":257,"column":32},"end":{"line":257,"column":35}},"loc":{"start":{"line":257,"column":38},"end":{"line":257,"column":48}}},"12":{"name":"(anonymous_12)","decl":{"start":{"line":279,"column":32},"end":{"line":279,"column":35}},"loc":{"start":{"line":279,"column":38},"end":{"line":279,"column":48}}},"13":{"name":"(anonymous_13)","decl":{"start":{"line":316,"column":32},"end":{"line":316,"column":35}},"loc":{"start":{"line":316,"column":38},"end":{"line":316,"column":48}}},"14":{"name":"(anonymous_14)","decl":{"start":{"line":327,"column":32},"end":{"line":327,"column":35}},"loc":{"start":{"line":327,"column":38},"end":{"line":327,"column":48}}},"15":{"name":"(anonymous_15)","decl":{"start":{"line":504,"column":32},"end":{"line":504,"column":35}},"loc":{"start":{"line":504,"column":38},"end":{"line":504,"column":48}}},"16":{"name":"(anonymous_16)","decl":{"start":{"line":525,"column":32},"end":{"line":525,"column":35}},"loc":{"start":{"line":525,"column":38},"end":{"line":525,"column":48}}},"17":{"name":"(anonymous_17)","decl":{"start":{"line":664,"column":32},"end":{"line":664,"column":35}},"loc":{"start":{"line":664,"column":38},"end":{"line":664,"column":48}}},"18":{"name":"(anonymous_18)","decl":{"start":{"line":665,"column":32},"end":{"line":665,"column":35}},"loc":{"start":{"line":665,"column":38},"end":{"line":665,"column":48}}},"19":{"name":"(anonymous_19)","decl":{"start":{"line":730,"column":32},"end":{"line":730,"column":35}},"loc":{"start":{"line":730,"column":38},"end":{"line":730,"column":48}}},"20":{"name":"(anonymous_20)","decl":{"start":{"line":805,"column":32},"end":{"line":805,"column":35}},"loc":{"start":{"line":805,"column":38},"end":{"line":805,"column":48}}},"21":{"name":"(anonymous_21)","decl":{"start":{"line":827,"column":32},"end":{"line":827,"column":35}},"loc":{"start":{"line":827,"column":38},"end":{"line":827,"column":48}}},"22":{"name":"(anonymous_22)","decl":{"start":{"line":849,"column":32},"end":{"line":849,"column":35}},"loc":{"start":{"line":849,"column":38},"end":{"line":849,"column":48}}},"23":{"name":"(anonymous_23)","decl":{"start":{"line":886,"column":33},"end":{"line":886,"column":36}},"loc":{"start":{"line":886,"column":39},"end":{"line":886,"column":49}}},"24":{"name":"(anonymous_24)","decl":{"start":{"line":887,"column":32},"end":{"line":887,"column":35}},"loc":{"start":{"line":887,"column":38},"end":{"line":887,"column":48}}},"25":{"name":"(anonymous_25)","decl":{"start":{"line":897,"column":32},"end":{"line":897,"column":35}},"loc":{"start":{"line":897,"column":38},"end":{"line":897,"column":48}}},"26":{"name":"(anonymous_26)","decl":{"start":{"line":898,"column":32},"end":{"line":898,"column":35}},"loc":{"start":{"line":898,"column":38},"end":{"line":898,"column":48}}},"27":{"name":"(anonymous_27)","decl":{"start":{"line":931,"column":32},"end":{"line":931,"column":35}},"loc":{"start":{"line":931,"column":38},"end":{"line":931,"column":48}}},"28":{"name":"(anonymous_28)","decl":{"start":{"line":932,"column":32},"end":{"line":932,"column":35}},"loc":{"start":{"line":932,"column":38},"end":{"line":932,"column":48}}},"29":{"name":"(anonymous_29)","decl":{"start":{"line":953,"column":32},"end":{"line":953,"column":35}},"loc":{"start":{"line":953,"column":38},"end":{"line":953,"column":48}}},"30":{"name":"(anonymous_30)","decl":{"start":{"line":979,"column":32},"end":{"line":979,"column":35}},"loc":{"start":{"line":979,"column":38},"end":{"line":979,"column":48}}},"31":{"name":"(anonymous_31)","decl":{"start":{"line":980,"column":32},"end":{"line":980,"column":35}},"loc":{"start":{"line":980,"column":38},"end":{"line":980,"column":48}}},"32":{"name":"(anonymous_32)","decl":{"start":{"line":1007,"column":32},"end":{"line":1007,"column":35}},"loc":{"start":{"line":1007,"column":38},"end":{"line":1007,"column":48}}},"33":{"name":"(anonymous_33)","decl":{"start":{"line":1023,"column":32},"end":{"line":1023,"column":35}},"loc":{"start":{"line":1023,"column":38},"end":{"line":1023,"column":48}}},"34":{"name":"(anonymous_34)","decl":{"start":{"line":1026,"column":32},"end":{"line":1026,"column":35}},"loc":{"start":{"line":1026,"column":38},"end":{"line":1026,"column":48}}},"35":{"name":"(anonymous_35)","decl":{"start":{"line":1027,"column":10},"end":{"line":1027,"column":14}},"loc":{"start":{"line":1027,"column":17},"end":{"line":1030,"column":1}}}},"branchMap":{"0":{"loc":{"start":{"line":1028,"column":4},"end":{"line":1028,"column":78}},"type":"if","locations":[{"start":{"line":1028,"column":4},"end":{"line":1028,"column":78}},{"start":{},"end":{}}]},"1":{"loc":{"start":{"line":1028,"column":8},"end":{"line":1028,"column":63}},"type":"binary-expr","locations":[{"start":{"line":1028,"column":8},"end":{"line":1028,"column":22}},{"start":{"line":1028,"column":26},"end":{"line":1028,"column":63}}]}},"s":{"0":6,"1":6,"2":6,"3":0,"4":6,"5":6,"6":0,"7":6,"8":0,"9":6,"10":6,"11":0,"12":0,"13":6,"14":0,"15":6,"16":6,"17":6,"18":6,"19":0,"20":0,"21":6,"22":0,"23":0,"24":6,"25":0,"26":6,"27":0,"28":6,"29":0,"30":6,"31":6,"32":0,"33":6,"34":0,"35":6,"36":6,"37":6,"38":6,"39":6,"40":6,"41":6,"42":6,"43":6,"44":0,"45":6,"46":3,"47":6,"48":6,"49":6,"50":6,"51":6,"52":6,"53":6,"54":6,"55":6,"56":6,"57":6,"58":6,"59":6,"60":0,"61":0,"62":6,"63":6,"64":6,"65":6,"66":0,"67":6,"68":6,"69":6,"70":0,"71":6,"72":0,"73":6,"74":0,"75":6,"76":0,"77":0,"78":6,"79":0,"80":0,"81":6,"82":6,"83":6,"84":0,"85":0,"86":6,"87":6,"88":0,"89":6,"90":6,"91":0,"92":0,"93":6,"94":6,"95":0,"96":6,"97":4,"98":4,"99":4,"100":0,"101":4},"f":{"0":0,"1":0,"2":0,"3":0,"4":0,"5":0,"6":0,"7":0,"8":0,"9":0,"10":0,"11":0,"12":0,"13":0,"14":0,"15":0,"16":3,"17":0,"18":0,"19":0,"20":0,"21":0,"22":0,"23":0,"24":0,"25":0,"26":0,"27":0,"28":0,"29":0,"30":0,"31":0,"32":0,"33":4,"34":4,"35":4},"b":{"0":[0,4],"1":[4,0]}}
,"D:\\desarrollos\\ABDElevators\\src\\lib\\usage-service.ts": {"path":"D:\\desarrollos\\ABDElevators\\src\\lib\\usage-service.ts","statementMap":{"0":{"start":{"line":1,"column":0},"end":{"line":1,"column":50}},"1":{"start":{"line":2,"column":0},"end":{"line":2,"column":37}},"2":{"start":{"line":3,"column":0},"end":{"line":3,"column":47}},"3":{"start":{"line":4,"column":0},"end":{"line":4,"column":41}},"4":{"start":{"line":14,"column":8},"end":{"line":21,"column":11}},"5":{"start":{"line":28,"column":8},"end":{"line":35,"column":11}},"6":{"start":{"line":42,"column":8},"end":{"line":49,"column":11}},"7":{"start":{"line":56,"column":8},"end":{"line":63,"column":11}},"8":{"start":{"line":70,"column":8},"end":{"line":77,"column":11}},"9":{"start":{"line":84,"column":8},"end":{"line":91,"column":11}},"10":{"start":{"line":98,"column":8},"end":{"line":136,"column":9}},"11":{"start":{"line":99,"column":30},"end":{"line":99,"column":56}},"12":{"start":{"line":100,"column":31},"end":{"line":100,"column":70}},"13":{"start":{"line":102,"column":12},"end":{"line":102,"column":50}},"14":{"start":{"line":105,"column":12},"end":{"line":129,"column":13}},"15":{"start":{"line":107,"column":48},"end":{"line":107,"column":90}},"16":{"start":{"line":109,"column":16},"end":{"line":120,"column":19}},"17":{"start":{"line":122,"column":16},"end":{"line":128,"column":19}},"18":{"start":{"line":131,"column":12},"end":{"line":131,"column":24}},"19":{"start":{"line":134,"column":12},"end":{"line":134,"column":78}},"20":{"start":{"line":135,"column":12},"end":{"line":135,"column":25}},"21":{"start":{"line":143,"column":8},"end":{"line":225,"column":9}},"22":{"start":{"line":144,"column":30},"end":{"line":144,"column":69}},"23":{"start":{"line":145,"column":33},"end":{"line":145,"column":70}},"24":{"start":{"line":147,"column":34},"end":{"line":147,"column":44}},"25":{"start":{"line":148,"column":12},"end":{"line":148,"column":64}},"26":{"start":{"line":151,"column":34},"end":{"line":154,"column":14}},"27":{"start":{"line":157,"column":31},"end":{"line":170,"column":14}},"28":{"start":{"line":172,"column":35},"end":{"line":172,"column":101}},"29":{"start":{"line":172,"column":63},"end":{"line":172,"column":88}},"30":{"start":{"line":173,"column":32},"end":{"line":173,"column":99}},"31":{"start":{"line":173,"column":60},"end":{"line":173,"column":86}},"32":{"start":{"line":174,"column":32},"end":{"line":174,"column":104}},"33":{"start":{"line":174,"column":60},"end":{"line":174,"column":86}},"34":{"start":{"line":177,"column":42},"end":{"line":177,"column":44}},"35":{"start":{"line":178,"column":40},"end":{"line":178,"column":42}},"36":{"start":{"line":179,"column":39},"end":{"line":179,"column":40}},"37":{"start":{"line":180,"column":36},"end":{"line":180,"column":38}},"38":{"start":{"line":183,"column":41},"end":{"line":183,"column":78}},"39":{"start":{"line":184,"column":39},"end":{"line":184,"column":75}},"40":{"start":{"line":185,"column":38},"end":{"line":185,"column":70}},"41":{"start":{"line":187,"column":38},"end":{"line":187,"column":99}},"42":{"start":{"line":188,"column":36},"end":{"line":188,"column":70}},"43":{"start":{"line":191,"column":41},"end":{"line":191,"column":86}},"44":{"start":{"line":193,"column":12},"end":{"line":214,"column":14}},"45":{"start":{"line":217,"column":12},"end":{"line":217,"column":74}},"46":{"start":{"line":219,"column":12},"end":{"line":224,"column":14}},"47":{"start":{"line":233,"column":8},"end":{"line":268,"column":9}},"48":{"start":{"line":234,"column":23},"end":{"line":234,"column":40}},"49":{"start":{"line":238,"column":36},"end":{"line":238,"column":64}},"50":{"start":{"line":239,"column":37},"end":{"line":242,"column":14}},"51":{"start":{"line":245,"column":32},"end":{"line":245,"column":56}},"52":{"start":{"line":246,"column":35},"end":{"line":249,"column":14}},"53":{"start":{"line":252,"column":36},"end":{"line":256,"column":14}},"54":{"start":{"line":258,"column":12},"end":{"line":263,"column":14}},"55":{"start":{"line":266,"column":12},"end":{"line":266,"column":83}},"56":{"start":{"line":267,"column":12},"end":{"line":267,"column":102}},"57":{"start":{"line":9,"column":0},"end":{"line":9,"column":13}}},"fnMap":{"0":{"name":"(anonymous_9)","decl":{"start":{"line":13,"column":4},"end":{"line":13,"column":10}},"loc":{"start":{"line":13,"column":97},"end":{"line":22,"column":5}}},"1":{"name":"(anonymous_10)","decl":{"start":{"line":27,"column":4},"end":{"line":27,"column":10}},"loc":{"start":{"line":27,"column":103},"end":{"line":36,"column":5}}},"2":{"name":"(anonymous_11)","decl":{"start":{"line":41,"column":4},"end":{"line":41,"column":10}},"loc":{"start":{"line":41,"column":75},"end":{"line":50,"column":5}}},"3":{"name":"(anonymous_12)","decl":{"start":{"line":55,"column":4},"end":{"line":55,"column":10}},"loc":{"start":{"line":55,"column":107},"end":{"line":64,"column":5}}},"4":{"name":"(anonymous_13)","decl":{"start":{"line":69,"column":4},"end":{"line":69,"column":10}},"loc":{"start":{"line":69,"column":103},"end":{"line":78,"column":5}}},"5":{"name":"(anonymous_14)","decl":{"start":{"line":83,"column":4},"end":{"line":83,"column":10}},"loc":{"start":{"line":83,"column":97},"end":{"line":92,"column":5}}},"6":{"name":"(anonymous_15)","decl":{"start":{"line":97,"column":12},"end":{"line":97,"column":18}},"loc":{"start":{"line":97,"column":43},"end":{"line":137,"column":5}}},"7":{"name":"(anonymous_16)","decl":{"start":{"line":107,"column":48},"end":{"line":107,"column":61}},"loc":{"start":{"line":107,"column":48},"end":{"line":107,"column":90}}},"8":{"name":"(anonymous_17)","decl":{"start":{"line":142,"column":4},"end":{"line":142,"column":10}},"loc":{"start":{"line":142,"column":46},"end":{"line":226,"column":5}}},"9":{"name":"(anonymous_18)","decl":{"start":{"line":172,"column":51},"end":{"line":172,"column":52}},"loc":{"start":{"line":172,"column":63},"end":{"line":172,"column":88}}},"10":{"name":"(anonymous_19)","decl":{"start":{"line":173,"column":48},"end":{"line":173,"column":49}},"loc":{"start":{"line":173,"column":60},"end":{"line":173,"column":86}}},"11":{"name":"(anonymous_20)","decl":{"start":{"line":174,"column":48},"end":{"line":174,"column":49}},"loc":{"start":{"line":174,"column":60},"end":{"line":174,"column":86}}},"12":{"name":"(anonymous_21)","decl":{"start":{"line":232,"column":4},"end":{"line":232,"column":10}},"loc":{"start":{"line":232,"column":64},"end":{"line":269,"column":5}}}},"branchMap":{"0":{"loc":{"start":{"line":105,"column":12},"end":{"line":129,"column":13}},"type":"if","locations":[{"start":{"line":105,"column":12},"end":{"line":129,"column":13}},{"start":{},"end":{}}]},"1":{"loc":{"start":{"line":105,"column":16},"end":{"line":105,"column":74}},"type":"binary-expr","locations":[{"start":{"line":105,"column":16},"end":{"line":105,"column":47}},{"start":{"line":105,"column":51},"end":{"line":105,"column":74}}]},"2":{"loc":{"start":{"line":127,"column":35},"end":{"line":127,"column":70}},"type":"binary-expr","locations":[{"start":{"line":127,"column":35},"end":{"line":127,"column":58}},{"start":{"line":127,"column":62},"end":{"line":127,"column":70}}]},"3":{"loc":{"start":{"line":172,"column":35},"end":{"line":172,"column":101}},"type":"binary-expr","locations":[{"start":{"line":172,"column":35},"end":{"line":172,"column":96}},{"start":{"line":172,"column":100},"end":{"line":172,"column":101}}]},"4":{"loc":{"start":{"line":172,"column":35},"end":{"line":172,"column":96}},"type":"cond-expr","locations":[{"start":{"line":172,"column":89},"end":{"line":172,"column":91}},{"start":{"line":172,"column":89},"end":{"line":172,"column":96}}]},"5":{"loc":{"start":{"line":172,"column":35},"end":{"line":172,"column":91}},"type":"binary-expr","locations":[{"start":{"line":172,"column":35},"end":{"line":172,"column":91}},{"start":{"line":172,"column":89},"end":{"line":172,"column":91}}]},"6":{"loc":{"start":{"line":173,"column":32},"end":{"line":173,"column":99}},"type":"binary-expr","locations":[{"start":{"line":173,"column":32},"end":{"line":173,"column":94}},{"start":{"line":173,"column":98},"end":{"line":173,"column":99}}]},"7":{"loc":{"start":{"line":173,"column":32},"end":{"line":173,"column":94}},"type":"cond-expr","locations":[{"start":{"line":173,"column":87},"end":{"line":173,"column":89}},{"start":{"line":173,"column":87},"end":{"line":173,"column":94}}]},"8":{"loc":{"start":{"line":173,"column":32},"end":{"line":173,"column":89}},"type":"binary-expr","locations":[{"start":{"line":173,"column":32},"end":{"line":173,"column":89}},{"start":{"line":173,"column":87},"end":{"line":173,"column":89}}]},"9":{"loc":{"start":{"line":174,"column":32},"end":{"line":174,"column":104}},"type":"binary-expr","locations":[{"start":{"line":174,"column":32},"end":{"line":174,"column":99}},{"start":{"line":174,"column":103},"end":{"line":174,"column":104}}]},"10":{"loc":{"start":{"line":174,"column":32},"end":{"line":174,"column":99}},"type":"cond-expr","locations":[{"start":{"line":174,"column":87},"end":{"line":174,"column":89}},{"start":{"line":174,"column":87},"end":{"line":174,"column":99}}]},"11":{"loc":{"start":{"line":174,"column":32},"end":{"line":174,"column":89}},"type":"binary-expr","locations":[{"start":{"line":174,"column":32},"end":{"line":174,"column":89}},{"start":{"line":174,"column":87},"end":{"line":174,"column":89}}]},"12":{"loc":{"start":{"line":211,"column":33},"end":{"line":213,"column":23}},"type":"cond-expr","locations":[{"start":{"line":212,"column":22},"end":{"line":212,"column":121}},{"start":{"line":213,"column":22},"end":{"line":213,"column":23}}]}},"s":{"0":2,"1":2,"2":2,"3":2,"4":2,"5":1,"6":0,"7":0,"8":0,"9":0,"10":3,"11":3,"12":3,"13":3,"14":3,"15":2,"16":1,"17":1,"18":3,"19":0,"20":0,"21":1,"22":1,"23":1,"24":1,"25":1,"26":1,"27":1,"28":1,"29":1,"30":1,"31":2,"32":1,"33":2,"34":1,"35":1,"36":1,"37":1,"38":1,"39":1,"40":1,"41":1,"42":1,"43":1,"44":1,"45":0,"46":0,"47":2,"48":2,"49":1,"50":1,"51":1,"52":1,"53":1,"54":1,"55":1,"56":1,"57":2},"f":{"0":2,"1":1,"2":0,"3":0,"4":0,"5":0,"6":3,"7":1,"8":1,"9":1,"10":2,"11":2,"12":2},"b":{"0":[1,2],"1":[3,2],"2":[1,1],"3":[1,0],"4":[0,1],"5":[1,1],"6":[1,0],"7":[0,1],"8":[1,1],"9":[1,0],"10":[0,1],"11":[1,1],"12":[1,0]}}
,"D:\\desarrollos\\ABDElevators\\src\\lib\\workflow-service.ts": {"path":"D:\\desarrollos\\ABDElevators\\src\\lib\\workflow-service.ts","statementMap":{"0":{"start":{"line":1,"column":0},"end":{"line":1,"column":50}},"1":{"start":{"line":2,"column":0},"end":{"line":2,"column":77}},"2":{"start":{"line":4,"column":0},"end":{"line":4,"column":41}},"3":{"start":{"line":16,"column":26},"end":{"line":16,"column":68}},"4":{"start":{"line":17,"column":27},"end":{"line":17,"column":76}},"5":{"start":{"line":18,"column":25},"end":{"line":18,"column":44}},"6":{"start":{"line":21,"column":8},"end":{"line":26,"column":9}},"7":{"start":{"line":22,"column":12},"end":{"line":25,"column":14}},"8":{"start":{"line":28,"column":22},"end":{"line":31,"column":10}},"9":{"start":{"line":33,"column":23},"end":{"line":36,"column":null}},"10":{"start":{"line":39,"column":8},"end":{"line":45,"column":11}},"11":{"start":{"line":47,"column":8},"end":{"line":47,"column":56}},"12":{"start":{"line":54,"column":27},"end":{"line":54,"column":76}},"13":{"start":{"line":55,"column":8},"end":{"line":55,"column":106}},"14":{"start":{"line":62,"column":27},"end":{"line":62,"column":76}},"15":{"start":{"line":63,"column":8},"end":{"line":63,"column":99}},"16":{"start":{"line":70,"column":61},"end":{"line":90,"column":10}},"17":{"start":{"line":92,"column":8},"end":{"line":92,"column":83}},"18":{"start":{"line":11,"column":0},"end":{"line":11,"column":13}}},"fnMap":{"0":{"name":"(anonymous_0)","decl":{"start":{"line":15,"column":4},"end":{"line":15,"column":10}},"loc":{"start":{"line":15,"column":104},"end":{"line":48,"column":5}}},"1":{"name":"(anonymous_1)","decl":{"start":{"line":53,"column":4},"end":{"line":53,"column":10}},"loc":{"start":{"line":53,"column":105},"end":{"line":56,"column":5}}},"2":{"name":"(anonymous_2)","decl":{"start":{"line":61,"column":4},"end":{"line":61,"column":10}},"loc":{"start":{"line":61,"column":107},"end":{"line":64,"column":5}}},"3":{"name":"(anonymous_3)","decl":{"start":{"line":69,"column":4},"end":{"line":69,"column":10}},"loc":{"start":{"line":69,"column":91},"end":{"line":93,"column":5}}}},"branchMap":{"0":{"loc":{"start":{"line":21,"column":8},"end":{"line":26,"column":9}},"type":"if","locations":[{"start":{"line":21,"column":8},"end":{"line":26,"column":9}},{"start":{},"end":{}}]},"1":{"loc":{"start":{"line":47,"column":15},"end":{"line":47,"column":55}},"type":"binary-expr","locations":[{"start":{"line":47,"column":15},"end":{"line":47,"column":32}},{"start":{"line":47,"column":36},"end":{"line":47,"column":55}}]},"2":{"loc":{"start":{"line":53,"column":51},"end":{"line":53,"column":105}},"type":"default-arg","locations":[{"start":{"line":53,"column":97},"end":{"line":53,"column":105}}]},"3":{"loc":{"start":{"line":61,"column":53},"end":{"line":61,"column":107}},"type":"default-arg","locations":[{"start":{"line":61,"column":99},"end":{"line":61,"column":107}}]}},"s":{"0":1,"1":1,"2":1,"3":2,"4":2,"5":2,"6":2,"7":2,"8":2,"9":2,"10":2,"11":2,"12":0,"13":0,"14":1,"15":1,"16":1,"17":1,"18":1},"f":{"0":2,"1":0,"2":1,"3":1},"b":{"0":[2,0],"1":[2,0],"2":[0],"3":[0]}}
}
