TN:
SF:src\lib\checklist-extractor.ts
FN:37,extractChecklist
FN:53,(anonymous_1)
FNF:2
FNH:2
FNDA:1,extractChecklist
FNDA:2,(anonymous_1)
DA:5,1
DA:6,1
DA:7,1
DA:8,1
DA:12,1
DA:17,1
DA:37,1
DA:45,1
DA:46,1
DA:47,0
DA:50,1
DA:51,1
DA:53,2
DA:54,1
DA:63,1
DA:67,1
DA:68,1
DA:70,0
DA:76,1
DA:80,1
DA:81,1
DA:86,1
DA:87,1
DA:98,1
DA:101,0
DA:109,0
DA:110,0
DA:113,0
LF:28
LH:22
BRDA:46,0,0,0
BRDA:46,0,1,1
BRDA:109,1,0,0
BRDA:109,1,1,0
BRF:4
BRH:1
end_of_record
TN:
SF:src\lib\errors.ts
FN:20,(anonymous_0)
FN:30,(anonymous_1)
FN:45,(anonymous_2)
FN:51,(anonymous_3)
FN:57,(anonymous_4)
FN:63,(anonymous_5)
FN:71,handleApiError
FNF:7
FNH:1
FNDA:4,(anonymous_0)
FNDA:0,(anonymous_1)
FNDA:0,(anonymous_2)
FNDA:0,(anonymous_3)
FNDA:0,(anonymous_4)
FNDA:0,(anonymous_5)
FNDA:0,handleApiError
DA:1,3
DA:2,3
DA:19,3
DA:21,4
DA:22,4
DA:23,4
DA:24,4
DA:26,4
DA:27,4
DA:31,0
DA:44,3
DA:46,0
DA:50,3
DA:52,0
DA:56,3
DA:58,0
DA:62,3
DA:64,0
DA:71,3
DA:72,0
DA:73,0
DA:80,0
DA:84,0
DA:85,0
DA:87,0
DA:95,0
LF:26
LH:14
BRDA:36,0,0,0
BRDA:36,0,1,0
BRDA:38,1,0,0
BRDA:38,1,1,0
BRDA:72,2,0,0
BRDA:72,2,1,0
BRDA:84,3,0,0
BRDA:84,3,1,0
BRDA:85,4,0,0
BRDA:85,4,1,0
BRF:10
BRH:0
end_of_record
TN:
SF:src\lib\logger.ts
FN:25,logEvento
FNF:1
FNH:0
FNDA:0,logEvento
DA:1,1
DA:25,1
DA:26,0
DA:27,0
DA:30,0
DA:31,0
DA:33,0
DA:34,0
DA:37,0
DA:40,0
DA:42,0
DA:43,0
DA:46,0
DA:47,0
LF:14
LH:2
BRDA:30,0,0,0
BRDA:30,0,1,0
BRDA:31,1,0,0
BRDA:31,1,1,0
BRDA:31,2,0,0
BRDA:31,2,1,0
BRDA:33,3,0,0
BRDA:33,3,1,0
BRF:8
BRH:0
end_of_record
TN:
SF:src\lib\mfa-service.ts
FN:9,(anonymous_1)
FN:19,(anonymous_2)
FN:44,(anonymous_3)
FN:62,(anonymous_4)
FN:63,(anonymous_5)
FN:103,(anonymous_6)
FN:137,(anonymous_7)
FN:158,(anonymous_8)
FNF:8
FNH:6
FNDA:4,(anonymous_1)
FNDA:1,(anonymous_2)
FNDA:2,(anonymous_3)
FNDA:8,(anonymous_4)
FNDA:8,(anonymous_5)
FNDA:2,(anonymous_6)
FNDA:0,(anonymous_7)
FNDA:0,(anonymous_8)
DA:1,1
DA:2,1
DA:3,1
DA:4,1
DA:5,1
DA:6,1
DA:7,1
DA:9,4
DA:15,1
DA:20,1
DA:21,1
DA:27,1
DA:29,1
DA:38,1
DA:45,2
DA:47,2
DA:48,1
DA:56,1
DA:59,1
DA:62,8
DA:63,8
DA:65,1
DA:74,1
DA:76,1
DA:83,1
DA:88,1
DA:97,1
DA:104,2
DA:105,2
DA:107,2
DA:109,1
DA:111,1
DA:112,0
DA:121,1
DA:131,1
DA:138,0
DA:139,0
DA:140,0
DA:145,0
DA:159,0
DA:160,0
DA:161,0
LF:42
LH:34
BRDA:47,0,0,1
BRDA:47,0,1,1
BRDA:107,1,0,1
BRDA:107,1,1,1
BRDA:107,2,0,2
BRDA:107,2,1,1
BRDA:111,3,0,0
BRDA:111,3,1,1
BRF:8
BRH:7
end_of_record
TN:
SF:src\lib\pdf-export.ts
FN:25,generatePDFReport
FN:69,(anonymous_2)
FN:95,(anonymous_3)
FN:147,downloadPDF
FNF:4
FNH:3
FNDA:1,generatePDFReport
FNDA:1,(anonymous_2)
FNDA:1,(anonymous_3)
FNDA:0,downloadPDF
DA:1,1
DA:25,1
DA:26,1
DA:28,1
DA:29,1
DA:30,1
DA:31,1
DA:32,1
DA:35,1
DA:36,1
DA:38,1
DA:39,1
DA:40,1
DA:41,1
DA:43,1
DA:44,1
DA:45,1
DA:47,1
DA:50,1
DA:51,1
DA:52,1
DA:53,1
DA:55,1
DA:56,1
DA:57,1
DA:58,1
DA:59,1
DA:61,1
DA:64,1
DA:65,1
DA:66,1
DA:67,1
DA:69,1
DA:71,1
DA:72,0
DA:73,0
DA:77,1
DA:78,1
DA:80,1
DA:81,1
DA:82,1
DA:83,1
DA:85,1
DA:88,1
DA:89,1
DA:90,1
DA:91,1
DA:92,1
DA:93,1
DA:95,1
DA:96,1
DA:97,0
DA:98,0
DA:101,1
DA:102,1
DA:103,1
DA:104,1
DA:106,1
DA:109,1
DA:110,1
DA:111,1
DA:112,1
DA:113,1
DA:117,1
DA:121,1
DA:122,1
DA:123,1
DA:124,1
DA:125,1
DA:126,1
DA:134,1
DA:135,1
DA:137,1
DA:139,0
DA:140,0
DA:147,1
DA:148,0
DA:149,0
DA:150,0
DA:151,0
DA:152,0
DA:153,0
LF:82
LH:70
BRDA:71,0,0,0
BRDA:71,0,1,1
BRDA:88,1,0,1
BRDA:88,1,1,0
BRDA:88,2,0,1
BRDA:88,2,1,1
BRDA:96,3,0,0
BRDA:96,3,1,1
BRF:8
BRH:5
end_of_record
TN:
SF:src\lib\prompt-service.ts
FN:14,(anonymous_0)
FN:30,(anonymous_1)
FN:39,(anonymous_2)
FN:40,(anonymous_3)
FN:84,(anonymous_4)
FN:96,(anonymous_5)
FN:166,(anonymous_6)
FN:235,(anonymous_7)
FN:245,(anonymous_8)
FN:258,(anonymous_9)
FN:265,(anonymous_10)
FN:271,(anonymous_11)
FN:283,(anonymous_12)
FN:285,(anonymous_13)
FN:287,(anonymous_14)
FNF:15
FNH:10
FNDA:4,(anonymous_0)
FNDA:2,(anonymous_1)
FNDA:2,(anonymous_2)
FNDA:1,(anonymous_3)
FNDA:0,(anonymous_4)
FNDA:2,(anonymous_5)
FNDA:2,(anonymous_6)
FNDA:1,(anonymous_7)
FNDA:1,(anonymous_8)
FNDA:1,(anonymous_9)
FNDA:1,(anonymous_10)
FNDA:0,(anonymous_11)
FNDA:0,(anonymous_12)
FNDA:0,(anonymous_13)
FNDA:0,(anonymous_14)
DA:1,2
DA:2,2
DA:3,2
DA:4,2
DA:5,2
DA:10,2
DA:15,4
DA:17,4
DA:19,4
DA:20,1
DA:21,1
DA:24,3
DA:35,2
DA:38,2
DA:39,2
DA:40,1
DA:42,2
DA:43,1
DA:51,1
DA:52,1
DA:53,1
DA:54,2
DA:55,2
DA:59,1
DA:60,1
DA:61,1
DA:69,0
DA:72,1
DA:73,1
DA:75,1
DA:89,0
DA:90,0
DA:105,2
DA:106,2
DA:108,2
DA:109,2
DA:111,2
DA:112,2
DA:113,0
DA:117,2
DA:118,1
DA:122,1
DA:136,1
DA:137,1
DA:140,1
DA:153,1
DA:172,2
DA:173,2
DA:175,2
DA:179,2
DA:181,2
DA:183,2
DA:184,1
DA:187,1
DA:188,1
DA:190,1
DA:191,1
DA:192,0
DA:195,1
DA:206,1
DA:209,1
DA:222,1
DA:236,1
DA:237,1
DA:238,1
DA:239,1
DA:241,1
DA:243,1
DA:245,1
DA:246,1
DA:247,1
DA:248,0
DA:249,0
DA:251,1
DA:259,1
DA:260,1
DA:261,1
DA:263,1
DA:265,1
DA:272,0
DA:273,0
DA:275,0
DA:276,0
DA:278,0
DA:283,0
DA:284,0
DA:285,0
DA:287,0
LF:88
LH:72
BRDA:19,0,0,1
BRDA:19,0,1,3
BRDA:39,1,0,2
BRDA:39,1,1,2
BRDA:42,2,0,1
BRDA:42,2,1,1
BRDA:72,3,0,1
BRDA:72,3,1,0
BRDA:109,4,0,1
BRDA:109,4,1,1
BRDA:112,5,0,0
BRDA:112,5,1,2
BRDA:117,6,0,1
BRDA:117,6,1,1
BRDA:117,7,0,2
BRDA:117,7,1,1
BRDA:130,8,0,1
BRDA:130,8,1,0
BRDA:130,9,0,1
BRDA:130,9,1,1
BRDA:131,10,0,1
BRDA:131,10,1,0
BRDA:131,11,0,1
BRDA:131,11,1,1
BRDA:132,12,0,1
BRDA:132,12,1,0
BRDA:132,13,0,1
BRDA:132,13,1,1
BRDA:158,14,0,1
BRDA:158,14,1,1
BRDA:158,15,0,1
BRDA:158,15,1,0
BRDA:158,16,0,1
BRDA:158,16,1,1
BRDA:179,17,0,2
BRDA:179,17,1,0
BRDA:183,18,0,1
BRDA:183,18,1,1
BRDA:188,19,0,1
BRDA:188,19,1,0
BRDA:191,20,0,0
BRDA:191,20,1,1
BRDA:235,21,0,0
BRDA:238,22,0,1
BRDA:238,22,1,0
BRDA:241,23,0,1
BRDA:241,23,1,0
BRDA:247,24,0,0
BRDA:247,24,1,1
BRDA:261,25,0,1
BRDA:261,25,1,0
BRDA:276,26,0,0
BRDA:276,26,1,0
BRDA:289,27,0,0
BRDA:289,27,1,0
BRDA:289,28,0,0
BRDA:289,28,1,0
BRDA:289,29,0,0
BRDA:289,29,1,0
BRDA:290,30,0,0
BRDA:290,30,1,0
BRDA:290,31,0,0
BRDA:290,31,1,0
BRDA:290,32,0,0
BRDA:290,32,1,0
BRF:65
BRH:37
end_of_record
TN:
SF:src\lib\schemas.ts
FN:37,(anonymous_0)
FN:57,(anonymous_1)
FN:73,(anonymous_2)
FN:100,(anonymous_3)
FN:101,(anonymous_4)
FN:114,(anonymous_5)
FN:172,(anonymous_6)
FN:173,(anonymous_7)
FN:192,(anonymous_8)
FN:204,(anonymous_9)
FN:224,(anonymous_10)
FN:257,(anonymous_11)
FN:279,(anonymous_12)
FN:316,(anonymous_13)
FN:327,(anonymous_14)
FN:504,(anonymous_15)
FN:525,(anonymous_16)
FN:664,(anonymous_17)
FN:665,(anonymous_18)
FN:730,(anonymous_19)
FN:805,(anonymous_20)
FN:827,(anonymous_21)
FN:849,(anonymous_22)
FN:886,(anonymous_23)
FN:887,(anonymous_24)
FN:897,(anonymous_25)
FN:898,(anonymous_26)
FN:931,(anonymous_27)
FN:932,(anonymous_28)
FN:953,(anonymous_29)
FN:979,(anonymous_30)
FN:980,(anonymous_31)
FN:1007,(anonymous_32)
FN:1023,(anonymous_33)
FN:1026,(anonymous_34)
FN:1027,(anonymous_35)
FNF:36
FNH:4
FNDA:0,(anonymous_0)
FNDA:0,(anonymous_1)
FNDA:0,(anonymous_2)
FNDA:0,(anonymous_3)
FNDA:0,(anonymous_4)
FNDA:0,(anonymous_5)
FNDA:0,(anonymous_6)
FNDA:0,(anonymous_7)
FNDA:0,(anonymous_8)
FNDA:0,(anonymous_9)
FNDA:0,(anonymous_10)
FNDA:0,(anonymous_11)
FNDA:0,(anonymous_12)
FNDA:0,(anonymous_13)
FNDA:0,(anonymous_14)
FNDA:0,(anonymous_15)
FNDA:3,(anonymous_16)
FNDA:0,(anonymous_17)
FNDA:0,(anonymous_18)
FNDA:0,(anonymous_19)
FNDA:0,(anonymous_20)
FNDA:0,(anonymous_21)
FNDA:0,(anonymous_22)
FNDA:0,(anonymous_23)
FNDA:0,(anonymous_24)
FNDA:0,(anonymous_25)
FNDA:0,(anonymous_26)
FNDA:0,(anonymous_27)
FNDA:0,(anonymous_28)
FNDA:0,(anonymous_29)
FNDA:0,(anonymous_30)
FNDA:0,(anonymous_31)
FNDA:0,(anonymous_32)
FNDA:4,(anonymous_33)
FNDA:4,(anonymous_34)
FNDA:4,(anonymous_35)
DA:1,6
DA:6,6
DA:13,6
DA:37,0
DA:40,6
DA:46,6
DA:57,0
DA:66,6
DA:73,0
DA:76,6
DA:85,6
DA:100,0
DA:101,0
DA:104,6
DA:114,0
DA:122,6
DA:134,6
DA:146,6
DA:161,6
DA:172,0
DA:173,0
DA:183,6
DA:192,0
DA:204,0
DA:213,6
DA:224,0
DA:234,6
DA:257,0
DA:260,6
DA:279,0
DA:287,6
DA:302,6
DA:316,0
DA:322,6
DA:327,0
DA:333,6
DA:343,6
DA:352,6
DA:380,6
DA:391,6
DA:402,6
DA:414,6
DA:423,6
DA:439,6
DA:504,0
DA:516,6
DA:525,3
DA:531,6
DA:533,6
DA:539,6
DA:544,6
DA:560,6
DA:573,6
DA:581,6
DA:595,6
DA:605,6
DA:626,6
DA:627,6
DA:628,6
DA:630,6
DA:664,0
DA:665,0
DA:676,6
DA:684,6
DA:687,6
DA:710,6
DA:730,0
DA:743,6
DA:770,6
DA:791,6
DA:805,0
DA:815,6
DA:827,0
DA:834,6
DA:849,0
DA:865,6
DA:886,0
DA:887,0
DA:891,6
DA:897,0
DA:898,0
DA:906,6
DA:915,6
DA:923,6
DA:931,0
DA:932,0
DA:935,6
DA:943,6
DA:953,0
DA:962,6
DA:969,6
DA:979,0
DA:980,0
DA:989,6
DA:996,6
DA:1007,0
DA:1010,6
DA:1023,4
DA:1026,4
DA:1028,4
DA:1029,4
LF:101
LH:69
BRDA:1028,0,0,0
BRDA:1028,0,1,4
BRDA:1028,1,0,4
BRDA:1028,1,1,0
BRF:4
BRH:2
end_of_record
TN:
SF:src\lib\usage-service.ts
FN:13,(anonymous_9)
FN:27,(anonymous_10)
FN:41,(anonymous_11)
FN:55,(anonymous_12)
FN:69,(anonymous_13)
FN:83,(anonymous_14)
FN:97,(anonymous_15)
FN:107,(anonymous_16)
FN:142,(anonymous_17)
FN:172,(anonymous_18)
FN:173,(anonymous_19)
FN:174,(anonymous_20)
FN:232,(anonymous_21)
FNF:13
FNH:9
FNDA:2,(anonymous_9)
FNDA:1,(anonymous_10)
FNDA:0,(anonymous_11)
FNDA:0,(anonymous_12)
FNDA:0,(anonymous_13)
FNDA:0,(anonymous_14)
FNDA:3,(anonymous_15)
FNDA:1,(anonymous_16)
FNDA:1,(anonymous_17)
FNDA:1,(anonymous_18)
FNDA:2,(anonymous_19)
FNDA:2,(anonymous_20)
FNDA:2,(anonymous_21)
DA:1,2
DA:2,2
DA:3,2
DA:4,2
DA:9,2
DA:14,2
DA:28,1
DA:42,0
DA:56,0
DA:70,0
DA:84,0
DA:98,3
DA:99,3
DA:100,3
DA:102,3
DA:105,3
DA:107,2
DA:109,1
DA:122,1
DA:131,3
DA:134,0
DA:135,0
DA:143,1
DA:144,1
DA:145,1
DA:147,1
DA:148,1
DA:151,1
DA:157,1
DA:172,1
DA:173,2
DA:174,2
DA:177,1
DA:178,1
DA:179,1
DA:180,1
DA:183,1
DA:184,1
DA:185,1
DA:187,1
DA:188,1
DA:191,1
DA:193,1
DA:217,0
DA:219,0
DA:233,2
DA:234,2
DA:238,1
DA:239,1
DA:245,1
DA:246,1
DA:252,1
DA:258,1
DA:266,1
DA:267,1
LF:55
LH:47
BRDA:105,0,0,1
BRDA:105,0,1,2
BRDA:105,1,0,3
BRDA:105,1,1,2
BRDA:127,2,0,1
BRDA:127,2,1,1
BRDA:172,3,0,1
BRDA:172,3,1,0
BRDA:172,4,0,0
BRDA:172,4,1,1
BRDA:172,5,0,1
BRDA:172,5,1,1
BRDA:173,6,0,1
BRDA:173,6,1,0
BRDA:173,7,0,0
BRDA:173,7,1,1
BRDA:173,8,0,1
BRDA:173,8,1,1
BRDA:174,9,0,1
BRDA:174,9,1,0
BRDA:174,10,0,0
BRDA:174,10,1,1
BRDA:174,11,0,1
BRDA:174,11,1,1
BRDA:211,12,0,1
BRDA:211,12,1,0
BRF:26
BRH:19
end_of_record
TN:
SF:src\lib\workflow-service.ts
FN:15,(anonymous_0)
FN:53,(anonymous_1)
FN:61,(anonymous_2)
FN:69,(anonymous_3)
FNF:4
FNH:3
FNDA:2,(anonymous_0)
FNDA:0,(anonymous_1)
FNDA:1,(anonymous_2)
FNDA:1,(anonymous_3)
DA:1,1
DA:2,1
DA:4,1
DA:11,1
DA:16,2
DA:17,2
DA:18,2
DA:21,2
DA:22,2
DA:28,2
DA:33,2
DA:39,2
DA:47,2
DA:54,0
DA:55,0
DA:62,1
DA:63,1
DA:70,1
DA:92,1
LF:19
LH:17
BRDA:21,0,0,2
BRDA:21,0,1,0
BRDA:47,1,0,2
BRDA:47,1,1,0
BRDA:53,2,0,0
BRDA:61,3,0,0
BRF:6
BRH:2
end_of_record
